Node 3 initialized on port 4227
Node 3 listening on port 4227
Node 3 connected to Node 1
Node 3 connected to Node 2
Node 3 connected to Node 4
Node 3 connected to Node 5
Node 3 starting 4 worker threads with 100 events each
Thread within node3 executing local event
Thread within node3 executing local event
Thread within node3 executing local event
Thread within node3 executing local event
Thread within node3 executing local event
Thread within node3 executing local event
Thread-3 within node3 sent event (t=15) to Node5
Thread-3 within node3 sent event (t=12) to Node5
Thread within node3 executing local event
Thread-3 within node3 sent event (t=21) to Node5
Thread within node3 executing local event
Thread-2 within node3 sent event (t=24) to Node5
Thread-0 executing received event (t = 50) from Node5
Thread within node3 executing local event
Thread within node3 executing local event
Thread within node3 executing local event
Thread within node3 executing local event
Thread within node3 executing local event
Thread-0 within node3 sent event (t=68) to Node4
Thread within node3 executing local event
Thread-0 within node3 sent event (t=71) to Node2
Thread within node3 executing local event
Thread within node3 executing local event
Thread within node3 executing local event
Thread within node3 executing local event
Thread-1 within node3 sent event (t=83) to Node5
Thread within node3 executing local event
Thread-1 within node3 sent event (t=86) to Node4
Thread within node3 executing local event
Thread-2 within node3 sent event (t=89) to Node5
Thread within node3 executing local event
Thread-2 within node3 sent event (t=92) to Node1
Thread within node3 executing local event
Thread within node3 executing local event
Thread-0 within node3 sent event (t=98) to Node1
Thread-0 executing received event (t = 139) from Node1
Thread-1 executing received event (t = 145) from Node5
Thread within node3 executing local event
Thread-3 executing received event (t = 140) from Node1
Thread within node3 executing local event
Thread within node3 executing local event
Thread-3 within node3 sent event (t=160) to Node5
Thread within node3 executing local event
Thread-1 within node3 sent event (t=163) to Node5
Thread-3 executing received event (t = 170) from Node5
Thread within node3 executing local event
Thread-3 within node3 sent event (t=176) to Node5
Thread within node3 executing local event
Thread-1 within node3 sent event (t=179) to Node5
Thread-2 executing received event (t = 144) from Node1
Thread within node3 executing local event
Thread-0 executing received event (t = 191) from Node5
Thread within node3 executing local event
Thread-0 within node3 sent event (t=197) to Node5
Thread within node3 executing local event
Thread-3 executing received event (t = 146) from Node1
Thread within node3 executing local event
Thread within node3 executing local event
Thread-1 within node3 sent event (t=206) to Node5
Thread-3 within node3 sent event (t=209) to Node2
Thread within node3 executing local event
Thread within node3 executing local event
Thread within node3 executing local event
Thread within node3 executing local event
Thread within node3 executing local event
Thread-3 executing received event (t = 246) from Node1
Thread within node3 executing local event
Thread-1 executing received event (t = 252) from Node5
Thread within node3 executing local event
Thread-3 within node3 sent event (t=258) to Node4
Thread within node3 executing local event
Thread within node3 executing local event
Thread within node3 executing local event
Thread within node3 executing local event
Thread within node3 executing local event
Thread within node3 executing local event
Thread-0 within node3 sent event (t=276) to Node1
Thread within node3 executing local event
Thread within node3 executing local event
Thread-2 within node3 sent event (t=282) to Node5
Thread within node3 executing local event
Thread within node3 executing local event
Thread-1 executing received event (t = 322) from Node4
Thread within node3 executing local event
Thread-0 within node3 sent event (t=328) to Node1
Thread-3 executing received event (t = 334) from Node5
Thread-0 executing received event (t = 334) from Node1
Thread within node3 executing local event
Thread-3 within node3 sent event (t=343) to Node2
Thread within node3 executing local event
Thread-0 within node3 sent event (t=346) to Node4
Thread within node3 executing local event
Thread within node3 executing local event
Thread within node3 executing local event
Thread-2 executing received event (t = 365) from Node1
Thread within node3 executing local event
Thread within node3 executing local event
Thread within node3 executing local event
Thread-0 within node3 sent event (t=377) to Node5
Thread within node3 executing local event
Thread-2 within node3 sent event (t=380) to Node2
Thread within node3 executing local event
Thread-0 executing received event (t = 390) from Node4
Thread within node3 executing local event
Thread within node3 executing local event
Thread-0 within node3 sent event (t=399) to Node1
Thread-3 executing received event (t = 386) from Node2
Thread within node3 executing local event
Thread-3 within node3 sent event (t=405) to Node5
Thread-1 executing received event (t = 398) from Node4
Thread-2 executing received event (t = 452) from Node5
Thread within node3 executing local event
Thread-1 within node3 sent event (t=458) to Node5
Thread-0 executing received event (t = 470) from Node1
Thread-1 executing received event (t = 487) from Node5
Thread within node3 executing local event
Thread within node3 executing local event
Thread-0 within node3 sent event (t=496) to Node2
Thread within node3 executing local event
Thread-1 executing received event (t = 500) from Node2
Thread within node3 executing local event
Thread-3 within node3 sent event (t=506) to Node4
Thread-3 executing received event (t = 504) from Node2
Thread-0 executing received event (t = 502) from Node5
Thread-1 executing received event (t = 522) from Node4
Thread within node3 executing local event
Thread within node3 executing local event
Thread-2 within node3 sent event (t=531) to Node5
Thread-0 executing received event (t = 476) from Node1
Thread within node3 executing local event
Thread within node3 executing local event
Thread-2 within node3 sent event (t=540) to Node1
Thread within node3 executing local event
Thread-1 within node3 sent event (t=543) to Node4
Thread within node3 executing local event
Thread-3 within node3 sent event (t=546) to Node5
Thread-1 executing received event (t = 569) from Node5
Thread within node3 executing local event
Thread-3 executing received event (t = 577) from Node4
Thread within node3 executing local event
Thread within node3 executing local event
Thread-2 executing received event (t = 553) from Node1
Thread within node3 executing local event
Thread-0 within node3 sent event (t=592) to Node5
Thread within node3 executing local event
Thread-3 within node3 sent event (t=595) to Node5
Thread-1 executing received event (t = 588) from Node1
Thread within node3 executing local event
Thread within node3 executing local event
Thread within node3 executing local event
Thread-0 within node3 sent event (t=607) to Node2
Thread-1 executing received event (t = 609) from Node4
Thread within node3 executing local event
Thread-3 executing received event (t = 652) from Node5
Thread within node3 executing local event
Thread-2 within node3 sent event (t=658) to Node2
Thread within node3 executing local event
Thread-2 executing received event (t = 662) from Node2
Thread within node3 executing local event
Thread within node3 executing local event
Thread-2 within node3 sent event (t=671) to Node4
Thread within node3 executing local event
Thread-0 within node3 sent event (t=674) to Node1
Thread within node3 executing local event
Thread within node3 executing local event
Thread-3 within node3 sent event (t=677) to Node2
Thread-1 within node3 sent event (t=680) to Node4
Thread within node3 executing local event
Thread-2 within node3 sent event (t=683) to Node1
Thread within node3 executing local event
Thread-2 within node3 sent event (t=686) to Node2
Thread within node3 executing local event
Thread-0 within node3 sent event (t=689) to Node2
Thread within node3 executing local event
Thread-0 executing received event (t = 697) from Node2
Thread within node3 executing local event
Thread-3 within node3 sent event (t=703) to Node4
Thread-2 executing received event (t = 718) from Node1
Thread-3 executing received event (t = 705) from Node2
Thread within node3 executing local event
Thread within node3 executing local event
Thread-2 within node3 sent event (t=730) to Node4
Thread within node3 executing local event
Thread-1 within node3 sent event (t=733) to Node1
Thread within node3 executing local event
Thread-2 within node3 sent event (t=736) to Node5
Thread within node3 executing local event
Thread-1 within node3 sent event (t=739) to Node1
Thread-1 executing received event (t = 759) from Node5
Thread within node3 executing local event
Thread-0 within node3 sent event (t=765) to Node1
Thread within node3 executing local event
Thread-3 within node3 sent event (t=768) to Node2
Thread-0 executing received event (t = 750) from Node4
Thread within node3 executing local event
Thread-1 within node3 sent event (t=774) to Node5
Thread within node3 executing local event
Thread-0 within node3 sent event (t=777) to Node1
Thread within node3 executing local event
Thread within node3 executing local event
Thread-3 within node3 sent event (t=783) to Node5
Thread within node3 executing local event
Thread-2 executing received event (t = 800) from Node4
Thread-3 executing received event (t = 814) from Node5
Thread-0 executing received event (t = 819) from Node5
Thread-1 executing received event (t = 800) from Node2
Thread within node3 executing local event
Thread-0 within node3 sent event (t=828) to Node2
Thread within node3 executing local event
Thread-0 executing received event (t = 836) from Node1
Thread-1 executing received event (t = 836) from Node2
Thread within node3 executing local event
Thread within node3 executing local event
Thread within node3 executing local event
Thread within node3 executing local event
Thread-0 within node3 sent event (t=854) to Node5
Thread-2 executing received event (t = 866) from Node4
Thread within node3 executing local event
Thread-3 within node3 sent event (t=872) to Node5
Thread-0 executing received event (t = 882) from Node5
Thread-1 executing received event (t = 841) from Node1
Thread-2 executing received event (t = 882) from Node4
Thread-3 executing received event (t = 887) from Node5
Thread-0 executing received event (t = 842) from Node1
Thread within node3 executing local event
Thread within node3 executing local event
Thread-3 executing received event (t = 910) from Node5
Thread within node3 executing local event
Thread-3 within node3 sent event (t=916) to Node2
Thread within node3 executing local event
Thread-2 executing received event (t = 918) from Node4
Thread within node3 executing local event
Thread-1 within node3 sent event (t=925) to Node4
Thread within node3 executing local event
Thread within node3 executing local event
Thread within node3 executing local event
Thread within node3 executing local event
Thread-3 within node3 sent event (t=937) to Node5
Thread within node3 executing local event
Thread-0 within node3 sent event (t=940) to Node5
Thread-1 executing received event (t = 1015) from Node4
Thread within node3 executing local event
Thread-2 within node3 sent event (t=1021) to Node2
Thread within node3 executing local event
Thread-0 within node3 sent event (t=1024) to Node2
Thread within node3 executing local event
Thread-2 within node3 sent event (t=1027) to Node4
Thread-1 executing received event (t = 1029) from Node2
Thread within node3 executing local event
Thread-0 within node3 sent event (t=1035) to Node2
Thread within node3 executing local event
Thread-3 within node3 sent event (t=1038) to Node5
Thread-0 executing received event (t = 1041) from Node2
Thread-1 executing received event (t = 1053) from Node4
Thread within node3 executing local event
Thread-3 executing received event (t = 1053) from Node5
Thread within node3 executing local event
Thread within node3 executing local event
Thread-2 within node3 sent event (t=1068) to Node4
Thread-2 executing received event (t = 1068) from Node5
Thread within node3 executing local event
Thread within node3 executing local event
Thread within node3 executing local event
Thread-1 within node3 sent event (t=1080) to Node5
Thread-2 executing received event (t = 1098) from Node2
Thread-3 executing received event (t = 1102) from Node2
Thread-0 executing received event (t = 1100) from Node2
Thread-1 executing received event (t = 1132) from Node2
Thread within node3 executing local event
Thread-2 within node3 sent event (t=1138) to Node5
Thread within node3 executing local event
Thread-3 within node3 sent event (t=1141) to Node2
Thread within node3 executing local event
Thread-2 within node3 sent event (t=1144) to Node1
Thread within node3 executing local event
Thread-2 executing received event (t = 1158) from Node5
Thread-3 executing received event (t = 1142) from Node4
Thread within node3 executing local event
Thread-0 within node3 sent event (t=1167) to Node2
Thread within node3 executing local event
Thread-3 within node3 sent event (t=1170) to Node5
Thread-2 executing received event (t = 1173) from Node2
Thread within node3 executing local event
Thread-3 within node3 sent event (t=1179) to Node1
Thread-0 executing received event (t = 1181) from Node1
Thread-1 executing received event (t = 1150) from Node4
Thread-2 executing received event (t = 1179) from Node2
Thread-3 executing received event (t = 1181) from Node2
Thread within node3 executing local event
Thread within node3 executing local event
Thread-1 within node3 sent event (t=1199) to Node4
Thread within node3 executing local event
Thread-3 within node3 sent event (t=1202) to Node4
Thread-3 executing received event (t = 1227) from Node4
Thread-0 executing received event (t = 1231) from Node4
Thread within node3 executing local event
Thread-0 within node3 sent event (t=1237) to Node5
Thread within node3 executing local event
Thread-3 executing received event (t = 1248) from Node1
Thread-0 executing received event (t = 1249) from Node1
Thread within node3 executing local event
Thread-1 within node3 sent event (t=1257) to Node5
Thread-2 executing received event (t = 1274) from Node5
Thread-3 executing received event (t = 1279) from Node5
Thread within node3 executing local event
Thread-3 within node3 sent event (t=1285) to Node4
Thread within node3 executing local event
Thread within node3 executing local event
Thread-3 executing received event (t = 1314) from Node5
Thread within node3 executing local event
Thread-0 within node3 sent event (t=1320) to Node4
Thread within node3 executing local event
Thread-1 within node3 sent event (t=1323) to Node5
Thread within node3 executing local event
Thread-3 executing received event (t = 1335) from Node1
Thread within node3 executing local event
Thread within node3 executing local event
Thread-2 executing received event (t = 1349) from Node4
Thread within node3 executing local event
Thread within node3 executing local event
Thread within node3 executing local event
Thread-1 within node3 sent event (t=1361) to Node1
Thread within node3 executing local event
Thread-0 within node3 sent event (t=1364) to Node4
Thread-3 executing received event (t = 1377) from Node1
Thread-0 executing received event (t = 1376) from Node4
Thread-1 executing received event (t = 1390) from Node5
Thread-2 executing received event (t = 1373) from Node2
Thread-3 executing received event (t = 1405) from Node4
Thread within node3 executing local event
Thread-1 executing received event (t = 1420) from Node5
Thread-2 executing received event (t = 1417) from Node4
Thread within node3 executing local event
Thread-0 executing received event (t = 1435) from Node5
Thread within node3 executing local event
Thread-0 within node3 sent event (t=1441) to Node1
Thread within node3 executing local event
Thread within node3 executing local event
Thread within node3 executing local event
Thread-3 within node3 sent event (t=1450) to Node5
Thread within node3 executing local event
Thread-2 within node3 sent event (t=1453) to Node2
Thread within node3 executing local event
Thread-0 within node3 sent event (t=1456) to Node2
Thread within node3 executing local event
Thread-1 within node3 sent event (t=1459) to Node1
Thread within node3 executing local event
Thread-1 within node3 sent event (t=1462) to Node2
Thread within node3 executing local event
Thread-0 within node3 sent event (t=1465) to Node1
Thread within node3 executing local event
Thread-2 within node3 sent event (t=1468) to Node4
Thread-3 executing received event (t = 1488) from Node1
Thread-0 executing received event (t = 1513) from Node1
Thread within node3 executing local event
Thread-0 within node3 sent event (t=1519) to Node2
Thread within node3 executing local event
Thread-3 within node3 sent event (t=1522) to Node4
Thread within node3 executing local event
Thread-2 within node3 sent event (t=1525) to Node4
Thread-0 executing received event (t = 1550) from Node2
Thread-1 executing received event (t = 1554) from Node4
Thread within node3 executing local event
Thread within node3 executing local event
Thread-0 executing received event (t = 1551) from Node1
Thread within node3 executing local event
Thread-3 within node3 sent event (t=1569) to Node1
Thread-2 executing received event (t = 1577) from Node4
Thread-3 executing received event (t = 1589) from Node4
Thread within node3 executing local event
Thread within node3 executing local event
Thread-0 within node3 sent event (t=1595) to Node4
Thread-2 within node3 sent event (t=1598) to Node5
Thread within node3 executing local event
Thread within node3 executing local event
Thread-3 within node3 sent event (t=1601) to Node2
Thread-0 executing received event (t = 1611) from Node4
Thread within node3 executing local event
Thread-0 within node3 sent event (t=1617) to Node1
Thread within node3 executing local event
Thread-3 within node3 sent event (t=1620) to Node4
Thread within node3 executing local event
Thread within node3 executing local event
Thread-3 within node3 sent event (t=1626) to Node5
Thread-1 executing received event (t = 1638) from Node5
Thread-2 executing received event (t = 1635) from Node1
Thread-3 executing received event (t = 1661) from Node1
Thread-0 executing received event (t = 1663) from Node5
Thread within node3 executing local event
Thread within node3 executing local event
Thread-0 within node3 sent event (t=1673) to Node5
Thread within node3 executing local event
Thread-0 executing received event (t = 1663) from Node1
Thread within node3 executing local event
Thread-3 within node3 sent event (t=1682) to Node1
Thread-2 executing received event (t = 1688) from Node1
Thread within node3 executing local event
Thread-2 within node3 sent event (t=1694) to Node1
Thread within node3 executing local event
Thread within node3 executing local event
Thread-0 within node3 sent event (t=1700) to Node1
Thread within node3 executing local event
Thread within node3 executing local event
Thread within node3 executing local event
Thread-3 within node3 sent event (t=1709) to Node1
Thread within node3 executing local event
Thread-2 executing received event (t = 1753) from Node1
Thread-3 executing received event (t = 1757) from Node1
Thread-0 executing received event (t = 1759) from Node1
Thread within node3 executing local event
Thread-1 within node3 sent event (t=1766) to Node2
Thread within node3 executing local event
Thread-2 within node3 sent event (t=1769) to Node2
Thread within node3 executing local event
Thread within node3 executing local event
Thread-0 within node3 sent event (t=1775) to Node4
Thread within node3 executing local event
Thread-1 within node3 sent event (t=1778) to Node4
Thread within node3 executing local event
Thread-0 within node3 sent event (t=1781) to Node2
Thread within node3 executing local event
Thread within node3 executing local event
Thread-0 within node3 sent event (t=1787) to Node2
Thread within node3 executing local event
Thread-2 executing received event (t = 1901) from Node4
Thread within node3 executing local event
Thread within node3 executing local event
Thread-1 within node3 sent event (t=1910) to Node4
Thread within node3 executing local event
Thread-1 within node3 sent event (t=1913) to Node1
Thread-2 executing received event (t = 1928) from Node5
Thread within node3 executing local event
Thread-0 executing received event (t = 1943) from Node5
Thread within node3 executing local event
Thread within node3 executing local event
Thread-3 within node3 sent event (t=1952) to Node5
Thread within node3 executing local event
Thread within node3 executing local event
Thread-2 within node3 sent event (t=1958) to Node4
Thread-1 executing received event (t = 1966) from Node4
Thread within node3 executing local event
Thread-1 within node3 sent event (t=1972) to Node5
Thread-3 executing received event (t = 1960) from Node2
Thread-0 executing received event (t = 1978) from Node4
Thread within node3 executing local event
Thread-2 executing received event (t = 1986) from Node4
Thread within node3 executing local event
Thread-0 within node3 sent event (t=1992) to Node2
Thread within node3 executing local event
Thread-3 within node3 sent event (t=1995) to Node5
Thread-1 executing received event (t = 2000) from Node2
Thread-2 executing received event (t = 1994) from Node4
Thread within node3 executing local event
Thread-2 within node3 sent event (t=2009) to Node5
Thread-0 executing received event (t = 2002) from Node2
Thread-1 executing received event (t = 1998) from Node4
Thread-2 executing received event (t = 2037) from Node5
Thread-3 executing received event (t = 2025) from Node1
Thread within node3 executing local event
Thread-2 within node3 sent event (t=2046) to Node4
Thread within node3 executing local event
Thread-1 within node3 sent event (t=2049) to Node1
Thread within node3 executing local event
Thread-1 within node3 sent event (t=2052) to Node1
Thread within node3 executing local event
Thread-0 within node3 sent event (t=2055) to Node2
Thread-0 executing received event (t = 2056) from Node1
Thread within node3 executing local event
Thread within node3 executing local event
Thread-3 within node3 sent event (t=2065) to Node1
Thread-3 executing received event (t = 2067) from Node1
Thread within node3 executing local event
Thread-1 within node3 sent event (t=2073) to Node5
Thread-1 executing received event (t = 2080) from Node2
Thread-2 executing received event (t = 2078) from Node4
Thread within node3 executing local event
Thread-0 within node3 sent event (t=2089) to Node2
Thread-0 executing received event (t = 2119) from Node5
Thread within node3 executing local event
Thread-2 executing received event (t = 2098) from Node1
Thread within node3 executing local event
Thread-0 within node3 sent event (t=2131) to Node4
Thread within node3 executing local event
Thread within node3 executing local event
Thread-3 within node3 sent event (t=2137) to Node1
Thread within node3 executing local event
Thread-3 executing received event (t = 2144) from Node5
Thread-0 executing received event (t = 2144) from Node1
Thread-1 executing received event (t = 2162) from Node4
Thread within node3 executing local event
Thread within node3 executing local event
Thread-0 executing received event (t = 2163) from Node2
Thread-1 executing received event (t = 2173) from Node1
Thread within node3 executing local event
Thread within node3 executing local event
Thread-0 within node3 sent event (t=2183) to Node1
Thread-0 executing received event (t = 2185) from Node1
Thread within node3 executing local event
Thread-2 executing received event (t = 2208) from Node4
Thread within node3 executing local event
Thread within node3 executing local event
Thread within node3 executing local event
Thread-3 within node3 sent event (t=2220) to Node4
Thread within node3 executing local event
Thread within node3 executing local event
Thread-2 within node3 sent event (t=2223) to Node5
Thread-3 within node3 sent event (t=2226) to Node4
Thread-0 executing received event (t = 2257) from Node4
Thread within node3 executing local event
Thread-0 within node3 sent event (t=2263) to Node2
Thread-2 executing received event (t = 2194) from Node1
Thread within node3 executing local event
Thread-3 within node3 sent event (t=2269) to Node1
Thread within node3 executing local event
Thread-2 within node3 sent event (t=2272) to Node1
Thread within node3 executing local event
Thread-2 within node3 sent event (t=2275) to Node4
Thread within node3 executing local event
Thread-1 within node3 sent event (t=2278) to Node1
Thread within node3 executing local event
Thread within node3 executing local event
Thread-0 within node3 sent event (t=2284) to Node4
Thread within node3 executing local event
Thread within node3 executing local event
Thread-0 within node3 sent event (t=2290) to Node2
Thread within node3 executing local event
Thread within node3 executing local event
Thread within node3 executing local event
Thread within node3 executing local event
Thread-3 within node3 sent event (t=2302) to Node4
Thread within node3 executing local event
Thread within node3 executing local event
Thread-0 within node3 sent event (t=2308) to Node4
Thread-1 executing received event (t = 2354) from Node1
Thread-2 executing received event (t = 2406) from Node2
Thread within node3 executing local event
Thread-3 within node3 sent event (t=2412) to Node1
Thread within node3 executing local event
Thread-1 within node3 sent event (t=2415) to Node5
Thread within node3 executing local event
Thread-2 within node3 sent event (t=2418) to Node2
Thread within node3 executing local event
Thread-2 within node3 sent event (t=2421) to Node5
Thread-3 executing received event (t = 2428) from Node2
Thread-0 executing received event (t = 2433) from Node2
Thread within node3 executing local event
Thread-0 within node3 sent event (t=2439) to Node1
Thread-2 executing received event (t = 2433) from Node4
Thread within node3 executing local event
Thread-0 within node3 sent event (t=2445) to Node2
Thread within node3 executing local event
Thread within node3 executing local event
Thread-1 within node3 sent event (t=2451) to Node4
Thread within node3 executing local event
Thread-3 within node3 sent event (t=2454) to Node5
Thread-3 executing received event (t = 2469) from Node5
Thread within node3 executing local event
Thread within node3 executing local event
Thread-0 within node3 sent event (t=2478) to Node1
Thread within node3 executing local event
Thread-2 within node3 sent event (t=2481) to Node2
Thread within node3 executing local event
Thread within node3 executing local event
Thread-2 within node3 sent event (t=2487) to Node5
Thread within node3 executing local event
Thread-3 within node3 sent event (t=2490) to Node2
Thread within node3 executing local event
Thread-3 executing received event (t = 2513) from Node2
Thread within node3 executing local event
Thread-0 within node3 sent event (t=2519) to Node5
Thread-1 executing received event (t = 2523) from Node2
Thread within node3 executing local event
Thread-3 within node3 sent event (t=2529) to Node1
Thread within node3 executing local event
Thread-0 within node3 sent event (t=2532) to Node1
Thread within node3 executing local event
Thread within node3 executing local event
Thread-1 within node3 sent event (t=2535) to Node2
Thread within node3 executing local event
Thread-3 executing received event (t = 2558) from Node2
Thread within node3 executing local event
Thread-3 within node3 sent event (t=2564) to Node1
Thread within node3 executing local event
Thread within node3 executing local event
Thread-1 within node3 sent event (t=2570) to Node4
Thread within node3 executing local event
Thread within node3 executing local event
Thread-1 within node3 sent event (t=2576) to Node2
Thread-1 executing received event (t = 2593) from Node4
Thread within node3 executing local event
Thread-3 executing received event (t = 2600) from Node5
Thread-0 executing received event (t = 2603) from Node2
Thread within node3 executing local event
Thread-2 within node3 sent event (t=2609) to Node1
Thread within node3 executing local event
Thread within node3 executing local event
Thread-0 executing received event (t = 2616) from Node1
Thread within node3 executing local event
Thread-0 within node3 sent event (t=2622) to Node5
Thread within node3 executing local event
Thread within node3 executing local event
Thread within node3 executing local event
Thread within node3 executing local event
Thread within node3 executing local event
Thread-3 within node3 sent event (t=2637) to Node2
Thread within node3 executing local event
Thread within node3 executing local event
Thread within node3 executing local event
Thread within node3 executing local event
Thread within node3 executing local event
Thread within node3 executing local event
Thread-0 within node3 sent event (t=2655) to Node1
Thread-1 executing received event (t = 2692) from Node2
Thread-2 executing received event (t = 2734) from Node4
Thread within node3 executing local event
Thread-1 within node3 sent event (t=2740) to Node2
Thread-0 executing received event (t = 2767) from Node1
Thread within node3 executing local event
Thread within node3 executing local event
Thread-0 within node3 sent event (t=2776) to Node1
Thread within node3 executing local event
Thread-3 within node3 sent event (t=2779) to Node4
Thread within node3 executing local event
Thread within node3 executing local event
Thread-0 within node3 sent event (t=2785) to Node1
Thread within node3 executing local event
Thread-1 within node3 sent event (t=2788) to Node1
Thread-3 executing received event (t = 2803) from Node4
Thread within node3 executing local event
Thread within node3 executing local event
Thread-3 within node3 sent event (t=2812) to Node1
Thread within node3 executing local event
Thread within node3 executing local event
Thread-0 within node3 sent event (t=2818) to Node1
Thread within node3 executing local event
Thread-1 within node3 sent event (t=2821) to Node5
Thread-1 executing received event (t = 2867) from Node5
Thread within node3 executing local event
Thread-2 within node3 sent event (t=2873) to Node4
Thread-3 executing received event (t = 2864) from Node4
Thread-0 executing received event (t = 2834) from Node1
Thread within node3 executing local event
Thread-3 within node3 sent event (t=2882) to Node2
Thread within node3 executing local event
Thread-3 executing received event (t = 2882) from Node5
Thread within node3 executing local event
Thread within node3 executing local event
Thread-2 executing received event (t = 2892) from Node5
Thread within node3 executing local event
Thread within node3 executing local event
Thread within node3 executing local event
Thread-2 within node3 sent event (t=2903) to Node2
Thread within node3 executing local event
Thread-2 within node3 sent event (t=2909) to Node1
Thread within node3 executing local event
Thread-1 within node3 sent event (t=2912) to Node5
Thread within node3 executing local event
Thread-3 within node3 sent event (t=2915) to Node5
Thread-1 executing received event (t = 2921) from Node1
Thread within node3 executing local event
Thread-3 executing received event (t = 2937) from Node1
Thread within node3 executing local event
Thread-0 within node3 sent event (t=2943) to Node5
Thread within node3 executing local event
Thread-1 within node3 sent event (t=2946) to Node4
Thread within node3 executing local event
Thread-3 executing received event (t = 2987) from Node5
Thread within node3 executing local event
Thread within node3 executing local event
Thread within node3 executing local event
Thread within node3 executing local event
Thread-0 executing received event (t = 3007) from Node5
Thread within node3 executing local event
Thread-1 within node3 sent event (t=3013) to Node1
Thread within node3 executing local event
Thread-1 within node3 sent event (t=3016) to Node4
Thread within node3 executing local event
Thread within node3 executing local event
Thread within node3 executing local event
Thread-0 within node3 sent event (t=3025) to Node1
Thread-2 executing received event (t = 3038) from Node1
Thread-3 executing received event (t = 3027) from Node5
Thread-0 executing received event (t = 3042) from Node1
Thread within node3 executing local event
Thread-2 within node3 sent event (t=3050) to Node5
Thread within node3 executing local event
Thread-2 within node3 sent event (t=3053) to Node5
Thread-3 executing received event (t = 3062) from Node4
Thread within node3 executing local event
Thread within node3 executing local event
Thread within node3 executing local event
Thread-0 within node3 sent event (t=3074) to Node5
Thread within node3 executing local event
Thread within node3 executing local event
Thread-2 within node3 sent event (t=3080) to Node4
Thread within node3 executing local event
Thread-1 within node3 sent event (t=3083) to Node4
Thread within node3 executing local event
Thread within node3 executing local event
Thread within node3 executing local event
Thread-3 within node3 sent event (t=3092) to Node4
Thread within node3 executing local event
Thread within node3 executing local event
Thread within node3 executing local event
Thread within node3 executing local event
Thread within node3 executing local event
Thread within node3 executing local event
Thread-2 within node3 sent event (t=3110) to Node4
Thread-3 executing received event (t = 3175) from Node4
Thread-0 executing received event (t = 3181) from Node2
Thread within node3 executing local event
Thread-3 within node3 sent event (t=3187) to Node1
Thread within node3 executing local event
Thread-3 executing received event (t = 3220) from Node5
Thread within node3 executing local event
Thread-1 within node3 sent event (t=3226) to Node1
Thread within node3 executing local event
Thread-3 within node3 sent event (t=3229) to Node2
Thread within node3 executing local event
Thread within node3 executing local event
Thread within node3 executing local event
Thread within node3 executing local event
Thread-3 within node3 sent event (t=3241) to Node5
Thread within node3 executing local event
Thread-2 within node3 sent event (t=3244) to Node4
Thread-3 executing received event (t = 3260) from Node4
Thread within node3 executing local event
Thread within node3 executing local event
Thread-0 within node3 sent event (t=3269) to Node1
Thread within node3 executing local event
Thread within node3 executing local event
Thread-0 executing received event (t = 3329) from Node5
Thread within node3 executing local event
Thread-3 within node3 sent event (t=3335) to Node5
Thread within node3 executing local event
Thread within node3 executing local event
Thread-0 within node3 sent event (t=3341) to Node5
Thread within node3 executing local event
Thread-1 executing received event (t = 3360) from Node5
Thread-2 executing received event (t = 3367) from Node1
Thread within node3 executing local event
Thread-0 executing received event (t = 3370) from Node5
Thread within node3 executing local event
Thread-0 within node3 sent event (t=3379) to Node4
Thread-2 executing received event (t = 3369) from Node1
Thread-3 executing received event (t = 3371) from Node1
Thread within node3 executing local event
Thread within node3 executing local event
Thread within node3 executing local event
Thread within node3 executing local event
Thread-2 within node3 sent event (t=3397) to Node1
Thread-0 executing received event (t = 3399) from Node4
Thread within node3 executing local event
Thread-3 within node3 sent event (t=3405) to Node5
Thread-2 executing received event (t = 3395) from Node2
Thread within node3 executing local event
Thread-0 executing received event (t = 3440) from Node5
Thread within node3 executing local event
Thread within node3 executing local event
Thread-3 executing received event (t = 3426) from Node2
Thread-0 executing received event (t = 3429) from Node1
Thread-1 executing received event (t = 3430) from Node1
Thread within node3 executing local event
Thread-3 executing received event (t = 3453) from Node4
Thread within node3 executing local event
Thread-3 within node3 sent event (t=3467) to Node2
Thread-1 executing received event (t = 3475) from Node2
Thread-2 executing received event (t = 3433) from Node1
Thread within node3 executing local event
Thread-0 within node3 sent event (t=3484) to Node1
Thread within node3 executing local event
Thread within node3 executing local event
Thread within node3 executing local event
Thread-1 within node3 sent event (t=3493) to Node5
Thread within node3 executing local event
Thread within node3 executing local event
Thread-3 within node3 sent event (t=3499) to Node4
Thread within node3 executing local event
Thread-1 within node3 sent event (t=3502) to Node1
Thread within node3 executing local event
Thread-0 within node3 sent event (t=3505) to Node2
Thread within node3 executing local event
Thread-3 within node3 sent event (t=3508) to Node1
Thread within node3 executing local event
Thread within node3 executing local event
Thread-2 executing received event (t = 3556) from Node5
Thread within node3 executing local event
Thread within node3 executing local event
Thread-1 executing received event (t = 3610) from Node1
Thread within node3 executing local event
Thread-0 within node3 sent event (t=3616) to Node2
Thread-3 executing received event (t = 3648) from Node5
Thread within node3 executing local event
Thread within node3 executing local event
Thread-0 within node3 sent event (t=3657) to Node4
Thread-2 executing received event (t = 3713) from Node4
Thread-3 executing received event (t = 3721) from Node4
Thread-0 executing received event (t = 3734) from Node4
Thread-1 executing received event (t = 3743) from Node5
Thread-2 executing received event (t = 3754) from Node2
Thread-3 executing received event (t = 3758) from Node4
Thread-0 executing received event (t = 3762) from Node4
Thread-1 executing received event (t = 3763) from Node5
Thread-2 executing received event (t = 3788) from Node4
Thread-3 executing received event (t = 3782) from Node2
Thread-0 executing received event (t = 3824) from Node4
Thread-1 executing received event (t = 3848) from Node4

=== Node 3 Statistics ===
Total events processed: 594
Messages sent: 213
Messages received: 194
Execution time = 10323 ms
Final Lamport time: 3851
Counter 0 value: 153
Counter 1 value: 142
Counter 2 value: 145
Counter 3 value: 154
