Node 5 initialized on port 4229
Node 5 using PaddedCounter to prevent false sharing
Node 5 listening on port 4229
Node 5 connected to Node 1
Node 5 connected to Node 2
Node 5 connected to Node 3
Node 5 connected to Node 4
Node 5 starting 4 worder threads with PaddedCounter
Thread within node5 executing local event (padded)
Thread within node5 executing local event (padded)
Thread within node5 executing local event (padded)
Thread within node5 executing local event (padded)
Thread-1 executing received event (padded) (t = 5) from Node1
Thread-0 executing received event (padded) (t = 4) from Node1
Thread-2 executing received event (padded) (t = 12) from Node3
Thread-3 within node5 sent event (t=29) to Node4
Thread-3 executing received event (padded) (t = 15) from Node3
Thread-0 executing received event (padded) (t = 7) from Node1
Thread within node5 executing local event (padded)
Thread-0 within node5 sent event (t=54) to Node2
Thread-2 executing received event (padded) (t = 8) from Node1
Thread within node5 executing local event (padded)
Thread within node5 executing local event (padded)
Thread-1 executing received event (padded) (t = 21) from Node3
Thread-2 executing received event (padded) (t = 24) from Node3
Thread within node5 executing local event (padded)
Thread within node5 executing local event (padded)
Thread within node5 executing local event (padded)
Thread-0 within node5 sent event (t=94) to Node4
Thread within node5 executing local event (padded)
Thread-3 within node5 sent event (t=99) to Node2
Thread within node5 executing local event (padded)
Thread within node5 executing local event (padded)
Thread-1 executing received event (padded) (t = 18) from Node1
Thread within node5 executing local event (padded)
Thread within node5 executing local event (padded)
Thread-2 within node5 sent event (t=124) to Node2
Thread-0 executing received event (padded) (t = 20) from Node1
Thread-1 executing received event (padded) (t = 54) from Node3
Thread within node5 executing local event (padded)
Thread-0 within node5 sent event (t=139) to Node1
Thread within node5 executing local event (padded)
Thread-3 within node5 sent event (t=144) to Node1
Thread within node5 executing local event (padded)
Thread within node5 executing local event (padded)
Thread-0 within node5 sent event (t=154) to Node3
Thread within node5 executing local event (padded)
Thread within node5 executing local event (padded)
Thread-1 within node5 sent event (t=164) to Node2
Thread-0 executing received event (padded) (t = 168) from Node1
Thread-1 executing received event (padded) (t = 169) from Node1
Thread-2 executing received event (padded) (t = 170) from Node1
Thread within node5 executing local event (padded)
Thread-3 within node5 sent event (t=188) to Node2
Thread within node5 executing local event (padded)
Thread-2 within node5 sent event (t=193) to Node1
Thread within node5 executing local event (padded)
Thread-0 within node5 sent event (t=198) to Node3
Thread within node5 executing local event (padded)
Thread within node5 executing local event (padded)
Thread-1 within node5 sent event (t=208) to Node1
Thread-0 executing received event (padded) (t = 210) from Node1
Thread-1 executing received event (padded) (t = 207) from Node3
Thread within node5 executing local event (padded)
Thread within node5 executing local event (padded)
Thread-2 within node5 sent event (t=230) to Node1
Thread-0 executing received event (padded) (t = 210) from Node3
Thread within node5 executing local event (padded)
Thread within node5 executing local event (padded)
Thread within node5 executing local event (padded)
Thread-0 within node5 sent event (t=250) to Node3
Thread within node5 executing local event (padded)
Thread within node5 executing local event (padded)
Thread within node5 executing local event (padded)
Thread within node5 executing local event (padded)
Thread within node5 executing local event (padded)
Thread within node5 executing local event (padded)
Thread within node5 executing local event (padded)
Thread-1 within node5 sent event (t=285) to Node4
Thread-3 executing received event (padded) (t = 262) from Node2
Thread-0 executing received event (padded) (t = 260) from Node2
Thread-1 executing received event (padded) (t = 297) from Node4
Thread within node5 executing local event (padded)
Thread within node5 executing local event (padded)
Thread-1 within node5 sent event (t=312) to Node4
Thread within node5 executing local event (padded)
Thread within node5 executing local event (padded)
Thread-2 within node5 sent event (t=322) to Node1
Thread-2 executing received event (padded) (t = 280) from Node2
Thread within node5 executing local event (padded)
Thread within node5 executing local event (padded)
Thread within node5 executing local event (padded)
Thread within node5 executing local event (padded)
Thread-3 executing received event (padded) (t = 360) from Node4
Thread within node5 executing local event (padded)
Thread-1 within node5 sent event (t=370) to Node1
Thread within node5 executing local event (padded)
Thread within node5 executing local event (padded)
Thread within node5 executing local event (padded)
Thread-3 within node5 sent event (t=385) to Node2
Thread within node5 executing local event (padded)
Thread-3 within node5 sent event (t=390) to Node4
Thread within node5 executing local event (padded)
Thread within node5 executing local event (padded)
Thread-3 executing received event (padded) (t = 391) from Node2
Thread-0 executing received event (padded) (t = 410) from Node4
Thread-1 executing received event (padded) (t = 418) from Node4
Thread-2 executing received event (padded) (t = 408) from Node2
Thread-3 executing received event (padded) (t = 393) from Node1
Thread within node5 executing local event (padded)
Thread within node5 executing local event (padded)
Thread-0 within node5 sent event (t=443) to Node2
Thread-2 executing received event (padded) (t = 434) from Node4
Thread within node5 executing local event (padded)
Thread within node5 executing local event (padded)
Thread within node5 executing local event (padded)
Thread within node5 executing local event (padded)
Thread-3 within node5 sent event (t=468) to Node1
Thread-3 executing received event (padded) (t = 440) from Node3
Thread-0 executing received event (padded) (t = 446) from Node3
Thread within node5 executing local event (padded)
Thread within node5 executing local event (padded)
Thread-3 executing received event (padded) (t = 471) from Node1
Thread-0 within node5 sent event (t=488) to Node3
Thread within node5 executing local event (padded)
Thread-1 within node5 sent event (t=498) to Node2
Thread-1 executing received event (padded) (t = 473) from Node1
Thread within node5 executing local event (padded)
Thread within node5 executing local event (padded)
Thread-3 within node5 sent event (t=513) to Node3
Thread-0 executing received event (padded) (t = 492) from Node1
Thread within node5 executing local event (padded)
Thread-2 executing received event (padded) (t = 535) from Node4
Thread within node5 executing local event (padded)
Thread-2 within node5 sent event (t=545) to Node3
Thread within node5 executing local event (padded)
Thread-1 within node5 sent event (t=550) to Node2
Thread-1 executing received event (padded) (t = 551) from Node3
Thread within node5 executing local event (padded)
Thread-2 executing received event (padded) (t = 557) from Node3
Thread-1 within node5 sent event (t=566) to Node3
Thread within node5 executing local event (padded)
Thread-1 executing received event (padded) (t = 577) from Node1
Thread within node5 executing local event (padded)
Thread within node5 executing local event (padded)
Thread-2 within node5 sent event (t=592) to Node3
Thread within node5 executing local event (padded)
Thread-0 executing received event (padded) (t = 579) from Node1
Thread within node5 executing local event (padded)
Thread-3 executing received event (padded) (t = 580) from Node1
Thread within node5 executing local event (padded)
Thread within node5 executing local event (padded)
Thread within node5 executing local event (padded)
Thread-3 executing received event (padded) (t = 606) from Node4
Thread within node5 executing local event (padded)
Thread-3 within node5 sent event (t=637) to Node1
Thread within node5 executing local event (padded)
Thread-1 within node5 sent event (t=642) to Node4
Thread-2 executing received event (padded) (t = 613) from Node3
Thread-3 executing received event (padded) (t = 616) from Node3
Thread within node5 executing local event (padded)
Thread-0 within node5 sent event (t=657) to Node3
Thread within node5 executing local event (padded)
Thread within node5 executing local event (padded)
Thread-2 within node5 sent event (t=667) to Node1
Thread within node5 executing local event (padded)
Thread-0 executing received event (padded) (t = 682) from Node4
Thread-1 executing received event (padded) (t = 688) from Node2
Thread within node5 executing local event (padded)
Thread-0 within node5 sent event (t=698) to Node2
Thread within node5 executing local event (padded)
Thread within node5 executing local event (padded)
Thread-1 executing received event (padded) (t = 702) from Node2
Thread within node5 executing local event (padded)
Thread within node5 executing local event (padded)
Thread-2 within node5 sent event (t=723) to Node1
Thread within node5 executing local event (padded)
Thread within node5 executing local event (padded)
Thread-3 within node5 sent event (t=728) to Node2
Thread-1 within node5 sent event (t=733) to Node4
Thread within node5 executing local event (padded)
Thread-2 within node5 sent event (t=738) to Node1
Thread within node5 executing local event (padded)
Thread-2 within node5 sent event (t=743) to Node2
Thread within node5 executing local event (padded)
Thread within node5 executing local event (padded)
Thread-3 within node5 sent event (t=748) to Node2
Thread-2 executing received event (padded) (t = 796) from Node3
Thread within node5 executing local event (padded)
Thread-0 within node5 sent event (t=806) to Node4
Thread-0 executing received event (padded) (t = 805) from Node3
Thread-1 executing received event (padded) (t = 802) from Node1
Thread within node5 executing local event (padded)
Thread within node5 executing local event (padded)
Thread-2 within node5 sent event (t=826) to Node4
Thread within node5 executing local event (padded)
Thread-0 within node5 sent event (t=831) to Node1
Thread within node5 executing local event (padded)
Thread-2 within node5 sent event (t=836) to Node3
Thread within node5 executing local event (padded)
Thread-0 within node5 sent event (t=841) to Node3
Thread-3 executing received event (padded) (t = 847) from Node3
Thread within node5 executing local event (padded)
Thread within node5 executing local event (padded)
Thread-3 within node5 sent event (t=862) to Node1
Thread within node5 executing local event (padded)
Thread-1 within node5 sent event (t=867) to Node3
Thread within node5 executing local event (padded)
Thread-2 within node5 sent event (t=872) to Node4
Thread within node5 executing local event (padded)
Thread-0 within node5 sent event (t=877) to Node1
Thread-1 executing received event (padded) (t = 879) from Node1
Thread within node5 executing local event (padded)
Thread-3 executing received event (padded) (t = 896) from Node4
Thread-0 executing received event (padded) (t = 910) from Node2
Thread within node5 executing local event (padded)
Thread-2 executing received event (padded) (t = 881) from Node1
Thread within node5 executing local event (padded)
Thread within node5 executing local event (padded)
Thread within node5 executing local event (padded)
Thread-2 within node5 sent event (t=940) to Node3
Thread-2 executing received event (padded) (t = 914) from Node2
Thread within node5 executing local event (padded)
Thread within node5 executing local event (padded)
Thread-2 within node5 sent event (t=955) to Node2
Thread-1 executing received event (padded) (t = 920) from Node4
Thread-2 executing received event (padded) (t = 967) from Node4
Thread within node5 executing local event (padded)
Thread-2 within node5 sent event (t=977) to Node2
Thread within node5 executing local event (padded)
Thread-1 within node5 sent event (t=982) to Node1
Thread-1 executing received event (padded) (t = 981) from Node2
Thread within node5 executing local event (padded)
Thread within node5 executing local event (padded)
Thread-0 executing received event (padded) (t = 987) from Node1
Thread within node5 executing local event (padded)
Thread within node5 executing local event (padded)
Thread-1 within node5 sent event (t=1012) to Node2
Thread within node5 executing local event (padded)
Thread-0 executing received event (padded) (t = 1004) from Node1
Thread within node5 executing local event (padded)
Thread-2 executing received event (padded) (t = 1046) from Node3
Thread-3 executing received event (padded) (t = 1049) from Node3
Thread-0 executing received event (padded) (t = 1052) from Node3
Thread within node5 executing local event (padded)
Thread-1 within node5 sent event (t=1066) to Node3
Thread within node5 executing local event (padded)
Thread within node5 executing local event (padded)
Thread-0 within node5 sent event (t=1076) to Node4
Thread-0 executing received event (padded) (t = 1087) from Node3
Thread-1 executing received event (padded) (t = 1044) from Node2
Thread within node5 executing local event (padded)
Thread-2 within node5 sent event (t=1102) to Node4
Thread-3 executing received event (padded) (t = 1087) from Node1
Thread within node5 executing local event (padded)
Thread-3 within node5 sent event (t=1112) to Node2
Thread within node5 executing local event (padded)
Thread-3 within node5 sent event (t=1117) to Node3
Thread within node5 executing local event (padded)
Thread-0 within node5 sent event (t=1122) to Node1
Thread-3 executing received event (padded) (t = 1125) from Node1
Thread within node5 executing local event (padded)
Thread-2 within node5 sent event (t=1135) to Node2
Thread within node5 executing local event (padded)
Thread within node5 executing local event (padded)
Thread-1 within node5 sent event (t=1145) to Node3
Thread-3 executing received event (padded) (t = 1162) from Node4
Thread-0 executing received event (padded) (t = 1149) from Node1
Thread within node5 executing local event (padded)
Thread-2 executing received event (padded) (t = 1175) from Node3
Thread within node5 executing local event (padded)
Thread-0 executing received event (padded) (t = 1158) from Node2
Thread-1 executing received event (padded) (t = 1184) from Node1
Thread within node5 executing local event (padded)
Thread-3 within node5 sent event (t=1202) to Node4
Thread within node5 executing local event (padded)
Thread within node5 executing local event (padded)
Thread-0 within node5 sent event (t=1212) to Node3
Thread within node5 executing local event (padded)
Thread-2 within node5 sent event (t=1217) to Node4
Thread-2 executing received event (padded) (t = 1224) from Node3
Thread within node5 executing local event (padded)
Thread within node5 executing local event (padded)
Thread-2 within node5 sent event (t=1239) to Node2
Thread within node5 executing local event (padded)
Thread-1 within node5 sent event (t=1244) to Node3
Thread within node5 executing local event (padded)
Thread-3 executing received event (padded) (t = 1231) from Node1
Thread within node5 executing local event (padded)
Thread-0 within node5 sent event (t=1259) to Node4
Thread within node5 executing local event (padded)
Thread-2 within node5 sent event (t=1264) to Node3
Thread within node5 executing local event (padded)
Thread within node5 executing local event (padded)
Thread-1 within node5 sent event (t=1274) to Node4
Thread within node5 executing local event (padded)
Thread-3 within node5 sent event (t=1279) to Node3
Thread-1 executing received event (padded) (t = 1300) from Node4
Thread within node5 executing local event (padded)
Thread within node5 executing local event (padded)
Thread-0 within node5 sent event (t=1315) to Node4
Thread within node5 executing local event (padded)
Thread-1 within node5 sent event (t=1320) to Node3
Thread within node5 executing local event (padded)
Thread-2 within node5 sent event (t=1325) to Node3
Thread within node5 executing local event (padded)
Thread-3 executing received event (padded) (t = 1336) from Node2
Thread within node5 executing local event (padded)
Thread-3 within node5 sent event (t=1346) to Node3
Thread within node5 executing local event (padded)
Thread-2 executing received event (padded) (t = 1338) from Node2
Thread-3 executing received event (padded) (t = 1339) from Node1
Thread within node5 executing local event (padded)
Thread-3 within node5 sent event (t=1366) to Node4
Thread within node5 executing local event (padded)
Thread-1 within node5 sent event (t=1371) to Node3
Thread within node5 executing local event (padded)
Thread-3 executing received event (padded) (t = 1390) from Node4
Thread within node5 executing local event (padded)
Thread-1 executing received event (padded) (t = 1342) from Node2
Thread within node5 executing local event (padded)
Thread-3 executing received event (padded) (t = 1400) from Node2
Thread within node5 executing local event (padded)
Thread-3 within node5 sent event (t=1420) to Node1
Thread within node5 executing local event (padded)
Thread-0 within node5 sent event (t=1425) to Node4
Thread-2 executing received event (padded) (t = 1422) from Node1
Thread-3 executing received event (padded) (t = 1415) from Node4
Thread within node5 executing local event (padded)
Thread-2 within node5 sent event (t=1440) to Node1
Thread within node5 executing local event (padded)
Thread within node5 executing local event (padded)
Thread-2 within node5 sent event (t=1450) to Node3
Thread-3 executing received event (padded) (t = 1441) from Node2
Thread-0 executing received event (padded) (t = 1456) from Node4
Thread within node5 executing local event (padded)
Thread-2 within node5 sent event (t=1466) to Node3
Thread within node5 executing local event (padded)
Thread within node5 executing local event (padded)
Thread-3 within node5 sent event (t=1476) to Node4
Thread within node5 executing local event (padded)
Thread-1 within node5 sent event (t=1481) to Node1
Thread-1 executing received event (padded) (t = 1481) from Node2
Thread-2 executing received event (padded) (t = 1504) from Node4
Thread within node5 executing local event (padded)
Thread-2 within node5 sent event (t=1514) to Node2
Thread-0 executing received event (padded) (t = 1483) from Node2
Thread-1 executing received event (padded) (t = 1518) from Node2
Thread-2 executing received event (padded) (t = 1485) from Node1
Thread-3 executing received event (padded) (t = 1495) from Node3
Thread within node5 executing local event (padded)
Thread within node5 executing local event (padded)
Thread-2 within node5 sent event (t=1544) to Node1
Thread-2 executing received event (padded) (t = 1520) from Node2
Thread within node5 executing local event (padded)
Thread-0 executing received event (padded) (t = 1556) from Node2
Thread within node5 executing local event (padded)
Thread-2 within node5 sent event (t=1566) to Node2
Thread within node5 executing local event (padded)
Thread-3 executing received event (padded) (t = 1528) from Node4
Thread within node5 executing local event (padded)
Thread-1 executing received event (padded) (t = 1585) from Node4
Thread within node5 executing local event (padded)
Thread-3 within node5 sent event (t=1595) to Node1
Thread within node5 executing local event (padded)
Thread-0 executing received event (padded) (t = 1586) from Node2
Thread-1 executing received event (padded) (t = 1588) from Node2
Thread within node5 executing local event (padded)
Thread within node5 executing local event (padded)
Thread-3 within node5 sent event (t=1620) to Node1
Thread-0 executing received event (padded) (t = 1613) from Node4
Thread within node5 executing local event (padded)
Thread-2 within node5 sent event (t=1630) to Node4
Thread within node5 executing local event (padded)
Thread within node5 executing local event (padded)
Thread-0 executing received event (padded) (t = 1638) from Node4
Thread-1 executing received event (padded) (t = 1624) from Node1
Thread-2 executing received event (padded) (t = 1611) from Node3
Thread within node5 executing local event (padded)
Thread-0 within node5 sent event (t=1660) to Node3
Thread within node5 executing local event (padded)
Thread-3 within node5 sent event (t=1665) to Node1
Thread-1 executing received event (padded) (t = 1669) from Node3
Thread within node5 executing local event (padded)
Thread within node5 executing local event (padded)
Thread-0 within node5 sent event (t=1684) to Node2
Thread-2 within node5 sent event (t=1679) to Node4
Thread-0 executing received event (padded) (t = 1671) from Node1
Thread-1 executing received event (padded) (t = 1694) from Node2
Thread-2 executing received event (padded) (t = 1675) from Node1
Thread within node5 executing local event (padded)
Thread-0 executing received event (padded) (t = 1697) from Node3
Thread within node5 executing local event (padded)
Thread within node5 executing local event (padded)
Thread-3 within node5 sent event (t=1724) to Node2
Thread within node5 executing local event (padded)
Thread-0 within node5 sent event (t=1729) to Node4
Thread-0 executing received event (padded) (t = 1719) from Node4
Thread-1 executing received event (padded) (t = 1709) from Node3
Thread within node5 executing local event (padded)
Thread within node5 executing local event (padded)
Thread-1 within node5 sent event (t=1749) to Node1
Thread within node5 executing local event (padded)
Thread-1 executing received event (padded) (t = 1743) from Node3
Thread within node5 executing local event (padded)
Thread within node5 executing local event (padded)
Thread-0 executing received event (padded) (t = 1742) from Node2
Thread-0 within node5 sent event (t=1769) to Node1
Thread within node5 executing local event (padded)
Thread-2 executing received event (padded) (t = 1746) from Node3
Thread-2 within node5 sent event (t=1779) to Node3
Thread within node5 executing local event (padded)
Thread-0 executing received event (padded) (t = 1772) from Node1
Thread-1 executing received event (padded) (t = 1773) from Node1
Thread within node5 executing local event (padded)
Thread within node5 executing local event (padded)
Thread-3 within node5 sent event (t=1809) to Node2
Thread within node5 executing local event (padded)
Thread-1 executing received event (padded) (t = 1819) from Node2
Thread within node5 executing local event (padded)
Thread-2 within node5 sent event (t=1829) to Node3
Thread within node5 executing local event (padded)
Thread-0 executing received event (padded) (t = 1832) from Node2
Thread within node5 executing local event (padded)
Thread-2 within node5 sent event (t=1844) to Node3
Thread within node5 executing local event (padded)
Thread-3 within node5 sent event (t=1849) to Node2
Thread within node5 executing local event (padded)
Thread within node5 executing local event (padded)
Thread within node5 executing local event (padded)
Thread-2 within node5 sent event (t=1864) to Node4
Thread within node5 executing local event (padded)
Thread within node5 executing local event (padded)
Thread-1 within node5 sent event (t=1874) to Node4
Thread within node5 executing local event (padded)
Thread-1 executing received event (padded) (t = 1914) from Node1
Thread within node5 executing local event (padded)
Thread-3 executing received event (padded) (t = 1889) from Node2
Thread within node5 executing local event (padded)
Thread-3 within node5 sent event (t=1934) to Node1
Thread within node5 executing local event (padded)
Thread-0 within node5 sent event (t=1939) to Node3
Thread-2 executing received event (padded) (t = 1936) from Node2
Thread-3 executing received event (padded) (t = 1938) from Node2
Thread within node5 executing local event (padded)
Thread within node5 executing local event (padded)
Thread-3 within node5 sent event (t=1959) to Node3
Thread within node5 executing local event (padded)
Thread-1 within node5 sent event (t=1964) to Node2
Thread-3 executing received event (padded) (t = 1983) from Node3
Thread-0 executing received event (padded) (t = 1974) from Node2
Thread-1 executing received event (padded) (t = 1973) from Node4
Thread within node5 executing local event (padded)
Thread-0 within node5 sent event (t=2003) to Node2
Thread-3 executing received event (padded) (t = 1995) from Node3
Thread within node5 executing local event (padded)
Thread-0 within node5 sent event (t=2013) to Node2
Thread within node5 executing local event (padded)
Thread-2 within node5 sent event (t=2018) to Node1
Thread within node5 executing local event (padded)
Thread-1 within node5 sent event (t=2023) to Node2
Thread-3 executing received event (padded) (t = 2021) from Node1
Thread-0 executing received event (padded) (t = 2022) from Node1
Thread-1 executing received event (padded) (t = 1993) from Node4
Thread within node5 executing local event (padded)
Thread within node5 executing local event (padded)
Thread-0 within node5 sent event (t=2048) to Node3
Thread within node5 executing local event (padded)
Thread-1 executing received event (padded) (t = 2005) from Node4
Thread-2 executing received event (padded) (t = 2057) from Node3
Thread within node5 executing local event (padded)
Thread-3 within node5 sent event (t=2068) to Node2
Thread-0 executing received event (padded) (t = 2013) from Node4
Thread within node5 executing local event (padded)
Thread within node5 executing local event (padded)
Thread-3 executing received event (padded) (t = 2044) from Node1
Thread-0 executing received event (padded) (t = 2078) from Node4
Thread within node5 executing local event (padded)
Thread within node5 executing local event (padded)
Thread-2 within node5 sent event (t=2098) to Node3
Thread-0 within node5 sent event (t=2103) to Node2
Thread within node5 executing local event (padded)
Thread-2 within node5 sent event (t=2108) to Node3
Thread within node5 executing local event (padded)
Thread-1 executing received event (padded) (t = 2123) from Node3
Thread within node5 executing local event (padded)
Thread-1 within node5 sent event (t=2133) to Node1
Thread within node5 executing local event (padded)
Thread-0 executing received event (padded) (t = 2115) from Node2
Thread within node5 executing local event (padded)
Thread-0 within node5 sent event (t=2148) to Node3
Thread within node5 executing local event (padded)
Thread-3 within node5 sent event (t=2153) to Node2
Thread within node5 executing local event (padded)
Thread-2 within node5 sent event (t=2158) to Node4
Thread-0 executing received event (padded) (t = 2186) from Node2
Thread-1 executing received event (padded) (t = 2198) from Node3
Thread within node5 executing local event (padded)
Thread-0 within node5 sent event (t=2208) to Node1
Thread within node5 executing local event (padded)
Thread-1 within node5 sent event (t=2213) to Node3
Thread within node5 executing local event (padded)
Thread-3 within node5 sent event (t=2218) to Node1
Thread within node5 executing local event (padded)
Thread within node5 executing local event (padded)
Thread-1 within node5 sent event (t=2228) to Node4
Thread within node5 executing local event (padded)
Thread within node5 executing local event (padded)
Thread-3 within node5 sent event (t=2233) to Node4
Thread-1 executing received event (padded) (t = 2244) from Node1
Thread within node5 executing local event (padded)
Thread-1 within node5 sent event (t=2254) to Node2
Thread-3 executing received event (padded) (t = 2229) from Node2
Thread-0 executing received event (padded) (t = 2257) from Node4
Thread within node5 executing local event (padded)
Thread-0 within node5 sent event (t=2269) to Node1
Thread-2 executing received event (padded) (t = 2291) from Node2
Thread within node5 executing local event (padded)
Thread within node5 executing local event (padded)
Thread-2 within node5 sent event (t=2306) to Node4
Thread-1 executing received event (padded) (t = 2295) from Node2
Thread within node5 executing local event (padded)
Thread-3 executing received event (padded) (t = 2298) from Node1
Thread within node5 executing local event (padded)
Thread-1 within node5 sent event (t=2326) to Node3
Thread within node5 executing local event (padded)
Thread-0 within node5 sent event (t=2331) to Node4
Thread-2 executing received event (padded) (t = 2355) from Node4
Thread within node5 executing local event (padded)
Thread-0 executing received event (padded) (t = 2371) from Node4
Thread within node5 executing local event (padded)
Thread within node5 executing local event (padded)
Thread within node5 executing local event (padded)
Thread-3 within node5 sent event (t=2391) to Node4
Thread within node5 executing local event (padded)
Thread-1 within node5 sent event (t=2396) to Node2
Thread-1 executing received event (padded) (t = 2403) from Node4
Thread within node5 executing local event (padded)
Thread within node5 executing local event (padded)
Thread within node5 executing local event (padded)
Thread within node5 executing local event (padded)
Thread-1 within node5 sent event (t=2428) to Node1
Thread-2 executing received event (padded) (t = 2411) from Node4
Thread within node5 executing local event (padded)
Thread-3 within node5 sent event (t=2438) to Node2
Thread within node5 executing local event (padded)
Thread-1 within node5 sent event (t=2443) to Node1
Thread within node5 executing local event (padded)
Thread within node5 executing local event (padded)
Thread-3 within node5 sent event (t=2453) to Node2
Thread within node5 executing local event (padded)
Thread-2 within node5 sent event (t=2458) to Node2
Thread-0 executing received event (padded) (t = 2470) from Node4
Thread within node5 executing local event (padded)
Thread-1 within node5 sent event (t=2480) to Node4
Thread within node5 executing local event (padded)
Thread-3 executing received event (padded) (t = 2469) from Node1
Thread within node5 executing local event (padded)
Thread within node5 executing local event (padded)
Thread within node5 executing local event (padded)
Thread-1 within node5 sent event (t=2505) to Node1
Thread within node5 executing local event (padded)
Thread-3 within node5 sent event (t=2510) to Node2
Thread-0 executing received event (padded) (t = 2516) from Node3
Thread within node5 executing local event (padded)
Thread within node5 executing local event (padded)
Thread-3 within node5 sent event (t=2531) to Node4
Thread-3 executing received event (padded) (t = 2543) from Node4
Thread within node5 executing local event (padded)
Thread within node5 executing local event (padded)
Thread-2 executing received event (padded) (t = 2527) from Node2
Thread within node5 executing local event (padded)
Thread-1 within node5 sent event (t=2568) to Node4
Thread-0 executing received event (padded) (t = 2559) from Node2
Thread within node5 executing local event (padded)
Thread within node5 executing local event (padded)
Thread-0 within node5 sent event (t=2583) to Node1
Thread-3 executing received event (padded) (t = 2541) from Node3
Thread within node5 executing local event (padded)
Thread-1 executing received event (padded) (t = 2587) from Node1
Thread within node5 executing local event (padded)
Thread within node5 executing local event (padded)
Thread-2 within node5 sent event (t=2608) to Node2
Thread-0 executing received event (padded) (t = 2594) from Node1
Thread within node5 executing local event (padded)
Thread-2 executing received event (padded) (t = 2608) from Node3
Thread within node5 executing local event (padded)
Thread-3 within node5 sent event (t=2628) to Node1
Thread within node5 executing local event (padded)
Thread-3 within node5 sent event (t=2633) to Node2
Thread within node5 executing local event (padded)
Thread-3 within node5 sent event (t=2638) to Node3
Thread within node5 executing local event (padded)
Thread within node5 executing local event (padded)
Thread-1 within node5 sent event (t=2648) to Node1
Thread within node5 executing local event (padded)
Thread within node5 executing local event (padded)
Thread within node5 executing local event (padded)
Thread-2 within node5 sent event (t=2663) to Node1
Thread-3 executing received event (padded) (t = 2665) from Node4
Thread-0 executing received event (padded) (t = 2650) from Node3
Thread within node5 executing local event (padded)
Thread within node5 executing local event (padded)
Thread-3 executing received event (padded) (t = 2659) from Node3
Thread-0 executing received event (padded) (t = 2669) from Node1
Thread within node5 executing local event (padded)
Thread-3 within node5 sent event (t=2700) to Node2
Thread within node5 executing local event (padded)
Thread within node5 executing local event (padded)
Thread within node5 executing local event (padded)
Thread within node5 executing local event (padded)
Thread-2 executing received event (padded) (t = 2718) from Node2
Thread-3 executing received event (padded) (t = 2704) from Node3
Thread within node5 executing local event (padded)
Thread-1 within node5 sent event (t=2735) to Node3
Thread within node5 executing local event (padded)
Thread-0 within node5 sent event (t=2740) to Node3
Thread within node5 executing local event (padded)
Thread-2 within node5 sent event (t=2745) to Node2
Thread within node5 executing local event (padded)
Thread-2 within node5 sent event (t=2750) to Node1
Thread-0 executing received event (padded) (t = 2763) from Node2
Thread-1 executing received event (padded) (t = 2765) from Node2
Thread within node5 executing local event (padded)
Thread-3 within node5 sent event (t=2778) to Node1
Thread within node5 executing local event (padded)
Thread-2 within node5 sent event (t=2783) to Node1
Thread within node5 executing local event (padded)
Thread-0 within node5 sent event (t=2788) to Node1
Thread within node5 executing local event (padded)
Thread within node5 executing local event (padded)
Thread-3 executing received event (padded) (t = 2796) from Node1
Thread-0 executing received event (padded) (t = 2807) from Node2
Thread within node5 executing local event (padded)
Thread-2 executing received event (padded) (t = 2811) from Node2
Thread within node5 executing local event (padded)
Thread-0 executing received event (padded) (t = 2825) from Node1
Thread-1 executing received event (padded) (t = 2813) from Node2
Thread within node5 executing local event (padded)
Thread within node5 executing local event (padded)
Thread-3 within node5 sent event (t=2847) to Node3
Thread within node5 executing local event (padded)
Thread-1 within node5 sent event (t=2852) to Node4
Thread within node5 executing local event (padded)
Thread-2 executing received event (padded) (t = 2860) from Node4
Thread within node5 executing local event (padded)
Thread-3 within node5 sent event (t=2870) to Node3
Thread within node5 executing local event (padded)
Thread-1 executing received event (padded) (t = 2869) from Node1
Thread within node5 executing local event (padded)
Thread-3 executing received event (padded) (t = 2896) from Node2
Thread-0 executing received event (padded) (t = 2906) from Node3
Thread within node5 executing local event (padded)
Thread-2 within node5 sent event (t=2916) to Node1
Thread within node5 executing local event (padded)
Thread-2 within node5 sent event (t=2921) to Node3
Thread within node5 executing local event (padded)
Thread-3 within node5 sent event (t=2926) to Node1
Thread-0 executing received event (padded) (t = 2908) from Node4
Thread within node5 executing local event (padded)
Thread-0 within node5 sent event (t=2936) to Node1
Thread within node5 executing local event (padded)
Thread-1 within node5 sent event (t=2941) to Node4
Thread within node5 executing local event (padded)
Thread-0 executing received event (padded) (t = 2938) from Node1
Thread within node5 executing local event (padded)
Thread-1 within node5 sent event (t=2956) to Node4
Thread-2 executing received event (padded) (t = 2954) from Node4
Thread-3 executing received event (padded) (t = 2946) from Node2
Thread-0 executing received event (padded) (t = 2948) from Node2
Thread within node5 executing local event (padded)
Thread-2 executing received event (padded) (t = 2964) from Node4
Thread within node5 executing local event (padded)
Thread-0 executing received event (padded) (t = 2967) from Node1
Thread within node5 executing local event (padded)
Thread-2 within node5 sent event (t=2996) to Node3
Thread-2 executing received event (padded) (t = 2972) from Node4
Thread within node5 executing local event (padded)
Thread-0 executing received event (padded) (t = 3005) from Node3
Thread within node5 executing local event (padded)
Thread-2 executing received event (padded) (t = 2968) from Node1
Thread-3 executing received event (padded) (t = 2970) from Node1
Thread within node5 executing local event (padded)
Thread within node5 executing local event (padded)
Thread-0 within node5 sent event (t=3036) to Node1
Thread within node5 executing local event (padded)
Thread-3 within node5 sent event (t=3041) to Node1
Thread within node5 executing local event (padded)
Thread-1 within node5 sent event (t=3046) to Node2
Thread within node5 executing local event (padded)
Thread-2 within node5 sent event (t=3051) to Node3
Thread within node5 executing local event (padded)
Thread-3 within node5 sent event (t=3056) to Node2
Thread within node5 executing local event (padded)
Thread-3 within node5 sent event (t=3061) to Node4
Thread within node5 executing local event (padded)
Thread within node5 executing local event (padded)
Thread within node5 executing local event (padded)
Thread-2 executing received event (padded) (t = 3092) from Node4
Thread within node5 executing local event (padded)
Thread-3 within node5 sent event (t=3102) to Node4
Thread within node5 executing local event (padded)
Thread within node5 executing local event (padded)
Thread-2 executing received event (padded) (t = 3110) from Node4
Thread-3 executing received event (padded) (t = 3116) from Node1
Thread within node5 executing local event (padded)
Thread within node5 executing local event (padded)
Thread-2 executing received event (padded) (t = 3121) from Node1
Thread within node5 executing local event (padded)
Thread-2 within node5 sent event (t=3142) to Node4
Thread-0 executing received event (padded) (t = 3129) from Node3
Thread within node5 executing local event (padded)
Thread within node5 executing local event (padded)
Thread-2 within node5 sent event (t=3157) to Node4
Thread-3 executing received event (padded) (t = 3138) from Node3
Thread-0 executing received event (padded) (t = 3164) from Node2
Thread within node5 executing local event (padded)
Thread-3 within node5 sent event (t=3174) to Node1
Thread within node5 executing local event (padded)
Thread-3 executing received event (padded) (t = 3170) from Node2
Thread within node5 executing local event (padded)
Thread-1 within node5 sent event (t=3189) to Node4
Thread within node5 executing local event (padded)
Thread within node5 executing local event (padded)
Thread-3 executing received event (padded) (t = 3174) from Node2
Thread within node5 executing local event (padded)
Thread-1 within node5 sent event (t=3209) to Node3
Thread within node5 executing local event (padded)
Thread-2 executing received event (padded) (t = 3187) from Node1
Thread-3 executing received event (padded) (t = 3216) from Node4
Thread within node5 executing local event (padded)
Thread-3 within node5 sent event (t=3229) to Node4
Thread within node5 executing local event (padded)
Thread-3 within node5 sent event (t=3234) to Node1
Thread-2 executing received event (padded) (t = 3248) from Node1
Thread-3 executing received event (padded) (t = 3186) from Node2
Thread within node5 executing local event (padded)
Thread-1 executing received event (padded) (t = 3251) from Node1
Thread within node5 executing local event (padded)
Thread-0 within node5 sent event (t=3273) to Node4
Thread-3 executing received event (padded) (t = 3239) from Node3
Thread-0 executing received event (padded) (t = 3188) from Node2
Thread-1 executing received event (padded) (t = 3256) from Node1
Thread within node5 executing local event (padded)
Thread within node5 executing local event (padded)
Thread-3 within node5 sent event (t=3293) to Node2
Thread within node5 executing local event (padded)
Thread-1 within node5 sent event (t=3303) to Node1
Thread within node5 executing local event (padded)
Thread-3 within node5 sent event (t=3308) to Node3
Thread-2 executing received event (padded) (t = 3308) from Node1
Thread-3 executing received event (padded) (t = 3301) from Node2
Thread within node5 executing local event (padded)
Thread-1 executing received event (padded) (t = 3323) from Node3
Thread within node5 executing local event (padded)
Thread within node5 executing local event (padded)
Thread within node5 executing local event (padded)
Thread-1 executing received event (padded) (t = 3313) from Node4
Thread-2 executing received event (padded) (t = 3338) from Node3
Thread within node5 executing local event (padded)
Thread-0 executing received event (padded) (t = 3344) from Node3
Thread-1 executing received event (padded) (t = 3350) from Node3
Thread within node5 executing local event (padded)
Thread within node5 executing local event (padded)
Thread within node5 executing local event (padded)
Thread-3 within node5 sent event (t=3383) to Node1
Thread within node5 executing local event (padded)
Thread within node5 executing local event (padded)
Thread within node5 executing local event (padded)
Thread-0 within node5 sent event (t=3398) to Node2
Thread within node5 executing local event (padded)
Thread within node5 executing local event (padded)
Thread-3 within node5 sent event (t=3408) to Node3
Thread-2 executing received event (padded) (t = 3414) from Node3
Thread within node5 executing local event (padded)
Thread within node5 executing local event (padded)
Thread-0 within node5 sent event (t=3429) to Node4
Thread within node5 executing local event (padded)
Thread-3 within node5 sent event (t=3434) to Node4
Thread within node5 executing local event (padded)
Thread-3 executing received event (padded) (t = 3441) from Node2
Thread-3 within node5 sent event (t=3439) to Node3
Thread within node5 executing local event (padded)
Thread within node5 executing local event (padded)
Thread within node5 executing local event (padded)
Thread within node5 executing local event (padded)
Thread within node5 executing local event (padded)
Thread within node5 executing local event (padded)
Thread-2 within node5 sent event (t=3476) to Node4
Thread within node5 executing local event (padded)
Thread-3 executing received event (padded) (t = 3475) from Node2
Thread within node5 executing local event (padded)
Thread within node5 executing local event (padded)
Thread-2 executing received event (padded) (t = 3506) from Node4
Thread-3 executing received event (padded) (t = 3510) from Node4
Thread within node5 executing local event (padded)
Thread-1 within node5 sent event (t=3521) to Node3
Thread-1 executing received event (padded) (t = 3507) from Node2
Thread within node5 executing local event (padded)
Thread within node5 executing local event (padded)
Thread-0 within node5 sent event (t=3536) to Node3
Thread within node5 executing local event (padded)
Thread-1 executing received event (padded) (t = 3511) from Node2
Thread-2 executing received event (padded) (t = 3544) from Node2
Thread-3 executing received event (padded) (t = 3548) from Node2
Thread within node5 executing local event (padded)
Thread-1 within node5 sent event (t=3561) to Node1
Thread within node5 executing local event (padded)
Thread within node5 executing local event (padded)
Thread-3 within node5 sent event (t=3571) to Node1
Thread within node5 executing local event (padded)
Thread-3 within node5 sent event (t=3576) to Node2
Thread within node5 executing local event (padded)
Thread-1 within node5 sent event (t=3581) to Node4
Thread within node5 executing local event (padded)
Thread-2 executing received event (padded) (t = 3582) from Node2
Thread-3 executing received event (padded) (t = 3586) from Node2
Thread-0 executing received event (padded) (t = 3605) from Node4
Thread within node5 executing local event (padded)
Thread within node5 executing local event (padded)
Thread-3 executing received event (padded) (t = 3629) from Node2
Thread-0 executing received event (padded) (t = 3641) from Node4
Thread-1 executing received event (padded) (t = 3645) from Node4
Thread within node5 executing local event (padded)
Thread-0 within node5 sent event (t=3656) to Node2
Thread-3 executing received event (padded) (t = 3662) from Node2
Thread-0 executing received event (padded) (t = 3665) from Node4
Thread within node5 executing local event (padded)
Thread-2 executing received event (padded) (t = 3669) from Node4
Thread within node5 executing local event (padded)
Thread-0 within node5 sent event (t=3687) to Node1
Thread-0 executing received event (padded) (t = 3713) from Node4
Thread within node5 executing local event (padded)
Thread-2 executing received event (padded) (t = 3725) from Node4
Thread-3 executing received event (padded) (t = 3717) from Node2
Thread-0 executing received event (padded) (t = 3747) from Node3
Thread within node5 executing local event (padded)
Thread-0 within node5 sent event (t=3757) to Node3
Thread within node5 executing local event (padded)
Thread-0 within node5 sent event (t=3762) to Node2
Thread within node5 executing local event (padded)
Thread-0 executing received event (padded) (t = 3810) from Node2
Thread-1 executing received event (padded) (t = 3826) from Node4
