Node 4 initialized on port 4228
Node 4 using Virtual Threads
Node 4 listening on port 4228 [Virtual]
Node 4 connected to Node 2 [Virtual]
Node 4 connected to Node 3 [Virtual]
Node 4 connected to Node 1 [Virtual]
Thread-0 executing received event (t = 10) from Node1
Thread-1 executing received event (t = 13) from Node1
Thread-2 executing received event (t = 19) from Node1
Thread-3 executing received event (t = 44) from Node2
Node 4 connected to Node 5 [Virtual]
Thread-0 executing received event (t = 54) from Node2
Thread-1 executing received event (t = 60) from Node2
Thread-2 executing received event (t = 54) from Node1
Thread-3 executing received event (t = 68) from Node2
Thread-0 executing received event (t = 78) from Node1
Thread-1 executing received event (t = 80) from Node2
Thread-2 executing received event (t = 81) from Node1
Thread-3 executing received event (t = 85) from Node1
Thread-0 executing received event (t = 108) from Node1
Thread-1 executing received event (t = 122) from Node2
Thread-2 executing received event (t = 115) from Node1
Thread-3 executing received event (t = 130) from Node2
Thread-0 executing received event (t = 155) from Node3
Thread-1 executing received event (t = 173) from Node3
Thread-2 executing received event (t = 188) from Node3
Thread-3 executing received event (t = 187) from Node1
Thread-0 executing received event (t = 188) from Node1
Thread-1 executing received event (t = 192) from Node2
Thread-2 executing received event (t = 192) from Node1
Thread-3 executing received event (t = 239) from Node1
Thread-0 executing received event (t = 271) from Node3
Thread-1 executing received event (t = 286) from Node3
Node 4 starting 4 virtual worker threads with 100 events each
Thread within node4 executing local event
Thread within node4 executing local event
Thread within node4 executing local event
Thread within node4 executing local event
Thread-2 executing received event (t = 295) from Node1
Thread within node4 executing local event
Thread-1 within node4 sent event (t=298) to Node3 [Virtual]
Thread-3 within node4 sent event (t=306) to Node2 [Virtual]
Thread within node4 executing local event
Thread within node4 executing local event
Thread-0 within node4 sent event (t=322) to Node5 [Virtual]
Thread within node4 executing local event
Thread-0 within node4 sent event (t=326) to Node5 [Virtual]
Thread within node4 executing local event
Thread within node4 executing local event
Thread-3 within node4 sent event (t=334) to Node1 [Virtual]
Thread within node4 executing local event
Thread within node4 executing local event
Thread-3 within node4 sent event (t=342) to Node1 [Virtual]
Thread within node4 executing local event
Thread-2 within node4 sent event (t=346) to Node1 [Virtual]
Thread-0 executing received event (t = 325) from Node3
Thread within node4 executing local event
Thread within node4 executing local event
Thread within node4 executing local event
Thread-1 within node4 sent event (t=362) to Node3 [Virtual]
Thread within node4 executing local event
Thread-0 within node4 sent event (t=366) to Node5 [Virtual]
Thread within node4 executing local event
Thread-2 within node4 sent event (t=370) to Node3 [Virtual]
Thread-2 executing received event (t = 360) from Node2
Thread-3 executing received event (t = 376) from Node3
Thread within node4 executing local event
Thread within node4 executing local event
Thread-1 within node4 sent event (t=388) to Node5 [Virtual]
Thread-2 executing received event (t = 391) from Node3
Thread within node4 executing local event
Thread-0 within node4 sent event (t=399) to Node5 [Virtual]
Thread within node4 executing local event
Thread within node4 executing local event
Thread-2 executing received event (t = 402) from Node1
Thread within node4 executing local event
Thread within node4 executing local event
Thread within node4 executing local event
Thread-0 within node4 sent event (t=423) to Node3 [Virtual]
Thread-2 executing received event (t = 409) from Node2
Thread-3 executing received event (t = 437) from Node2
Thread within node4 executing local event
Thread within node4 executing local event
Thread-2 executing received event (t = 448) from Node1
Thread within node4 executing local event
Thread within node4 executing local event
Thread within node4 executing local event
Thread-0 within node4 sent event (t=465) to Node3 [Virtual]
Thread-2 executing received event (t = 451) from Node1
Thread-3 executing received event (t = 471) from Node3
Thread-0 executing received event (t = 480) from Node2
Thread within node4 executing local event
Thread within node4 executing local event
Thread within node4 executing local event
Thread within node4 executing local event
Thread-1 within node4 sent event (t=500) to Node1 [Virtual]
Thread within node4 executing local event
Thread-2 executing received event (t = 505) from Node1
Thread-3 executing received event (t = 510) from Node2
Thread within node4 executing local event
Thread-0 within node4 sent event (t=518) to Node5 [Virtual]
Thread within node4 executing local event
Thread within node4 executing local event
Thread-1 within node4 sent event (t=526) to Node3 [Virtual]
Thread-3 executing received event (t = 538) from Node3
Thread within node4 executing local event
Thread within node4 executing local event
Thread within node4 executing local event
Thread within node4 executing local event
Thread-2 within node4 sent event (t=554) to Node2 [Virtual]
Thread-3 within node4 sent event (t=558) to Node5 [Virtual]
Thread-0 executing received event (t = 545) from Node1
Thread within node4 executing local event
Thread within node4 executing local event
Thread-3 executing received event (t = 593) from Node3
Thread within node4 executing local event
Thread within node4 executing local event
Thread within node4 executing local event
Thread within node4 executing local event
Thread within node4 executing local event
Thread-1 within node4 sent event (t=613) to Node2 [Virtual]
Thread-3 within node4 sent event (t=609) to Node5 [Virtual]
Thread-1 executing received event (t = 623) from Node2
Thread-2 executing received event (t = 625) from Node2
Thread within node4 executing local event
Thread within node4 executing local event
Thread-3 within node4 sent event (t=635) to Node5 [Virtual]
Thread-1 executing received event (t = 663) from Node3
Thread within node4 executing local event
Thread within node4 executing local event
Thread-3 within node4 sent event (t=675) to Node3 [Virtual]
Thread within node4 executing local event
Thread-1 within node4 sent event (t=679) to Node5 [Virtual]
Thread within node4 executing local event
Thread-2 executing received event (t = 690) from Node3
Thread within node4 executing local event
Thread-0 executing received event (t = 704) from Node5
Thread within node4 executing local event
Thread-0 within node4 sent event (t=712) to Node3 [Virtual]
Thread within node4 executing local event
Thread-3 within node4 sent event (t=716) to Node3 [Virtual]
Thread-3 executing received event (t = 739) from Node3
Thread within node4 executing local event
Thread-2 within node4 sent event (t=747) to Node2 [Virtual]
Thread-1 executing received event (t = 752) from Node5
Thread within node4 executing local event
Thread-3 executing received event (t = 751) from Node2
Thread-0 within node4 sent event (t=760) to Node3 [Virtual]
Thread within node4 executing local event
Thread-1 executing received event (t = 757) from Node2
Thread within node4 executing local event
Thread within node4 executing local event
Thread-2 within node4 sent event (t=780) to Node3 [Virtual]
Thread within node4 executing local event
Thread within node4 executing local event
Thread-2 within node4 sent event (t=788) to Node5 [Virtual]
Thread within node4 executing local event
Thread within node4 executing local event
Thread within node4 executing local event
Thread-1 executing received event (t = 798) from Node3
Thread within node4 executing local event
Thread within node4 executing local event
Thread-0 within node4 sent event (t=812) to Node5 [Virtual]
Thread within node4 executing local event
Thread-2 within node4 sent event (t=816) to Node3 [Virtual]
Thread within node4 executing local event
Thread-1 within node4 sent event (t=820) to Node5 [Virtual]
Thread within node4 executing local event
Thread-2 within node4 sent event (t=824) to Node1 [Virtual]
Thread within node4 executing local event
Thread-1 within node4 sent event (t=828) to Node2 [Virtual]
Thread-0 executing received event (t = 892) from Node2
Thread-1 executing received event (t = 903) from Node5
Thread within node4 executing local event
Thread-3 within node4 sent event (t=911) to Node2 [Virtual]
Thread-3 executing received event (t = 911) from Node1
Thread within node4 executing local event
Thread-1 executing received event (t = 919) from Node2
Thread-2 executing received event (t = 918) from Node5
Thread within node4 executing local event
Thread-3 within node4 sent event (t=931) to Node3 [Virtual]
Thread within node4 executing local event
Thread-1 executing received event (t = 912) from Node1
Thread within node4 executing local event
Thread-1 within node4 sent event (t=943) to Node1 [Virtual]
Thread within node4 executing local event
Thread within node4 executing local event
Thread-3 within node4 sent event (t=951) to Node1 [Virtual]
Thread within node4 executing local event
Thread-3 within node4 sent event (t=955) to Node2 [Virtual]
Thread within node4 executing local event
Thread within node4 executing local event
Thread-2 within node4 sent event (t=959) to Node2 [Virtual]
Thread-0 executing received event (t = 972) from Node5
Thread within node4 executing local event
Thread-0 within node4 sent event (t=980) to Node2 [Virtual]
Thread-2 executing received event (t = 984) from Node2
Thread within node4 executing local event
Thread within node4 executing local event
Thread within node4 executing local event
Thread-1 within node4 sent event (t=996) to Node2 [Virtual]
Thread within node4 executing local event
Thread-0 within node4 sent event (t=1004) to Node3 [Virtual]
Thread-3 executing received event (t = 973) from Node1
Thread-0 executing received event (t = 1028) from Node2
Thread within node4 executing local event
Thread-2 executing received event (t = 1043) from Node5
Thread-2 within node4 sent event (t=1036) to Node2 [Virtual]
Thread-3 executing received event (t = 1027) from Node3
Thread within node4 executing local event
Thread-3 within node4 sent event (t=1055) to Node1 [Virtual]
Thread within node4 executing local event
Thread-1 within node4 sent event (t=1059) to Node3 [Virtual]
Thread within node4 executing local event
Thread-2 within node4 sent event (t=1063) to Node5 [Virtual]
Thread within node4 executing local event
Thread-0 within node4 sent event (t=1067) to Node3 [Virtual]
Thread-0 executing received event (t = 1102) from Node1
Thread-1 executing received event (t = 1110) from Node3
Thread within node4 executing local event
Thread within node4 executing local event
Thread-2 within node4 sent event (t=1122) to Node3 [Virtual]
Thread within node4 executing local event
Thread-1 within node4 sent event (t=1126) to Node3 [Virtual]
Thread within node4 executing local event
Thread-3 within node4 sent event (t=1130) to Node3 [Virtual]
Thread-2 executing received event (t = 1145) from Node2
Thread within node4 executing local event
Thread-0 executing received event (t = 1166) from Node5
Thread-1 executing received event (t = 1161) from Node1
Thread within node4 executing local event
Thread-3 executing received event (t = 1186) from Node5
Thread within node4 executing local event
Thread within node4 executing local event
Thread-1 within node4 sent event (t=1198) to Node1 [Virtual]
Thread within node4 executing local event
Thread-3 executing received event (t = 1206) from Node2
Thread-0 executing received event (t = 1206) from Node5
Thread-1 executing received event (t = 1210) from Node2
Thread-2 executing received event (t = 1171) from Node3
Thread within node4 executing local event
Thread-0 within node4 sent event (t=1226) to Node2 [Virtual]
Thread within node4 executing local event
Thread within node4 executing local event
Thread-0 within node4 sent event (t=1234) to Node5 [Virtual]
Thread within node4 executing local event
Thread-2 within node4 sent event (t=1238) to Node3 [Virtual]
Thread-3 executing received event (t = 1249) from Node5
Thread-0 executing received event (t = 1264) from Node3
Thread within node4 executing local event
Thread within node4 executing local event
Thread-3 within node4 sent event (t=1276) to Node3 [Virtual]
Thread within node4 executing local event
Thread within node4 executing local event
Thread-1 within node4 sent event (t=1284) to Node5 [Virtual]
Thread within node4 executing local event
Thread-2 within node4 sent event (t=1288) to Node5 [Virtual]
Thread within node4 executing local event
Thread-0 within node4 sent event (t=1292) to Node2 [Virtual]
Thread within node4 executing local event
Thread-2 within node4 sent event (t=1296) to Node2 [Virtual]
Thread within node4 executing local event
Thread-0 within node4 sent event (t=1300) to Node3 [Virtual]
Thread-1 executing received event (t = 1329) from Node5
Thread within node4 executing local event
Thread within node4 executing local event
Thread-1 within node4 sent event (t=1341) to Node2 [Virtual]
Thread within node4 executing local event
Thread within node4 executing local event
Thread-2 within node4 sent event (t=1349) to Node1 [Virtual]
Thread within node4 executing local event
Thread-2 within node4 sent event (t=1353) to Node5 [Virtual]
Thread within node4 executing local event
Thread-0 within node4 sent event (t=1357) to Node2 [Virtual]
Thread within node4 executing local event
Thread within node4 executing local event
Thread within node4 executing local event
Thread-3 within node4 sent event (t=1369) to Node5 [Virtual]
Thread within node4 executing local event
Thread-2 within node4 sent event (t=1373) to Node5 [Virtual]
Thread within node4 executing local event
Thread within node4 executing local event
Thread within node4 executing local event
Thread within node4 executing local event
Thread-2 within node4 sent event (t=1389) to Node1 [Virtual]
Thread-3 within node4 sent event (t=1389) to Node2 [Virtual]
Thread-0 executing received event (t = 1453) from Node3
Thread-1 executing received event (t = 1469) from Node5
Thread within node4 executing local event
Thread within node4 executing local event
Thread-0 executing received event (t = 1484) from Node5
Thread-1 executing received event (t = 1489) from Node5
Thread within node4 executing local event
Thread-0 within node4 sent event (t=1497) to Node5 [Virtual]
Thread within node4 executing local event
Thread-1 within node4 sent event (t=1501) to Node1 [Virtual]
Thread-0 executing received event (t = 1477) from Node3
Thread within node4 executing local event
Thread-3 within node4 sent event (t=1509) to Node3 [Virtual]
Thread-2 executing received event (t = 1475) from Node2
Thread-3 executing received event (t = 1504) from Node1
Thread-0 executing received event (t = 1477) from Node2
Thread within node4 executing local event
Thread within node4 executing local event
Thread-1 within node4 sent event (t=1529) to Node3 [Virtual]
Thread-3 executing received event (t = 1544) from Node2
Thread within node4 executing local event
Thread-1 executing received event (t = 1544) from Node3
Thread within node4 executing local event
Thread-3 executing received event (t = 1548) from Node2
Thread-0 executing received event (t = 1510) from Node1
Thread-1 executing received event (t = 1553) from Node3
Thread within node4 executing local event
Thread within node4 executing local event
Thread within node4 executing local event
Thread within node4 executing local event
Thread-1 within node4 sent event (t=1588) to Node1 [Virtual]
Thread within node4 executing local event
Thread-3 within node4 sent event (t=1592) to Node5 [Virtual]
Thread-3 executing received event (t = 1594) from Node3
Thread within node4 executing local event
Thread-1 within node4 sent event (t=1602) to Node5 [Virtual]
Thread within node4 executing local event
Thread within node4 executing local event
Thread within node4 executing local event
Thread within node4 executing local event
Thread-1 executing received event (t = 1658) from Node5
Thread within node4 executing local event
Thread-3 within node4 sent event (t=1666) to Node2 [Virtual]
Thread within node4 executing local event
Thread-0 executing received event (t = 1629) from Node3
Thread-1 executing received event (t = 1613) from Node1
Thread within node4 executing local event
Thread-1 within node4 sent event (t=1682) to Node1 [Virtual]
Thread-3 executing received event (t = 1687) from Node1
Thread within node4 executing local event
Thread-2 within node4 sent event (t=1695) to Node3 [Virtual]
Thread within node4 executing local event
Thread-1 within node4 sent event (t=1699) to Node5 [Virtual]
Thread-2 executing received event (t = 1702) from Node2
Thread within node4 executing local event
Thread-0 within node4 sent event (t=1710) to Node3 [Virtual]
Thread within node4 executing local event
Thread within node4 executing local event
Thread-3 within node4 sent event (t=1718) to Node3 [Virtual]
Thread within node4 executing local event
Thread within node4 executing local event
Thread-3 within node4 sent event (t=1726) to Node1 [Virtual]
Thread within node4 executing local event
Thread-0 within node4 sent event (t=1730) to Node1 [Virtual]
Thread-1 executing received event (t = 1759) from Node1
Thread-2 executing received event (t = 1729) from Node5
Thread-3 executing received event (t = 1761) from Node1
Thread within node4 executing local event
Thread within node4 executing local event
Thread-1 within node4 sent event (t=1779) to Node1 [Virtual]
Thread within node4 executing local event
Thread-2 within node4 sent event (t=1783) to Node2 [Virtual]
Thread within node4 executing local event
Thread-1 within node4 sent event (t=1787) to Node1 [Virtual]
Thread within node4 executing local event
Thread-0 within node4 sent event (t=1791) to Node3 [Virtual]
Thread within node4 executing local event
Thread-1 within node4 sent event (t=1795) to Node2 [Virtual]
Thread-2 executing received event (t = 1803) from Node2
Thread within node4 executing local event
Thread-0 executing received event (t = 1801) from Node1
Thread-1 executing received event (t = 1812) from Node3
Thread-2 executing received event (t = 1811) from Node1
Thread within node4 executing local event
Thread-2 within node4 sent event (t=1827) to Node1 [Virtual]
Thread-0 executing received event (t = 1829) from Node1
Thread within node4 executing local event
Thread within node4 executing local event
Thread-3 executing received event (t = 1837) from Node5
Thread within node4 executing local event
Thread-2 within node4 sent event (t=1849) to Node1 [Virtual]
Thread within node4 executing local event
Thread-0 within node4 sent event (t=1853) to Node1 [Virtual]
Thread within node4 executing local event
Thread-3 within node4 sent event (t=1857) to Node3 [Virtual]
Thread within node4 executing local event
Thread-0 executing received event (t = 1891) from Node5
Thread within node4 executing local event
Thread within node4 executing local event
Thread-1 within node4 sent event (t=1903) to Node5 [Virtual]
Thread-3 executing received event (t = 1918) from Node5
Thread-0 executing received event (t = 1844) from Node2
Thread within node4 executing local event
Thread-1 within node4 sent event (t=1930) to Node1 [Virtual]
Thread within node4 executing local event
Thread-3 within node4 sent event (t=1934) to Node3 [Virtual]
Thread within node4 executing local event
Thread-0 within node4 sent event (t=1938) to Node2 [Virtual]
Thread-0 executing received event (t = 1934) from Node1
Thread within node4 executing local event
Thread-2 within node4 sent event (t=1946) to Node5 [Virtual]
Thread-2 executing received event (t = 1937) from Node1
Thread-3 executing received event (t = 1971) from Node5
Thread within node4 executing local event
Thread-2 within node4 sent event (t=1979) to Node5 [Virtual]
Thread within node4 executing local event
Thread-1 within node4 sent event (t=1983) to Node5 [Virtual]
Thread within node4 executing local event
Thread within node4 executing local event
Thread-1 within node4 sent event (t=1991) to Node3 [Virtual]
Thread within node4 executing local event
Thread within node4 executing local event
Thread-2 within node4 sent event (t=1999) to Node1 [Virtual]
Thread within node4 executing local event
Thread within node4 executing local event
Thread-3 within node4 sent event (t=2007) to Node1 [Virtual]
Thread within node4 executing local event
Thread-1 executing received event (t = 2040) from Node2
Thread within node4 executing local event
Thread-0 within node4 sent event (t=2048) to Node3 [Virtual]
Thread-3 executing received event (t = 2046) from Node2
Thread-0 executing received event (t = 2055) from Node5
Thread within node4 executing local event
Thread within node4 executing local event
Thread-3 executing received event (t = 2082) from Node1
Thread within node4 executing local event
Thread-0 within node4 sent event (t=2090) to Node2 [Virtual]
Thread within node4 executing local event
Thread-1 within node4 sent event (t=2094) to Node2 [Virtual]
Thread-2 executing received event (t = 2094) from Node3
Thread within node4 executing local event
Thread-2 within node4 sent event (t=2102) to Node1 [Virtual]
Thread within node4 executing local event
Thread within node4 executing local event
Thread within node4 executing local event
Thread-0 within node4 sent event (t=2114) to Node2 [Virtual]
Thread-3 executing received event (t = 2124) from Node2
Thread within node4 executing local event
Thread within node4 executing local event
Thread-2 executing received event (t = 2128) from Node2
Thread within node4 executing local event
Thread within node4 executing local event
Thread-1 executing received event (t = 2142) from Node3
Thread-2 executing received event (t = 2145) from Node5
Thread within node4 executing local event
Thread within node4 executing local event
Thread-3 within node4 sent event (t=2164) to Node2 [Virtual]
Thread-1 executing received event (t = 2151) from Node3
Thread within node4 executing local event
Thread-0 within node4 sent event (t=2172) to Node1 [Virtual]
Thread within node4 executing local event
Thread-0 within node4 sent event (t=2176) to Node5 [Virtual]
Thread within node4 executing local event
Thread-1 executing received event (t = 2157) from Node3
Thread within node4 executing local event
Thread-3 executing received event (t = 2189) from Node1
Thread within node4 executing local event
Thread-1 executing received event (t = 2205) from Node2
Thread within node4 executing local event
Thread-0 within node4 sent event (t=2213) to Node5 [Virtual]
Thread within node4 executing local event
Thread within node4 executing local event
Thread-2 within node4 sent event (t=2221) to Node2 [Virtual]
Thread-1 executing received event (t = 2221) from Node1
Thread-2 executing received event (t = 2213) from Node3
Thread within node4 executing local event
Thread-0 within node4 sent event (t=2233) to Node5 [Virtual]
Thread within node4 executing local event
Thread-1 executing received event (t = 2246) from Node1
Thread within node4 executing local event
Thread-2 within node4 sent event (t=2254) to Node5 [Virtual]
Thread within node4 executing local event
Thread-0 executing received event (t = 2255) from Node3
Thread-1 executing received event (t = 2301) from Node5
Thread within node4 executing local event
Thread-0 within node4 sent event (t=2309) to Node2 [Virtual]
Thread within node4 executing local event
Thread-2 within node4 sent event (t=2313) to Node5 [Virtual]
Thread within node4 executing local event
Thread within node4 executing local event
Thread-2 within node4 sent event (t=2321) to Node3 [Virtual]
Thread-2 executing received event (t = 2343) from Node3
Thread-3 executing received event (t = 2349) from Node3
Thread within node4 executing local event
Thread-3 within node4 sent event (t=2357) to Node3 [Virtual]
Thread within node4 executing local event
Thread-1 within node4 sent event (t=2361) to Node1 [Virtual]
Thread within node4 executing local event
Thread within node4 executing local event
Thread within node4 executing local event
Thread within node4 executing local event
Thread-0 within node4 sent event (t=2377) to Node3 [Virtual]
Thread within node4 executing local event
Thread-3 executing received event (t = 2415) from Node2
Thread within node4 executing local event
Thread within node4 executing local event
Thread-3 within node4 sent event (t=2427) to Node2 [Virtual]
Thread within node4 executing local event
Thread-0 within node4 sent event (t=2431) to Node1 [Virtual]
Thread within node4 executing local event
Thread within node4 executing local event
Thread within node4 executing local event
Thread-1 within node4 sent event (t=2443) to Node2 [Virtual]
Thread-2 executing received event (t = 2469) from Node3
Thread within node4 executing local event
Thread-1 within node4 sent event (t=2477) to Node5 [Virtual]
Thread-0 executing received event (t = 2468) from Node2
Thread within node4 executing local event
Thread-3 within node4 sent event (t=2485) to Node2 [Virtual]
Thread within node4 executing local event
Thread-2 within node4 sent event (t=2489) to Node1 [Virtual]
Thread within node4 executing local event
Thread within node4 executing local event
Thread within node4 executing local event
Thread within node4 executing local event
Thread-1 within node4 sent event (t=2505) to Node3 [Virtual]
Thread within node4 executing local event
Thread within node4 executing local event
Thread-1 within node4 sent event (t=2513) to Node3 [Virtual]
Thread-1 executing received event (t = 2523) from Node1
Thread within node4 executing local event
Thread-3 within node4 sent event (t=2531) to Node5 [Virtual]
Thread-3 executing received event (t = 2548) from Node5
Thread within node4 executing local event
Thread within node4 executing local event
Thread-2 within node4 sent event (t=2560) to Node1 [Virtual]
Thread within node4 executing local event
Thread-1 within node4 sent event (t=2564) to Node2 [Virtual]
Thread within node4 executing local event
Thread-3 within node4 sent event (t=2568) to Node1 [Virtual]
Thread-0 executing received event (t = 2583) from Node3
Thread-1 executing received event (t = 2588) from Node5
Thread within node4 executing local event
Thread within node4 executing local event
Thread-0 executing received event (t = 2593) from Node5
Thread within node4 executing local event
Thread within node4 executing local event
Thread-2 within node4 sent event (t=2612) to Node2 [Virtual]
Thread within node4 executing local event
Thread within node4 executing local event
Thread-1 executing received event (t = 2641) from Node2
Thread within node4 executing local event
Thread-3 within node4 sent event (t=2649) to Node3 [Virtual]
Thread-3 executing received event (t = 2649) from Node5
Thread within node4 executing local event
Thread within node4 executing local event
Thread-2 within node4 sent event (t=2661) to Node5 [Virtual]
Thread within node4 executing local event
Thread within node4 executing local event
Thread-3 within node4 sent event (t=2669) to Node2 [Virtual]
Thread-0 executing received event (t = 2661) from Node3
Thread-1 executing received event (t = 2675) from Node2
Thread within node4 executing local event
Thread-1 within node4 sent event (t=2683) to Node2 [Virtual]
Thread within node4 executing local event
Thread-1 within node4 sent event (t=2687) to Node5 [Virtual]
Thread within node4 executing local event
Thread-2 within node4 sent event (t=2691) to Node1 [Virtual]
Thread-1 executing received event (t = 2693) from Node2
Thread-2 executing received event (t = 2705) from Node3
Thread within node4 executing local event
Thread-3 within node4 sent event (t=2713) to Node2 [Virtual]
Thread within node4 executing local event
Thread within node4 executing local event
Thread-0 within node4 sent event (t=2721) to Node3 [Virtual]
Thread-2 executing received event (t = 2704) from Node1
Thread within node4 executing local event
Thread within node4 executing local event
Thread within node4 executing local event
Thread-1 within node4 sent event (t=2737) to Node1 [Virtual]
Thread within node4 executing local event
Thread-2 within node4 sent event (t=2741) to Node2 [Virtual]
Thread-3 executing received event (t = 2741) from Node1
Thread within node4 executing local event
Thread within node4 executing local event
Thread-3 within node4 sent event (t=2753) to Node3 [Virtual]
Thread within node4 executing local event
Thread within node4 executing local event
Thread-0 executing received event (t = 2801) from Node2
Thread-1 executing received event (t = 2803) from Node2
Thread within node4 executing local event
Thread-3 executing received event (t = 2812) from Node5
Thread within node4 executing local event
Thread-0 within node4 sent event (t=2821) to Node1 [Virtual]
Thread within node4 executing local event
Thread-2 within node4 sent event (t=2825) to Node1 [Virtual]
Thread-2 executing received event (t = 2813) from Node2
Thread within node4 executing local event
Thread-0 executing received event (t = 2827) from Node1
Thread within node4 executing local event
Thread-2 executing received event (t = 2784) from Node3
Thread within node4 executing local event
Thread-0 within node4 sent event (t=2849) to Node1 [Virtual]
Thread within node4 executing local event
Thread within node4 executing local event
Thread-1 within node4 sent event (t=2857) to Node1 [Virtual]
Thread-2 executing received event (t = 2823) from Node2
Thread within node4 executing local event
Thread-3 within node4 sent event (t=2865) to Node2 [Virtual]
Thread within node4 executing local event
Thread within node4 executing local event
Thread-2 executing received event (t = 2847) from Node5
Thread within node4 executing local event
Thread-1 within node4 sent event (t=2881) to Node1 [Virtual]
Thread within node4 executing local event
Thread within node4 executing local event
Thread within node4 executing local event
Thread-2 within node4 sent event (t=2893) to Node5 [Virtual]
Thread-3 executing received event (t = 2917) from Node5
Thread-0 executing received event (t = 2907) from Node2
Thread within node4 executing local event
Thread within node4 executing local event
Thread within node4 executing local event
Thread within node4 executing local event
Thread-1 executing received event (t = 2891) from Node3
Thread-2 executing received event (t = 2937) from Node5
Thread within node4 executing local event
Thread within node4 executing local event
Thread within node4 executing local event
Thread within node4 executing local event
Thread within node4 executing local event
Thread within node4 executing local event
Thread-3 within node4 sent event (t=2973) to Node1 [Virtual]
Thread within node4 executing local event
Thread-1 within node4 sent event (t=2977) to Node3 [Virtual]
Thread within node4 executing local event
Thread-2 within node4 sent event (t=2981) to Node5 [Virtual]
Thread-3 executing received event (t = 2998) from Node3
Thread within node4 executing local event
Thread-0 within node4 sent event (t=3006) to Node1 [Virtual]
Thread within node4 executing local event
Thread-3 within node4 sent event (t=3010) to Node2 [Virtual]
Thread within node4 executing local event
Thread-3 executing received event (t = 3038) from Node3
Thread within node4 executing local event
Thread-1 executing received event (t = 3047) from Node5
Thread within node4 executing local event
Thread within node4 executing local event
Thread within node4 executing local event
Thread-3 within node4 sent event (t=3063) to Node1 [Virtual]
Thread within node4 executing local event
Thread-2 executing received event (t = 3066) from Node3
Thread within node4 executing local event
Thread within node4 executing local event
Thread-1 within node4 sent event (t=3079) to Node5 [Virtual]
Thread-1 executing received event (t = 3081) from Node3
Thread-2 executing received event (t = 3081) from Node2
Thread within node4 executing local event
Thread-0 executing received event (t = 3105) from Node1
Thread within node4 executing local event
Thread-3 within node4 sent event (t=3113) to Node1 [Virtual]
Thread within node4 executing local event
Thread-3 executing received event (t = 3093) from Node3
Thread within node4 executing local event
Thread-1 executing received event (t = 3123) from Node5
Thread within node4 executing local event
Thread within node4 executing local event
Thread within node4 executing local event
Thread-0 within node4 sent event (t=3141) to Node3 [Virtual]
Thread within node4 executing local event
Thread-3 within node4 sent event (t=3145) to Node1 [Virtual]
Thread within node4 executing local event
Thread-3 within node4 sent event (t=3149) to Node3 [Virtual]
Thread within node4 executing local event
Thread-2 within node4 sent event (t=3153) to Node5 [Virtual]
Thread-0 executing received event (t = 3161) from Node3
Thread within node4 executing local event
Thread-2 within node4 sent event (t=3169) to Node5 [Virtual]
Thread-2 executing received event (t = 3093) from Node2
Thread within node4 executing local event
Thread within node4 executing local event
Thread within node4 executing local event
Thread-1 within node4 sent event (t=3185) to Node2 [Virtual]
Thread within node4 executing local event
Thread within node4 executing local event
Thread-0 within node4 sent event (t=3193) to Node2 [Virtual]
Thread within node4 executing local event
Thread-1 executing received event (t = 3199) from Node2
Thread-2 executing received event (t = 3216) from Node3
Thread within node4 executing local event
Thread within node4 executing local event
Thread-1 executing received event (t = 3234) from Node5
Thread within node4 executing local event
Thread within node4 executing local event
Thread-0 executing received event (t = 3201) from Node2
Thread within node4 executing local event
Thread-0 within node4 sent event (t=3254) to Node1 [Virtual]
Thread within node4 executing local event
Thread-3 within node4 sent event (t=3258) to Node3 [Virtual]
Thread within node4 executing local event
Thread-0 within node4 sent event (t=3262) to Node5 [Virtual]
Thread within node4 executing local event
Thread-2 within node4 sent event (t=3266) to Node5 [Virtual]
Thread within node4 executing local event
Thread within node4 executing local event
Thread-1 within node4 sent event (t=3270) to Node5 [Virtual]
Thread-2 within node4 sent event (t=3274) to Node3 [Virtual]
Thread within node4 executing local event
Thread within node4 executing local event
Thread-1 within node4 sent event (t=3282) to Node5 [Virtual]
Thread within node4 executing local event
Thread within node4 executing local event
Thread-3 within node4 sent event (t=3290) to Node5 [Virtual]
Thread within node4 executing local event
Thread within node4 executing local event
Thread within node4 executing local event
Thread within node4 executing local event
Thread-3 within node4 sent event (t=3306) to Node1 [Virtual]
Thread within node4 executing local event
Thread within node4 executing local event
Thread within node4 executing local event
Thread within node4 executing local event
Thread-3 executing received event (t = 3354) from Node5
Thread within node4 executing local event
Thread within node4 executing local event
Thread within node4 executing local event
Thread within node4 executing local event
Thread within node4 executing local event
Thread-0 within node4 sent event (t=3378) to Node1 [Virtual]
Thread-1 executing received event (t = 3379) from Node5
Thread within node4 executing local event
Thread-2 within node4 sent event (t=3387) to Node5 [Virtual]
Thread within node4 executing local event
Thread within node4 executing local event
Thread within node4 executing local event
Thread-0 within node4 sent event (t=3399) to Node5 [Virtual]
Thread within node4 executing local event
Thread-3 executing received event (t = 3417) from Node5
Thread-0 executing received event (t = 3386) from Node3
Thread-1 executing received event (t = 3422) from Node5
Thread within node4 executing local event
Thread within node4 executing local event
Thread-0 within node4 sent event (t=3437) to Node1 [Virtual]
Thread-0 executing received event (t = 3389) from Node3
Thread within node4 executing local event
Thread-1 within node4 sent event (t=3445) to Node2 [Virtual]
Thread within node4 executing local event
Thread-2 within node4 sent event (t=3449) to Node5 [Virtual]
Thread-3 executing received event (t = 3437) from Node5
Thread within node4 executing local event
Thread within node4 executing local event
Thread-0 within node4 sent event (t=3461) to Node5 [Virtual]
Thread-2 executing received event (t = 3479) from Node5
Thread within node4 executing local event
Thread-3 within node4 sent event (t=3487) to Node2 [Virtual]
Thread within node4 executing local event
Thread within node4 executing local event
Thread within node4 executing local event
Thread within node4 executing local event
Thread-3 within node4 sent event (t=3503) to Node1 [Virtual]
Thread within node4 executing local event
Thread within node4 executing local event
Thread-0 within node4 sent event (t=3507) to Node2 [Virtual]
Thread within node4 executing local event
Thread-0 within node4 sent event (t=3515) to Node1 [Virtual]
Thread within node4 executing local event
Thread-1 within node4 sent event (t=3519) to Node5 [Virtual]
Thread within node4 executing local event
Thread-0 within node4 sent event (t=3523) to Node1 [Virtual]
Thread within node4 executing local event
Thread within node4 executing local event
Thread-3 within node4 sent event (t=3531) to Node1 [Virtual]
Thread within node4 executing local event
Thread-0 executing received event (t = 3518) from Node3
Thread within node4 executing local event
Thread within node4 executing local event
Thread within node4 executing local event
Thread-3 within node4 sent event (t=3551) to Node3 [Virtual]
Thread within node4 executing local event
Thread within node4 executing local event
Thread within node4 executing local event
Thread-2 within node4 sent event (t=3563) to Node1 [Virtual]
Thread within node4 executing local event
Thread within node4 executing local event
Thread within node4 executing local event
Thread-1 within node4 sent event (t=3575) to Node5 [Virtual]
Thread within node4 executing local event
Thread-3 executing received event (t = 3609) from Node5
Thread-0 executing received event (t = 3605) from Node3
Thread within node4 executing local event
Thread within node4 executing local event
Thread-2 within node4 sent event (t=3625) to Node3 [Virtual]
Thread within node4 executing local event
Thread-3 within node4 sent event (t=3629) to Node2 [Virtual]
Thread-0 executing received event (t = 3649) from Node5
Thread within node4 executing local event
Thread within node4 executing local event
Thread-3 executing received event (t = 3654) from Node5
Thread-0 executing received event (t = 3674) from Node5
Thread within node4 executing local event
Thread within node4 executing local event
Thread-2 within node4 sent event (t=3686) to Node1 [Virtual]
Thread-3 executing received event (t = 3689) from Node5
Thread within node4 executing local event
Thread within node4 executing local event
Thread-3 within node4 sent event (t=3701) to Node5 [Virtual]
Thread-2 executing received event (t = 3769) from Node5
Thread within node4 executing local event
Thread within node4 executing local event
Thread-1 executing received event (t = 3794) from Node5
Thread within node4 executing local event
Thread-3 executing received event (t = 3804) from Node5
Thread within node4 executing local event
Thread-3 within node4 sent event (t=3812) to Node1 [Virtual]
Thread-1 executing received event (t = 3834) from Node5

=== Node 4 Statistics (Virtual Threads) ===
Total events processed: 594
Messages sent: 199
Messages received: 194
Execution time = 9679 ms
Final Lamport time: 3838
Counter 0 value: 147
Counter 1 value: 151
Counter 2 value: 146
Counter 3 value: 150
