Node 2 initialized on port 4226
Node 2 listening on port 4226
Node 2 connected to Node 1
Node 2 connected to Node 3
Node 2 connected to Node 4
Node 2 connected to Node 5
Thread-1 executing received event (t = 27) from Node1
Thread-2 executing received event (t = 34) from Node3
Thread-0 executing received event (t = 40) from Node5
Thread-3 executing received event (t = 85) from Node5
Thread-0 executing received event (t = 100) from Node5
Thread-1 executing received event (t = 107) from Node3
Thread-2 executing received event (t = 34) from Node1
Thread-3 executing received event (t = 136) from Node1
Thread-0 executing received event (t = 157) from Node1
Thread-1 executing received event (t = 159) from Node5
Thread-2 executing received event (t = 185) from Node3
Thread-3 executing received event (t = 194) from Node5
Node 2 starting 4 worker threads with 100 events each
Thread within node2 executing local event
Thread within node2 executing local event
Thread within node2 executing local event
Thread within node2 executing local event
Thread-1 within node2 sent event (t=202) to Node1
Thread-0 executing received event (t = 285) from Node4
Thread-1 executing received event (t = 289) from Node4
Thread-2 within node2 sent event (t=200) to Node5
Thread-3 within node2 sent event (t=204) to Node3
Thread within node2 executing local event
Thread within node2 executing local event
Thread within node2 executing local event
Thread-1 within node2 sent event (t=297) to Node4
Thread-1 executing received event (t = 337) from Node4
Thread within node2 executing local event
Thread-0 within node2 sent event (t=341) to Node1
Thread within node2 executing local event
Thread-1 within node2 sent event (t=343) to Node3
Thread within node2 executing local event
Thread-3 within node2 sent event (t=345) to Node5
Thread within node2 executing local event
Thread-3 within node2 sent event (t=347) to Node4
Thread within node2 executing local event
Thread-2 within node2 sent event (t=349) to Node5
Thread within node2 executing local event
Thread-2 within node2 sent event (t=351) to Node1
Thread within node2 executing local event
Thread within node2 executing local event
Thread-0 within node2 sent event (t=355) to Node1
Thread-2 executing received event (t = 378) from Node1
Thread within node2 executing local event
Thread within node2 executing local event
Thread-1 within node2 sent event (t=384) to Node4
Thread within node2 executing local event
Thread-2 within node2 sent event (t=386) to Node5
Thread within node2 executing local event
Thread-2 within node2 sent event (t=388) to Node5
Thread within node2 executing local event
Thread within node2 executing local event
Thread-2 within node2 sent event (t=392) to Node5
Thread within node2 executing local event
Thread-1 within node2 sent event (t=394) to Node5
Thread within node2 executing local event
Thread-0 within node2 sent event (t=396) to Node5
Thread-3 executing received event (t = 500) from Node5
Thread-0 executing received event (t = 445) from Node1
Thread within node2 executing local event
Thread within node2 executing local event
Thread within node2 executing local event
Thread-0 executing received event (t = 490) from Node3
Thread-1 executing received event (t = 515) from Node5
Thread within node2 executing local event
Thread-3 within node2 sent event (t=519) to Node3
Thread-3 executing received event (t = 528) from Node3
Thread-0 executing received event (t = 520) from Node5
Thread within node2 executing local event
Thread-0 within node2 sent event (t=534) to Node5
Thread within node2 executing local event
Thread within node2 executing local event
Thread within node2 executing local event
Thread within node2 executing local event
Thread-2 executing received event (t = 543) from Node3
Thread-3 executing received event (t = 559) from Node5
Thread-0 executing received event (t = 546) from Node3
Thread within node2 executing local event
Thread-2 executing received event (t = 549) from Node3
Thread within node2 executing local event
Thread within node2 executing local event
Thread within node2 executing local event
Thread-0 within node2 sent event (t=573) to Node4
Thread within node2 executing local event
Thread within node2 executing local event
Thread-3 within node2 sent event (t=577) to Node1
Thread within node2 executing local event
Thread-1 executing received event (t = 594) from Node5
Thread-2 executing received event (t = 608) from Node1
Thread within node2 executing local event
Thread-0 within node2 sent event (t=612) to Node5
Thread within node2 executing local event
Thread within node2 executing local event
Thread-3 within node2 sent event (t=616) to Node3
Thread within node2 executing local event
Thread within node2 executing local event
Thread-2 within node2 sent event (t=620) to Node4
Thread within node2 executing local event
Thread-1 within node2 sent event (t=622) to Node1
Thread within node2 executing local event
Thread within node2 executing local event
Thread-3 executing received event (t = 712) from Node4
Thread within node2 executing local event
Thread-1 executing received event (t = 682) from Node3
Thread within node2 executing local event
Thread-0 within node2 sent event (t=720) to Node4
Thread within node2 executing local event
Thread-0 executing received event (t = 740) from Node4
Thread within node2 executing local event
Thread-1 within node2 sent event (t=744) to Node4
Thread-2 executing received event (t = 752) from Node4
Thread within node2 executing local event
Thread-0 executing received event (t = 724) from Node1
Thread within node2 executing local event
Thread within node2 executing local event
Thread-0 within node2 sent event (t=762) to Node1
Thread-3 executing received event (t = 741) from Node5
Thread within node2 executing local event
Thread-3 within node2 sent event (t=766) to Node3
Thread-1 executing received event (t = 776) from Node4
Thread within node2 executing local event
Thread-2 within node2 sent event (t=780) to Node5
Thread within node2 executing local event
Thread-1 within node2 sent event (t=782) to Node4
Thread-0 executing received event (t = 822) from Node3
Thread within node2 executing local event
Thread-2 executing received event (t = 813) from Node1
Thread-3 executing received event (t = 825) from Node3
Thread-0 executing received event (t = 792) from Node4
Thread-1 executing received event (t = 814) from Node1
Thread within node2 executing local event
Thread within node2 executing local event
Thread-3 within node2 sent event (t=838) to Node4
Thread-1 within node2 sent event (t=836) to Node5
Thread-0 executing received event (t = 853) from Node1
Thread within node2 executing local event
Thread within node2 executing local event
Thread within node2 executing local event
Thread-2 within node2 sent event (t=861) to Node3
Thread within node2 executing local event
Thread within node2 executing local event
Thread within node2 executing local event
Thread-3 within node2 sent event (t=867) to Node1
Thread-3 executing received event (t = 942) from Node3
Thread within node2 executing local event
Thread-1 executing received event (t = 919) from Node1
Thread within node2 executing local event
Thread within node2 executing local event
Thread within node2 executing local event
Thread within node2 executing local event
Thread within node2 executing local event
Thread-3 executing received event (t = 987) from Node5
Thread-0 executing received event (t = 997) from Node5
Thread-1 executing received event (t = 938) from Node4
Thread-2 executing received event (t = 999) from Node3
Thread within node2 executing local event
Thread-3 within node2 sent event (t=1005) to Node3
Thread within node2 executing local event
Thread-0 within node2 sent event (t=1007) to Node5
Thread within node2 executing local event
Thread-0 within node2 sent event (t=1009) to Node1
Thread within node2 executing local event
Thread-3 within node2 sent event (t=1011) to Node1
Thread within node2 executing local event
Thread-0 executing received event (t = 946) from Node4
Thread within node2 executing local event
Thread-2 within node2 sent event (t=1017) to Node5
Thread-2 executing received event (t = 1017) from Node3
Thread-3 executing received event (t = 966) from Node4
Thread-0 executing received event (t = 1016) from Node1
Thread-1 executing received event (t = 1042) from Node5
Thread within node2 executing local event
Thread within node2 executing local event
Thread-2 within node2 sent event (t=1048) to Node1
Thread within node2 executing local event
Thread-3 within node2 sent event (t=1050) to Node1
Thread-1 executing received event (t = 1034) from Node4
Thread-2 executing received event (t = 1038) from Node4
Thread within node2 executing local event
Thread-0 within node2 sent event (t=1056) to Node1
Thread within node2 executing local event
Thread-3 within node2 sent event (t=1058) to Node3
Thread within node2 executing local event
Thread within node2 executing local event
Thread within node2 executing local event
Thread-0 executing received event (t = 1085) from Node4
Thread-1 executing received event (t = 1089) from Node4
Thread within node2 executing local event
Thread within node2 executing local event
Thread within node2 executing local event
Thread-2 within node2 sent event (t=1097) to Node4
Thread-1 executing received event (t = 1113) from Node5
Thread within node2 executing local event
Thread within node2 executing local event
Thread-0 within node2 sent event (t=1119) to Node3
Thread within node2 executing local event
Thread-1 within node2 sent event (t=1121) to Node3
Thread within node2 executing local event
Thread-2 within node2 sent event (t=1123) to Node3
Thread within node2 executing local event
Thread-3 within node2 sent event (t=1125) to Node5
Thread within node2 executing local event
Thread-0 executing received event (t = 1184) from Node4
Thread within node2 executing local event
Thread within node2 executing local event
Thread-1 within node2 sent event (t=1190) to Node4
Thread within node2 executing local event
Thread-0 within node2 sent event (t=1192) to Node1
Thread-0 executing received event (t = 1194) from Node1
Thread within node2 executing local event
Thread within node2 executing local event
Thread-3 within node2 sent event (t=1200) to Node3
Thread within node2 executing local event
Thread-0 within node2 sent event (t=1202) to Node3
Thread within node2 executing local event
Thread-3 within node2 sent event (t=1204) to Node4
Thread-1 executing received event (t = 1226) from Node5
Thread within node2 executing local event
Thread-1 within node2 sent event (t=1230) to Node3
Thread within node2 executing local event
Thread-0 executing received event (t = 1241) from Node5
Thread-1 executing received event (t = 1246) from Node5
Thread-2 executing received event (t = 1202) from Node1
Thread within node2 executing local event
Thread-0 executing received event (t = 1250) from Node4
Thread within node2 executing local event
Thread-3 within node2 sent event (t=1256) to Node5
Thread-2 executing received event (t = 1262) from Node1
Thread-3 executing received event (t = 1263) from Node3
Thread within node2 executing local event
Thread-0 within node2 sent event (t=1268) to Node1
Thread within node2 executing local event
Thread-3 within node2 sent event (t=1270) to Node5
Thread within node2 executing local event
Thread within node2 executing local event
Thread-0 within node2 sent event (t=1274) to Node4
Thread within node2 executing local event
Thread-1 within node2 sent event (t=1276) to Node4
Thread-1 executing received event (t = 1331) from Node4
Thread-2 executing received event (t = 1343) from Node4
Thread within node2 executing local event
Thread within node2 executing local event
Thread within node2 executing local event
Thread within node2 executing local event
Thread-2 within node2 sent event (t=1353) to Node5
Thread within node2 executing local event
Thread-3 within node2 sent event (t=1355) to Node5
Thread within node2 executing local event
Thread-1 within node2 sent event (t=1357) to Node4
Thread within node2 executing local event
Thread-3 within node2 sent event (t=1359) to Node5
Thread within node2 executing local event
Thread-3 within node2 sent event (t=1361) to Node3
Thread within node2 executing local event
Thread-2 within node2 sent event (t=1363) to Node5
Thread within node2 executing local event
Thread-0 within node2 sent event (t=1365) to Node3
Thread within node2 executing local event
Thread within node2 executing local event
Thread-2 within node2 sent event (t=1369) to Node1
Thread within node2 executing local event
Thread-2 within node2 sent event (t=1371) to Node5
Thread within node2 executing local event
Thread-0 within node2 sent event (t=1373) to Node4
Thread-1 executing received event (t = 1478) from Node3
Thread within node2 executing local event
Thread within node2 executing local event
Thread within node2 executing local event
Thread-2 within node2 sent event (t=1486) to Node5
Thread-1 executing received event (t = 1531) from Node3
Thread within node2 executing local event
Thread-0 within node2 sent event (t=1535) to Node5
Thread within node2 executing local event
Thread-1 within node2 sent event (t=1537) to Node5
Thread-0 executing received event (t = 1534) from Node3
Thread-1 executing received event (t = 1560) from Node5
Thread within node2 executing local event
Thread-1 within node2 sent event (t=1564) to Node4
Thread-3 executing received event (t = 1543) from Node3
Thread within node2 executing local event
Thread within node2 executing local event
Thread-3 within node2 sent event (t=1570) to Node5
Thread within node2 executing local event
Thread within node2 executing local event
Thread-0 within node2 sent event (t=1574) to Node3
Thread-0 executing received event (t = 1621) from Node3
Thread-1 executing received event (t = 1612) from Node1
Thread within node2 executing local event
Thread-3 within node2 sent event (t=1627) to Node1
Thread-3 executing received event (t = 1620) from Node5
Thread within node2 executing local event
Thread-2 within node2 sent event (t=1631) to Node3
Thread-1 executing received event (t = 1632) from Node1
Thread within node2 executing local event
Thread-3 executing received event (t = 1633) from Node1
Thread within node2 executing local event
Thread-3 within node2 sent event (t=1640) to Node5
Thread within node2 executing local event
Thread-1 within node2 sent event (t=1642) to Node4
Thread-2 executing received event (t = 1660) from Node5
Thread-3 executing received event (t = 1665) from Node5
Thread-0 executing received event (t = 1664) from Node3
Thread within node2 executing local event
Thread-1 within node2 sent event (t=1671) to Node5
Thread within node2 executing local event
Thread-3 executing received event (t = 1695) from Node5
Thread within node2 executing local event
Thread-2 within node2 sent event (t=1699) to Node1
Thread within node2 executing local event
Thread-3 within node2 sent event (t=1701) to Node3
Thread within node2 executing local event
Thread-3 executing received event (t = 1713) from Node3
Thread within node2 executing local event
Thread-3 within node2 sent event (t=1717) to Node4
Thread within node2 executing local event
Thread-0 within node2 sent event (t=1719) to Node5
Thread within node2 executing local event
Thread within node2 executing local event
Thread-0 executing received event (t = 1789) from Node5
Thread within node2 executing local event
Thread-2 executing received event (t = 1772) from Node1
Thread within node2 executing local event
Thread within node2 executing local event
Thread within node2 executing local event
Thread-0 within node2 sent event (t=1801) to Node1
Thread within node2 executing local event
Thread-1 within node2 sent event (t=1803) to Node4
Thread-3 executing received event (t = 1842) from Node4
Thread-0 executing received event (t = 1846) from Node4
Thread within node2 executing local event
Thread-3 within node2 sent event (t=1850) to Node1
Thread-2 executing received event (t = 1854) from Node4
Thread within node2 executing local event
Thread-2 within node2 sent event (t=1858) to Node3
Thread within node2 executing local event
Thread within node2 executing local event
Thread-2 executing received event (t = 1866) from Node4
Thread within node2 executing local event
Thread within node2 executing local event
Thread within node2 executing local event
Thread-2 executing received event (t = 1889) from Node4
Thread-3 executing received event (t = 1893) from Node4
Thread-0 executing received event (t = 1883) from Node5
Thread within node2 executing local event
Thread within node2 executing local event
Thread within node2 executing local event
Thread-2 within node2 sent event (t=1901) to Node4
Thread-0 within node2 sent event (t=1901) to Node5
Thread-2 within node2 sent event (t=1903) to Node4
Thread within node2 executing local event
Thread-2 within node2 sent event (t=1905) to Node5
Thread within node2 executing local event
Thread-2 executing received event (t = 1889) from Node3
Thread within node2 executing local event
Thread within node2 executing local event
Thread-3 within node2 sent event (t=1911) to Node3
Thread within node2 executing local event
Thread within node2 executing local event
Thread-2 within node2 sent event (t=1917) to Node4
Thread-3 executing received event (t = 1886) from Node1
Thread within node2 executing local event
Thread-0 within node2 sent event (t=1921) to Node1
Thread-1 executing received event (t = 1978) from Node3
Thread-2 executing received event (t = 1985) from Node1
Thread within node2 executing local event
Thread-1 within node2 sent event (t=1989) to Node3
Thread within node2 executing local event
Thread-3 within node2 sent event (t=1991) to Node5
Thread within node2 executing local event
Thread within node2 executing local event
Thread-2 within node2 sent event (t=1995) to Node4
Thread within node2 executing local event
Thread within node2 executing local event
Thread within node2 executing local event
Thread-1 within node2 sent event (t=2001) to Node3
Thread within node2 executing local event
Thread-0 within node2 sent event (t=2003) to Node5
Thread-3 executing received event (t = 2052) from Node5
Thread within node2 executing local event
Thread-2 within node2 sent event (t=2056) to Node5
Thread within node2 executing local event
Thread within node2 executing local event
Thread-0 within node2 sent event (t=2060) to Node4
Thread within node2 executing local event
Thread within node2 executing local event
Thread-1 within node2 sent event (t=2064) to Node5
Thread-1 executing received event (t = 2032) from Node3
Thread-2 executing received event (t = 2035) from Node3
Thread within node2 executing local event
Thread within node2 executing local event
Thread-1 executing received event (t = 2093) from Node1
Thread-2 executing received event (t = 2094) from Node1
Thread within node2 executing local event
Thread within node2 executing local event
Thread within node2 executing local event
Thread-2 within node2 sent event (t=2103) to Node3
Thread within node2 executing local event
Thread within node2 executing local event
Thread-1 within node2 sent event (t=2107) to Node1
Thread within node2 executing local event
Thread-1 executing received event (t = 2160) from Node1
Thread within node2 executing local event
Thread-3 executing received event (t = 2165) from Node4
Thread-0 executing received event (t = 2176) from Node5
Thread within node2 executing local event
Thread within node2 executing local event
Thread-3 executing received event (t = 2175) from Node1
Thread-0 within node2 sent event (t=2182) to Node3
Thread within node2 executing local event
Thread within node2 executing local event
Thread-2 executing received event (t = 2217) from Node5
Thread within node2 executing local event
Thread-1 within node2 sent event (t=2221) to Node1
Thread within node2 executing local event
Thread-1 within node2 sent event (t=2223) to Node4
Thread-1 executing received event (t = 2249) from Node4
Thread within node2 executing local event
Thread-2 within node2 sent event (t=2253) to Node3
Thread-3 executing received event (t = 2259) from Node3
Thread-0 executing received event (t = 2261) from Node4
Thread-1 executing received event (t = 2246) from Node5
Thread-2 executing received event (t = 2268) from Node3
Thread within node2 executing local event
Thread within node2 executing local event
Thread within node2 executing local event
Thread within node2 executing local event
Thread within node2 executing local event
Thread within node2 executing local event
Thread-1 within node2 sent event (t=2282) to Node4
Thread within node2 executing local event
Thread within node2 executing local event
Thread-3 within node2 sent event (t=2286) to Node4
Thread within node2 executing local event
Thread-0 executing received event (t = 2291) from Node1
Thread-1 executing received event (t = 2341) from Node5
Thread within node2 executing local event
Thread within node2 executing local event
Thread-0 within node2 sent event (t=2347) to Node1
Thread within node2 executing local event
Thread-1 within node2 sent event (t=2349) to Node5
Thread-1 executing received event (t = 2339) from Node4
Thread within node2 executing local event
Thread-3 executing received event (t = 2374) from Node4
Thread-0 executing received event (t = 2349) from Node3
Thread within node2 executing local event
Thread-1 within node2 sent event (t=2380) to Node5
Thread within node2 executing local event
Thread-3 executing received event (t = 2375) from Node1
Thread within node2 executing local event
Thread-2 within node2 sent event (t=2386) to Node1
Thread within node2 executing local event
Thread within node2 executing local event
Thread-1 within node2 sent event (t=2388) to Node5
Thread-3 within node2 sent event (t=2390) to Node5
Thread-3 executing received event (t = 2398) from Node1
Thread within node2 executing local event
Thread-1 executing received event (t = 2420) from Node3
Thread within node2 executing local event
Thread-0 within node2 sent event (t=2424) to Node4
Thread-3 executing received event (t = 2420) from Node5
Thread within node2 executing local event
Thread-2 within node2 sent event (t=2428) to Node5
Thread within node2 executing local event
Thread-2 executing received event (t = 2453) from Node5
Thread within node2 executing local event
Thread-1 within node2 sent event (t=2457) to Node3
Thread within node2 executing local event
Thread-0 within node2 sent event (t=2459) to Node3
Thread within node2 executing local event
Thread-3 within node2 sent event (t=2461) to Node1
Thread-2 executing received event (t = 2484) from Node5
Thread-3 executing received event (t = 2472) from Node1
Thread within node2 executing local event
Thread-1 executing received event (t = 2475) from Node3
Thread within node2 executing local event
Thread-1 within node2 sent event (t=2494) to Node1
Thread-3 executing received event (t = 2486) from Node4
Thread-0 executing received event (t = 2484) from Node3
Thread-1 executing received event (t = 2511) from Node4
Thread within node2 executing local event
Thread within node2 executing local event
Thread-0 within node2 sent event (t=2517) to Node3
Thread-0 executing received event (t = 2517) from Node1
Thread-1 executing received event (t = 2520) from Node5
Thread within node2 executing local event
Thread within node2 executing local event
Thread within node2 executing local event
Thread-3 within node2 sent event (t=2524) to Node4
Thread within node2 executing local event
Thread-3 within node2 sent event (t=2530) to Node3
Thread within node2 executing local event
Thread-1 within node2 sent event (t=2532) to Node1
Thread-3 executing received event (t = 2545) from Node3
Thread within node2 executing local event
Thread within node2 executing local event
Thread-0 within node2 sent event (t=2551) to Node3
Thread within node2 executing local event
Thread-1 within node2 sent event (t=2553) to Node1
Thread within node2 executing local event
Thread within node2 executing local event
Thread-1 executing received event (t = 2589) from Node5
Thread within node2 executing local event
Thread-0 within node2 sent event (t=2593) to Node4
Thread within node2 executing local event
Thread within node2 executing local event
Thread within node2 executing local event
Thread-1 within node2 sent event (t=2599) to Node3
Thread-2 executing received event (t = 2611) from Node3
Thread within node2 executing local event
Thread-2 within node2 sent event (t=2615) to Node5
Thread-0 executing received event (t = 2651) from Node1
Thread within node2 executing local event
Thread-2 executing received event (t = 2655) from Node4
Thread-3 executing received event (t = 2653) from Node1
Thread within node2 executing local event
Thread-3 within node2 sent event (t=2661) to Node1
Thread within node2 executing local event
Thread-3 within node2 sent event (t=2663) to Node4
Thread-2 executing received event (t = 2672) from Node3
Thread within node2 executing local event
Thread within node2 executing local event
Thread within node2 executing local event
Thread-2 within node2 sent event (t=2680) to Node3
Thread-2 executing received event (t = 2698) from Node5
Thread-3 executing received event (t = 2668) from Node1
Thread-0 executing received event (t = 2720) from Node4
Thread within node2 executing local event
Thread-3 within node2 sent event (t=2724) to Node4
Thread-2 executing received event (t = 2707) from Node1
Thread within node2 executing local event
Thread within node2 executing local event
Thread-1 within node2 sent event (t=2730) to Node4
Thread within node2 executing local event
Thread-2 within node2 sent event (t=2732) to Node5
Thread within node2 executing local event
Thread within node2 executing local event
Thread within node2 executing local event
Thread-1 executing received event (t = 2782) from Node5
Thread within node2 executing local event
Thread-3 within node2 sent event (t=2786) to Node4
Thread within node2 executing local event
Thread within node2 executing local event
Thread within node2 executing local event
Thread-3 within node2 sent event (t=2792) to Node5
Thread-2 executing received event (t = 2726) from Node3
Thread-3 executing received event (t = 2798) from Node4
Thread within node2 executing local event
Thread-1 within node2 sent event (t=2802) to Node1
Thread within node2 executing local event
Thread-1 within node2 sent event (t=2804) to Node4
Thread within node2 executing local event
Thread within node2 executing local event
Thread-0 within node2 sent event (t=2808) to Node4
Thread within node2 executing local event
Thread within node2 executing local event
Thread-2 executing received event (t = 2830) from Node3
Thread within node2 executing local event
Thread within node2 executing local event
Thread-0 within node2 sent event (t=2836) to Node1
Thread within node2 executing local event
Thread-1 within node2 sent event (t=2838) to Node3
Thread-2 executing received event (t = 2858) from Node4
Thread-3 executing received event (t = 2858) from Node3
Thread within node2 executing local event
Thread-1 within node2 sent event (t=2864) to Node4
Thread within node2 executing local event
Thread-2 within node2 sent event (t=2866) to Node5
Thread within node2 executing local event
Thread within node2 executing local event
Thread-0 within node2 sent event (t=2870) to Node5
Thread-0 executing received event (t = 2902) from Node4
Thread within node2 executing local event
Thread-1 within node2 sent event (t=2906) to Node1
Thread within node2 executing local event
Thread-0 within node2 sent event (t=2908) to Node1
Thread within node2 executing local event
Thread-0 within node2 sent event (t=2910) to Node3
Thread-0 executing received event (t = 2920) from Node4
Thread within node2 executing local event
Thread within node2 executing local event
Thread-0 within node2 sent event (t=2926) to Node1
Thread within node2 executing local event
Thread within node2 executing local event
Thread-2 within node2 sent event (t=2930) to Node4
Thread within node2 executing local event
Thread within node2 executing local event
Thread-1 within node2 sent event (t=2934) to Node5
Thread within node2 executing local event
Thread within node2 executing local event
Thread-2 within node2 sent event (t=2938) to Node1
Thread within node2 executing local event
Thread-0 within node2 sent event (t=2940) to Node5
Thread-2 executing received event (t = 2952) from Node1
Thread within node2 executing local event
Thread-3 within node2 sent event (t=2956) to Node4
Thread within node2 executing local event
Thread-1 executing received event (t = 2988) from Node4
Thread-2 executing received event (t = 2960) from Node3
Thread-3 executing received event (t = 3015) from Node5
Thread within node2 executing local event
Thread within node2 executing local event
Thread within node2 executing local event
Thread within node2 executing local event
Thread-2 within node2 sent event (t=3025) to Node4
Thread-0 executing received event (t = 3075) from Node3
Thread within node2 executing local event
Thread within node2 executing local event
Thread-3 executing received event (t = 3068) from Node1
Thread within node2 executing local event
Thread within node2 executing local event
Thread-0 within node2 sent event (t=3087) to Node1
Thread within node2 executing local event
Thread-2 within node2 sent event (t=3089) to Node4
Thread within node2 executing local event
Thread-0 executing received event (t = 3105) from Node4
Thread within node2 executing local event
Thread within node2 executing local event
Thread-0 within node2 sent event (t=3111) to Node1
Thread within node2 executing local event
Thread-3 within node2 sent event (t=3113) to Node4
Thread within node2 executing local event
Thread within node2 executing local event
Thread-1 within node2 sent event (t=3117) to Node1
Thread within node2 executing local event
Thread-0 within node2 sent event (t=3119) to Node1
Thread within node2 executing local event
Thread-0 executing received event (t = 3172) from Node3
Thread within node2 executing local event
Thread-3 within node2 sent event (t=3176) to Node1
Thread within node2 executing local event
Thread within node2 executing local event
Thread-0 within node2 sent event (t=3180) to Node1
Thread within node2 executing local event
Thread-2 within node2 sent event (t=3182) to Node5
Thread within node2 executing local event
Thread within node2 executing local event
Thread-3 executing received event (t = 3236) from Node4
Thread within node2 executing local event
Thread-3 within node2 sent event (t=3240) to Node4
Thread within node2 executing local event
Thread within node2 executing local event
Thread-3 executing received event (t = 3298) from Node4
Thread within node2 executing local event
Thread-1 executing received event (t = 3306) from Node4
Thread within node2 executing local event
Thread within node2 executing local event
Thread within node2 executing local event
Thread-3 within node2 sent event (t=3314) to Node1
Thread-1 within node2 sent event (t=3310) to Node4
Thread within node2 executing local event
Thread-3 within node2 sent event (t=3316) to Node3
Thread within node2 executing local event
Thread-2 within node2 sent event (t=3318) to Node5
Thread-3 executing received event (t = 3334) from Node4
Thread within node2 executing local event
Thread-2 within node2 sent event (t=3338) to Node5
Thread within node2 executing local event
Thread within node2 executing local event
Thread-3 within node2 sent event (t=3342) to Node1
Thread within node2 executing local event
Thread-0 within node2 sent event (t=3344) to Node4
Thread-0 executing received event (t = 3367) from Node3
Thread within node2 executing local event
Thread within node2 executing local event
Thread-0 within node2 sent event (t=3373) to Node4
Thread within node2 executing local event
Thread-0 executing received event (t = 3403) from Node5
Thread within node2 executing local event
Thread within node2 executing local event
Thread within node2 executing local event
Thread within node2 executing local event
Thread-3 within node2 sent event (t=3413) to Node3
Thread within node2 executing local event
Thread within node2 executing local event
Thread within node2 executing local event
Thread-0 executing received event (t = 3474) from Node1
Thread within node2 executing local event
Thread-2 executing received event (t = 3477) from Node1
Thread within node2 executing local event
Thread-3 within node2 sent event (t=3482) to Node1
Thread within node2 executing local event
Thread-1 within node2 sent event (t=3484) to Node5
Thread within node2 executing local event
Thread-0 within node2 sent event (t=3486) to Node5
Thread within node2 executing local event
Thread-1 within node2 sent event (t=3488) to Node3
Thread within node2 executing local event
Thread-0 executing received event (t = 3502) from Node3
Thread within node2 executing local event
Thread-2 executing received event (t = 3513) from Node4
Thread within node2 executing local event
Thread-2 within node2 sent event (t=3517) to Node4
Thread within node2 executing local event
Thread-1 executing received event (t = 3558) from Node5
Thread within node2 executing local event
Thread within node2 executing local event
Thread-0 within node2 sent event (t=3564) to Node3
Thread-0 executing received event (t = 3516) from Node1
Thread within node2 executing local event
Thread within node2 executing local event
Thread within node2 executing local event
Thread within node2 executing local event
Thread within node2 executing local event
Thread-2 executing received event (t = 3614) from Node5
Thread within node2 executing local event
Thread within node2 executing local event
Thread-1 within node2 sent event (t=3620) to Node5
Thread-1 executing received event (t = 3591) from Node3
Thread-2 executing received event (t = 3584) from Node1
Thread within node2 executing local event
Thread within node2 executing local event
Thread within node2 executing local event
Thread-0 within node2 sent event (t=3630) to Node4
Thread within node2 executing local event
Thread-3 executing received event (t = 3642) from Node4
Thread within node2 executing local event
Thread within node2 executing local event
Thread-2 executing received event (t = 3660) from Node5
Thread within node2 executing local event
Thread within node2 executing local event
Thread-2 within node2 sent event (t=3666) to Node5
Thread within node2 executing local event
Thread-2 executing received event (t = 3676) from Node5
Thread-0 within node2 sent event (t=3668) to Node4
Thread within node2 executing local event
Thread within node2 executing local event
Thread-1 within node2 sent event (t=3682) to Node1
Thread within node2 executing local event
Thread within node2 executing local event
Thread within node2 executing local event
Thread-2 within node2 sent event (t=3688) to Node5
Thread within node2 executing local event
Thread-3 within node2 sent event (t=3690) to Node4
Thread within node2 executing local event
Thread-3 within node2 sent event (t=3692) to Node5
Thread within node2 executing local event
Thread within node2 executing local event
Thread within node2 executing local event
Thread-1 executing received event (t = 3720) from Node4
Thread within node2 executing local event
Thread-2 within node2 sent event (t=3724) to Node4
Thread within node2 executing local event
Thread-1 within node2 sent event (t=3726) to Node1
Thread within node2 executing local event
Thread-0 within node2 sent event (t=3728) to Node1
Thread within node2 executing local event
Thread-0 within node2 sent event (t=3730) to Node1
Thread within node2 executing local event
Thread-3 within node2 sent event (t=3732) to Node5
Thread-3 executing received event (t = 3748) from Node4
Thread within node2 executing local event
Thread-1 within node2 sent event (t=3752) to Node1
Thread within node2 executing local event
Thread within node2 executing local event
Thread-2 within node2 sent event (t=3754) to Node5
Thread-3 executing received event (t = 3771) from Node5
Thread within node2 executing local event
Thread within node2 executing local event
Thread-2 within node2 sent event (t=3777) to Node1
Thread within node2 executing local event
Thread-1 within node2 sent event (t=3779) to Node3
Thread within node2 executing local event
Thread within node2 executing local event
Thread-1 executing received event (t = 3808) from Node4
Thread within node2 executing local event
Thread within node2 executing local event
Thread within node2 executing local event
Thread within node2 executing local event
Thread-1 within node2 sent event (t=3818) to Node5
Thread within node2 executing local event
Thread within node2 executing local event
Thread-1 within node2 sent event (t=3822) to Node4
Thread-0 executing received event (t = 3830) from Node4
Thread within node2 executing local event
Thread-3 within node2 sent event (t=3834) to Node3
Thread within node2 executing local event
Thread-2 within node2 sent event (t=3836) to Node4
Thread within node2 executing local event
Thread-1 within node2 sent event (t=3838) to Node4
Thread within node2 executing local event
Thread-1 within node2 sent event (t=3840) to Node3
Thread within node2 executing local event
Thread within node2 executing local event
Thread within node2 executing local event
Thread-2 within node2 sent event (t=3846) to Node4
Thread within node2 executing local event
Thread within node2 executing local event
Thread within node2 executing local event
Thread-3 within node2 sent event (t=3852) to Node5

=== Node 2 Statistics ===
Total events processed: 579
Messages sent: 209
Messages received: 179
Execution time = 11488 ms
Final Lamport time: 3852
Counter 0 value: 146
Counter 1 value: 144
Counter 2 value: 144
Counter 3 value: 145
