Node 2 initialized on port 4226
Node 2 using PaddedCounter to prevent false sharing
Node 2 listening on port 4226
Node 2 connected to Node 1
Node 2 connected to Node 3
Node 2 connected to Node 4
Node 2 connected to Node 5
Thread-0 executing received event (padded) (t = 40) from Node5
Thread-1 executing received event (padded) (t = 56) from Node3
Thread-2 executing received event (padded) (t = 90) from Node5
Thread-3 executing received event (padded) (t = 105) from Node5
Thread-0 executing received event (padded) (t = 112) from Node3
Thread-1 executing received event (padded) (t = 14) from Node1
Thread-2 executing received event (padded) (t = 164) from Node5
Thread-3 executing received event (padded) (t = 163) from Node1
Thread-0 executing received event (padded) (t = 272) from Node5
Thread-1 executing received event (padded) (t = 285) from Node3
Node 2 starting 4 worker threads with PaddedCounter
Thread within node2 executing local event (padded)
Thread within node2 executing local event (padded)
Thread within node2 executing local event (padded)
Thread within node2 executing local event (padded)
Thread-2 executing received event (padded) (t = 325) from Node4
Thread-3 executing received event (padded) (t = 321) from Node4
Thread-3 within node2 sent event (t=295) to Node1
Thread-2 within node2 sent event (t=293) to Node5
Thread-0 within node2 sent event (t=289) to Node1
Thread within node2 executing local event (padded)
Thread within node2 executing local event (padded)
Thread within node2 executing local event (padded)
Thread-3 executing received event (padded) (t = 379) from Node4
Thread within node2 executing local event (padded)
Thread within node2 executing local event (padded)
Thread-2 executing received event (padded) (t = 365) from Node1
Thread-0 within node2 sent event (t=385) to Node1
Thread within node2 executing local event (padded)
Thread within node2 executing local event (padded)
Thread-1 within node2 sent event (t=391) to Node5
Thread within node2 executing local event (padded)
Thread-1 within node2 sent event (t=393) to Node4
Thread within node2 executing local event (padded)
Thread-3 within node2 sent event (t=395) to Node5
Thread-3 executing received event (padded) (t = 441) from Node4
Thread within node2 executing local event (padded)
Thread-3 within node2 sent event (t=445) to Node1
Thread within node2 executing local event (padded)
Thread within node2 executing local event (padded)
Thread-0 within node2 sent event (t=449) to Node3
Thread-3 executing received event (padded) (t = 447) from Node1
Thread-0 executing received event (padded) (t = 451) from Node5
Thread within node2 executing local event (padded)
Thread-0 within node2 sent event (t=455) to Node4
Thread within node2 executing local event (padded)
Thread-2 within node2 sent event (t=457) to Node5
Thread within node2 executing local event (padded)
Thread-2 within node2 sent event (t=459) to Node5
Thread within node2 executing local event (padded)
Thread within node2 executing local event (padded)
Thread-3 within node2 sent event (t=463) to Node5
Thread within node2 executing local event (padded)
Thread-2 within node2 sent event (t=465) to Node5
Thread within node2 executing local event (padded)
Thread-0 within node2 sent event (t=467) to Node5
Thread-0 executing received event (padded) (t = 467) from Node1
Thread-1 executing received event (padded) (t = 468) from Node3
Thread-2 executing received event (padded) (t = 507) from Node5
Thread within node2 executing local event (padded)
Thread within node2 executing local event (padded)
Thread-3 within node2 sent event (t=513) to Node1
Thread within node2 executing local event (padded)
Thread-0 within node2 sent event (t=515) to Node1
Thread within node2 executing local event (padded)
Thread-3 executing received event (padded) (t = 523) from Node3
Thread-0 executing received event (padded) (t = 530) from Node5
Thread-1 executing received event (padded) (t = 535) from Node5
Thread-2 executing received event (padded) (t = 534) from Node3
Thread-3 executing received event (padded) (t = 545) from Node5
Thread-0 executing received event (padded) (t = 537) from Node3
Thread within node2 executing local event (padded)
Thread-2 executing received event (padded) (t = 540) from Node3
Thread-2 within node2 sent event (t=551) to Node1
Thread within node2 executing local event (padded)
Thread within node2 executing local event (padded)
Thread within node2 executing local event (padded)
Thread-3 within node2 sent event (t=559) to Node4
Thread-2 executing received event (padded) (t = 543) from Node3
Thread-3 executing received event (padded) (t = 575) from Node5
Thread within node2 executing local event (padded)
Thread within node2 executing local event (padded)
Thread-2 executing received event (padded) (t = 615) from Node5
Thread within node2 executing local event (padded)
Thread within node2 executing local event (padded)
Thread within node2 executing local event (padded)
Thread-1 within node2 sent event (t=623) to Node1
Thread within node2 executing local event (padded)
Thread within node2 executing local event (padded)
Thread-0 within node2 sent event (t=627) to Node3
Thread-0 executing received event (padded) (t = 628) from Node1
Thread within node2 executing local event (padded)
Thread within node2 executing local event (padded)
Thread within node2 executing local event (padded)
Thread-1 within node2 sent event (t=636) to Node1
Thread-0 executing received event (padded) (t = 638) from Node1
Thread within node2 executing local event (padded)
Thread-1 within node2 sent event (t=642) to Node4
Thread-2 executing received event (padded) (t = 694) from Node5
Thread-3 executing received event (padded) (t = 640) from Node1
Thread-0 executing received event (padded) (t = 714) from Node5
Thread within node2 executing local event (padded)
Thread-3 within node2 sent event (t=718) to Node4
Thread within node2 executing local event (padded)
Thread within node2 executing local event (padded)
Thread-0 executing received event (padded) (t = 753) from Node4
Thread-1 executing received event (padded) (t = 754) from Node1
Thread-2 executing received event (padded) (t = 755) from Node1
Thread-3 executing received event (padded) (t = 752) from Node5
Thread within node2 executing local event (padded)
Thread within node2 executing local event (padded)
Thread-3 within node2 sent event (t=765) to Node5
Thread-2 executing received event (padded) (t = 757) from Node3
Thread within node2 executing local event (padded)
Thread within node2 executing local event (padded)
Thread-3 within node2 sent event (t=769) to Node3
Thread within node2 executing local event (padded)
Thread-2 executing received event (padded) (t = 785) from Node5
Thread within node2 executing local event (padded)
Thread-0 executing received event (padded) (t = 790) from Node5
Thread-1 executing received event (padded) (t = 774) from Node4
Thread-2 executing received event (padded) (t = 784) from Node1
Thread within node2 executing local event (padded)
Thread-3 within node2 sent event (t=798) to Node4
Thread-0 executing received event (padded) (t = 810) from Node4
Thread-1 executing received event (padded) (t = 786) from Node1
Thread-2 executing received event (padded) (t = 778) from Node3
Thread within node2 executing local event (padded)
Thread-0 within node2 sent event (t=818) to Node4
Thread-0 executing received event (padded) (t = 787) from Node3
Thread within node2 executing local event (padded)
Thread within node2 executing local event (padded)
Thread-3 within node2 sent event (t=824) to Node4
Thread within node2 executing local event (padded)
Thread-0 within node2 sent event (t=826) to Node5
Thread-0 executing received event (padded) (t = 854) from Node5
Thread within node2 executing local event (padded)
Thread-2 within node2 sent event (t=858) to Node1
Thread within node2 executing local event (padded)
Thread within node2 executing local event (padded)
Thread within node2 executing local event (padded)
Thread-3 within node2 sent event (t=864) to Node3
Thread within node2 executing local event (padded)
Thread within node2 executing local event (padded)
Thread within node2 executing local event (padded)
Thread-1 within node2 sent event (t=870) to Node1
Thread-0 executing received event (padded) (t = 932) from Node1
Thread within node2 executing local event (padded)
Thread within node2 executing local event (padded)
Thread-3 within node2 sent event (t=938) to Node5
Thread within node2 executing local event (padded)
Thread within node2 executing local event (padded)
Thread within node2 executing local event (padded)
Thread-2 executing received event (padded) (t = 977) from Node5
Thread within node2 executing local event (padded)
Thread within node2 executing local event (padded)
Thread-2 within node2 sent event (t=983) to Node5
Thread-1 executing received event (padded) (t = 985) from Node1
Thread within node2 executing local event (padded)
Thread-3 within node2 sent event (t=989) to Node5
Thread-3 executing received event (padded) (t = 967) from Node3
Thread within node2 executing local event (padded)
Thread-1 executing received event (padded) (t = 1025) from Node5
Thread-2 executing received event (padded) (t = 988) from Node1
Thread within node2 executing local event (padded)
Thread-0 within node2 sent event (t=1031) to Node1
Thread within node2 executing local event (padded)
Thread within node2 executing local event (padded)
Thread-1 within node2 sent event (t=1035) to Node4
Thread-2 executing received event (padded) (t = 1064) from Node3
Thread within node2 executing local event (padded)
Thread within node2 executing local event (padded)
Thread-0 within node2 sent event (t=1070) to Node1
Thread within node2 executing local event (padded)
Thread-0 within node2 sent event (t=1072) to Node4
Thread-2 executing received event (padded) (t = 1075) from Node5
Thread-3 executing received event (padded) (t = 1076) from Node3
Thread within node2 executing local event (padded)
Thread within node2 executing local event (padded)
Thread-1 within node2 sent event (t=1083) to Node1
Thread-2 executing received event (padded) (t = 1085) from Node1
Thread within node2 executing local event (padded)
Thread within node2 executing local event (padded)
Thread within node2 executing local event (padded)
Thread-0 within node2 sent event (t=1093) to Node3
Thread within node2 executing local event (padded)
Thread within node2 executing local event (padded)
Thread within node2 executing local event (padded)
Thread-1 executing received event (padded) (t = 1127) from Node4
Thread-2 executing received event (padded) (t = 1131) from Node4
Thread-3 executing received event (padded) (t = 1099) from Node1
Thread-0 executing received event (padded) (t = 1143) from Node4
Thread within node2 executing local event (padded)
Thread within node2 executing local event (padded)
Thread-0 within node2 sent event (t=1149) to Node4
Thread within node2 executing local event (padded)
Thread-3 within node2 sent event (t=1151) to Node1
Thread within node2 executing local event (padded)
Thread-0 within node2 sent event (t=1153) to Node3
Thread-1 executing received event (padded) (t = 1159) from Node3
Thread-2 executing received event (padded) (t = 1153) from Node1
Thread within node2 executing local event (padded)
Thread-3 within node2 sent event (t=1165) to Node3
Thread within node2 executing local event (padded)
Thread-2 within node2 sent event (t=1167) to Node5
Thread-1 executing received event (padded) (t = 1177) from Node5
Thread within node2 executing local event (padded)
Thread-1 within node2 sent event (t=1181) to Node3
Thread-3 executing received event (padded) (t = 1182) from Node3
Thread within node2 executing local event (padded)
Thread-3 within node2 sent event (t=1186) to Node4
Thread-1 executing received event (padded) (t = 1227) from Node5
Thread within node2 executing local event (padded)
Thread-3 executing received event (padded) (t = 1232) from Node5
Thread-0 executing received event (padded) (t = 1243) from Node3
Thread-1 executing received event (padded) (t = 1175) from Node1
Thread within node2 executing local event (padded)
Thread-1 within node2 sent event (t=1249) to Node3
Thread within node2 executing local event (padded)
Thread-2 within node2 sent event (t=1251) to Node3
Thread within node2 executing local event (padded)
Thread-0 within node2 sent event (t=1253) to Node4
Thread within node2 executing local event (padded)
Thread-1 within node2 sent event (t=1255) to Node5
Thread within node2 executing local event (padded)
Thread within node2 executing local event (padded)
Thread-0 executing received event (padded) (t = 1309) from Node5
Thread-1 executing received event (padded) (t = 1324) from Node5
Thread within node2 executing local event (padded)
Thread within node2 executing local event (padded)
Thread-0 within node2 sent event (t=1330) to Node1
Thread within node2 executing local event (padded)
Thread-1 executing received event (padded) (t = 1304) from Node3
Thread within node2 executing local event (padded)
Thread-3 within node2 sent event (t=1336) to Node1
Thread-3 executing received event (padded) (t = 1326) from Node4
Thread within node2 executing local event (padded)
Thread-1 executing received event (padded) (t = 1367) from Node1
Thread within node2 executing local event (padded)
Thread within node2 executing local event (padded)
Thread-0 executing received event (padded) (t = 1398) from Node5
Thread within node2 executing local event (padded)
Thread-2 within node2 sent event (t=1402) to Node4
Thread within node2 executing local event (padded)
Thread-1 within node2 sent event (t=1404) to Node4
Thread-3 executing received event (padded) (t = 1426) from Node4
Thread within node2 executing local event (padded)
Thread within node2 executing local event (padded)
Thread-2 within node2 sent event (t=1432) to Node3
Thread within node2 executing local event (padded)
Thread within node2 executing local event (padded)
Thread-2 within node2 sent event (t=1436) to Node5
Thread within node2 executing local event (padded)
Thread-3 within node2 sent event (t=1438) to Node5
Thread within node2 executing local event (padded)
Thread-1 within node2 sent event (t=1440) to Node4
Thread within node2 executing local event (padded)
Thread-3 within node2 sent event (t=1442) to Node5
Thread-3 executing received event (padded) (t = 1469) from Node4
Thread-0 executing received event (padded) (t = 1445) from Node1
Thread within node2 executing local event (padded)
Thread-3 within node2 sent event (t=1475) to Node4
Thread within node2 executing local event (padded)
Thread-3 executing received event (padded) (t = 1501) from Node5
Thread-0 executing received event (padded) (t = 1508) from Node4
Thread-1 executing received event (padded) (t = 1506) from Node5
Thread within node2 executing local event (padded)
Thread within node2 executing local event (padded)
Thread within node2 executing local event (padded)
Thread-3 within node2 sent event (t=1516) to Node4
Thread within node2 executing local event (padded)
Thread within node2 executing local event (padded)
Thread-2 within node2 sent event (t=1522) to Node4
Thread-3 executing received event (padded) (t = 1516) from Node5
Thread within node2 executing local event (padded)
Thread-1 executing received event (padded) (t = 1546) from Node5
Thread-2 executing received event (padded) (t = 1526) from Node1
Thread-3 executing received event (padded) (t = 1540) from Node4
Thread within node2 executing local event (padded)
Thread-1 within node2 sent event (t=1554) to Node5
Thread within node2 executing local event (padded)
Thread-0 within node2 sent event (t=1556) to Node5
Thread-2 executing received event (padded) (t = 1574) from Node5
Thread within node2 executing local event (padded)
Thread-0 executing received event (padded) (t = 1600) from Node3
Thread within node2 executing local event (padded)
Thread-3 within node2 sent event (t=1604) to Node5
Thread within node2 executing local event (padded)
Thread within node2 executing local event (padded)
Thread-0 executing received event (padded) (t = 1608) from Node1
Thread within node2 executing local event (padded)
Thread within node2 executing local event (padded)
Thread-3 executing received event (padded) (t = 1568) from Node4
Thread-0 executing received event (padded) (t = 1629) from Node1
Thread-1 executing received event (padded) (t = 1630) from Node1
Thread-2 executing received event (padded) (t = 1652) from Node5
Thread within node2 executing local event (padded)
Thread-3 within node2 sent event (t=1656) to Node3
Thread within node2 executing local event (padded)
Thread-3 within node2 sent event (t=1658) to Node3
Thread within node2 executing local event (padded)
Thread within node2 executing local event (padded)
Thread-3 executing received event (padded) (t = 1664) from Node1
Thread-0 executing received event (padded) (t = 1672) from Node5
Thread within node2 executing local event (padded)
Thread-0 within node2 sent event (t=1676) to Node5
Thread-2 executing received event (padded) (t = 1687) from Node3
Thread within node2 executing local event (padded)
Thread-1 within node2 sent event (t=1691) to Node5
Thread within node2 executing local event (padded)
Thread-3 within node2 sent event (t=1693) to Node5
Thread within node2 executing local event (padded)
Thread within node2 executing local event (padded)
Thread-0 within node2 sent event (t=1697) to Node1
Thread-3 executing received event (padded) (t = 1700) from Node1
Thread within node2 executing local event (padded)
Thread-1 within node2 sent event (t=1704) to Node1
Thread within node2 executing local event (padded)
Thread-0 within node2 sent event (t=1706) to Node3
Thread within node2 executing local event (padded)
Thread within node2 executing local event (padded)
Thread-0 executing received event (padded) (t = 1760) from Node3
Thread within node2 executing local event (padded)
Thread-3 within node2 sent event (t=1764) to Node4
Thread within node2 executing local event (padded)
Thread-3 within node2 sent event (t=1766) to Node5
Thread within node2 executing local event (padded)
Thread within node2 executing local event (padded)
Thread within node2 executing local event (padded)
Thread-2 executing received event (padded) (t = 1844) from Node5
Thread-3 executing received event (padded) (t = 1848) from Node4
Thread within node2 executing local event (padded)
Thread within node2 executing local event (padded)
Thread-1 within node2 sent event (t=1854) to Node1
Thread within node2 executing local event (padded)
Thread-0 within node2 sent event (t=1856) to Node4
Thread within node2 executing local event (padded)
Thread-2 within node2 sent event (t=1858) to Node3
Thread-0 executing received event (padded) (t = 1874) from Node5
Thread-1 executing received event (padded) (t = 1879) from Node5
Thread-2 executing received event (padded) (t = 1860) from Node1
Thread within node2 executing local event (padded)
Thread-3 within node2 sent event (t=1885) to Node3
Thread within node2 executing local event (padded)
Thread within node2 executing local event (padded)
Thread within node2 executing local event (padded)
Thread-0 within node2 sent event (t=1891) to Node1
Thread-3 executing received event (padded) (t = 1894) from Node1
Thread within node2 executing local event (padded)
Thread-1 executing received event (padded) (t = 1923) from Node1
Thread-3 within node2 sent event (t=1898) to Node4
Thread-2 executing received event (padded) (t = 1936) from Node3
Thread within node2 executing local event (padded)
Thread-3 within node2 sent event (t=1940) to Node5
Thread within node2 executing local event (padded)
Thread within node2 executing local event (padded)
Thread within node2 executing local event (padded)
Thread-0 within node2 sent event (t=1946) to Node1
Thread-3 executing received event (padded) (t = 1960) from Node5
Thread-0 executing received event (padded) (t = 1957) from Node4
Thread-1 executing received event (padded) (t = 1970) from Node5
Thread within node2 executing local event (padded)
Thread-0 within node2 sent event (t=1974) to Node1
Thread within node2 executing local event (padded)
Thread-2 within node2 sent event (t=1976) to Node3
Thread-0 executing received event (padded) (t = 1987) from Node4
Thread within node2 executing local event (padded)
Thread-0 within node2 sent event (t=1991) to Node4
Thread within node2 executing local event (padded)
Thread-3 executing received event (padded) (t = 1988) from Node3
Thread-0 executing received event (padded) (t = 2003) from Node4
Thread-1 executing received event (padded) (t = 1994) from Node3
Thread-2 executing received event (padded) (t = 2007) from Node4
Thread within node2 executing local event (padded)
Thread-1 within node2 sent event (t=2011) to Node4
Thread within node2 executing local event (padded)
Thread-2 within node2 sent event (t=2013) to Node3
Thread within node2 executing local event (padded)
Thread-0 within node2 sent event (t=2015) to Node5
Thread within node2 executing local event (padded)
Thread within node2 executing local event (padded)
Thread-0 within node2 sent event (t=2019) to Node4
Thread within node2 executing local event (padded)
Thread within node2 executing local event (padded)
Thread within node2 executing local event (padded)
Thread-3 within node2 sent event (t=2025) to Node3
Thread within node2 executing local event (padded)
Thread-2 within node2 sent event (t=2027) to Node5
Thread within node2 executing local event (padded)
Thread-0 within node2 sent event (t=2029) to Node3
Thread within node2 executing local event (padded)
Thread-2 within node2 sent event (t=2031) to Node3
Thread-2 executing received event (padded) (t = 2093) from Node3
Thread within node2 executing local event (padded)
Thread-3 within node2 sent event (t=2097) to Node5
Thread within node2 executing local event (padded)
Thread within node2 executing local event (padded)
Thread-1 within node2 sent event (t=2101) to Node5
Thread within node2 executing local event (padded)
Thread within node2 executing local event (padded)
Thread-1 within node2 sent event (t=2105) to Node5
Thread within node2 executing local event (padded)
Thread-2 within node2 sent event (t=2107) to Node5
Thread-1 executing received event (padded) (t = 2135) from Node3
Thread-2 executing received event (padded) (t = 2146) from Node1
Thread within node2 executing local event (padded)
Thread-2 within node2 sent event (t=2150) to Node4
Thread within node2 executing local event (padded)
Thread-1 executing received event (padded) (t = 2147) from Node3
Thread within node2 executing local event (padded)
Thread-1 within node2 sent event (t=2156) to Node1
Thread within node2 executing local event (padded)
Thread within node2 executing local event (padded)
Thread-2 within node2 sent event (t=2160) to Node1
Thread-1 executing received event (padded) (t = 2192) from Node1
Thread within node2 executing local event (padded)
Thread-0 within node2 sent event (t=2196) to Node5
Thread within node2 executing local event (padded)
Thread-1 within node2 sent event (t=2198) to Node3
Thread-0 executing received event (padded) (t = 2212) from Node1
Thread-1 executing received event (padded) (t = 2215) from Node1
Thread within node2 executing local event (padded)
Thread within node2 executing local event (padded)
Thread-3 within node2 sent event (t=2221) to Node3
Thread within node2 executing local event (padded)
Thread within node2 executing local event (padded)
Thread-0 within node2 sent event (t=2225) to Node5
Thread within node2 executing local event (padded)
Thread-1 within node2 sent event (t=2227) to Node1
Thread within node2 executing local event (padded)
Thread-0 executing received event (padded) (t = 2269) from Node4
Thread within node2 executing local event (padded)
Thread-2 executing received event (padded) (t = 2245) from Node3
Thread within node2 executing local event (padded)
Thread within node2 executing local event (padded)
Thread within node2 executing local event (padded)
Thread within node2 executing local event (padded)
Thread within node2 executing local event (padded)
Thread within node2 executing local event (padded)
Thread-3 within node2 sent event (t=2287) to Node4
Thread within node2 executing local event (padded)
Thread within node2 executing local event (padded)
Thread-1 within node2 sent event (t=2291) to Node4
Thread-3 executing received event (padded) (t = 2313) from Node5
Thread within node2 executing local event (padded)
Thread-3 within node2 sent event (t=2317) to Node5
Thread-1 executing received event (padded) (t = 2331) from Node4
Thread-2 executing received event (padded) (t = 2305) from Node1
Thread within node2 executing local event (padded)
Thread-3 within node2 sent event (t=2337) to Node1
Thread within node2 executing local event (padded)
Thread-2 within node2 sent event (t=2339) to Node5
Thread within node2 executing local event (padded)
Thread within node2 executing local event (padded)
Thread within node2 executing local event (padded)
Thread-1 within node2 sent event (t=2345) to Node5
Thread within node2 executing local event (padded)
Thread within node2 executing local event (padded)
Thread within node2 executing local event (padded)
Thread-3 within node2 sent event (t=2351) to Node1
Thread-3 executing received event (padded) (t = 2424) from Node5
Thread-0 executing received event (padded) (t = 2409) from Node3
Thread within node2 executing local event (padded)
Thread-2 executing received event (padded) (t = 2424) from Node4
Thread within node2 executing local event (padded)
Thread-1 within node2 sent event (t=2434) to Node5
Thread within node2 executing local event (padded)
Thread-1 executing received event (padded) (t = 2428) from Node4
Thread within node2 executing local event (padded)
Thread-3 within node2 sent event (t=2440) to Node4
Thread within node2 executing local event (padded)
Thread-3 within node2 sent event (t=2442) to Node1
Thread within node2 executing local event (padded)
Thread-3 within node2 sent event (t=2444) to Node3
Thread-1 executing received event (padded) (t = 2445) from Node1
Thread-2 executing received event (padded) (t = 2486) from Node3
Thread within node2 executing local event (padded)
Thread-1 within node2 sent event (t=2490) to Node1
Thread within node2 executing local event (padded)
Thread within node2 executing local event (padded)
Thread-2 within node2 sent event (t=2494) to Node1
Thread within node2 executing local event (padded)
Thread-3 executing received event (padded) (t = 2512) from Node5
Thread within node2 executing local event (padded)
Thread within node2 executing local event (padded)
Thread-2 executing received event (padded) (t = 2530) from Node3
Thread-1 within node2 sent event (t=2518) to Node1
Thread within node2 executing local event (padded)
Thread-0 executing received event (padded) (t = 2547) from Node5
Thread-1 executing received event (padded) (t = 2539) from Node3
Thread within node2 executing local event (padded)
Thread-2 within node2 sent event (t=2553) to Node3
Thread within node2 executing local event (padded)
Thread-0 executing received event (padded) (t = 2592) from Node5
Thread within node2 executing local event (padded)
Thread-3 within node2 sent event (t=2596) to Node1
Thread-2 executing received event (padded) (t = 2594) from Node4
Thread within node2 executing local event (padded)
Thread within node2 executing local event (padded)
Thread-0 within node2 sent event (t=2602) to Node3
Thread-1 executing received event (padded) (t = 2628) from Node4
Thread-2 executing received event (padded) (t = 2620) from Node1
Thread within node2 executing local event (padded)
Thread-1 within node2 sent event (t=2634) to Node5
Thread within node2 executing local event (padded)
Thread-1 executing received event (padded) (t = 2622) from Node1
Thread within node2 executing local event (padded)
Thread-3 within node2 sent event (t=2640) to Node1
Thread within node2 executing local event (padded)
Thread-0 executing received event (padded) (t = 2671) from Node1
Thread within node2 executing local event (padded)
Thread-1 within node2 sent event (t=2642) to Node3
Thread-2 executing received event (padded) (t = 2694) from Node5
Thread within node2 executing local event (padded)
Thread-1 within node2 sent event (t=2698) to Node4
Thread-0 executing received event (padded) (t = 2712) from Node3
Thread within node2 executing local event (padded)
Thread-2 executing received event (padded) (t = 2718) from Node3
Thread-0 within node2 sent event (t=2716) to Node5
Thread within node2 executing local event (padded)
Thread within node2 executing local event (padded)
Thread-1 executing received event (padded) (t = 2715) from Node1
Thread-2 executing received event (padded) (t = 2730) from Node3
Thread within node2 executing local event (padded)
Thread-0 executing received event (padded) (t = 2729) from Node1
Thread-1 executing received event (padded) (t = 2764) from Node5
Thread within node2 executing local event (padded)
Thread-1 within node2 sent event (t=2768) to Node1
Thread within node2 executing local event (padded)
Thread within node2 executing local event (padded)
Thread-0 within node2 sent event (t=2772) to Node4
Thread-1 executing received event (padded) (t = 2782) from Node3
Thread within node2 executing local event (padded)
Thread within node2 executing local event (padded)
Thread within node2 executing local event (padded)
Thread-1 executing received event (padded) (t = 2810) from Node1
Thread within node2 executing local event (padded)
Thread within node2 executing local event (padded)
Thread-2 within node2 sent event (t=2816) to Node4
Thread within node2 executing local event (padded)
Thread within node2 executing local event (padded)
Thread within node2 executing local event (padded)
Thread-1 within node2 sent event (t=2822) to Node3
Thread within node2 executing local event (padded)
Thread within node2 executing local event (padded)
Thread within node2 executing local event (padded)
Thread-2 executing received event (padded) (t = 2828) from Node4
Thread within node2 executing local event (padded)
Thread within node2 executing local event (padded)
Thread-3 within node2 sent event (t=2834) to Node4
Thread within node2 executing local event (padded)
Thread-2 executing received event (padded) (t = 2848) from Node1
Thread within node2 executing local event (padded)
Thread-3 within node2 sent event (t=2852) to Node4
Thread-0 executing received event (padded) (t = 2866) from Node3
Thread within node2 executing local event (padded)
Thread-1 within node2 sent event (t=2870) to Node1
Thread within node2 executing local event (padded)
Thread-0 within node2 sent event (t=2872) to Node4
Thread within node2 executing local event (padded)
Thread within node2 executing local event (padded)
Thread-1 within node2 sent event (t=2876) to Node4
Thread-1 executing received event (padded) (t = 2941) from Node5
Thread within node2 executing local event (padded)
Thread-2 within node2 sent event (t=2945) to Node5
Thread-3 executing received event (padded) (t = 2957) from Node3
Thread within node2 executing local event (padded)
Thread within node2 executing local event (padded)
Thread-1 within node2 sent event (t=2963) to Node1
Thread within node2 executing local event (padded)
Thread-3 within node2 sent event (t=2965) to Node3
Thread-3 executing received event (padded) (t = 2984) from Node5
Thread within node2 executing local event (padded)
Thread-0 within node2 sent event (t=2988) to Node5
Thread within node2 executing local event (padded)
Thread-3 within node2 sent event (t=2990) to Node5
Thread within node2 executing local event (padded)
Thread within node2 executing local event (padded)
Thread-1 within node2 sent event (t=2994) to Node5
Thread within node2 executing local event (padded)
Thread-1 within node2 sent event (t=2996) to Node5
Thread within node2 executing local event (padded)
Thread-2 executing received event (padded) (t = 3034) from Node1
Thread within node2 executing local event (padded)
Thread within node2 executing local event (padded)
Thread within node2 executing local event (padded)
Thread within node2 executing local event (padded)
Thread within node2 executing local event (padded)
Thread-1 within node2 sent event (t=3046) to Node1
Thread within node2 executing local event (padded)
Thread within node2 executing local event (padded)
Thread-1 within node2 sent event (t=3050) to Node4
Thread-2 executing received event (padded) (t = 3106) from Node5
Thread within node2 executing local event (padded)
Thread-1 within node2 sent event (t=3110) to Node5
Thread within node2 executing local event (padded)
Thread-1 executing received event (padded) (t = 3123) from Node4
Thread within node2 executing local event (padded)
Thread-2 within node2 sent event (t=3127) to Node1
Thread within node2 executing local event (padded)
Thread-0 executing received event (padded) (t = 3143) from Node4
Thread-1 executing received event (padded) (t = 3117) from Node3
Thread within node2 executing local event (padded)
Thread-0 within node2 sent event (t=3149) to Node5
Thread within node2 executing local event (padded)
Thread-1 within node2 sent event (t=3151) to Node1
Thread within node2 executing local event (padded)
Thread-1 executing received event (padded) (t = 3161) from Node1
Thread within node2 executing local event (padded)
Thread within node2 executing local event (padded)
Thread within node2 executing local event (padded)
Thread-3 within node2 sent event (t=3169) to Node4
Thread within node2 executing local event (padded)
Thread-2 executing received event (padded) (t = 3147) from Node3
Thread within node2 executing local event (padded)
Thread-0 executing received event (padded) (t = 3256) from Node4
Thread within node2 executing local event (padded)
Thread within node2 executing local event (padded)
Thread-2 within node2 sent event (t=3262) to Node1
Thread within node2 executing local event (padded)
Thread-0 within node2 sent event (t=3264) to Node4
Thread within node2 executing local event (padded)
Thread within node2 executing local event (padded)
Thread within node2 executing local event (padded)
Thread-2 within node2 sent event (t=3270) to Node1
Thread within node2 executing local event (padded)
Thread-0 executing received event (padded) (t = 3339) from Node5
Thread-1 executing received event (padded) (t = 3349) from Node5
Thread-2 executing received event (padded) (t = 3312) from Node4
Thread within node2 executing local event (padded)
Thread within node2 executing local event (padded)
Thread-1 executing received event (padded) (t = 3390) from Node3
Thread within node2 executing local event (padded)
Thread-0 within node2 sent event (t=3394) to Node1
Thread within node2 executing local event (padded)
Thread within node2 executing local event (padded)
Thread-1 within node2 sent event (t=3398) to Node1
Thread within node2 executing local event (padded)
Thread within node2 executing local event (padded)
Thread-3 within node2 sent event (t=3402) to Node1
Thread-3 executing received event (padded) (t = 3421) from Node1
Thread within node2 executing local event (padded)
Thread within node2 executing local event (padded)
Thread within node2 executing local event (padded)
Thread-3 executing received event (padded) (t = 3437) from Node4
Thread within node2 executing local event (padded)
Thread-2 within node2 sent event (t=3441) to Node4
Thread-1 executing received event (padded) (t = 3467) from Node5
Thread within node2 executing local event (padded)
Thread within node2 executing local event (padded)
Thread-0 within node2 sent event (t=3473) to Node5
Thread-0 executing received event (padded) (t = 3425) from Node1
Thread within node2 executing local event (padded)
Thread-2 executing received event (padded) (t = 3428) from Node1
Thread within node2 executing local event (padded)
Thread within node2 executing local event (padded)
Thread-3 within node2 sent event (t=3483) to Node1
Thread within node2 executing local event (padded)
Thread within node2 executing local event (padded)
Thread-0 within node2 sent event (t=3487) to Node1
Thread-3 executing received event (padded) (t = 3501) from Node3
Thread within node2 executing local event (padded)
Thread within node2 executing local event (padded)
Thread-3 within node2 sent event (t=3507) to Node5
Thread-2 executing received event (padded) (t = 3494) from Node1
Thread-3 executing received event (padded) (t = 3501) from Node4
Thread within node2 executing local event (padded)
Thread-1 within node2 sent event (t=3513) to Node1
Thread within node2 executing local event (padded)
Thread-2 within node2 sent event (t=3515) to Node4
Thread within node2 executing local event (padded)
Thread-3 executing received event (padded) (t = 3548) from Node5
Thread within node2 executing local event (padded)
Thread-2 within node2 sent event (t=3552) to Node4
Thread-1 executing received event (padded) (t = 3527) from Node4
Thread-2 executing received event (padded) (t = 3558) from Node5
Thread within node2 executing local event (padded)
Thread within node2 executing local event (padded)
Thread-1 executing received event (padded) (t = 3578) from Node1
Thread-2 executing received event (padded) (t = 3580) from Node4
Thread within node2 executing local event (padded)
Thread-0 within node2 sent event (t=3584) to Node1
Thread within node2 executing local event (padded)
Thread-2 within node2 sent event (t=3586) to Node4
Thread within node2 executing local event (padded)
Thread within node2 executing local event (padded)
Thread within node2 executing local event (padded)
Thread-1 within node2 sent event (t=3592) to Node3
Thread-0 executing received event (padded) (t = 3598) from Node3
Thread within node2 executing local event (padded)
Thread-0 within node2 sent event (t=3602) to Node1
Thread within node2 executing local event (padded)
Thread-3 within node2 sent event (t=3604) to Node5
Thread within node2 executing local event (padded)
Thread-2 within node2 sent event (t=3606) to Node5
Thread within node2 executing local event (padded)
Thread-3 within node2 sent event (t=3608) to Node3
Thread within node2 executing local event (padded)
Thread within node2 executing local event (padded)
Thread-2 within node2 sent event (t=3612) to Node5
Thread within node2 executing local event (padded)
Thread within node2 executing local event (padded)
Thread-0 within node2 sent event (t=3616) to Node4
Thread within node2 executing local event (padded)
Thread-3 within node2 sent event (t=3618) to Node4
Thread within node2 executing local event (padded)
Thread within node2 executing local event (padded)
Thread-0 executing received event (padded) (t = 3699) from Node5
Thread within node2 executing local event (padded)
Thread within node2 executing local event (padded)
Thread within node2 executing local event (padded)
Thread within node2 executing local event (padded)
Thread within node2 executing local event (padded)
Thread within node2 executing local event (padded)
Thread within node2 executing local event (padded)
Thread-3 within node2 sent event (t=3715) to Node4
Thread-0 executing received event (padded) (t = 3706) from Node3
Thread within node2 executing local event (padded)
Thread-2 executing received event (padded) (t = 3746) from Node4
Thread within node2 executing local event (padded)
Thread-0 executing received event (padded) (t = 3777) from Node5
Thread within node2 executing local event (padded)
Thread-3 within node2 sent event (t=3781) to Node4
Thread within node2 executing local event (padded)
Thread within node2 executing local event (padded)
Thread-1 within node2 sent event (t=3785) to Node5
Thread within node2 executing local event (padded)
Thread within node2 executing local event (padded)
Thread within node2 executing local event (padded)
Thread-1 within node2 sent event (t=3791) to Node5
Thread within node2 executing local event (padded)
Thread-0 executing received event (padded) (t = 3805) from Node4
Thread within node2 executing local event (padded)
Thread within node2 executing local event (padded)
Thread within node2 executing local event (padded)
Thread-1 within node2 sent event (t=3813) to Node1
Thread within node2 executing local event (padded)
Thread-1 executing received event (padded) (t = 3826) from Node5
Thread within node2 executing local event (padded)
Thread within node2 executing local event (padded)
Thread-1 within node2 sent event (t=3832) to Node5
Thread within node2 executing local event (padded)
Thread within node2 executing local event (padded)
Thread-2 within node2 sent event (t=3836) to Node5
Thread-2 executing received event (padded) (t = 3850) from Node4
Thread within node2 executing local event (padded)
Thread-2 within node2 sent event (t=3854) to Node5
Thread within node2 executing local event (padded)
Thread-2 within node2 sent event (t=3856) to Node5
Thread within node2 executing local event (padded)
Thread within node2 executing local event (padded)
Thread-2 within node2 sent event (t=3860) to Node1
Thread within node2 executing local event (padded)
Thread-1 within node2 sent event (t=3862) to Node1
Thread-0 executing received event (padded) (t = 3871) from Node3
Thread within node2 executing local event (padded)
Thread-1 within node2 sent event (t=3875) to Node1
Thread within node2 executing local event (padded)
Thread-1 within node2 sent event (t=3877) to Node5
Thread within node2 executing local event (padded)
Thread-0 within node2 sent event (t=3879) to Node1
Thread within node2 executing local event (padded)
Thread within node2 executing local event (padded)
Thread-1 within node2 sent event (t=3883) to Node1
Thread within node2 executing local event (padded)
Thread-3 executing received event (padded) (t = 3928) from Node3
Thread within node2 executing local event (padded)
Thread within node2 executing local event (padded)
Thread within node2 executing local event (padded)
Thread-0 within node2 sent event (t=3936) to Node3
Thread within node2 executing local event (padded)
Thread-0 executing received event (padded) (t = 3954) from Node4
Thread within node2 executing local event (padded)
Thread-1 within node2 sent event (t=3958) to Node1
Thread within node2 executing local event (padded)
Thread within node2 executing local event (padded)
Thread-0 within node2 sent event (t=3962) to Node4
Thread within node2 executing local event (padded)
Thread-2 within node2 sent event (t=3964) to Node5
Thread within node2 executing local event (padded)
Thread within node2 executing local event (padded)
Thread-2 within node2 sent event (t=3968) to Node4
Thread within node2 executing local event (padded)
Thread-0 within node2 sent event (t=3970) to Node3
Thread within node2 executing local event (padded)
Thread within node2 executing local event (padded)
Thread-0 within node2 sent event (t=3974) to Node1
Thread within node2 executing local event (padded)
Thread within node2 executing local event (padded)
Thread within node2 executing local event (padded)
Thread within node2 executing local event (padded)
Thread within node2 executing local event (padded)
Thread-0 within node2 sent event (t=3984) to Node4
Thread within node2 executing local event (padded)
Thread within node2 executing local event (padded)
Thread within node2 executing local event (padded)
Thread-0 within node2 sent event (t=3990) to Node5

=== Node 2 Statistics (PaddedCounter) ===
Total events processed: 594
Messages sent: 202
Messages received: 194
Execution time = 12023 ms
Final Lamport time: 3990
PaddedCounter 0 value: 151
PaddedCounter 1 value: 149
PaddedCounter 2 value: 154
PaddedCounter 3 value: 140
