Node 1 initialized on port 4225
Node 1 using PaddedCounter to prevent false sharing
Node 1 listening on port 4225
Node 1 connected to Node 2
Node 1 connected to Node 3
Node 1 connected to Node 4
Node 1 connected to Node 5
Node 1 starting 4 worker threads with PaddedCounter
Thread within node1 executing local event (padded)
Thread within node1 executing local event (padded)
Thread within node1 executing local event (padded)
Thread within node1 executing local event (padded)
Thread within node1 executing local event (padded)
Thread-3 within node1 sent event (t=5) to Node5
Thread within node1 executing local event (padded)
Thread-3 within node1 sent event (t=4) to Node5
Thread within node1 executing local event (padded)
Thread-3 within node1 sent event (t=7) to Node5
Thread within node1 executing local event (padded)
Thread-2 within node1 sent event (t=8) to Node5
Thread within node1 executing local event (padded)
Thread within node1 executing local event (padded)
Thread-1 within node1 sent event (t=10) to Node4
Thread within node1 executing local event (padded)
Thread within node1 executing local event (padded)
Thread within node1 executing local event (padded)
Thread-3 within node1 sent event (t=13) to Node4
Thread within node1 executing local event (padded)
Thread-2 within node1 sent event (t=14) to Node2
Thread within node1 executing local event (padded)
Thread within node1 executing local event (padded)
Thread within node1 executing local event (padded)
Thread within node1 executing local event (padded)
Thread-0 within node1 sent event (t=18) to Node5
Thread within node1 executing local event (padded)
Thread-0 within node1 sent event (t=19) to Node4
Thread-3 executing received event (padded) (t = 133) from Node3
Thread within node1 executing local event (padded)
Thread-1 executing received event (padded) (t = 154) from Node5
Thread-2 executing received event (padded) (t = 139) from Node3
Thread within node1 executing local event (padded)
Thread-0 executing received event (padded) (t = 142) from Node3
Thread-1 executing received event (padded) (t = 159) from Node5
Thread within node1 executing local event (padded)
Thread-3 within node1 sent event (t=161) to Node3
Thread within node1 executing local event (padded)
Thread within node1 executing local event (padded)
Thread-3 within node1 sent event (t=163) to Node2
Thread-1 executing received event (padded) (t = 190) from Node5
Thread within node1 executing local event (padded)
Thread-1 within node1 sent event (t=192) to Node5
Thread within node1 executing local event (padded)
Thread-0 within node1 sent event (t=193) to Node5
Thread within node1 executing local event (padded)
Thread within node1 executing local event (padded)
Thread-0 within node1 sent event (t=195) to Node5
Thread within node1 executing local event (padded)
Thread-2 within node1 sent event (t=196) to Node5
Thread-3 executing received event (padded) (t = 250) from Node5
Thread within node1 executing local event (padded)
Thread-1 executing received event (padded) (t = 255) from Node5
Thread within node1 executing local event (padded)
Thread-2 within node1 sent event (t=257) to Node5
Thread within node1 executing local event (padded)
Thread within node1 executing local event (padded)
Thread-1 executing received event (padded) (t = 267) from Node5
Thread within node1 executing local event (padded)
Thread-3 executing received event (padded) (t = 210) from Node3
Thread within node1 executing local event (padded)
Thread-3 within node1 sent event (t=271) to Node3
Thread within node1 executing local event (padded)
Thread-2 executing received event (padded) (t = 277) from Node5
Thread within node1 executing local event (padded)
Thread-0 within node1 sent event (t=279) to Node3
Thread within node1 executing local event (padded)
Thread within node1 executing local event (padded)
Thread within node1 executing local event (padded)
Thread-3 within node1 sent event (t=282) to Node4
Thread within node1 executing local event (padded)
Thread within node1 executing local event (padded)
Thread within node1 executing local event (padded)
Thread within node1 executing local event (padded)
Thread-2 within node1 sent event (t=286) to Node4
Thread within node1 executing local event (padded)
Thread within node1 executing local event (padded)
Thread-3 within node1 sent event (t=288) to Node4
Thread within node1 executing local event (padded)
Thread-2 executing received event (padded) (t = 289) from Node2
Thread-3 executing received event (padded) (t = 295) from Node2
Thread within node1 executing local event (padded)
Thread within node1 executing local event (padded)
Thread-2 executing received event (padded) (t = 361) from Node3
Thread within node1 executing local event (padded)
Thread-0 within node1 sent event (t=363) to Node3
Thread within node1 executing local event (padded)
Thread-3 within node1 sent event (t=364) to Node4
Thread within node1 executing local event (padded)
Thread-2 within node1 sent event (t=365) to Node2
Thread-2 executing received event (padded) (t = 385) from Node2
Thread within node1 executing local event (padded)
Thread within node1 executing local event (padded)
Thread-1 executing received event (padded) (t = 393) from Node3
Thread within node1 executing local event (padded)
Thread within node1 executing local event (padded)
Thread-2 within node1 sent event (t=396) to Node4
Thread-0 executing received event (padded) (t = 404) from Node4
Thread-1 executing received event (padded) (t = 433) from Node4
Thread-2 executing received event (padded) (t = 437) from Node4
Thread-3 executing received event (padded) (t = 445) from Node2
Thread within node1 executing local event (padded)
Thread-0 within node1 sent event (t=447) to Node2
Thread within node1 executing local event (padded)
Thread-2 within node1 sent event (t=448) to Node3
Thread within node1 executing local event (padded)
Thread within node1 executing local event (padded)
Thread within node1 executing local event (padded)
Thread-3 within node1 sent event (t=451) to Node3
Thread-1 executing received event (padded) (t = 463) from Node4
Thread within node1 executing local event (padded)
Thread-1 within node1 sent event (t=465) to Node4
Thread within node1 executing local event (padded)
Thread within node1 executing local event (padded)
Thread-2 within node1 sent event (t=467) to Node2
Thread-1 executing received event (padded) (t = 502) from Node5
Thread within node1 executing local event (padded)
Thread within node1 executing local event (padded)
Thread-1 within node1 sent event (t=505) to Node3
Thread-0 executing received event (padded) (t = 513) from Node2
Thread within node1 executing local event (padded)
Thread-2 executing received event (padded) (t = 515) from Node2
Thread within node1 executing local event (padded)
Thread-0 within node1 sent event (t=517) to Node3
Thread within node1 executing local event (padded)
Thread-2 within node1 sent event (t=518) to Node5
Thread within node1 executing local event (padded)
Thread-2 executing received event (padded) (t = 551) from Node2
Thread-3 executing received event (padded) (t = 563) from Node4
Thread within node1 executing local event (padded)
Thread-2 within node1 sent event (t=565) to Node5
Thread within node1 executing local event (padded)
Thread within node1 executing local event (padded)
Thread within node1 executing local event (padded)
Thread-2 within node1 sent event (t=568) to Node3
Thread within node1 executing local event (padded)
Thread within node1 executing local event (padded)
Thread-2 within node1 sent event (t=570) to Node5
Thread within node1 executing local event (padded)
Thread-3 executing received event (padded) (t = 591) from Node3
Thread within node1 executing local event (padded)
Thread within node1 executing local event (padded)
Thread within node1 executing local event (padded)
Thread within node1 executing local event (padded)
Thread-1 within node1 sent event (t=596) to Node5
Thread within node1 executing local event (padded)
Thread-0 within node1 sent event (t=597) to Node3
Thread-1 executing received event (padded) (t = 623) from Node2
Thread-2 executing received event (padded) (t = 623) from Node3
Thread within node1 executing local event (padded)
Thread within node1 executing local event (padded)
Thread within node1 executing local event (padded)
Thread-0 within node1 sent event (t=628) to Node2
Thread within node1 executing local event (padded)
Thread-3 within node1 sent event (t=629) to Node4
Thread-3 executing received event (padded) (t = 636) from Node2
Thread within node1 executing local event (padded)
Thread-1 within node1 sent event (t=638) to Node2
Thread within node1 executing local event (padded)
Thread within node1 executing local event (padded)
Thread-2 within node1 sent event (t=640) to Node2
Thread within node1 executing local event (padded)
Thread within node1 executing local event (padded)
Thread-1 within node1 sent event (t=642) to Node3
Thread-1 executing received event (padded) (t = 749) from Node4
Thread within node1 executing local event (padded)
Thread-1 within node1 sent event (t=751) to Node3
Thread within node1 executing local event (padded)
Thread within node1 executing local event (padded)
Thread within node1 executing local event (padded)
Thread-0 within node1 sent event (t=754) to Node2
Thread within node1 executing local event (padded)
Thread-2 within node1 sent event (t=755) to Node2
Thread within node1 executing local event (padded)
Thread-0 executing received event (padded) (t = 763) from Node3
Thread-1 executing received event (padded) (t = 780) from Node5
Thread within node1 executing local event (padded)
Thread-3 executing received event (padded) (t = 782) from Node4
Thread within node1 executing local event (padded)
Thread-0 within node1 sent event (t=784) to Node2
Thread within node1 executing local event (padded)
Thread-3 within node1 sent event (t=785) to Node4
Thread within node1 executing local event (padded)
Thread-1 within node1 sent event (t=786) to Node2
Thread within node1 executing local event (padded)
Thread-3 within node1 sent event (t=787) to Node5
Thread-0 executing received event (padded) (t = 784) from Node3
Thread-1 executing received event (padded) (t = 810) from Node5
Thread within node1 executing local event (padded)
Thread-2 within node1 sent event (t=812) to Node3
Thread within node1 executing local event (padded)
Thread-0 within node1 sent event (t=813) to Node5
Thread-0 executing received event (padded) (t = 849) from Node5
Thread-1 executing received event (padded) (t = 858) from Node2
Thread-2 executing received event (padded) (t = 859) from Node5
Thread within node1 executing local event (padded)
Thread-0 executing received event (padded) (t = 870) from Node3
Thread within node1 executing local event (padded)
Thread-2 executing received event (padded) (t = 869) from Node5
Thread within node1 executing local event (padded)
Thread-0 executing received event (padded) (t = 879) from Node5
Thread within node1 executing local event (padded)
Thread-2 executing received event (padded) (t = 898) from Node3
Thread-3 executing received event (padded) (t = 904) from Node3
Thread-0 executing received event (padded) (t = 870) from Node2
Thread within node1 executing local event (padded)
Thread-0 within node1 sent event (t=907) to Node3
Thread within node1 executing local event (padded)
Thread-3 within node1 sent event (t=908) to Node4
Thread-3 executing received event (padded) (t = 919) from Node3
Thread within node1 executing local event (padded)
Thread-1 within node1 sent event (t=921) to Node3
Thread within node1 executing local event (padded)
Thread-2 executing received event (padded) (t = 930) from Node3
Thread within node1 executing local event (padded)
Thread-1 within node1 sent event (t=932) to Node2
Thread within node1 executing local event (padded)
Thread within node1 executing local event (padded)
Thread-3 within node1 sent event (t=934) to Node5
Thread within node1 executing local event (padded)
Thread-3 executing received event (padded) (t = 982) from Node5
Thread within node1 executing local event (padded)
Thread within node1 executing local event (padded)
Thread-3 within node1 sent event (t=985) to Node2
Thread within node1 executing local event (padded)
Thread within node1 executing local event (padded)
Thread-1 within node1 sent event (t=987) to Node4
Thread within node1 executing local event (padded)
Thread-2 within node1 sent event (t=988) to Node2
Thread-1 executing received event (padded) (t = 1031) from Node2
Thread within node1 executing local event (padded)
Thread-3 executing received event (padded) (t = 1047) from Node4
Thread within node1 executing local event (padded)
Thread-3 within node1 sent event (t=1049) to Node4
Thread within node1 executing local event (padded)
Thread within node1 executing local event (padded)
Thread within node1 executing local event (padded)
Thread-0 executing received event (padded) (t = 1070) from Node2
Thread within node1 executing local event (padded)
Thread within node1 executing local event (padded)
Thread-1 within node1 sent event (t=1073) to Node5
Thread within node1 executing local event (padded)
Thread-3 within node1 sent event (t=1074) to Node4
Thread-0 executing received event (padded) (t = 1083) from Node2
Thread within node1 executing local event (padded)
Thread-1 within node1 sent event (t=1085) to Node2
Thread-2 executing received event (padded) (t = 1095) from Node5
Thread within node1 executing local event (padded)
Thread-1 within node1 sent event (t=1097) to Node4
Thread within node1 executing local event (padded)
Thread within node1 executing local event (padded)
Thread-3 within node1 sent event (t=1099) to Node2
Thread within node1 executing local event (padded)
Thread within node1 executing local event (padded)
Thread within node1 executing local event (padded)
Thread-1 within node1 sent event (t=1101) to Node4
Thread within node1 executing local event (padded)
Thread-2 executing received event (padded) (t = 1151) from Node2
Thread within node1 executing local event (padded)
Thread-1 within node1 sent event (t=1153) to Node2
Thread within node1 executing local event (padded)
Thread-1 executing received event (padded) (t = 1169) from Node4
Thread within node1 executing local event (padded)
Thread within node1 executing local event (padded)
Thread-2 within node1 sent event (t=1172) to Node5
Thread within node1 executing local event (padded)
Thread-3 within node1 sent event (t=1173) to Node5
Thread within node1 executing local event (padded)
Thread-2 within node1 sent event (t=1174) to Node5
Thread within node1 executing local event (padded)
Thread-0 within node1 sent event (t=1175) to Node2
Thread within node1 executing local event (padded)
Thread-1 within node1 sent event (t=1176) to Node4
Thread within node1 executing local event (padded)
Thread within node1 executing local event (padded)
Thread within node1 executing local event (padded)
Thread within node1 executing local event (padded)
Thread-1 within node1 sent event (t=1180) to Node3
Thread within node1 executing local event (padded)
Thread within node1 executing local event (padded)
Thread-2 within node1 sent event (t=1182) to Node4
Thread within node1 executing local event (padded)
Thread-2 within node1 sent event (t=1183) to Node3
Thread within node1 executing local event (padded)
Thread-0 executing received event (padded) (t = 1330) from Node2
Thread-1 executing received event (padded) (t = 1329) from Node5
Thread within node1 executing local event (padded)
Thread-3 within node1 sent event (t=1333) to Node5
Thread-3 executing received event (padded) (t = 1301) from Node3
Thread within node1 executing local event (padded)
Thread-0 within node1 sent event (t=1335) to Node5
Thread-1 executing received event (padded) (t = 1358) from Node5
Thread-2 executing received event (padded) (t = 1336) from Node2
Thread-3 executing received event (padded) (t = 1363) from Node5
Thread within node1 executing local event (padded)
Thread within node1 executing local event (padded)
Thread-3 within node1 sent event (t=1366) to Node3
Thread within node1 executing local event (padded)
Thread-2 within node1 sent event (t=1367) to Node2
Thread within node1 executing local event (padded)
Thread-0 within node1 sent event (t=1368) to Node4
Thread-0 executing received event (padded) (t = 1413) from Node5
Thread-1 executing received event (padded) (t = 1398) from Node3
Thread within node1 executing local event (padded)
Thread within node1 executing local event (padded)
Thread within node1 executing local event (padded)
Thread-3 within node1 sent event (t=1418) to Node5
Thread within node1 executing local event (padded)
Thread within node1 executing local event (padded)
Thread-3 executing received event (padded) (t = 1441) from Node3
Thread within node1 executing local event (padded)
Thread within node1 executing local event (padded)
Thread within node1 executing local event (padded)
Thread-3 within node1 sent event (t=1445) to Node2
Thread within node1 executing local event (padded)
Thread within node1 executing local event (padded)
Thread-0 within node1 sent event (t=1447) to Node5
Thread within node1 executing local event (padded)
Thread within node1 executing local event (padded)
Thread-0 within node1 sent event (t=1449) to Node3
Thread-3 executing received event (padded) (t = 1505) from Node3
Thread-0 executing received event (padded) (t = 1511) from Node5
Thread-1 executing received event (padded) (t = 1521) from Node5
Thread within node1 executing local event (padded)
Thread-1 within node1 sent event (t=1523) to Node3
Thread within node1 executing local event (padded)
Thread within node1 executing local event (padded)
Thread within node1 executing local event (padded)
Thread-2 within node1 sent event (t=1526) to Node2
Thread within node1 executing local event (padded)
Thread-1 within node1 sent event (t=1527) to Node4
Thread-3 executing received event (padded) (t = 1603) from Node3
Thread within node1 executing local event (padded)
Thread-0 within node1 sent event (t=1605) to Node5
Thread within node1 executing local event (padded)
Thread within node1 executing local event (padded)
Thread within node1 executing local event (padded)
Thread-1 within node1 sent event (t=1608) to Node2
Thread-0 executing received event (padded) (t = 1624) from Node5
Thread within node1 executing local event (padded)
Thread-3 within node1 sent event (t=1626) to Node5
Thread-2 executing received event (padded) (t = 1572) from Node4
Thread within node1 executing local event (padded)
Thread-1 within node1 sent event (t=1628) to Node3
Thread within node1 executing local event (padded)
Thread-3 within node1 sent event (t=1629) to Node2
Thread within node1 executing local event (padded)
Thread-0 within node1 sent event (t=1630) to Node2
Thread within node1 executing local event (padded)
Thread-2 within node1 sent event (t=1631) to Node4
Thread-3 executing received event (padded) (t = 1662) from Node5
Thread within node1 executing local event (padded)
Thread-3 within node1 sent event (t=1664) to Node2
Thread within node1 executing local event (padded)
Thread-2 executing received event (padded) (t = 1686) from Node5
Thread within node1 executing local event (padded)
Thread within node1 executing local event (padded)
Thread-2 within node1 sent event (t=1689) to Node5
Thread within node1 executing local event (padded)
Thread-3 within node1 sent event (t=1690) to Node4
Thread within node1 executing local event (padded)
Thread-3 executing received event (padded) (t = 1697) from Node2
Thread within node1 executing local event (padded)
Thread-0 within node1 sent event (t=1699) to Node3
Thread within node1 executing local event (padded)
Thread-1 within node1 sent event (t=1700) to Node2
Thread-2 executing received event (padded) (t = 1740) from Node5
Thread within node1 executing local event (padded)
Thread-2 within node1 sent event (t=1742) to Node3
Thread-0 executing received event (padded) (t = 1728) from Node4
Thread within node1 executing local event (padded)
Thread within node1 executing local event (padded)
Thread-3 within node1 sent event (t=1745) to Node4
Thread-3 executing received event (padded) (t = 1750) from Node5
Thread-0 executing received event (padded) (t = 1704) from Node2
Thread within node1 executing local event (padded)
Thread-1 within node1 sent event (t=1753) to Node5
Thread within node1 executing local event (padded)
Thread within node1 executing local event (padded)
Thread within node1 executing local event (padded)
Thread within node1 executing local event (padded)
Thread-2 within node1 sent event (t=1757) to Node5
Thread-2 executing received event (padded) (t = 1819) from Node5
Thread within node1 executing local event (padded)
Thread within node1 executing local event (padded)
Thread-2 within node1 sent event (t=1822) to Node3
Thread within node1 executing local event (padded)
Thread within node1 executing local event (padded)
Thread-1 within node1 sent event (t=1824) to Node4
Thread within node1 executing local event (padded)
Thread-3 within node1 sent event (t=1825) to Node5
Thread within node1 executing local event (padded)
Thread-1 within node1 sent event (t=1826) to Node5
Thread within node1 executing local event (padded)
Thread-3 within node1 sent event (t=1827) to Node3
Thread-2 executing received event (padded) (t = 1854) from Node2
Thread within node1 executing local event (padded)
Thread-0 executing received event (padded) (t = 1840) from Node3
Thread within node1 executing local event (padded)
Thread-3 within node1 sent event (t=1858) to Node3
Thread within node1 executing local event (padded)
Thread within node1 executing local event (padded)
Thread-2 within node1 sent event (t=1860) to Node2
Thread-0 executing received event (padded) (t = 1881) from Node3
Thread within node1 executing local event (padded)
Thread-0 within node1 sent event (t=1883) to Node4
Thread-2 executing received event (padded) (t = 1891) from Node2
Thread within node1 executing local event (padded)
Thread within node1 executing local event (padded)
Thread-1 within node1 sent event (t=1894) to Node2
Thread-1 executing received event (padded) (t = 1916) from Node5
Thread-2 executing received event (padded) (t = 1921) from Node5
Thread within node1 executing local event (padded)
Thread-3 within node1 sent event (t=1923) to Node2
Thread-0 executing received event (padded) (t = 1930) from Node4
Thread-1 executing received event (padded) (t = 1930) from Node3
Thread-2 executing received event (padded) (t = 1938) from Node4
Thread within node1 executing local event (padded)
Thread within node1 executing local event (padded)
Thread-2 within node1 sent event (t=1941) to Node4
Thread-1 executing received event (padded) (t = 1946) from Node2
Thread within node1 executing local event (padded)
Thread-2 within node1 sent event (t=1948) to Node4
Thread-3 executing received event (padded) (t = 1974) from Node2
Thread within node1 executing local event (padded)
Thread-0 within node1 sent event (t=1976) to Node5
Thread-1 executing received event (padded) (t = 1991) from Node4
Thread within node1 executing local event (padded)
Thread-3 within node1 sent event (t=1993) to Node5
Thread within node1 executing local event (padded)
Thread within node1 executing local event (padded)
Thread-0 within node1 sent event (t=1995) to Node3
Thread within node1 executing local event (padded)
Thread-2 executing received event (padded) (t = 2008) from Node5
Thread within node1 executing local event (padded)
Thread-3 within node1 sent event (t=2010) to Node5
Thread-0 executing received event (padded) (t = 2039) from Node4
Thread within node1 executing local event (padded)
Thread-2 executing received event (padded) (t = 2038) from Node5
Thread-3 executing received event (padded) (t = 2053) from Node3
Thread-0 executing received event (padded) (t = 2066) from Node5
Thread-1 executing received event (padded) (t = 2055) from Node4
Thread-2 executing received event (padded) (t = 2059) from Node4
Thread within node1 executing local event (padded)
Thread-0 within node1 sent event (t=2070) to Node5
Thread within node1 executing local event (padded)
Thread within node1 executing local event (padded)
Thread-3 within node1 sent event (t=2072) to Node5
Thread within node1 executing local event (padded)
Thread-1 within node1 sent event (t=2073) to Node3
Thread within node1 executing local event (padded)
Thread-3 within node1 sent event (t=2074) to Node3
Thread-0 executing received event (padded) (t = 2125) from Node5
Thread within node1 executing local event (padded)
Thread-0 within node1 sent event (t=2127) to Node5
Thread within node1 executing local event (padded)
Thread within node1 executing local event (padded)
Thread-0 within node1 sent event (t=2129) to Node3
Thread within node1 executing local event (padded)
Thread-1 executing received event (padded) (t = 2141) from Node3
Thread-2 executing received event (padded) (t = 2144) from Node3
Thread within node1 executing local event (padded)
Thread-1 within node1 sent event (t=2146) to Node2
Thread within node1 executing local event (padded)
Thread within node1 executing local event (padded)
Thread-2 within node1 sent event (t=2148) to Node5
Thread-2 executing received event (padded) (t = 2150) from Node3
Thread-3 executing received event (padded) (t = 2156) from Node2
Thread-0 executing received event (padded) (t = 2160) from Node2
Thread within node1 executing local event (padded)
Thread-2 executing received event (padded) (t = 2190) from Node5
Thread within node1 executing local event (padded)
Thread-1 within node1 sent event (t=2192) to Node2
Thread-0 executing received event (padded) (t = 2208) from Node4
Thread within node1 executing local event (padded)
Thread within node1 executing local event (padded)
Thread within node1 executing local event (padded)
Thread-3 within node1 sent event (t=2212) to Node2
Thread-0 executing received event (padded) (t = 2212) from Node3
Thread within node1 executing local event (padded)
Thread within node1 executing local event (padded)
Thread-2 within node1 sent event (t=2215) to Node2
Thread within node1 executing local event (padded)
Thread within node1 executing local event (padded)
Thread-1 within node1 sent event (t=2217) to Node4
Thread-1 executing received event (padded) (t = 2227) from Node2
Thread-2 executing received event (padded) (t = 2251) from Node5
Thread-3 executing received event (padded) (t = 2257) from Node4
Thread within node1 executing local event (padded)
Thread-0 within node1 sent event (t=2259) to Node4
Thread-1 executing received event (padded) (t = 2236) from Node3
Thread within node1 executing local event (padded)
Thread within node1 executing local event (padded)
Thread within node1 executing local event (padded)
Thread within node1 executing local event (padded)
Thread-1 within node1 sent event (t=2264) to Node4
Thread within node1 executing local event (padded)
Thread-1 within node1 sent event (t=2265) to Node5
Thread-3 executing received event (padded) (t = 2299) from Node4
Thread within node1 executing local event (padded)
Thread within node1 executing local event (padded)
Thread-2 executing received event (padded) (t = 2288) from Node3
Thread within node1 executing local event (padded)
Thread-2 within node1 sent event (t=2304) to Node5
Thread within node1 executing local event (padded)
Thread-1 within node1 sent event (t=2305) to Node2
Thread-1 executing received event (padded) (t = 2337) from Node2
Thread within node1 executing local event (padded)
Thread within node1 executing local event (padded)
Thread-0 executing received event (padded) (t = 2379) from Node5
Thread within node1 executing local event (padded)
Thread within node1 executing local event (padded)
Thread-3 executing received event (padded) (t = 2351) from Node2
Thread within node1 executing local event (padded)
Thread-1 executing received event (padded) (t = 2406) from Node3
Thread within node1 executing local event (padded)
Thread within node1 executing local event (padded)
Thread within node1 executing local event (padded)
Thread within node1 executing local event (padded)
Thread within node1 executing local event (padded)
Thread-3 within node1 sent event (t=2412) to Node3
Thread within node1 executing local event (padded)
Thread within node1 executing local event (padded)
Thread within node1 executing local event (padded)
Thread-2 executing received event (padded) (t = 2442) from Node2
Thread within node1 executing local event (padded)
Thread within node1 executing local event (padded)
Thread-2 within node1 sent event (t=2445) to Node2
Thread-1 executing received event (padded) (t = 2490) from Node2
Thread within node1 executing local event (padded)
Thread-3 executing received event (padded) (t = 2494) from Node2
Thread within node1 executing local event (padded)
Thread-1 within node1 sent event (t=2496) to Node4
Thread-1 executing received event (padded) (t = 2507) from Node5
Thread within node1 executing local event (padded)
Thread-2 within node1 sent event (t=2509) to Node5
Thread-3 executing received event (padded) (t = 2524) from Node3
Thread within node1 executing local event (padded)
Thread-0 within node1 sent event (t=2526) to Node4
Thread-1 executing received event (padded) (t = 2518) from Node2
Thread-2 executing received event (padded) (t = 2537) from Node5
Thread-3 executing received event (padded) (t = 2542) from Node5
Thread within node1 executing local event (padded)
Thread-3 within node1 sent event (t=2544) to Node4
Thread within node1 executing local event (padded)
Thread-1 within node1 sent event (t=2545) to Node5
Thread within node1 executing local event (padded)
Thread-2 within node1 sent event (t=2546) to Node5
Thread-3 executing received event (padded) (t = 2536) from Node3
Thread-0 executing received event (padded) (t = 2572) from Node5
Thread within node1 executing local event (padded)
Thread-2 executing received event (padded) (t = 2596) from Node2
Thread-3 executing received event (padded) (t = 2616) from Node4
Thread within node1 executing local event (padded)
Thread within node1 executing local event (padded)
Thread-3 within node1 sent event (t=2619) to Node5
Thread within node1 executing local event (padded)
Thread-2 within node1 sent event (t=2620) to Node2
Thread within node1 executing local event (padded)
Thread within node1 executing local event (padded)
Thread-1 within node1 sent event (t=2622) to Node2
Thread-1 executing received event (padded) (t = 2640) from Node2
Thread-2 executing received event (padded) (t = 2649) from Node5
Thread-3 executing received event (padded) (t = 2620) from Node3
Thread within node1 executing local event (padded)
Thread-1 within node1 sent event (t=2652) to Node5
Thread-1 executing received event (padded) (t = 2669) from Node5
Thread within node1 executing local event (padded)
Thread-2 within node1 sent event (t=2671) to Node2
Thread within node1 executing local event (padded)
Thread within node1 executing local event (padded)
Thread-1 executing received event (padded) (t = 2710) from Node4
Thread within node1 executing local event (padded)
Thread-0 within node1 sent event (t=2712) to Node5
Thread within node1 executing local event (padded)
Thread-2 within node1 sent event (t=2713) to Node5
Thread within node1 executing local event (padded)
Thread-0 within node1 sent event (t=2714) to Node5
Thread within node1 executing local event (padded)
Thread-3 within node1 sent event (t=2715) to Node2
Thread within node1 executing local event (padded)
Thread-3 executing received event (padded) (t = 2724) from Node3
Thread-0 executing received event (padded) (t = 2727) from Node3
Thread within node1 executing local event (padded)
Thread-2 within node1 sent event (t=2729) to Node2
Thread-2 executing received event (padded) (t = 2768) from Node2
Thread-3 executing received event (padded) (t = 2774) from Node5
Thread within node1 executing local event (padded)
Thread-0 within node1 sent event (t=2776) to Node4
Thread-1 executing received event (padded) (t = 2796) from Node4
Thread within node1 executing local event (padded)
Thread-1 within node1 sent event (t=2798) to Node5
Thread within node1 executing local event (padded)
Thread within node1 executing local event (padded)
Thread-1 executing received event (padded) (t = 2808) from Node5
Thread within node1 executing local event (padded)
Thread-1 within node1 sent event (t=2810) to Node2
Thread-3 executing received event (padded) (t = 2813) from Node5
Thread within node1 executing local event (padded)
Thread-1 executing received event (padded) (t = 2804) from Node4
Thread within node1 executing local event (padded)
Thread-3 executing received event (padded) (t = 2818) from Node5
Thread-0 executing received event (padded) (t = 2791) from Node3
Thread within node1 executing local event (padded)
Thread within node1 executing local event (padded)
Thread-2 within node1 sent event (t=2822) to Node3
Thread within node1 executing local event (padded)
Thread-0 within node1 sent event (t=2823) to Node3
Thread within node1 executing local event (padded)
Thread-3 within node1 sent event (t=2824) to Node5
Thread-1 executing received event (padded) (t = 2844) from Node3
Thread-2 executing received event (padded) (t = 2843) from Node5
Thread within node1 executing local event (padded)
Thread-1 within node1 sent event (t=2847) to Node5
Thread within node1 executing local event (padded)
Thread-2 within node1 sent event (t=2848) to Node2
Thread within node1 executing local event (padded)
Thread within node1 executing local event (padded)
Thread within node1 executing local event (padded)
Thread-3 within node1 sent event (t=2851) to Node3
Thread-0 executing received event (padded) (t = 2884) from Node4
Thread-1 executing received event (padded) (t = 2870) from Node2
Thread-2 executing received event (padded) (t = 2892) from Node4
Thread-3 executing received event (padded) (t = 2921) from Node3
Thread within node1 executing local event (padded)
Thread-1 executing received event (padded) (t = 2900) from Node4
Thread within node1 executing local event (padded)
Thread within node1 executing local event (padded)
Thread-1 within node1 sent event (t=2926) to Node5
Thread-0 executing received event (padded) (t = 2961) from Node5
Thread within node1 executing local event (padded)
Thread-3 within node1 sent event (t=2963) to Node3
Thread within node1 executing local event (padded)
Thread-0 within node1 sent event (t=2964) to Node5
Thread-3 executing received event (padded) (t = 2974) from Node5
Thread within node1 executing local event (padded)
Thread-1 executing received event (padded) (t = 2963) from Node2
Thread-2 executing received event (padded) (t = 2975) from Node3
Thread within node1 executing local event (padded)
Thread-0 executing received event (padded) (t = 2984) from Node3
Thread within node1 executing local event (padded)
Thread within node1 executing local event (padded)
Thread within node1 executing local event (padded)
Thread-1 within node1 sent event (t=2988) to Node3
Thread-0 executing received event (padded) (t = 2991) from Node3
Thread within node1 executing local event (padded)
Thread within node1 executing local event (padded)
Thread-0 within node1 sent event (t=2994) to Node3
Thread within node1 executing local event (padded)
Thread-2 within node1 sent event (t=2995) to Node5
Thread-0 executing received event (padded) (t = 3029) from Node5
Thread within node1 executing local event (padded)
Thread-2 within node1 sent event (t=3031) to Node5
Thread within node1 executing local event (padded)
Thread within node1 executing local event (padded)
Thread-0 within node1 sent event (t=3033) to Node5
Thread within node1 executing local event (padded)
Thread-1 within node1 sent event (t=3034) to Node2
Thread-1 executing received event (padded) (t = 3063) from Node3
Thread-2 executing received event (padded) (t = 3081) from Node5
Thread within node1 executing local event (padded)
Thread-0 within node1 sent event (t=3083) to Node4
Thread-0 executing received event (padded) (t = 3046) from Node2
Thread within node1 executing local event (padded)
Thread-2 executing received event (padded) (t = 3095) from Node4
Thread within node1 executing local event (padded)
Thread-0 executing received event (padded) (t = 3099) from Node4
Thread within node1 executing local event (padded)
Thread-2 executing received event (padded) (t = 3127) from Node2
Thread within node1 executing local event (padded)
Thread within node1 executing local event (padded)
Thread-1 executing received event (padded) (t = 3139) from Node4
Thread-2 executing received event (padded) (t = 3123) from Node3
Thread within node1 executing local event (padded)
Thread-0 executing received event (padded) (t = 3155) from Node4
Thread within node1 executing local event (padded)
Thread-2 executing received event (padded) (t = 3151) from Node2
Thread within node1 executing local event (padded)
Thread-2 within node1 sent event (t=3159) to Node4
Thread within node1 executing local event (padded)
Thread-2 within node1 sent event (t=3160) to Node4
Thread within node1 executing local event (padded)
Thread-3 within node1 sent event (t=3161) to Node2
Thread-2 executing received event (padded) (t = 3135) from Node3
Thread within node1 executing local event (padded)
Thread-0 executing received event (padded) (t = 3233) from Node5
Thread within node1 executing local event (padded)
Thread within node1 executing local event (padded)
Thread within node1 executing local event (padded)
Thread-1 within node1 sent event (t=3237) to Node4
Thread within node1 executing local event (padded)
Thread-0 executing received event (padded) (t = 3263) from Node5
Thread-0 within node1 sent event (t=3264) to Node4
Thread-2 executing received event (padded) (t = 3262) from Node2
Thread within node1 executing local event (padded)
Thread within node1 executing local event (padded)
Thread-2 within node1 sent event (t=3267) to Node4
Thread within node1 executing local event (padded)
Thread-2 executing received event (padded) (t = 3292) from Node4
Thread within node1 executing local event (padded)
Thread-0 executing received event (padded) (t = 3302) from Node3
Thread within node1 executing local event (padded)
Thread within node1 executing local event (padded)
Thread-3 executing received event (padded) (t = 3317) from Node3
Thread within node1 executing local event (padded)
Thread-1 within node1 sent event (t=3319) to Node5
Thread-1 executing received event (padded) (t = 3270) from Node2
Thread within node1 executing local event (padded)
Thread-2 within node1 sent event (t=3321) to Node3
Thread-3 executing received event (padded) (t = 3304) from Node4
Thread-0 executing received event (padded) (t = 3344) from Node5
Thread within node1 executing local event (padded)
Thread-2 within node1 sent event (t=3346) to Node3
Thread within node1 executing local event (padded)
Thread-2 within node1 sent event (t=3347) to Node5
Thread-3 executing received event (padded) (t = 3352) from Node3
Thread within node1 executing local event (padded)
Thread within node1 executing local event (padded)
Thread within node1 executing local event (padded)
Thread-2 within node1 sent event (t=3356) to Node5
Thread within node1 executing local event (padded)
Thread-3 within node1 sent event (t=3357) to Node4
Thread within node1 executing local event (padded)
Thread-1 within node1 sent event (t=3358) to Node5
Thread-1 executing received event (padded) (t = 3392) from Node4
Thread-2 executing received event (padded) (t = 3394) from Node2
Thread-3 executing received event (padded) (t = 3405) from Node4
Thread-0 executing received event (padded) (t = 3398) from Node2
Thread-1 executing received event (padded) (t = 3413) from Node4
Thread-2 executing received event (padded) (t = 3409) from Node5
Thread within node1 executing local event (padded)
Thread within node1 executing local event (padded)
Thread-2 within node1 sent event (t=3417) to Node5
Thread within node1 executing local event (padded)
Thread within node1 executing local event (padded)
Thread-0 within node1 sent event (t=3419) to Node5
Thread-3 executing received event (padded) (t = 3402) from Node2
Thread within node1 executing local event (padded)
Thread-1 within node1 sent event (t=3421) to Node2
Thread within node1 executing local event (padded)
Thread within node1 executing local event (padded)
Thread within node1 executing local event (padded)
Thread within node1 executing local event (padded)
Thread-2 within node1 sent event (t=3425) to Node2
Thread within node1 executing local event (padded)
Thread within node1 executing local event (padded)
Thread within node1 executing local event (padded)
Thread-2 within node1 sent event (t=3428) to Node2
Thread-0 executing received event (padded) (t = 3465) from Node4
Thread within node1 executing local event (padded)
Thread-1 within node1 sent event (t=3467) to Node3
Thread within node1 executing local event (padded)
Thread-0 within node1 sent event (t=3468) to Node4
Thread-3 executing received event (padded) (t = 3483) from Node2
Thread-0 executing received event (padded) (t = 3487) from Node2
Thread-1 executing received event (padded) (t = 3489) from Node4
Thread within node1 executing local event (padded)
Thread-2 within node1 sent event (t=3491) to Node5
Thread within node1 executing local event (padded)
Thread-1 within node1 sent event (t=3492) to Node3
Thread within node1 executing local event (padded)
Thread-3 within node1 sent event (t=3493) to Node4
Thread within node1 executing local event (padded)
Thread-0 within node1 sent event (t=3494) to Node2
Thread-2 executing received event (padded) (t = 3513) from Node2
Thread within node1 executing local event (padded)
Thread-0 within node1 sent event (t=3515) to Node4
Thread within node1 executing local event (padded)
Thread within node1 executing local event (padded)
Thread within node1 executing local event (padded)
Thread-3 within node1 sent event (t=3518) to Node3
Thread within node1 executing local event (padded)
Thread-1 within node1 sent event (t=3519) to Node3
Thread-0 executing received event (padded) (t = 3576) from Node4
Thread within node1 executing local event (padded)
Thread-2 within node1 sent event (t=3578) to Node2
Thread-2 executing received event (padded) (t = 3584) from Node2
Thread within node1 executing local event (padded)
Thread within node1 executing local event (padded)
Thread within node1 executing local event (padded)
Thread within node1 executing local event (padded)
Thread-3 executing received event (padded) (t = 3602) from Node2
Thread within node1 executing local event (padded)
Thread within node1 executing local event (padded)
Thread within node1 executing local event (padded)
Thread within node1 executing local event (padded)
Thread-3 within node1 sent event (t=3607) to Node5
Thread within node1 executing local event (padded)
Thread-0 within node1 sent event (t=3608) to Node4
Thread-1 executing received event (padded) (t = 3629) from Node3
Thread within node1 executing local event (padded)
Thread-3 executing received event (padded) (t = 3684) from Node5
Thread within node1 executing local event (padded)
Thread-1 executing received event (padded) (t = 3635) from Node3
Thread within node1 executing local event (padded)
Thread-3 within node1 sent event (t=3688) to Node3
Thread-3 executing received event (padded) (t = 3694) from Node5
Thread-0 executing received event (padded) (t = 3689) from Node4
Thread within node1 executing local event (padded)
Thread-2 executing received event (padded) (t = 3700) from Node3
Thread within node1 executing local event (padded)
Thread-3 within node1 sent event (t=3702) to Node5
Thread-0 executing received event (padded) (t = 3732) from Node5
Thread within node1 executing local event (padded)
Thread-0 within node1 sent event (t=3734) to Node3
Thread-2 executing received event (padded) (t = 3742) from Node4
Thread-3 executing received event (padded) (t = 3740) from Node3
Thread within node1 executing local event (padded)
Thread-0 within node1 sent event (t=3745) to Node5
Thread within node1 executing local event (padded)
Thread-0 within node1 sent event (t=3746) to Node5
Thread-2 executing received event (padded) (t = 3811) from Node5
Thread-3 executing received event (padded) (t = 3813) from Node2
Thread-0 executing received event (padded) (t = 3868) from Node3
Thread-1 executing received event (padded) (t = 3870) from Node4
Thread-2 executing received event (padded) (t = 3878) from Node4
Thread-3 executing received event (padded) (t = 3860) from Node2
Thread-0 executing received event (padded) (t = 3862) from Node2
Thread-1 executing received event (padded) (t = 3874) from Node3
Thread-2 executing received event (padded) (t = 3875) from Node2
Thread-3 executing received event (padded) (t = 3879) from Node2
Thread-0 executing received event (padded) (t = 3904) from Node4
Thread-1 executing received event (padded) (t = 3883) from Node2
Thread-2 executing received event (padded) (t = 3958) from Node4
Thread-3 executing received event (padded) (t = 3958) from Node2
Thread-0 executing received event (padded) (t = 3974) from Node2

=== Node 1 Statistics (PaddedCounter) ===
Total events processed: 617
Messages sent: 209
Messages received: 217
Execution time = 11302 ms
Final Lamport time: 3975
PaddedCounter 0 value: 152
PaddedCounter 1 value: 154
PaddedCounter 2 value: 158
PaddedCounter 3 value: 153
