Node 5 initialized on port 4229
Node 5 listening on port 4229
Node 5 connected to Node 1
Node 5 connected to Node 2
Node 5 connected to Node 3
Node 5 connected to Node 4
Node 5 starting 4 worker threads with 100 events each
Thread within node5 executing local event
Thread within node5 executing local event
Thread within node5 executing local event
Thread within node5 executing local event
Thread-1 executing received event (t = 12) from Node3
Thread-0 executing received event (t = 4) from Node1
Thread-2 executing received event (t = 5) from Node1
Thread-3 executing received event (t = 15) from Node3
Thread within node5 executing local event
Thread within node5 executing local event
Thread-0 within node5 sent event (t=20) to Node4
Thread-1 within node5 sent event (t=45) to Node2
Thread-0 within node5 sent event (t=50) to Node3
Thread-2 executing received event (t = 59) from Node3
Thread-3 executing received event (t = 7) from Node1
Thread within node5 executing local event
Thread-1 executing received event (t = 8) from Node1
Thread within node5 executing local event
Thread within node5 executing local event
Thread-3 within node5 sent event (t=89) to Node3
Thread within node5 executing local event
Thread within node5 executing local event
Thread within node5 executing local event
Thread-0 within node5 sent event (t=99) to Node2
Thread within node5 executing local event
Thread-3 within node5 sent event (t=109) to Node3
Thread within node5 executing local event
Thread-1 within node5 sent event (t=114) to Node2
Thread within node5 executing local event
Thread within node5 executing local event
Thread-2 within node5 sent event (t=124) to Node1
Thread within node5 executing local event
Thread-3 within node5 sent event (t=129) to Node1
Thread-0 executing received event (t = 130) from Node3
Thread within node5 executing local event
Thread-3 within node5 sent event (t=140) to Node1
Thread within node5 executing local event
Thread-2 within node5 sent event (t=145) to Node1
Thread within node5 executing local event
Thread-1 within node5 sent event (t=150) to Node2
Thread within node5 executing local event
Thread within node5 executing local event
Thread-3 within node5 sent event (t=160) to Node3
Thread within node5 executing local event
Thread-0 within node5 sent event (t=165) to Node1
Thread within node5 executing local event
Thread-2 within node5 sent event (t=170) to Node3
Thread-0 executing received event (t = 181) from Node1
Thread within node5 executing local event
Thread-1 within node5 sent event (t=191) to Node1
Thread within node5 executing local event
Thread-2 within node5 sent event (t=196) to Node2
Thread-3 executing received event (t = 193) from Node1
Thread within node5 executing local event
Thread-1 executing received event (t = 197) from Node1
Thread-2 executing received event (t = 203) from Node3
Thread within node5 executing local event
Thread-0 within node5 sent event (t=221) to Node3
Thread within node5 executing local event
Thread-1 within node5 sent event (t=226) to Node3
Thread within node5 executing local event
Thread-2 executing received event (t = 232) from Node1
Thread within node5 executing local event
Thread-3 within node5 sent event (t=242) to Node1
Thread within node5 executing local event
Thread within node5 executing local event
Thread within node5 executing local event
Thread within node5 executing local event
Thread-1 within node5 sent event (t=262) to Node4
Thread within node5 executing local event
Thread within node5 executing local event
Thread within node5 executing local event
Thread within node5 executing local event
Thread within node5 executing local event
Thread-1 executing received event (t = 247) from Node2
Thread-2 executing received event (t = 274) from Node4
Thread-3 executing received event (t = 278) from Node4
Thread within node5 executing local event
Thread within node5 executing local event
Thread-3 within node5 sent event (t=312) to Node3
Thread within node5 executing local event
Thread within node5 executing local event
Thread-0 executing received event (t = 300) from Node2
Thread-1 executing received event (t = 304) from Node2
Thread within node5 executing local event
Thread-0 within node5 sent event (t=337) to Node3
Thread-3 executing received event (t = 350) from Node3
Thread within node5 executing local event
Thread within node5 executing local event
Thread-0 within node5 sent event (t=365) to Node2
Thread within node5 executing local event
Thread-3 within node5 sent event (t=370) to Node4
Thread within node5 executing local event
Thread within node5 executing local event
Thread-1 executing received event (t = 388) from Node2
Thread within node5 executing local event
Thread-3 within node5 sent event (t=398) to Node4
Thread within node5 executing local event
Thread-0 executing received event (t = 404) from Node2
Thread within node5 executing local event
Thread-2 within node5 sent event (t=414) to Node2
Thread within node5 executing local event
Thread-0 within node5 sent event (t=419) to Node3
Thread within node5 executing local event
Thread-0 executing received event (t = 434) from Node4
Thread-1 executing received event (t = 416) from Node1
Thread within node5 executing local event
Thread-2 within node5 sent event (t=449) to Node1
Thread within node5 executing local event
Thread-0 within node5 sent event (t=454) to Node2
Thread-0 executing received event (t = 471) from Node4
Thread within node5 executing local event
Thread-3 within node5 sent event (t=481) to Node3
Thread-2 executing received event (t = 475) from Node4
Thread-3 executing received event (t = 457) from Node1
Thread within node5 executing local event
Thread-1 within node5 sent event (t=496) to Node4
Thread within node5 executing local event
Thread within node5 executing local event
Thread-2 within node5 sent event (t=506) to Node3
Thread within node5 executing local event
Thread within node5 executing local event
Thread-0 within node5 sent event (t=516) to Node4
Thread within node5 executing local event
Thread-1 within node5 sent event (t=521) to Node1
Thread within node5 executing local event
Thread-3 executing received event (t = 542) from Node3
Thread within node5 executing local event
Thread-2 within node5 sent event (t=552) to Node3
Thread within node5 executing local event
Thread within node5 executing local event
Thread-3 executing received event (t = 560) from Node3
Thread within node5 executing local event
Thread-0 within node5 sent event (t=572) to Node1
Thread within node5 executing local event
Thread-3 within node5 sent event (t=577) to Node4
Thread within node5 executing local event
Thread-1 within node5 sent event (t=582) to Node2
Thread within node5 executing local event
Thread within node5 executing local event
Thread-1 executing received event (t = 604) from Node1
Thread within node5 executing local event
Thread within node5 executing local event
Thread-0 within node5 sent event (t=619) to Node1
Thread within node5 executing local event
Thread-2 within node5 sent event (t=624) to Node4
Thread within node5 executing local event
Thread-2 executing received event (t = 640) from Node4
Thread-3 executing received event (t = 638) from Node3
Thread within node5 executing local event
Thread-2 within node5 sent event (t=655) to Node1
Thread-1 executing received event (t = 669) from Node4
Thread within node5 executing local event
Thread-1 within node5 sent event (t=679) to Node1
Thread within node5 executing local event
Thread within node5 executing local event
Thread-2 within node5 sent event (t=689) to Node4
Thread within node5 executing local event
Thread within node5 executing local event
Thread within node5 executing local event
Thread within node5 executing local event
Thread-1 within node5 sent event (t=709) to Node4
Thread within node5 executing local event
Thread-0 within node5 sent event (t=714) to Node1
Thread within node5 executing local event
Thread-1 within node5 sent event (t=719) to Node2
Thread within node5 executing local event
Thread-2 within node5 sent event (t=724) to Node4
Thread within node5 executing local event
Thread-3 within node5 sent event (t=729) to Node1
Thread within node5 executing local event
Thread-3 within node5 sent event (t=734) to Node2
Thread within node5 executing local event
Thread-3 within node5 sent event (t=739) to Node2
Thread within node5 executing local event
Thread within node5 executing local event
Thread within node5 executing local event
Thread within node5 executing local event
Thread within node5 executing local event
Thread-0 executing received event (t = 791) from Node2
Thread-1 executing received event (t = 804) from Node3
Thread-2 executing received event (t = 809) from Node1
Thread-3 executing received event (t = 817) from Node4
Thread-0 executing received event (t = 816) from Node3
Thread within node5 executing local event
Thread-2 within node5 sent event (t=832) to Node3
Thread within node5 executing local event
Thread-1 within node5 sent event (t=837) to Node3
Thread within node5 executing local event
Thread-3 within node5 sent event (t=842) to Node3
Thread within node5 executing local event
Thread-0 within node5 sent event (t=847) to Node1
Thread-1 executing received event (t = 801) from Node2
Thread within node5 executing local event
Thread-3 within node5 sent event (t=857) to Node1
Thread within node5 executing local event
Thread-2 within node5 sent event (t=862) to Node4
Thread within node5 executing local event
Thread-3 within node5 sent event (t=867) to Node1
Thread-1 executing received event (t = 884) from Node2
Thread within node5 executing local event
Thread within node5 executing local event
Thread-0 within node5 sent event (t=899) to Node3
Thread-0 executing received event (t = 871) from Node1
Thread-1 executing received event (t = 894) from Node2
Thread within node5 executing local event
Thread-3 executing received event (t = 910) from Node4
Thread within node5 executing local event
Thread-0 within node5 sent event (t=924) to Node2
Thread within node5 executing local event
Thread within node5 executing local event
Thread within node5 executing local event
Thread within node5 executing local event
Thread-1 executing received event (t = 876) from Node1
Thread-2 executing received event (t = 918) from Node4
Thread within node5 executing local event
Thread-0 within node5 sent event (t=959) to Node2
Thread-0 executing received event (t = 924) from Node1
Thread within node5 executing local event
Thread-3 within node5 sent event (t=969) to Node1
Thread-2 executing received event (t = 930) from Node4
Thread-3 executing received event (t = 985) from Node2
Thread within node5 executing local event
Thread within node5 executing local event
Thread within node5 executing local event
Thread within node5 executing local event
Thread-1 within node5 sent event (t=1010) to Node2
Thread within node5 executing local event
Thread-1 executing received event (t = 975) from Node3
Thread-2 executing received event (t = 1036) from Node3
Thread-3 executing received event (t = 1033) from Node3
Thread-0 executing received event (t = 1021) from Node1
Thread within node5 executing local event
Thread-2 executing received event (t = 1022) from Node1
Thread within node5 executing local event
Thread-0 executing received event (t = 1042) from Node3
Thread within node5 executing local event
Thread within node5 executing local event
Thread within node5 executing local event
Thread-1 within node5 sent event (t=1086) to Node3
Thread within node5 executing local event
Thread-3 within node5 sent event (t=1091) to Node2
Thread-1 executing received event (t = 1024) from Node1
Thread within node5 executing local event
Thread-3 executing received event (t = 1026) from Node1
Thread within node5 executing local event
Thread-3 within node5 sent event (t=1111) to Node4
Thread within node5 executing local event
Thread within node5 executing local event
Thread-2 within node5 sent event (t=1121) to Node2
Thread-3 executing received event (t = 1124) from Node3
Thread within node5 executing local event
Thread within node5 executing local event
Thread-1 within node5 sent event (t=1139) to Node1
Thread within node5 executing local event
Thread-0 within node5 sent event (t=1144) to Node3
Thread within node5 executing local event
Thread-1 within node5 sent event (t=1149) to Node2
Thread-0 executing received event (t = 1156) from Node1
Thread within node5 executing local event
Thread-1 within node5 sent event (t=1166) to Node3
Thread-2 executing received event (t = 1157) from Node1
Thread-3 executing received event (t = 1157) from Node2
Thread-0 executing received event (t = 1163) from Node4
Thread within node5 executing local event
Thread-2 within node5 sent event (t=1186) to Node4
Thread within node5 executing local event
Thread within node5 executing local event
Thread-3 within node5 sent event (t=1196) to Node2
Thread within node5 executing local event
Thread-0 within node5 sent event (t=1201) to Node1
Thread within node5 executing local event
Thread-2 executing received event (t = 1211) from Node3
Thread-3 executing received event (t = 1208) from Node2
Thread within node5 executing local event
Thread-3 within node5 sent event (t=1226) to Node2
Thread within node5 executing local event
Thread-2 within node5 sent event (t=1231) to Node3
Thread within node5 executing local event
Thread within node5 executing local event
Thread-0 within node5 sent event (t=1241) to Node1
Thread-0 executing received event (t = 1246) from Node1
Thread-1 executing received event (t = 1238) from Node2
Thread within node5 executing local event
Thread within node5 executing local event
Thread-0 executing received event (t = 1246) from Node3
Thread within node5 executing local event
Thread within node5 executing local event
Thread-1 within node5 sent event (t=1281) to Node3
Thread-3 executing received event (t = 1273) from Node2
Thread-0 executing received event (t = 1277) from Node4
Thread within node5 executing local event
Thread-1 within node5 sent event (t=1296) to Node1
Thread within node5 executing local event
Thread-1 within node5 sent event (t=1301) to Node2
Thread within node5 executing local event
Thread-2 within node5 sent event (t=1306) to Node1
Thread within node5 executing local event
Thread within node5 executing local event
Thread-2 executing received event (t = 1332) from Node3
Thread-3 executing received event (t = 1338) from Node3
Thread-0 executing received event (t = 1332) from Node1
Thread within node5 executing local event
Thread-2 executing received event (t = 1347) from Node4
Thread within node5 executing local event
Thread-1 within node5 sent event (t=1363) to Node4
Thread-0 executing received event (t = 1317) from Node2
Thread-1 executing received event (t = 1319) from Node2
Thread within node5 executing local event
Thread-2 within node5 sent event (t=1378) to Node3
Thread within node5 executing local event
Thread-0 executing received event (t = 1390) from Node2
Thread-1 executing received event (t = 1383) from Node4
Thread-2 executing received event (t = 1394) from Node2
Thread within node5 executing local event
Thread-0 executing received event (t = 1400) from Node1
Thread within node5 executing local event
Thread-0 within node5 sent event (t=1420) to Node3
Thread within node5 executing local event
Thread-2 within node5 sent event (t=1425) to Node1
Thread within node5 executing local event
Thread-0 executing received event (t = 1417) from Node4
Thread within node5 executing local event
Thread-0 within node5 sent event (t=1440) to Node1
Thread within node5 executing local event
Thread within node5 executing local event
Thread-0 within node5 sent event (t=1450) to Node3
Thread-0 executing received event (t = 1476) from Node4
Thread within node5 executing local event
Thread-2 executing received event (t = 1484) from Node4
Thread within node5 executing local event
Thread within node5 executing local event
Thread-1 executing received event (t = 1476) from Node2
Thread-2 executing received event (t = 1488) from Node4
Thread-3 executing received event (t = 1496) from Node2
Thread within node5 executing local event
Thread-0 within node5 sent event (t=1521) to Node1
Thread within node5 executing local event
Thread-2 executing received event (t = 1498) from Node2
Thread-3 executing received event (t = 1523) from Node1
Thread-0 executing received event (t = 1477) from Node3
Thread-1 executing received event (t = 1508) from Node4
Thread within node5 executing local event
Thread-3 executing received event (t = 1500) from Node2
Thread-0 executing received event (t = 1532) from Node2
Thread within node5 executing local event
Thread-2 within node5 sent event (t=1566) to Node1
Thread within node5 executing local event
Thread-1 within node5 sent event (t=1571) to Node3
Thread within node5 executing local event
Thread-3 within node5 sent event (t=1576) to Node2
Thread within node5 executing local event
Thread-2 within node5 sent event (t=1581) to Node2
Thread-1 executing received event (t = 1600) from Node4
Thread within node5 executing local event
Thread within node5 executing local event
Thread-3 within node5 sent event (t=1615) to Node4
Thread within node5 executing local event
Thread-1 within node5 sent event (t=1620) to Node4
Thread-1 executing received event (t = 1644) from Node4
Thread-2 executing received event (t = 1626) from Node2
Thread within node5 executing local event
Thread-0 executing received event (t = 1628) from Node2
Thread within node5 executing local event
Thread-0 within node5 sent event (t=1669) to Node2
Thread within node5 executing local event
Thread-3 within node5 sent event (t=1674) to Node4
Thread-3 executing received event (t = 1633) from Node3
Thread within node5 executing local event
Thread within node5 executing local event
Thread-2 within node5 sent event (t=1689) to Node3
Thread-2 executing received event (t = 1675) from Node2
Thread within node5 executing local event
Thread-0 executing received event (t = 1698) from Node1
Thread within node5 executing local event
Thread-1 within node5 sent event (t=1709) to Node1
Thread-2 executing received event (t = 1712) from Node1
Thread within node5 executing local event
Thread-0 within node5 sent event (t=1722) to Node4
Thread within node5 executing local event
Thread within node5 executing local event
Thread-0 within node5 sent event (t=1732) to Node1
Thread-2 executing received event (t = 1719) from Node3
Thread-3 executing received event (t = 1713) from Node2
Thread within node5 executing local event
Thread-1 executing received event (t = 1736) from Node1
Thread-1 executing received event (t = 1753) from Node3
Thread-3 executing received event (t = 1748) from Node4
Thread within node5 executing local event
Thread-1 executing received event (t = 1717) from Node2
Thread-2 executing received event (t = 1740) from Node1
Thread-3 executing received event (t = 1759) from Node3
Thread-0 executing received event (t = 1762) from Node3
Thread within node5 executing local event
Thread within node5 executing local event
Thread-1 within node5 sent event (t=1803) to Node1
Thread within node5 executing local event
Thread within node5 executing local event
Thread-2 within node5 sent event (t=1813) to Node1
Thread within node5 executing local event
Thread within node5 executing local event
Thread within node5 executing local event
Thread-3 within node5 sent event (t=1828) to Node3
Thread within node5 executing local event
Thread-2 within node5 sent event (t=1833) to Node1
Thread-1 executing received event (t = 1786) from Node2
Thread-2 executing received event (t = 1838) from Node1
Thread within node5 executing local event
Thread-3 within node5 sent event (t=1848) to Node1
Thread within node5 executing local event
Thread-0 within node5 sent event (t=1853) to Node1
Thread within node5 executing local event
Thread-1 within node5 sent event (t=1858) to Node4
Thread within node5 executing local event
Thread-0 within node5 sent event (t=1863) to Node4
Thread within node5 executing local event
Thread-0 within node5 sent event (t=1868) to Node4
Thread-0 executing received event (t = 1882) from Node4
Thread-1 executing received event (t = 1880) from Node1
Thread within node5 executing local event
Thread within node5 executing local event
Thread within node5 executing local event
Thread within node5 executing local event
Thread within node5 executing local event
Thread within node5 executing local event
Thread-3 within node5 sent event (t=1922) to Node4
Thread within node5 executing local event
Thread within node5 executing local event
Thread-0 within node5 sent event (t=1932) to Node4
Thread within node5 executing local event
Thread within node5 executing local event
Thread-2 within node5 sent event (t=1942) to Node1
Thread within node5 executing local event
Thread-2 within node5 sent event (t=1947) to Node1
Thread within node5 executing local event
Thread-1 within node5 sent event (t=1952) to Node3
Thread-2 executing received event (t = 1950) from Node1
Thread within node5 executing local event
Thread within node5 executing local event
Thread-3 within node5 sent event (t=1967) to Node3
Thread-1 executing received event (t = 1958) from Node3
Thread within node5 executing local event
Thread-0 within node5 sent event (t=1977) to Node2
Thread-3 executing received event (t = 1972) from Node4
Thread-0 executing received event (t = 1982) from Node3
Thread within node5 executing local event
Thread-2 within node5 sent event (t=1992) to Node2
Thread-2 executing received event (t = 1996) from Node2
Thread within node5 executing local event
Thread-2 within node5 sent event (t=2006) to Node2
Thread-0 executing received event (t = 2010) from Node2
Thread within node5 executing local event
Thread-0 within node5 sent event (t=2020) to Node3
Thread-2 executing received event (t = 2010) from Node4
Thread-3 executing received event (t = 1984) from Node1
Thread within node5 executing local event
Thread-1 within node5 sent event (t=2035) to Node3
Thread-1 executing received event (t = 2014) from Node2
Thread within node5 executing local event
Thread-2 within node5 sent event (t=2045) to Node3
Thread within node5 executing local event
Thread-0 within node5 sent event (t=2050) to Node3
Thread-0 executing received event (t = 2022) from Node4
Thread within node5 executing local event
Thread-2 executing received event (t = 2059) from Node3
Thread-3 within node5 sent event (t=2060) to Node1
Thread-3 executing received event (t = 2062) from Node3
Thread within node5 executing local event
Thread-1 executing received event (t = 2066) from Node1
Thread-2 executing received event (t = 2065) from Node1
Thread-3 executing received event (t = 2030) from Node4
Thread within node5 executing local event
Thread-1 executing received event (t = 2073) from Node2
Thread-2 executing received event (t = 2074) from Node1
Thread-3 executing received event (t = 2084) from Node3
Thread within node5 executing local event
Thread-1 executing received event (t = 2096) from Node2
Thread within node5 executing local event
Thread within node5 executing local event
Thread within node5 executing local event
Thread-1 within node5 sent event (t=2135) to Node1
Thread within node5 executing local event
Thread within node5 executing local event
Thread within node5 executing local event
Thread-2 within node5 sent event (t=2150) to Node2
Thread within node5 executing local event
Thread within node5 executing local event
Thread-0 within node5 sent event (t=2160) to Node4
Thread within node5 executing local event
Thread-1 within node5 sent event (t=2165) to Node2
Thread-3 executing received event (t = 2169) from Node2
Thread within node5 executing local event
Thread-3 within node5 sent event (t=2179) to Node1
Thread-1 executing received event (t = 2193) from Node3
Thread within node5 executing local event
Thread-1 within node5 sent event (t=2203) to Node1
Thread within node5 executing local event
Thread within node5 executing local event
Thread-3 within node5 sent event (t=2213) to Node4
Thread within node5 executing local event
Thread-2 executing received event (t = 2213) from Node2
Thread within node5 executing local event
Thread-3 within node5 sent event (t=2218) to Node4
Thread-0 executing received event (t = 2233) from Node4
Thread within node5 executing local event
Thread-0 within node5 sent event (t=2243) to Node2
Thread within node5 executing local event
Thread-3 executing received event (t = 2220) from Node1
Thread-0 executing received event (t = 2229) from Node3
Thread-1 executing received event (t = 2251) from Node2
Thread-2 executing received event (t = 2222) from Node1
Thread-3 executing received event (t = 2265) from Node4
Thread within node5 executing local event
Thread-3 within node5 sent event (t=2278) to Node4
Thread-1 executing received event (t = 2274) from Node3
Thread within node5 executing local event
Thread-3 executing received event (t = 2286) from Node4
Thread within node5 executing local event
Thread-1 executing received event (t = 2275) from Node2
Thread within node5 executing local event
Thread-0 within node5 sent event (t=2308) to Node1
Thread-3 executing received event (t = 2310) from Node4
Thread within node5 executing local event
Thread-2 within node5 sent event (t=2320) to Node2
Thread within node5 executing local event
Thread within node5 executing local event
Thread within node5 executing local event
Thread within node5 executing local event
Thread-1 within node5 sent event (t=2340) to Node3
Thread within node5 executing local event
Thread within node5 executing local event
Thread within node5 executing local event
Thread-0 executing received event (t = 2361) from Node4
Thread within node5 executing local event
Thread within node5 executing local event
Thread-0 within node5 sent event (t=2376) to Node2
Thread-3 executing received event (t = 2369) from Node4
Thread within node5 executing local event
Thread-1 executing received event (t = 2384) from Node2
Thread-2 executing received event (t = 2386) from Node2
Thread within node5 executing local event
Thread-2 within node5 sent event (t=2401) to Node1
Thread-0 executing received event (t = 2389) from Node3
Thread within node5 executing local event
Thread-2 within node5 sent event (t=2411) to Node1
Thread within node5 executing local event
Thread-2 within node5 sent event (t=2416) to Node4
Thread-3 executing received event (t = 2424) from Node4
Thread within node5 executing local event
Thread within node5 executing local event
Thread-0 within node5 sent event (t=2439) to Node4
Thread within node5 executing local event
Thread-3 within node5 sent event (t=2444) to Node1
Thread within node5 executing local event
Thread-0 executing received event (t = 2452) from Node1
Thread-1 executing received event (t = 2453) from Node1
Thread within node5 executing local event
Thread within node5 executing local event
Thread within node5 executing local event
Thread within node5 executing local event
Thread-2 within node5 sent event (t=2482) to Node4
Thread within node5 executing local event
Thread-0 within node5 sent event (t=2487) to Node1
Thread within node5 executing local event
Thread-1 within node5 sent event (t=2492) to Node2
Thread-0 executing received event (t = 2490) from Node1
Thread-1 executing received event (t = 2503) from Node3
Thread-2 executing received event (t = 2491) from Node1
Thread-3 executing received event (t = 2506) from Node3
Thread within node5 executing local event
Thread within node5 executing local event
Thread within node5 executing local event
Thread-1 within node5 sent event (t=2528) to Node1
Thread within node5 executing local event
Thread within node5 executing local event
Thread within node5 executing local event
Thread-3 within node5 sent event (t=2548) to Node2
Thread-2 executing received event (t = 2544) from Node4
Thread-3 executing received event (t = 2535) from Node1
Thread within node5 executing local event
Thread-1 within node5 sent event (t=2563) to Node4
Thread within node5 executing local event
Thread within node5 executing local event
Thread-2 within node5 sent event (t=2573) to Node2
Thread-3 executing received event (t = 2518) from Node3
Thread within node5 executing local event
Thread-1 executing received event (t = 2582) from Node1
Thread-2 executing received event (t = 2593) from Node3
Thread within node5 executing local event
Thread-0 within node5 sent event (t=2603) to Node1
Thread within node5 executing local event
Thread within node5 executing local event
Thread within node5 executing local event
Thread-1 within node5 sent event (t=2618) to Node1
Thread within node5 executing local event
Thread within node5 executing local event
Thread within node5 executing local event
Thread within node5 executing local event
Thread within node5 executing local event
Thread-3 within node5 sent event (t=2643) to Node2
Thread within node5 executing local event
Thread-1 executing received event (t = 2620) from Node1
Thread within node5 executing local event
Thread within node5 executing local event
Thread-0 executing received event (t = 2657) from Node2
Thread within node5 executing local event
Thread-3 within node5 sent event (t=2673) to Node4
Thread within node5 executing local event
Thread within node5 executing local event
Thread-3 within node5 sent event (t=2683) to Node3
Thread within node5 executing local event
Thread-2 within node5 sent event (t=2688) to Node2
Thread within node5 executing local event
Thread-2 executing received event (t = 2709) from Node1
Thread-2 within node5 sent event (t=2693) to Node1
Thread within node5 executing local event
Thread-0 within node5 sent event (t=2719) to Node2
Thread-0 executing received event (t = 2710) from Node3
Thread within node5 executing local event
Thread-0 within node5 sent event (t=2729) to Node1
Thread-2 executing received event (t = 2716) from Node3
Thread within node5 executing local event
Thread-2 within node5 sent event (t=2739) to Node1
Thread within node5 executing local event
Thread within node5 executing local event
Thread-1 within node5 sent event (t=2749) to Node1
Thread-2 executing received event (t = 2755) from Node1
Thread within node5 executing local event
Thread-0 within node5 sent event (t=2765) to Node1
Thread within node5 executing local event
Thread-2 within node5 sent event (t=2770) to Node4
Thread-1 executing received event (t = 2795) from Node2
Thread within node5 executing local event
Thread-3 executing received event (t = 2780) from Node1
Thread within node5 executing local event
Thread-0 within node5 sent event (t=2815) to Node4
Thread within node5 executing local event
Thread within node5 executing local event
Thread within node5 executing local event
Thread-0 executing received event (t = 2859) from Node2
Thread within node5 executing local event
Thread within node5 executing local event
Thread within node5 executing local event
Thread-1 within node5 sent event (t=2879) to Node3
Thread-0 executing received event (t = 2869) from Node4
Thread within node5 executing local event
Thread within node5 executing local event
Thread-2 within node5 sent event (t=2894) to Node3
Thread within node5 executing local event
Thread-0 within node5 sent event (t=2899) to Node1
Thread within node5 executing local event
Thread within node5 executing local event
Thread within node5 executing local event
Thread-3 within node5 sent event (t=2914) to Node4
Thread within node5 executing local event
Thread-0 executing received event (t = 2890) from Node2
Thread-1 executing received event (t = 2930) from Node4
Thread within node5 executing local event
Thread-3 within node5 sent event (t=2940) to Node2
Thread-3 executing received event (t = 2915) from Node3
Thread within node5 executing local event
Thread-1 executing received event (t = 2944) from Node2
Thread within node5 executing local event
Thread-3 executing received event (t = 2938) from Node4
Thread-0 executing received event (t = 2942) from Node4
Thread within node5 executing local event
Thread-1 within node5 sent event (t=2975) to Node3
Thread-2 executing received event (t = 2951) from Node1
Thread within node5 executing local event
Thread within node5 executing local event
Thread within node5 executing local event
Thread-0 within node5 sent event (t=2990) to Node1
Thread-1 within node5 sent event (t=2995) to Node3
Thread-2 executing received event (t = 2994) from Node1
Thread within node5 executing local event
Thread-0 within node5 sent event (t=3005) to Node1
Thread within node5 executing local event
Thread-3 within node5 sent event (t=3010) to Node1
Thread-1 executing received event (t = 3004) from Node3
Thread-2 executing received event (t = 3017) from Node2
Thread-3 executing received event (t = 3019) from Node2
Thread-0 executing received event (t = 3029) from Node4
Thread within node5 executing local event
Thread-2 within node5 sent event (t=3039) to Node3
Thread-2 executing received event (t = 3054) from Node3
Thread within node5 executing local event
Thread-0 executing received event (t = 3057) from Node3
Thread within node5 executing local event
Thread-1 within node5 sent event (t=3074) to Node4
Thread within node5 executing local event
Thread within node5 executing local event
Thread-0 executing received event (t = 3059) from Node2
Thread within node5 executing local event
Thread-3 within node5 sent event (t=3094) to Node3
Thread-2 executing received event (t = 3098) from Node4
Thread within node5 executing local event
Thread within node5 executing local event
Thread within node5 executing local event
Thread within node5 executing local event
Thread within node5 executing local event
Thread within node5 executing local event
Thread within node5 executing local event
Thread-2 within node5 sent event (t=3138) to Node4
Thread within node5 executing local event
Thread-1 within node5 sent event (t=3143) to Node4
Thread within node5 executing local event
Thread within node5 executing local event
Thread-2 within node5 sent event (t=3153) to Node4
Thread within node5 executing local event
Thread within node5 executing local event
Thread-3 within node5 sent event (t=3163) to Node1
Thread within node5 executing local event
Thread within node5 executing local event
Thread within node5 executing local event
Thread-0 within node5 sent event (t=3178) to Node4
Thread-2 executing received event (t = 3198) from Node3
Thread within node5 executing local event
Thread-2 within node5 sent event (t=3208) to Node1
Thread within node5 executing local event
Thread-1 executing received event (t = 3204) from Node3
Thread-0 within node5 sent event (t=3213) to Node3
Thread within node5 executing local event
Thread-0 within node5 sent event (t=3223) to Node3
Thread within node5 executing local event
Thread-0 executing received event (t = 3236) from Node1
Thread within node5 executing local event
Thread-3 within node5 sent event (t=3246) to Node1
Thread-2 executing received event (t = 3249) from Node1
Thread within node5 executing local event
Thread-0 executing received event (t = 3251) from Node1
Thread within node5 executing local event
Thread within node5 executing local event
Thread within node5 executing local event
Thread-1 within node5 sent event (t=3279) to Node1
Thread-0 executing received event (t = 3281) from Node1
Thread within node5 executing local event
Thread within node5 executing local event
Thread-3 executing received event (t = 3294) from Node4
Thread within node5 executing local event
Thread within node5 executing local event
Thread-2 within node5 sent event (t=3311) to Node3
Thread-2 executing received event (t = 3293) from Node1
Thread-3 executing received event (t = 3310) from Node4
Thread-0 executing received event (t = 3295) from Node1
Thread within node5 executing local event
Thread-3 within node5 sent event (t=3331) to Node1
Thread within node5 executing local event
Thread within node5 executing local event
Thread within node5 executing local event
Thread-0 within node5 sent event (t=3346) to Node1
Thread-1 executing received event (t = 3324) from Node2
Thread-2 executing received event (t = 3338) from Node3
Thread-3 executing received event (t = 3361) from Node1
Thread-0 executing received event (t = 3377) from Node4
Thread within node5 executing local event
Thread-3 within node5 sent event (t=3387) to Node4
Thread-2 executing received event (t = 3375) from Node3
Thread-3 executing received event (t = 3330) from Node2
Thread within node5 executing local event
Thread within node5 executing local event
Thread-0 within node5 sent event (t=3407) to Node4
Thread-2 executing received event (t = 3334) from Node2
Thread within node5 executing local event
Thread-1 within node5 sent event (t=3417) to Node2
Thread-0 executing received event (t = 3387) from Node3
Thread within node5 executing local event
Thread-3 within node5 sent event (t=3427) to Node4
Thread-2 executing received event (t = 3393) from Node3
Thread-3 executing received event (t = 3445) from Node2
Thread-0 executing received event (t = 3449) from Node3
Thread-1 executing received event (t = 3447) from Node2
Thread within node5 executing local event
Thread-1 within node5 sent event (t=3465) to Node4
Thread-3 executing received event (t = 3455) from Node3
Thread within node5 executing local event
Thread-0 within node5 sent event (t=3475) to Node1
Thread within node5 executing local event
Thread within node5 executing local event
Thread-3 executing received event (t = 3461) from Node3
Thread within node5 executing local event
Thread-1 executing received event (t = 3486) from Node3
Thread within node5 executing local event
Thread-1 within node5 sent event (t=3505) to Node2
Thread-3 executing received event (t = 3505) from Node4
Thread within node5 executing local event
Thread-1 within node5 sent event (t=3515) to Node2
Thread-1 executing received event (t = 3509) from Node4
Thread-2 executing received event (t = 3513) from Node4
Thread-3 executing received event (t = 3504) from Node3
Thread within node5 executing local event
Thread-0 within node5 sent event (t=3535) to Node1
Thread within node5 executing local event
Thread-2 within node5 sent event (t=3540) to Node3
Thread-2 executing received event (t = 3546) from Node3
Thread-3 executing received event (t = 3539) from Node4
Thread-0 executing received event (t = 3547) from Node4
Thread within node5 executing local event
Thread-2 within node5 sent event (t=3566) to Node4
Thread-2 executing received event (t = 3531) from Node2
Thread-3 executing received event (t = 3565) from Node2
Thread within node5 executing local event
Thread-0 within node5 sent event (t=3581) to Node3
Thread-1 executing received event (t = 3567) from Node2
Thread within node5 executing local event
Thread-3 executing received event (t = 3573) from Node2
Thread within node5 executing local event
Thread-2 within node5 sent event (t=3601) to Node1
Thread within node5 executing local event
Thread-2 executing received event (t = 3613) from Node4
Thread-3 executing received event (t = 3629) from Node4
Thread within node5 executing local event
Thread-1 within node5 sent event (t=3639) to Node1
Thread-1 executing received event (t = 3637) from Node4
Thread within node5 executing local event
Thread-2 within node5 sent event (t=3649) to Node4
Thread-3 executing received event (t = 3661) from Node4
Thread within node5 executing local event
Thread-1 executing received event (t = 3669) from Node4
Thread within node5 executing local event
Thread within node5 executing local event
Thread-0 executing received event (t = 3685) from Node4
Thread-1 executing received event (t = 3689) from Node4
Thread within node5 executing local event
Thread-3 executing received event (t = 3691) from Node2
Thread within node5 executing local event
Thread within node5 executing local event
Thread-1 within node5 sent event (t=3716) to Node4
Thread-2 executing received event (t = 3703) from Node2
Thread-3 executing received event (t = 3687) from Node3
Thread within node5 executing local event
Thread-0 within node5 sent event (t=3731) to Node1
Thread-1 executing received event (t = 3740) from Node2
Thread-2 executing received event (t = 3748) from Node4
Thread-3 executing received event (t = 3744) from Node2
Thread within node5 executing local event
Thread-1 within node5 sent event (t=3763) to Node3
Thread-1 executing received event (t = 3760) from Node4
Thread within node5 executing local event
Thread-1 within node5 sent event (t=3773) to Node4
Thread-3 executing received event (t = 3752) from Node2
Thread within node5 executing local event
Thread-1 executing received event (t = 3756) from Node2
Thread within node5 executing local event
Thread-1 within node5 sent event (t=3793) to Node3
Thread-3 executing received event (t = 3799) from Node3
Thread-0 executing received event (t = 3803) from Node2
Thread within node5 executing local event
Thread-1 within node5 sent event (t=3814) to Node2
Thread within node5 executing local event
Thread-1 within node5 sent event (t=3819) to Node1
Thread-3 executing received event (t = 3837) from Node1
Thread-0 executing received event (t = 3838) from Node1
Thread-1 executing received event (t = 3901) from Node4
Thread-2 executing received event (t = 3883) from Node2

=== Node 5 Statistics ===
Total events processed: 643
Messages sent: 211
Messages reeived: 243
Execution time = 9493 ms
Final Lamport time: 3911
Counter 0 value: 159
Counter 1 value: 158
Counter 2 value: 160
Counter 3 value: 165
