Node 4 initialized on port 4228
Node 4 listening on port 4228
Node 4 connected to Node 1
Node 4 connected to Node 2
Node 4 connected to Node 3
Node 4 connected to Node 5
Thread-0 executing received event (t = 20) from Node5
Thread-1 executing received event (t = 10) from Node1
Thread-2 executing received event (t = 85) from Node5
Thread-3 executing received event (t = 68) from Node3
Thread-0 executing received event (t = 13) from Node1
Thread-1 executing received event (t = 86) from Node3
Thread-2 executing received event (t = 19) from Node1
Thread-3 executing received event (t = 258) from Node3
Node 4 starting 4 worker threads with 100 events each
Thread within node4 executing local event
Thread within node4 executing local event
Thread within node4 executing local event
Thread within node4 executing local event
Thread-1 within node4 sent event (t=270) to Node1
Thread-2 within node4 sent event (t=278) to Node2
Thread-0 executing received event (t = 272) from Node1
Thread-1 executing received event (t = 287) from Node5
Thread within node4 executing local event
Thread within node4 executing local event
Thread-1 within node4 sent event (t=299) to Node5
Thread-0 executing received event (t = 282) from Node2
Thread-1 executing received event (t = 314) from Node5
Thread within node4 executing local event
Thread-2 within node4 sent event (t=322) to Node3
Thread within node4 executing local event
Thread-0 within node4 sent event (t=326) to Node2
Thread within node4 executing local event
Thread within node4 executing local event
Thread-2 executing received event (t = 330) from Node1
Thread within node4 executing local event
Thread-2 within node4 sent event (t=342) to Node2
Thread within node4 executing local event
Thread-1 executing received event (t = 350) from Node2
Thread-2 executing received event (t = 346) from Node3
Thread within node4 executing local event
Thread-0 within node4 sent event (t=362) to Node1
Thread within node4 executing local event
Thread within node4 executing local event
Thread-1 within node4 sent event (t=370) to Node1
Thread within node4 executing local event
Thread-0 within node4 sent event (t=374) to Node1
Thread-3 executing received event (t = 362) from Node2
Thread within node4 executing local event
Thread within node4 executing local event
Thread within node4 executing local event
Thread-3 within node4 sent event (t=390) to Node3
Thread within node4 executing local event
Thread-1 within node4 sent event (t=394) to Node5
Thread within node4 executing local event
Thread-0 within node4 sent event (t=398) to Node3
Thread within node4 executing local event
Thread within node4 executing local event
Thread within node4 executing local event
Thread-1 within node4 sent event (t=410) to Node5
Thread within node4 executing local event
Thread within node4 executing local event
Thread within node4 executing local event
Thread within node4 executing local event
Thread-0 executing received event (t = 506) from Node3
Thread within node4 executing local event
Thread within node4 executing local event
Thread within node4 executing local event
Thread-3 within node4 sent event (t=522) to Node3
Thread-0 executing received event (t = 541) from Node5
Thread within node4 executing local event
Thread-2 within node4 sent event (t=549) to Node2
Thread within node4 executing local event
Thread-3 executing received event (t = 516) from Node2
Thread-0 executing received event (t = 543) from Node3
Thread-1 executing received event (t = 550) from Node1
Thread-2 executing received event (t = 557) from Node2
Thread within node4 executing local event
Thread within node4 executing local event
Thread-1 within node4 sent event (t=577) to Node3
Thread-1 executing received event (t = 563) from Node2
Thread within node4 executing local event
Thread within node4 executing local event
Thread within node4 executing local event
Thread within node4 executing local event
Thread within node4 executing local event
Thread-3 within node4 sent event (t=601) to Node1
Thread within node4 executing local event
Thread within node4 executing local event
Thread-0 within node4 sent event (t=609) to Node3
Thread-1 executing received event (t = 642) from Node5
Thread within node4 executing local event
Thread within node4 executing local event
Thread within node4 executing local event
Thread-3 within node4 sent event (t=658) to Node1
Thread within node4 executing local event
Thread-2 executing received event (t = 671) from Node3
Thread-3 executing received event (t = 672) from Node5
Thread-0 executing received event (t = 676) from Node1
Thread within node4 executing local event
Thread-2 executing received event (t = 677) from Node1
Thread within node4 executing local event
Thread within node4 executing local event
Thread within node4 executing local event
Thread-2 executing received event (t = 680) from Node3
Thread within node4 executing local event
Thread-2 within node4 sent event (t=711) to Node1
Thread-0 executing received event (t = 714) from Node1
Thread-1 executing received event (t = 692) from Node5
Thread-2 executing received event (t = 703) from Node3
Thread within node4 executing local event
Thread-3 within node4 sent event (t=730) to Node2
Thread within node4 executing local event
Thread within node4 executing local event
Thread-2 executing received event (t = 730) from Node3
Thread-1 within node4 sent event (t=738) to Node1
Thread within node4 executing local event
Thread within node4 executing local event
Thread-1 within node4 sent event (t=750) to Node3
Thread-1 executing received event (t = 767) from Node1
Thread-2 executing received event (t = 772) from Node2
Thread within node4 executing local event
Thread within node4 executing local event
Thread-3 within node4 sent event (t=784) to Node2
Thread-1 executing received event (t = 788) from Node2
Thread within node4 executing local event
Thread within node4 executing local event
Thread-3 within node4 sent event (t=800) to Node3
Thread within node4 executing local event
Thread within node4 executing local event
Thread-0 within node4 sent event (t=808) to Node5
Thread within node4 executing local event
Thread-2 within node4 sent event (t=812) to Node1
Thread-3 executing received event (t = 854) from Node5
Thread within node4 executing local event
Thread within node4 executing local event
Thread-3 within node4 sent event (t=866) to Node3
Thread within node4 executing local event
Thread within node4 executing local event
Thread within node4 executing local event
Thread within node4 executing local event
Thread-2 within node4 sent event (t=882) to Node3
Thread within node4 executing local event
Thread within node4 executing local event
Thread-2 within node4 sent event (t=890) to Node5
Thread-0 executing received event (t = 843) from Node1
Thread within node4 executing local event
Thread within node4 executing local event
Thread within node4 executing local event
Thread within node4 executing local event
Thread within node4 executing local event
Thread-1 within node4 sent event (t=914) to Node5
Thread within node4 executing local event
Thread-3 within node4 sent event (t=918) to Node3
Thread within node4 executing local event
Thread-3 within node4 sent event (t=922) to Node5
Thread-0 executing received event (t = 925) from Node3
Thread within node4 executing local event
Thread within node4 executing local event
Thread-2 within node4 sent event (t=937) to Node2
Thread within node4 executing local event
Thread-0 within node4 sent event (t=941) to Node5
Thread within node4 executing local event
Thread-1 within node4 sent event (t=945) to Node2
Thread-1 executing received event (t = 957) from Node1
Thread-2 executing received event (t = 1003) from Node2
Thread within node4 executing local event
Thread-1 within node4 sent event (t=1011) to Node1
Thread within node4 executing local event
Thread-1 within node4 sent event (t=1015) to Node3
Thread within node4 executing local event
Thread-2 executing received event (t = 1027) from Node3
Thread within node4 executing local event
Thread-2 within node4 sent event (t=1035) to Node1
Thread within node4 executing local event
Thread within node4 executing local event
Thread-2 within node4 sent event (t=1043) to Node1
Thread-2 executing received event (t = 1045) from Node1
Thread within node4 executing local event
Thread-1 within node4 sent event (t=1053) to Node3
Thread within node4 executing local event
Thread-1 executing received event (t = 1068) from Node3
Thread within node4 executing local event
Thread-3 executing received event (t = 1063) from Node5
Thread within node4 executing local event
Thread within node4 executing local event
Thread-2 executing received event (t = 1051) from Node1
Thread within node4 executing local event
Thread within node4 executing local event
Thread within node4 executing local event
Thread-0 within node4 sent event (t=1104) to Node1
Thread-2 executing received event (t = 1094) from Node2
Thread within node4 executing local event
Thread-1 within node4 sent event (t=1112) to Node5
Thread within node4 executing local event
Thread-0 within node4 sent event (t=1116) to Node1
Thread within node4 executing local event
Thread-2 executing received event (t = 1130) from Node1
Thread within node4 executing local event
Thread-0 within node4 sent event (t=1138) to Node1
Thread within node4 executing local event
Thread-2 within node4 sent event (t=1142) to Node3
Thread within node4 executing local event
Thread-1 within node4 sent event (t=1146) to Node5
Thread within node4 executing local event
Thread-3 within node4 sent event (t=1150) to Node3
Thread-3 executing received event (t = 1183) from Node2
Thread-0 executing received event (t = 1207) from Node5
Thread-1 executing received event (t = 1199) from Node3
Thread within node4 executing local event
Thread-0 within node4 sent event (t=1219) to Node5
Thread-3 executing received event (t = 1202) from Node3
Thread within node4 executing local event
Thread within node4 executing local event
Thread-0 within node4 sent event (t=1227) to Node3
Thread-1 within node4 sent event (t=1231) to Node3
Thread-2 executing received event (t = 1187) from Node1
Thread within node4 executing local event
Thread within node4 executing local event
Thread within node4 executing local event
Thread-2 executing received event (t = 1285) from Node3
Thread within node4 executing local event
Thread within node4 executing local event
Thread-1 within node4 sent event (t=1297) to Node1
Thread-1 executing received event (t = 1309) from Node5
Thread within node4 executing local event
Thread-3 executing received event (t = 1274) from Node2
Thread-0 executing received event (t = 1276) from Node2
Thread within node4 executing local event
Thread-2 executing received event (t = 1320) from Node3
Thread-3 executing received event (t = 1300) from Node1
Thread within node4 executing local event
Thread within node4 executing local event
Thread-1 within node4 sent event (t=1345) to Node5
Thread within node4 executing local event
Thread-0 within node4 sent event (t=1349) to Node3
Thread-3 executing received event (t = 1360) from Node5
Thread-0 executing received event (t = 1364) from Node3
Thread within node4 executing local event
Thread within node4 executing local event
Thread-2 within node4 sent event (t=1376) to Node3
Thread-3 executing received event (t = 1385) from Node5
Thread within node4 executing local event
Thread within node4 executing local event
Thread-2 executing received event (t = 1369) from Node2
Thread within node4 executing local event
Thread-0 within node4 sent event (t=1405) to Node3
Thread within node4 executing local event
Thread-1 within node4 sent event (t=1409) to Node2
Thread within node4 executing local event
Thread-1 within node4 sent event (t=1413) to Node2
Thread within node4 executing local event
Thread-3 within node4 sent event (t=1417) to Node3
Thread within node4 executing local event
Thread-2 within node4 sent event (t=1421) to Node5
Thread within node4 executing local event
Thread-1 within node4 sent event (t=1425) to Node2
Thread-1 executing received event (t = 1440) from Node5
Thread-2 executing received event (t = 1431) from Node2
Thread within node4 executing local event
Thread-2 within node4 sent event (t=1452) to Node1
Thread within node4 executing local event
Thread-1 executing received event (t = 1437) from Node2
Thread-2 within node4 sent event (t=1456) to Node5
Thread within node4 executing local event
Thread-0 within node4 sent event (t=1464) to Node2
Thread within node4 executing local event
Thread-0 executing received event (t = 1480) from Node5
Thread within node4 executing local event
Thread within node4 executing local event
Thread-1 within node4 sent event (t=1492) to Node5
Thread-3 executing received event (t = 1468) from Node3
Thread within node4 executing local event
Thread within node4 executing local event
Thread-1 within node4 sent event (t=1504) to Node5
Thread-2 executing received event (t = 1522) from Node3
Thread within node4 executing local event
Thread-3 within node4 sent event (t=1530) to Node5
Thread-0 executing received event (t = 1525) from Node2
Thread within node4 executing local event
Thread-0 within node4 sent event (t=1538) to Node2
Thread-2 executing received event (t = 1525) from Node3
Thread within node4 executing local event
Thread within node4 executing local event
Thread within node4 executing local event
Thread-2 within node4 sent event (t=1554) to Node3
Thread-2 executing received event (t = 1569) from Node5
Thread within node4 executing local event
Thread-0 executing received event (t = 1574) from Node5
Thread-1 within node4 sent event (t=1577) to Node3
Thread-1 executing received event (t = 1579) from Node5
Thread within node4 executing local event
Thread-1 within node4 sent event (t=1589) to Node3
Thread-3 executing received event (t = 1595) from Node3
Thread within node4 executing local event
Thread within node4 executing local event
Thread within node4 executing local event
Thread-3 within node4 sent event (t=1611) to Node3
Thread-3 executing received event (t = 1620) from Node3
Thread-0 executing received event (t = 1621) from Node1
Thread within node4 executing local event
Thread-3 within node4 sent event (t=1632) to Node1
Thread within node4 executing local event
Thread-3 within node4 sent event (t=1636) to Node2
Thread within node4 executing local event
Thread-0 within node4 sent event (t=1640) to Node1
Thread within node4 executing local event
Thread within node4 executing local event
Thread within node4 executing local event
Thread-3 within node4 sent event (t=1652) to Node1
Thread within node4 executing local event
Thread-0 within node4 sent event (t=1656) to Node5
Thread within node4 executing local event
Thread within node4 executing local event
Thread-1 within node4 sent event (t=1664) to Node5
Thread-2 executing received event (t = 1723) from Node5
Thread within node4 executing local event
Thread-2 within node4 sent event (t=1731) to Node5
Thread within node4 executing local event
Thread within node4 executing local event
Thread within node4 executing local event
Thread within node4 executing local event
Thread within node4 executing local event
Thread-1 executing received event (t = 1754) from Node1
Thread within node4 executing local event
Thread-1 within node4 sent event (t=1762) to Node5
Thread-3 executing received event (t = 1714) from Node2
Thread within node4 executing local event
Thread within node4 executing local event
Thread-2 executing received event (t = 1809) from Node2
Thread-3 executing received event (t = 1808) from Node1
Thread-0 executing received event (t = 1811) from Node5
Thread-1 executing received event (t = 1816) from Node5
Thread-2 executing received event (t = 1809) from Node1
Thread within node4 executing local event
Thread-0 executing received event (t = 1821) from Node5
Thread-1 executing received event (t = 1775) from Node3
Thread-2 executing received event (t = 1778) from Node3
Thread within node4 executing local event
Thread-3 within node4 sent event (t=1849) to Node1
Thread within node4 executing local event
Thread within node4 executing local event
Thread within node4 executing local event
Thread-2 within node4 sent event (t=1861) to Node5
Thread within node4 executing local event
Thread-0 within node4 sent event (t=1865) to Node2
Thread within node4 executing local event
Thread-1 within node4 sent event (t=1869) to Node2
Thread-1 executing received event (t = 1855) from Node1
Thread within node4 executing local event
Thread within node4 executing local event
Thread-0 within node4 sent event (t=1881) to Node2
Thread within node4 executing local event
Thread-3 within node4 sent event (t=1885) to Node1
Thread-1 executing received event (t = 1885) from Node2
Thread-2 executing received event (t = 1893) from Node5
Thread within node4 executing local event
Thread-1 within node4 sent event (t=1901) to Node3
Thread-0 executing received event (t = 1914) from Node2
Thread within node4 executing local event
Thread-3 within node4 sent event (t=1922) to Node2
Thread-2 executing received event (t = 1910) from Node3
Thread within node4 executing local event
Thread-0 executing received event (t = 1926) from Node2
Thread within node4 executing local event
Thread-0 within node4 sent event (t=1938) to Node1
Thread-2 executing received event (t = 1928) from Node2
Thread-3 executing received event (t = 1958) from Node3
Thread within node4 executing local event
Thread-2 within node4 sent event (t=1966) to Node3
Thread within node4 executing local event
Thread within node4 executing local event
Thread-1 within node4 sent event (t=1970) to Node5
Thread within node4 executing local event
Thread-0 within node4 sent event (t=1978) to Node3
Thread within node4 executing local event
Thread within node4 executing local event
Thread-1 within node4 sent event (t=1986) to Node3
Thread within node4 executing local event
Thread-0 within node4 sent event (t=1990) to Node5
Thread within node4 executing local event
Thread-3 within node4 sent event (t=1994) to Node3
Thread within node4 executing local event
Thread-0 within node4 sent event (t=1998) to Node3
Thread within node4 executing local event
Thread-1 within node4 sent event (t=2002) to Node5
Thread-2 executing received event (t = 2046) from Node3
Thread-3 executing received event (t = 2004) from Node2
Thread within node4 executing local event
Thread-0 within node4 sent event (t=2058) to Node5
Thread within node4 executing local event
Thread within node4 executing local event
Thread-2 within node4 sent event (t=2066) to Node5
Thread within node4 executing local event
Thread-0 within node4 sent event (t=2070) to Node5
Thread within node4 executing local event
Thread within node4 executing local event
Thread-0 within node4 sent event (t=2078) to Node3
Thread within node4 executing local event
Thread within node4 executing local event
Thread-1 within node4 sent event (t=2086) to Node1
Thread-0 executing received event (t = 2129) from Node5
Thread-1 executing received event (t = 2131) from Node3
Thread within node4 executing local event
Thread-3 within node4 sent event (t=2141) to Node1
Thread within node4 executing local event
Thread-0 executing received event (t = 2154) from Node5
Thread within node4 executing local event
Thread-2 within node4 sent event (t=2162) to Node3
Thread-2 executing received event (t = 2146) from Node1
Thread within node4 executing local event
Thread-0 within node4 sent event (t=2170) to Node1
Thread within node4 executing local event
Thread-1 executing received event (t = 2164) from Node5
Thread-2 executing received event (t = 2180) from Node2
Thread within node4 executing local event
Thread-0 executing received event (t = 2182) from Node2
Thread-1 executing received event (t = 2187) from Node1
Thread-2 executing received event (t = 2184) from Node2
Thread within node4 executing local event
Thread within node4 executing local event
Thread-3 within node4 sent event (t=2208) to Node3
Thread-1 executing received event (t = 2196) from Node5
Thread within node4 executing local event
Thread within node4 executing local event
Thread-2 within node4 sent event (t=2220) to Node5
Thread within node4 executing local event
Thread within node4 executing local event
Thread-2 executing received event (t = 2220) from Node3
Thread within node4 executing local event
Thread-0 executing received event (t = 2226) from Node3
Thread-1 executing received event (t = 2249) from Node2
Thread within node4 executing local event
Thread-1 within node4 sent event (t=2257) to Node3
Thread within node4 executing local event
Thread-0 executing received event (t = 2267) from Node2
Thread-0 within node4 sent event (t=2261) to Node2
Thread-1 executing received event (t = 2192) from Node1
Thread within node4 executing local event
Thread within node4 executing local event
Thread-3 within node4 sent event (t=2283) to Node5
Thread within node4 executing local event
Thread-1 executing received event (t = 2293) from Node5
Thread-2 executing received event (t = 2275) from Node3
Thread within node4 executing local event
Thread within node4 executing local event
Thread within node4 executing local event
Thread-2 within node4 sent event (t=2313) to Node5
Thread within node4 executing local event
Thread within node4 executing local event
Thread-0 executing received event (t = 2284) from Node3
Thread within node4 executing local event
Thread-3 within node4 sent event (t=2329) to Node2
Thread within node4 executing local event
Thread-0 within node4 sent event (t=2333) to Node5
Thread within node4 executing local event
Thread within node4 executing local event
Thread-1 executing received event (t = 2383) from Node5
Thread-2 within node4 sent event (t=2341) to Node5
Thread within node4 executing local event
Thread-3 executing received event (t = 2302) from Node3
Thread-0 executing received event (t = 2308) from Node3
Thread-1 executing received event (t = 2403) from Node5
Thread within node4 executing local event
Thread within node4 executing local event
Thread-0 within node4 sent event (t=2415) to Node5
Thread-0 executing received event (t = 2417) from Node1
Thread within node4 executing local event
Thread-0 within node4 sent event (t=2425) to Node1
Thread within node4 executing local event
Thread-3 within node4 sent event (t=2429) to Node2
Thread within node4 executing local event
Thread-1 within node4 sent event (t=2433) to Node3
Thread within node4 executing local event
Thread-0 within node4 sent event (t=2437) to Node1
Thread-1 executing received event (t = 2427) from Node1
Thread-2 executing received event (t = 2451) from Node3
Thread-3 executing received event (t = 2453) from Node5
Thread within node4 executing local event
Thread within node4 executing local event
Thread-3 within node4 sent event (t=2467) to Node1
Thread within node4 executing local event
Thread-1 within node4 sent event (t=2471) to Node5
Thread-3 executing received event (t = 2489) from Node5
Thread-0 executing received event (t = 2482) from Node1
Thread-1 executing received event (t = 2499) from Node5
Thread within node4 executing local event
Thread-3 within node4 sent event (t=2507) to Node2
Thread within node4 executing local event
Thread-0 within node4 sent event (t=2511) to Node1
Thread within node4 executing local event
Thread within node4 executing local event
Thread-2 executing received event (t = 2517) from Node2
Thread within node4 executing local event
Thread-0 executing received event (t = 2519) from Node5
Thread within node4 executing local event
Thread-1 within node4 sent event (t=2535) to Node5
Thread within node4 executing local event
Thread-3 executing received event (t = 2549) from Node1
Thread-0 executing received event (t = 2556) from Node2
Thread within node4 executing local event
Thread-1 within node4 sent event (t=2564) to Node1
Thread-2 executing received event (t = 2565) from Node5
Thread within node4 executing local event
Thread-2 within node4 sent event (t=2573) to Node1
Thread-0 executing received event (t = 2570) from Node3
Thread-1 executing received event (t = 2585) from Node5
Thread within node4 executing local event
Thread-0 within node4 sent event (t=2593) to Node3
Thread within node4 executing local event
Thread-0 executing received event (t = 2625) from Node5
Thread within node4 executing local event
Thread within node4 executing local event
Thread within node4 executing local event
Thread-3 within node4 sent event (t=2641) to Node2
Thread-0 executing received event (t = 2617) from Node1
Thread within node4 executing local event
Thread-0 within node4 sent event (t=2649) to Node1
Thread-2 executing received event (t = 2655) from Node2
Thread within node4 executing local event
Thread-1 within node4 sent event (t=2663) to Node2
Thread within node4 executing local event
Thread-2 within node4 sent event (t=2667) to Node1
Thread within node4 executing local event
Thread within node4 executing local event
Thread within node4 executing local event
Thread-0 executing received event (t = 2702) from Node1
Thread-1 executing received event (t = 2686) from Node2
Thread within node4 executing local event
Thread-0 within node4 sent event (t=2714) to Node2
Thread-3 executing received event (t = 2705) from Node5
Thread within node4 executing local event
Thread within node4 executing local event
Thread-2 executing received event (t = 2720) from Node2
Thread within node4 executing local event
Thread-1 within node4 sent event (t=2734) to Node3
Thread within node4 executing local event
Thread within node4 executing local event
Thread within node4 executing local event
Thread within node4 executing local event
Thread-0 executing received event (t = 2728) from Node2
Thread within node4 executing local event
Thread-2 within node4 sent event (t=2758) to Node2
Thread within node4 executing local event
Thread-3 within node4 sent event (t=2762) to Node1
Thread within node4 executing local event
Thread-0 within node4 sent event (t=2766) to Node5
Thread-0 executing received event (t = 2766) from Node2
Thread-1 executing received event (t = 2779) from Node3
Thread-2 executing received event (t = 2770) from Node2
Thread within node4 executing local event
Thread-1 within node4 sent event (t=2791) to Node2
Thread within node4 executing local event
Thread-3 within node4 sent event (t=2795) to Node2
Thread within node4 executing local event
Thread within node4 executing local event
Thread-2 within node4 sent event (t=2803) to Node3
Thread within node4 executing local event
Thread within node4 executing local event
Thread-3 within node4 sent event (t=2811) to Node5
Thread-1 executing received event (t = 2809) from Node2
Thread-2 executing received event (t = 2832) from Node5
Thread within node4 executing local event
Thread within node4 executing local event
Thread-1 executing received event (t = 2852) from Node5
Thread within node4 executing local event
Thread within node4 executing local event
Thread-3 within node4 sent event (t=2864) to Node3
Thread-0 executing received event (t = 2873) from Node3
Thread within node4 executing local event
Thread within node4 executing local event
Thread-0 within node4 sent event (t=2885) to Node2
Thread within node4 executing local event
Thread within node4 executing local event
Thread-2 within node4 sent event (t=2893) to Node1
Thread within node4 executing local event
Thread-1 within node4 sent event (t=2897) to Node1
Thread within node4 executing local event
Thread-1 within node4 sent event (t=2901) to Node2
Thread within node4 executing local event
Thread within node4 executing local event
Thread within node4 executing local event
Thread-3 within node4 sent event (t=2913) to Node2
Thread-2 executing received event (t = 2922) from Node5
Thread within node4 executing local event
Thread within node4 executing local event
Thread-1 within node4 sent event (t=2934) to Node1
Thread within node4 executing local event
Thread-2 within node4 sent event (t=2938) to Node2
Thread within node4 executing local event
Thread-2 within node4 sent event (t=2942) to Node5
Thread within node4 executing local event
Thread-0 executing received event (t = 2946) from Node3
Thread-1 executing received event (t = 2940) from Node1
Thread within node4 executing local event
Thread within node4 executing local event
Thread-0 executing received event (t = 2949) from Node1
Thread within node4 executing local event
Thread-0 within node4 sent event (t=2970) to Node5
Thread within node4 executing local event
Thread-1 within node4 sent event (t=2974) to Node1
Thread within node4 executing local event
Thread-0 executing received event (t = 2954) from Node2
Thread-1 executing received event (t = 3016) from Node3
Thread within node4 executing local event
Thread within node4 executing local event
Thread-3 within node4 sent event (t=3028) to Node2
Thread within node4 executing local event
Thread-1 executing received event (t = 3038) from Node2
Thread within node4 executing local event
Thread within node4 executing local event
Thread within node4 executing local event
Thread within node4 executing local event
Thread-1 within node4 sent event (t=3058) to Node1
Thread within node4 executing local event
Thread-2 within node4 sent event (t=3062) to Node3
Thread-3 executing received event (t = 3070) from Node5
Thread within node4 executing local event
Thread-1 executing received event (t = 3080) from Node3
Thread-2 executing received event (t = 3105) from Node5
Thread-3 executing received event (t = 3083) from Node3
Thread within node4 executing local event
Thread within node4 executing local event
Thread-0 within node4 sent event (t=3121) to Node2
Thread within node4 executing local event
Thread within node4 executing local event
Thread within node4 executing local event
Thread-0 within node4 sent event (t=3133) to Node1
Thread-1 executing received event (t = 3135) from Node5
Thread-2 executing received event (t = 3092) from Node3
Thread-3 executing received event (t = 3140) from Node5
Thread within node4 executing local event
Thread-3 within node4 sent event (t=3151) to Node1
Thread within node4 executing local event
Thread-2 executing received event (t = 3110) from Node3
Thread within node4 executing local event
Thread within node4 executing local event
Thread-1 within node4 sent event (t=3167) to Node5
Thread-1 executing received event (t = 3150) from Node5
Thread within node4 executing local event
Thread-2 within node4 sent event (t=3175) to Node3
Thread-3 executing received event (t = 3189) from Node1
Thread-0 executing received event (t = 3200) from Node5
Thread-1 executing received event (t = 3215) from Node5
Thread within node4 executing local event
Thread-2 within node4 sent event (t=3223) to Node2
Thread within node4 executing local event
Thread within node4 executing local event
Thread within node4 executing local event
Thread within node4 executing local event
Thread-3 within node4 sent event (t=3239) to Node1
Thread-3 executing received event (t = 3244) from Node3
Thread-0 executing received event (t = 3247) from Node1
Thread within node4 executing local event
Thread-1 within node4 sent event (t=3256) to Node1
Thread within node4 executing local event
Thread-1 within node4 sent event (t=3260) to Node3
Thread within node4 executing local event
Thread-3 within node4 sent event (t=3264) to Node5
Thread within node4 executing local event
Thread-2 within node4 sent event (t=3268) to Node5
Thread-1 executing received event (t = 3245) from Node2
Thread within node4 executing local event
Thread-3 executing received event (t = 3261) from Node1
Thread within node4 executing local event
Thread within node4 executing local event
Thread-1 within node4 sent event (t=3288) to Node2
Thread within node4 executing local event
Thread within node4 executing local event
Thread-1 within node4 sent event (t=3296) to Node2
Thread within node4 executing local event
Thread within node4 executing local event
Thread-2 executing received event (t = 3347) from Node2
Thread within node4 executing local event
Thread-0 executing received event (t = 3368) from Node1
Thread-1 executing received event (t = 3379) from Node3
Thread-2 executing received event (t = 3372) from Node1
Thread within node4 executing local event
Thread-2 within node4 sent event (t=3391) to Node2
Thread within node4 executing local event
Thread-0 within node4 sent event (t=3395) to Node1
Thread within node4 executing local event
Thread-3 within node4 sent event (t=3399) to Node3
Thread within node4 executing local event
Thread-1 within node4 sent event (t=3403) to Node5
Thread within node4 executing local event
Thread-0 within node4 sent event (t=3407) to Node5
Thread-0 executing received event (t = 3426) from Node1
Thread within node4 executing local event
Thread-2 executing received event (t = 3445) from Node5
Thread-0 within node4 sent event (t=3434) to Node5
Thread within node4 executing local event
Thread-2 within node4 sent event (t=3453) to Node3
Thread-0 executing received event (t = 3431) from Node1
Thread within node4 executing local event
Thread within node4 executing local event
Thread-3 executing received event (t = 3432) from Node1
Thread within node4 executing local event
Thread-3 within node4 sent event (t=3473) to Node5
Thread within node4 executing local event
Thread within node4 executing local event
Thread within node4 executing local event
Thread-0 executing received event (t = 3483) from Node2
Thread-1 executing received event (t = 3499) from Node3
Thread within node4 executing local event
Thread-3 within node4 sent event (t=3507) to Node1
Thread-3 executing received event (t = 3516) from Node5
Thread within node4 executing local event
Thread within node4 executing local event
Thread within node4 executing local event
Thread within node4 executing local event
Thread-1 within node4 sent event (t=3536) to Node5
Thread within node4 executing local event
Thread within node4 executing local event
Thread within node4 executing local event
Thread-3 executing received event (t = 3533) from Node2
Thread within node4 executing local event
Thread-2 within node4 sent event (t=3556) to Node1
Thread-1 executing received event (t = 3558) from Node1
Thread within node4 executing local event
Thread-1 within node4 sent event (t=3566) to Node5
Thread within node4 executing local event
Thread-0 executing received event (t = 3576) from Node5
Thread within node4 executing local event
Thread within node4 executing local event
Thread-2 within node4 sent event (t=3588) to Node5
Thread within node4 executing local event
Thread-3 within node4 sent event (t=3592) to Node5
Thread within node4 executing local event
Thread-1 within node4 sent event (t=3596) to Node1
Thread within node4 executing local event
Thread-2 executing received event (t = 3541) from Node2
Thread within node4 executing local event
Thread within node4 executing local event
Thread-3 within node4 sent event (t=3612) to Node5
Thread-1 executing received event (t = 3633) from Node5
Thread within node4 executing local event
Thread-3 executing received event (t = 3624) from Node2
Thread within node4 executing local event
Thread-2 within node4 sent event (t=3649) to Node1
Thread within node4 executing local event
Thread within node4 executing local event
Thread within node4 executing local event
Thread-0 executing received event (t = 3636) from Node2
Thread within node4 executing local event
Thread-2 executing received event (t = 3668) from Node5
Thread within node4 executing local event
Thread within node4 executing local event
Thread within node4 executing local event
Thread within node4 executing local event
Thread-1 within node4 sent event (t=3689) to Node1
Thread within node4 executing local event
Thread-2 within node4 sent event (t=3693) to Node5
Thread-0 executing received event (t = 3657) from Node3
Thread within node4 executing local event
Thread-0 within node4 sent event (t=3701) to Node1
Thread within node4 executing local event
Thread within node4 executing local event
Thread-3 within node4 sent event (t=3705) to Node5
Thread within node4 executing local event
Thread-2 within node4 sent event (t=3713) to Node3
Thread within node4 executing local event
Thread-0 within node4 sent event (t=3717) to Node1
Thread within node4 executing local event
Thread-3 within node4 sent event (t=3721) to Node3
Thread-3 executing received event (t = 3726) from Node1
Thread within node4 executing local event
Thread-2 within node4 sent event (t=3734) to Node3
Thread within node4 executing local event
Thread within node4 executing local event
Thread within node4 executing local event
Thread within node4 executing local event
Thread-3 within node4 sent event (t=3750) to Node5
Thread within node4 executing local event
Thread within node4 executing local event
Thread-3 within node4 sent event (t=3758) to Node3
Thread within node4 executing local event
Thread-2 within node4 sent event (t=3762) to Node3
Thread within node4 executing local event
Thread-0 within node4 sent event (t=3766) to Node2
Thread within node4 executing local event
Thread-2 within node4 sent event (t=3770) to Node1
Thread-2 executing received event (t = 3780) from Node2
Thread within node4 executing local event
Thread-0 within node4 sent event (t=3788) to Node3
Thread within node4 executing local event
Thread within node4 executing local event
Thread-0 within node4 sent event (t=3796) to Node1
Thread within node4 executing local event
Thread-0 within node4 sent event (t=3800) to Node2
Thread within node4 executing local event
Thread-2 within node4 sent event (t=3804) to Node5
Thread within node4 executing local event
Thread-0 within node4 sent event (t=3808) to Node2
Thread within node4 executing local event
Thread within node4 executing local event
Thread within node4 executing local event
Thread within node4 executing local event
Thread-2 within node4 sent event (t=3824) to Node3
Thread within node4 executing local event
Thread within node4 executing local event
Thread within node4 executing local event
Thread within node4 executing local event
Thread-1 executing received event (t = 3816) from Node2
Thread within node4 executing local event
Thread-0 within node4 sent event (t=3848) to Node3

=== Node 4 Statistics ===
Total events processed: 595
Messages sent: 204
Messages received: 195
Execution time = 10582 ms
Final Lamport time: 3848
Counter 0 value: 152
Counter 1 value: 152
Counter 2 value: 155
Counter 3 value: 136
