Node 5 initialized on port 4229
Node 5 using Virtual Threads
Node 5 listening on port 4229 [Virtual]
Node 5 connected to Node 2 [Virtual]
Node 5 connected to Node 3 [Virtual]
Node 5 connected to Node 1 [Virtual]
Node 5 connected to Node 4 [Virtual]
Thread-0 executing received event (t = 4) from Node1
Thread-1 executing received event (t = 5) from Node1
Thread-2 executing received event (t = 7) from Node1
Thread-3 executing received event (t = 8) from Node1
Thread-0 executing received event (t = 18) from Node1
Thread-1 executing received event (t = 20) from Node1
Thread-2 executing received event (t = 27) from Node1
Thread-3 executing received event (t = 31) from Node1
Thread-0 executing received event (t = 48) from Node2
Thread-1 executing received event (t = 50) from Node2
Thread-2 executing received event (t = 66) from Node2
Thread-3 executing received event (t = 70) from Node2
Thread-0 executing received event (t = 82) from Node2
Thread-1 executing received event (t = 84) from Node2
Thread-2 executing received event (t = 88) from Node2
Thread-3 executing received event (t = 90) from Node2
Thread-0 executing received event (t = 92) from Node2
Thread-1 executing received event (t = 87) from Node1
Thread-2 executing received event (t = 108) from Node2
Thread-3 executing received event (t = 114) from Node1
Thread-0 executing received event (t = 127) from Node3
Thread-1 executing received event (t = 139) from Node1
Thread-2 executing received event (t = 170) from Node3
Thread-3 executing received event (t = 168) from Node1
Thread-0 executing received event (t = 176) from Node3
Thread-1 executing received event (t = 184) from Node1
Thread-2 executing received event (t = 196) from Node2
Thread-3 executing received event (t = 213) from Node3
Thread-0 executing received event (t = 216) from Node2
Thread-1 executing received event (t = 246) from Node3
Thread-2 executing received event (t = 228) from Node2
Thread-3 executing received event (t = 266) from Node1
Thread-0 executing received event (t = 274) from Node2
Thread-1 executing received event (t = 296) from Node1
Thread-2 executing received event (t = 314) from Node2
Thread-3 executing received event (t = 322) from Node4
Thread-0 executing received event (t = 326) from Node4
Thread-1 executing received event (t = 318) from Node2
Thread-2 executing received event (t = 320) from Node2
Thread-3 executing received event (t = 336) from Node1
Thread-0 executing received event (t = 366) from Node4
Thread-1 executing received event (t = 356) from Node2
Thread-2 executing received event (t = 382) from Node3
Thread-3 executing received event (t = 388) from Node4
Thread-0 executing received event (t = 399) from Node4
Thread-1 executing received event (t = 400) from Node1
Thread-2 executing received event (t = 401) from Node1
Thread-3 executing received event (t = 403) from Node1
Thread-0 executing received event (t = 405) from Node1
Thread-1 executing received event (t = 443) from Node2
Thread-2 executing received event (t = 451) from Node2
Thread-3 executing received event (t = 484) from Node1
Thread-0 executing received event (t = 480) from Node3
Thread-1 executing received event (t = 486) from Node2
Thread-2 executing received event (t = 518) from Node4
Thread-3 executing received event (t = 514) from Node3
Thread-0 executing received event (t = 512) from Node2
Thread-1 executing received event (t = 518) from Node2
Node 5 starting 4 virtual worker threads with 100 events each
Thread within node5 executing local event
Thread within node5 executing local event
Thread within node5 executing local event
Thread within node5 executing local event
Thread within node5 executing local event
Thread-3 executing received event (t = 558) from Node4
Thread-0 executing received event (t = 547) from Node3
Thread-0 within node5 sent event (t=543) to Node1 [Virtual]
Thread-3 within node5 sent event (t=563) to Node2 [Virtual]
Thread within node5 executing local event
Thread-0 within node5 sent event (t=578) to Node3 [Virtual]
Thread-2 executing received event (t = 547) from Node1
Thread-3 executing received event (t = 569) from Node2
Thread within node5 executing local event
Thread-1 executing received event (t = 548) from Node1
Thread within node5 executing local event
Thread-3 executing received event (t = 609) from Node4
Thread within node5 executing local event
Thread-1 within node5 sent event (t=619) to Node2 [Virtual]
Thread within node5 executing local event
Thread-0 within node5 sent event (t=624) to Node1 [Virtual]
Thread-2 executing received event (t = 605) from Node3
Thread-3 executing received event (t = 635) from Node4
Thread within node5 executing local event
Thread-3 within node5 sent event (t=645) to Node3 [Virtual]
Thread within node5 executing local event
Thread-2 within node5 sent event (t=650) to Node3 [Virtual]
Thread-2 executing received event (t = 656) from Node1
Thread within node5 executing local event
Thread-3 within node5 sent event (t=666) to Node2 [Virtual]
Thread within node5 executing local event
Thread-1 executing received event (t = 679) from Node4
Thread within node5 executing local event
Thread-3 executing received event (t = 682) from Node2
Thread within node5 executing local event
Thread within node5 executing local event
Thread-2 within node5 sent event (t=704) to Node4 [Virtual]
Thread-2 executing received event (t = 727) from Node3
Thread-3 executing received event (t = 688) from Node2
Thread within node5 executing local event
Thread-1 executing received event (t = 664) from Node1
Thread within node5 executing local event
Thread-2 within node5 sent event (t=752) to Node4 [Virtual]
Thread within node5 executing local event
Thread within node5 executing local event
Thread-1 within node5 sent event (t=762) to Node1 [Virtual]
Thread-1 executing received event (t = 764) from Node1
Thread within node5 executing local event
Thread within node5 executing local event
Thread-0 executing received event (t = 788) from Node4
Thread within node5 executing local event
Thread-2 executing received event (t = 763) from Node2
Thread-3 executing received event (t = 789) from Node3
Thread within node5 executing local event
Thread-1 within node5 sent event (t=813) to Node1 [Virtual]
Thread within node5 executing local event
Thread within node5 executing local event
Thread-3 executing received event (t = 765) from Node2
Thread within node5 executing local event
Thread-1 executing received event (t = 771) from Node2
Thread within node5 executing local event
Thread-3 executing received event (t = 818) from Node1
Thread within node5 executing local event
Thread-0 within node5 sent event (t=853) to Node1 [Virtual]
Thread-1 executing received event (t = 801) from Node3
Thread-2 executing received event (t = 812) from Node4
Thread-3 executing received event (t = 777) from Node2
Thread within node5 executing local event
Thread within node5 executing local event
Thread-2 executing received event (t = 820) from Node4
Thread within node5 executing local event
Thread-3 within node5 sent event (t=888) to Node2 [Virtual]
Thread within node5 executing local event
Thread-1 within node5 sent event (t=893) to Node3 [Virtual]
Thread-1 executing received event (t = 871) from Node3
Thread within node5 executing local event
Thread-1 within node5 sent event (t=903) to Node4 [Virtual]
Thread within node5 executing local event
Thread-2 within node5 sent event (t=908) to Node1 [Virtual]
Thread within node5 executing local event
Thread-0 within node5 sent event (t=913) to Node2 [Virtual]
Thread within node5 executing local event
Thread-1 within node5 sent event (t=918) to Node4 [Virtual]
Thread within node5 executing local event
Thread-3 executing received event (t = 923) from Node2
Thread-0 executing received event (t = 925) from Node2
Thread-1 executing received event (t = 947) from Node1
Thread within node5 executing local event
Thread-1 within node5 sent event (t=957) to Node2 [Virtual]
Thread within node5 executing local event
Thread-2 within node5 sent event (t=962) to Node3 [Virtual]
Thread within node5 executing local event
Thread within node5 executing local event
Thread-3 within node5 sent event (t=972) to Node4 [Virtual]
Thread-2 executing received event (t = 970) from Node1
Thread within node5 executing local event
Thread-1 within node5 sent event (t=982) to Node2 [Virtual]
Thread-0 executing received event (t = 1002) from Node2
Thread within node5 executing local event
Thread-0 within node5 sent event (t=1012) to Node3 [Virtual]
Thread-2 executing received event (t = 1018) from Node3
Thread within node5 executing local event
Thread within node5 executing local event
Thread within node5 executing local event
Thread-1 within node5 sent event (t=1038) to Node1 [Virtual]
Thread within node5 executing local event
Thread-3 within node5 sent event (t=1043) to Node4 [Virtual]
Thread-3 executing received event (t = 1059) from Node1
Thread-0 executing received event (t = 1042) from Node2
Thread within node5 executing local event
Thread-2 executing received event (t = 1060) from Node1
Thread-3 within node5 sent event (t=1074) to Node3 [Virtual]
Thread-3 executing received event (t = 1048) from Node2
Thread-0 executing received event (t = 1063) from Node4
Thread within node5 executing local event
Thread within node5 executing local event
Thread-3 within node5 sent event (t=1099) to Node1 [Virtual]
Thread-3 executing received event (t = 1103) from Node1
Thread-0 executing received event (t = 1110) from Node3
Thread within node5 executing local event
Thread-2 within node5 sent event (t=1120) to Node1 [Virtual]
Thread-2 executing received event (t = 1113) from Node3
Thread within node5 executing local event
Thread-0 within node5 sent event (t=1130) to Node1 [Virtual]
Thread-0 executing received event (t = 1143) from Node2
Thread within node5 executing local event
Thread-1 within node5 sent event (t=1153) to Node1 [Virtual]
Thread-2 executing received event (t = 1156) from Node3
Thread within node5 executing local event
Thread-3 within node5 sent event (t=1166) to Node4 [Virtual]
Thread within node5 executing local event
Thread-0 within node5 sent event (t=1171) to Node2 [Virtual]
Thread within node5 executing local event
Thread within node5 executing local event
Thread within node5 executing local event
Thread-2 within node5 sent event (t=1186) to Node4 [Virtual]
Thread-0 executing received event (t = 1183) from Node1
Thread within node5 executing local event
Thread within node5 executing local event
Thread-3 within node5 sent event (t=1201) to Node2 [Virtual]
Thread within node5 executing local event
Thread-1 within node5 sent event (t=1206) to Node4 [Virtual]
Thread within node5 executing local event
Thread-3 within node5 sent event (t=1211) to Node1 [Virtual]
Thread within node5 executing local event
Thread within node5 executing local event
Thread-3 within node5 sent event (t=1221) to Node2 [Virtual]
Thread-0 within node5 sent event (t=1216) to Node2 [Virtual]
Thread-3 executing received event (t = 1234) from Node4
Thread within node5 executing local event
Thread within node5 executing local event
Thread-2 within node5 sent event (t=1249) to Node4 [Virtual]
Thread within node5 executing local event
Thread within node5 executing local event
Thread-0 executing received event (t = 1255) from Node1
Thread within node5 executing local event
Thread within node5 executing local event
Thread-1 within node5 sent event (t=1274) to Node1 [Virtual]
Thread within node5 executing local event
Thread-2 within node5 sent event (t=1279) to Node3 [Virtual]
Thread-0 executing received event (t = 1260) from Node2
Thread within node5 executing local event
Thread-1 within node5 sent event (t=1289) to Node1 [Virtual]
Thread within node5 executing local event
Thread-3 executing received event (t = 1284) from Node4
Thread-0 executing received event (t = 1293) from Node1
Thread-1 executing received event (t = 1288) from Node4
Thread within node5 executing local event
Thread-3 executing received event (t = 1300) from Node3
Thread within node5 executing local event
Thread within node5 executing local event
Thread-0 within node5 sent event (t=1329) to Node4 [Virtual]
Thread-2 executing received event (t = 1345) from Node2
Thread within node5 executing local event
Thread within node5 executing local event
Thread-1 executing received event (t = 1298) from Node1
Thread within node5 executing local event
Thread-3 within node5 sent event (t=1370) to Node3 [Virtual]
Thread-3 executing received event (t = 1299) from Node1
Thread-0 executing received event (t = 1376) from Node3
Thread within node5 executing local event
Thread-2 executing received event (t = 1353) from Node4
Thread within node5 executing local event
Thread-1 within node5 sent event (t=1396) to Node2 [Virtual]
Thread within node5 executing local event
Thread within node5 executing local event
Thread within node5 executing local event
Thread within node5 executing local event
Thread-0 executing received event (t = 1354) from Node1
Thread within node5 executing local event
Thread-2 within node5 sent event (t=1426) to Node1 [Virtual]
Thread within node5 executing local event
Thread-3 executing received event (t = 1369) from Node4
Thread-0 executing received event (t = 1373) from Node4
Thread-1 executing received event (t = 1444) from Node2
Thread within node5 executing local event
Thread within node5 executing local event
Thread within node5 executing local event
Thread within node5 executing local event
Thread-0 within node5 sent event (t=1469) to Node4 [Virtual]
Thread-2 executing received event (t = 1456) from Node3
Thread-3 executing received event (t = 1456) from Node2
Thread within node5 executing local event
Thread-3 within node5 sent event (t=1484) to Node4 [Virtual]
Thread within node5 executing local event
Thread-1 within node5 sent event (t=1489) to Node4 [Virtual]
Thread-2 executing received event (t = 1497) from Node4
Thread within node5 executing local event
Thread within node5 executing local event
Thread-2 within node5 sent event (t=1512) to Node3 [Virtual]
Thread-1 executing received event (t = 1479) from Node2
Thread within node5 executing local event
Thread within node5 executing local event
Thread within node5 executing local event
Thread-0 within node5 sent event (t=1532) to Node3 [Virtual]
Thread-1 executing received event (t = 1547) from Node3
Thread within node5 executing local event
Thread within node5 executing local event
Thread-2 within node5 sent event (t=1562) to Node2 [Virtual]
Thread within node5 executing local event
Thread-3 within node5 sent event (t=1567) to Node3 [Virtual]
Thread-1 executing received event (t = 1568) from Node2
Thread within node5 executing local event
Thread-3 executing received event (t = 1573) from Node3
Thread within node5 executing local event
Thread-1 executing received event (t = 1570) from Node1
Thread within node5 executing local event
Thread within node5 executing local event
Thread-1 within node5 sent event (t=1603) to Node1 [Virtual]
Thread-0 executing received event (t = 1588) from Node3
Thread within node5 executing local event
Thread-2 executing received event (t = 1592) from Node2
Thread-3 executing received event (t = 1592) from Node4
Thread-0 executing received event (t = 1602) from Node4
Thread-1 executing received event (t = 1614) from Node3
Thread within node5 executing local event
Thread within node5 executing local event
Thread-0 executing received event (t = 1620) from Node3
Thread-1 executing received event (t = 1623) from Node3
Thread within node5 executing local event
Thread-0 within node5 sent event (t=1658) to Node4 [Virtual]
Thread-3 executing received event (t = 1598) from Node2
Thread within node5 executing local event
Thread-1 executing received event (t = 1611) from Node1
Thread-2 executing received event (t = 1670) from Node2
Thread within node5 executing local event
Thread-2 within node5 sent event (t=1683) to Node2 [Virtual]
Thread within node5 executing local event
Thread-3 within node5 sent event (t=1688) to Node1 [Virtual]
Thread within node5 executing local event
Thread within node5 executing local event
Thread-2 within node5 sent event (t=1698) to Node2 [Virtual]
Thread-3 executing received event (t = 1699) from Node4
Thread within node5 executing local event
Thread-1 within node5 sent event (t=1709) to Node3 [Virtual]
Thread within node5 executing local event
Thread-1 within node5 sent event (t=1714) to Node3 [Virtual]
Thread within node5 executing local event
Thread within node5 executing local event
Thread within node5 executing local event
Thread-2 within node5 sent event (t=1729) to Node4 [Virtual]
Thread within node5 executing local event
Thread-1 within node5 sent event (t=1734) to Node3 [Virtual]
Thread within node5 executing local event
Thread-1 within node5 sent event (t=1739) to Node2 [Virtual]
Thread-3 executing received event (t = 1782) from Node1
Thread within node5 executing local event
Thread-3 within node5 sent event (t=1792) to Node2 [Virtual]
Thread within node5 executing local event
Thread-2 within node5 sent event (t=1797) to Node1 [Virtual]
Thread within node5 executing local event
Thread-3 executing received event (t = 1797) from Node3
Thread within node5 executing local event
Thread-1 executing received event (t = 1810) from Node1
Thread within node5 executing local event
Thread-1 within node5 sent event (t=1822) to Node3 [Virtual]
Thread within node5 executing local event
Thread within node5 executing local event
Thread within node5 executing local event
Thread-1 within node5 sent event (t=1837) to Node4 [Virtual]
Thread within node5 executing local event
Thread-1 within node5 sent event (t=1842) to Node3 [Virtual]
Thread-3 executing received event (t = 1851) from Node3
Thread within node5 executing local event
Thread within node5 executing local event
Thread-2 executing received event (t = 1855) from Node1
Thread-3 executing received event (t = 1857) from Node3
Thread within node5 executing local event
Thread within node5 executing local event
Thread-3 within node5 sent event (t=1886) to Node1 [Virtual]
Thread within node5 executing local event
Thread-1 within node5 sent event (t=1891) to Node4 [Virtual]
Thread-3 executing received event (t = 1869) from Node3
Thread-0 executing received event (t = 1903) from Node4
Thread-1 executing received event (t = 1889) from Node1
Thread within node5 executing local event
Thread-2 within node5 sent event (t=1918) to Node4 [Virtual]
Thread-3 executing received event (t = 1846) from Node2
Thread within node5 executing local event
Thread-1 executing received event (t = 1946) from Node4
Thread-2 executing received event (t = 1943) from Node3
Thread within node5 executing local event
Thread-1 within node5 sent event (t=1961) to Node3 [Virtual]
Thread within node5 executing local event
Thread within node5 executing local event
Thread-2 within node5 sent event (t=1971) to Node4 [Virtual]
Thread-2 executing received event (t = 1979) from Node4
Thread within node5 executing local event
Thread-0 within node5 sent event (t=1989) to Node1 [Virtual]
Thread-0 executing received event (t = 1970) from Node3
Thread-1 executing received event (t = 1983) from Node4
Thread within node5 executing local event
Thread-1 within node5 sent event (t=2004) to Node2 [Virtual]
Thread within node5 executing local event
Thread-2 within node5 sent event (t=2009) to Node1 [Virtual]
Thread within node5 executing local event
Thread-1 within node5 sent event (t=2014) to Node2 [Virtual]
Thread within node5 executing local event
Thread-3 within node5 sent event (t=2019) to Node1 [Virtual]
Thread within node5 executing local event
Thread-2 within node5 sent event (t=2024) to Node3 [Virtual]
Thread within node5 executing local event
Thread within node5 executing local event
Thread-3 within node5 sent event (t=2029) to Node2 [Virtual]
Thread-1 executing received event (t = 2035) from Node1
Thread-0 within node5 sent event (t=2034) to Node2 [Virtual]
Thread-2 executing received event (t = 2036) from Node1
Thread-3 executing received event (t = 2037) from Node1
Thread within node5 executing local event
Thread-2 within node5 sent event (t=2055) to Node4 [Virtual]
Thread-1 executing received event (t = 2048) from Node2
Thread within node5 executing local event
Thread within node5 executing local event
Thread-3 within node5 sent event (t=2070) to Node3 [Virtual]
Thread within node5 executing local event
Thread-2 within node5 sent event (t=2075) to Node1 [Virtual]
Thread within node5 executing local event
Thread-0 within node5 sent event (t=2080) to Node1 [Virtual]
Thread within node5 executing local event
Thread-3 within node5 sent event (t=2085) to Node3 [Virtual]
Thread within node5 executing local event
Thread within node5 executing local event
Thread-3 within node5 sent event (t=2095) to Node3 [Virtual]
Thread within node5 executing local event
Thread-1 within node5 sent event (t=2100) to Node3 [Virtual]
Thread within node5 executing local event
Thread-1 within node5 sent event (t=2105) to Node1 [Virtual]
Thread-3 executing received event (t = 2102) from Node2
Thread-0 executing received event (t = 2107) from Node1
Thread within node5 executing local event
Thread-3 within node5 sent event (t=2120) to Node2 [Virtual]
Thread within node5 executing local event
Thread-0 within node5 sent event (t=2125) to Node1 [Virtual]
Thread within node5 executing local event
Thread within node5 executing local event
Thread within node5 executing local event
Thread-1 within node5 sent event (t=2140) to Node2 [Virtual]
Thread within node5 executing local event
Thread-0 within node5 sent event (t=2145) to Node4 [Virtual]
Thread within node5 executing local event
Thread within node5 executing local event
Thread within node5 executing local event
Thread-2 within node5 sent event (t=2160) to Node1 [Virtual]
Thread within node5 executing local event
Thread-3 executing received event (t = 2164) from Node1
Thread-0 executing received event (t = 2148) from Node3
Thread-1 executing received event (t = 2154) from Node3
Thread within node5 executing local event
Thread-0 within node5 sent event (t=2185) to Node1 [Virtual]
Thread-3 executing received event (t = 2176) from Node4
Thread within node5 executing local event
Thread-1 within node5 sent event (t=2195) to Node3 [Virtual]
Thread within node5 executing local event
Thread-2 executing received event (t = 2207) from Node2
Thread within node5 executing local event
Thread-3 within node5 sent event (t=2217) to Node1 [Virtual]
Thread-0 executing received event (t = 2213) from Node4
Thread within node5 executing local event
Thread-2 within node5 sent event (t=2227) to Node2 [Virtual]
Thread within node5 executing local event
Thread-3 executing received event (t = 2235) from Node2
Thread-0 executing received event (t = 2233) from Node4
Thread-1 executing received event (t = 2244) from Node1
Thread-2 executing received event (t = 2245) from Node1
Thread within node5 executing local event
Thread within node5 executing local event
Thread-3 within node5 sent event (t=2265) to Node2 [Virtual]
Thread-1 executing received event (t = 2254) from Node4
Thread within node5 executing local event
Thread-3 executing received event (t = 2247) from Node1
Thread within node5 executing local event
Thread-0 within node5 sent event (t=2285) to Node2 [Virtual]
Thread within node5 executing local event
Thread-2 executing received event (t = 2291) from Node2
Thread within node5 executing local event
Thread-2 within node5 sent event (t=2301) to Node4 [Virtual]
Thread within node5 executing local event
Thread-3 within node5 sent event (t=2306) to Node1 [Virtual]
Thread within node5 executing local event
Thread-2 within node5 sent event (t=2311) to Node3 [Virtual]
Thread within node5 executing local event
Thread-3 executing received event (t = 2313) from Node4
Thread within node5 executing local event
Thread-3 within node5 sent event (t=2326) to Node1 [Virtual]
Thread within node5 executing local event
Thread-2 within node5 sent event (t=2331) to Node3 [Virtual]
Thread within node5 executing local event
Thread within node5 executing local event
Thread-0 executing received event (t = 2317) from Node2
Thread within node5 executing local event
Thread-2 executing received event (t = 2366) from Node3
Thread within node5 executing local event
Thread within node5 executing local event
Thread-1 within node5 sent event (t=2381) to Node2 [Virtual]
Thread-1 executing received event (t = 2372) from Node3
Thread within node5 executing local event
Thread-0 within node5 sent event (t=2391) to Node2 [Virtual]
Thread-3 executing received event (t = 2366) from Node1
Thread within node5 executing local event
Thread-2 within node5 sent event (t=2401) to Node2 [Virtual]
Thread-1 executing received event (t = 2377) from Node1
Thread within node5 executing local event
Thread-0 within node5 sent event (t=2411) to Node3 [Virtual]
Thread within node5 executing local event
Thread-0 executing received event (t = 2378) from Node1
Thread within node5 executing local event
Thread within node5 executing local event
Thread-3 executing received event (t = 2423) from Node3
Thread within node5 executing local event
Thread-2 within node5 sent event (t=2441) to Node3 [Virtual]
Thread within node5 executing local event
Thread-0 within node5 sent event (t=2446) to Node3 [Virtual]
Thread-2 executing received event (t = 2447) from Node3
Thread-3 executing received event (t = 2381) from Node1
Thread within node5 executing local event
Thread-1 executing received event (t = 2433) from Node1
Thread within node5 executing local event
Thread-2 within node5 sent event (t=2472) to Node1 [Virtual]
Thread-3 executing received event (t = 2462) from Node2
Thread within node5 executing local event
Thread-3 within node5 sent event (t=2482) to Node3 [Virtual]
Thread-1 executing received event (t = 2477) from Node4
Thread within node5 executing local event
Thread-0 within node5 sent event (t=2492) to Node1 [Virtual]
Thread within node5 executing local event
Thread-3 within node5 sent event (t=2497) to Node3 [Virtual]
Thread-0 executing received event (t = 2503) from Node3
Thread within node5 executing local event
Thread within node5 executing local event
Thread-1 within node5 sent event (t=2518) to Node1 [Virtual]
Thread within node5 executing local event
Thread-0 executing received event (t = 2520) from Node1
Thread within node5 executing local event
Thread-0 within node5 sent event (t=2533) to Node3 [Virtual]
Thread-2 executing received event (t = 2531) from Node4
Thread within node5 executing local event
Thread within node5 executing local event
Thread-2 within node5 sent event (t=2548) to Node4 [Virtual]
Thread-1 executing received event (t = 2539) from Node3
Thread-2 executing received event (t = 2536) from Node1
Thread within node5 executing local event
Thread-1 within node5 sent event (t=2563) to Node1 [Virtual]
Thread within node5 executing local event
Thread-0 within node5 sent event (t=2568) to Node3 [Virtual]
Thread within node5 executing local event
Thread-3 within node5 sent event (t=2573) to Node1 [Virtual]
Thread-2 executing received event (t = 2556) from Node2
Thread-3 executing received event (t = 2560) from Node2
Thread within node5 executing local event
Thread-2 within node5 sent event (t=2588) to Node4 [Virtual]
Thread within node5 executing local event
Thread within node5 executing local event
Thread-2 within node5 sent event (t=2593) to Node4 [Virtual]
Thread within node5 executing local event
Thread within node5 executing local event
Thread-3 within node5 sent event (t=2608) to Node2 [Virtual]
Thread-1 executing received event (t = 2616) from Node2
Thread-2 executing received event (t = 2591) from Node1
Thread-3 executing received event (t = 2593) from Node1
Thread within node5 executing local event
Thread-1 within node5 sent event (t=2636) to Node1 [Virtual]
Thread-1 executing received event (t = 2639) from Node1
Thread within node5 executing local event
Thread-1 within node5 sent event (t=2649) to Node4 [Virtual]
Thread within node5 executing local event
Thread-0 executing received event (t = 2661) from Node4
Thread-2 within node5 sent event (t=2654) to Node1 [Virtual]
Thread within node5 executing local event
Thread within node5 executing local event
Thread-3 executing received event (t = 2687) from Node4
Thread within node5 executing local event
Thread within node5 executing local event
Thread-1 within node5 sent event (t=2702) to Node2 [Virtual]
Thread within node5 executing local event
Thread within node5 executing local event
Thread within node5 executing local event
Thread within node5 executing local event
Thread-2 within node5 sent event (t=2722) to Node3 [Virtual]
Thread within node5 executing local event
Thread within node5 executing local event
Thread within node5 executing local event
Thread-1 executing received event (t = 2747) from Node2
Thread within node5 executing local event
Thread within node5 executing local event
Thread-0 within node5 sent event (t=2762) to Node2 [Virtual]
Thread-0 executing received event (t = 2766) from Node2
Thread-1 executing received event (t = 2772) from Node2
Thread within node5 executing local event
Thread-1 within node5 sent event (t=2782) to Node2 [Virtual]
Thread within node5 executing local event
Thread-2 within node5 sent event (t=2787) to Node1 [Virtual]
Thread within node5 executing local event
Thread within node5 executing local event
Thread-2 within node5 sent event (t=2797) to Node2 [Virtual]
Thread within node5 executing local event
Thread-0 within node5 sent event (t=2802) to Node2 [Virtual]
Thread within node5 executing local event
Thread within node5 executing local event
Thread-3 within node5 sent event (t=2812) to Node4 [Virtual]
Thread within node5 executing local event
Thread-1 within node5 sent event (t=2817) to Node1 [Virtual]
Thread-2 executing received event (t = 2769) from Node3
Thread within node5 executing local event
Thread within node5 executing local event
Thread within node5 executing local event
Thread-0 within node5 sent event (t=2837) to Node2 [Virtual]
Thread within node5 executing local event
Thread within node5 executing local event
Thread-3 within node5 sent event (t=2847) to Node4 [Virtual]
Thread-0 executing received event (t = 2799) from Node3
Thread-1 executing received event (t = 2799) from Node3
Thread within node5 executing local event
Thread within node5 executing local event
Thread-3 within node5 sent event (t=2867) to Node2 [Virtual]
Thread within node5 executing local event
Thread-1 executing received event (t = 2877) from Node2
Thread-2 executing received event (t = 2881) from Node2
Thread within node5 executing local event
Thread within node5 executing local event
Thread-3 within node5 sent event (t=2897) to Node1 [Virtual]
Thread within node5 executing local event
Thread-2 executing received event (t = 2893) from Node4
Thread within node5 executing local event
Thread within node5 executing local event
Thread-1 within node5 sent event (t=2917) to Node4 [Virtual]
Thread-1 executing received event (t = 2905) from Node2
Thread-2 executing received event (t = 2909) from Node2
Thread within node5 executing local event
Thread within node5 executing local event
Thread-3 within node5 sent event (t=2937) to Node4 [Virtual]
Thread-1 executing received event (t = 2913) from Node2
Thread-2 executing received event (t = 2915) from Node2
Thread within node5 executing local event
Thread-3 within node5 sent event (t=2952) to Node2 [Virtual]
Thread within node5 executing local event
Thread within node5 executing local event
Thread-2 executing received event (t = 2960) from Node2
Thread within node5 executing local event
Thread-2 within node5 sent event (t=2972) to Node1 [Virtual]
Thread within node5 executing local event
Thread within node5 executing local event
Thread within node5 executing local event
Thread-0 within node5 sent event (t=2987) to Node1 [Virtual]
Thread within node5 executing local event
Thread-0 executing received event (t = 2980) from Node2
Thread within node5 executing local event
Thread within node5 executing local event
Thread-3 executing received event (t = 2924) from Node3
Thread within node5 executing local event
Thread-3 within node5 sent event (t=3017) to Node2 [Virtual]
Thread-1 executing received event (t = 2927) from Node3
Thread within node5 executing local event
Thread-3 executing received event (t = 2981) from Node4
Thread within node5 executing local event
Thread within node5 executing local event
Thread within node5 executing local event
Thread-3 within node5 sent event (t=3047) to Node4 [Virtual]
Thread within node5 executing local event
Thread within node5 executing local event
Thread-3 within node5 sent event (t=3057) to Node3 [Virtual]
Thread within node5 executing local event
Thread-1 within node5 sent event (t=3062) to Node2 [Virtual]
Thread-2 executing received event (t = 3063) from Node3
Thread within node5 executing local event
Thread-2 within node5 sent event (t=3073) to Node1 [Virtual]
Thread within node5 executing local event
Thread-1 within node5 sent event (t=3078) to Node1 [Virtual]
Thread within node5 executing local event
Thread-1 within node5 sent event (t=3083) to Node1 [Virtual]
Thread within node5 executing local event
Thread-0 within node5 sent event (t=3088) to Node1 [Virtual]
Thread within node5 executing local event
Thread-0 executing received event (t = 3079) from Node4
Thread within node5 executing local event
Thread-2 within node5 sent event (t=3103) to Node1 [Virtual]
Thread-2 executing received event (t = 3084) from Node3
Thread-3 executing received event (t = 3089) from Node2
Thread within node5 executing local event
Thread-0 within node5 sent event (t=3118) to Node1 [Virtual]
Thread within node5 executing local event
Thread-3 within node5 sent event (t=3123) to Node4 [Virtual]
Thread-2 executing received event (t = 3099) from Node3
Thread within node5 executing local event
Thread-0 executing received event (t = 3155) from Node3
Thread-1 executing received event (t = 3153) from Node4
Thread within node5 executing local event
Thread within node5 executing local event
Thread-0 executing received event (t = 3169) from Node4
Thread within node5 executing local event
Thread-1 within node5 sent event (t=3185) to Node3 [Virtual]
Thread within node5 executing local event
Thread within node5 executing local event
Thread within node5 executing local event
Thread-2 within node5 sent event (t=3200) to Node3 [Virtual]
Thread within node5 executing local event
Thread-1 within node5 sent event (t=3205) to Node1 [Virtual]
Thread within node5 executing local event
Thread-1 within node5 sent event (t=3210) to Node3 [Virtual]
Thread within node5 executing local event
Thread-3 within node5 sent event (t=3215) to Node1 [Virtual]
Thread-0 executing received event (t = 3219) from Node3
Thread within node5 executing local event
Thread-1 within node5 sent event (t=3229) to Node1 [Virtual]
Thread within node5 executing local event
Thread-0 within node5 sent event (t=3234) to Node4 [Virtual]
Thread within node5 executing local event
Thread within node5 executing local event
Thread-1 executing received event (t = 3231) from Node3
Thread within node5 executing local event
Thread within node5 executing local event
Thread within node5 executing local event
Thread-1 executing received event (t = 3262) from Node4
Thread-2 executing received event (t = 3266) from Node4
Thread within node5 executing local event
Thread-0 executing received event (t = 3270) from Node4
Thread-1 executing received event (t = 3280) from Node3
Thread-2 executing received event (t = 3282) from Node4
Thread within node5 executing local event
Thread within node5 executing local event
Thread within node5 executing local event
Thread-2 executing received event (t = 3283) from Node3
Thread-3 executing received event (t = 3290) from Node4
Thread within node5 executing local event
Thread within node5 executing local event
Thread-2 within node5 sent event (t=3329) to Node1 [Virtual]
Thread within node5 executing local event
Thread-1 within node5 sent event (t=3334) to Node1 [Virtual]
Thread within node5 executing local event
Thread-3 within node5 sent event (t=3339) to Node2 [Virtual]
Thread within node5 executing local event
Thread-0 within node5 sent event (t=3344) to Node3 [Virtual]
Thread within node5 executing local event
Thread-1 within node5 sent event (t=3349) to Node2 [Virtual]
Thread within node5 executing local event
Thread-1 within node5 sent event (t=3354) to Node4 [Virtual]
Thread within node5 executing local event
Thread-0 executing received event (t = 3359) from Node3
Thread within node5 executing local event
Thread within node5 executing local event
Thread-0 within node5 sent event (t=3374) to Node3 [Virtual]
Thread within node5 executing local event
Thread-1 within node5 sent event (t=3379) to Node4 [Virtual]
Thread within node5 executing local event
Thread-1 executing received event (t = 3387) from Node4
Thread within node5 executing local event
Thread within node5 executing local event
Thread within node5 executing local event
Thread-1 executing received event (t = 3399) from Node4
Thread within node5 executing local event
Thread-3 within node5 sent event (t=3417) to Node4 [Virtual]
Thread within node5 executing local event
Thread-2 within node5 sent event (t=3422) to Node4 [Virtual]
Thread-0 executing received event (t = 3392) from Node3
Thread within node5 executing local event
Thread within node5 executing local event
Thread-2 within node5 sent event (t=3437) to Node4 [Virtual]
Thread-3 executing received event (t = 3449) from Node4
Thread within node5 executing local event
Thread-0 within node5 sent event (t=3459) to Node2 [Virtual]
Thread within node5 executing local event
Thread within node5 executing local event
Thread-3 executing received event (t = 3461) from Node4
Thread within node5 executing local event
Thread-1 within node5 sent event (t=3479) to Node4 [Virtual]
Thread within node5 executing local event
Thread within node5 executing local event
Thread within node5 executing local event
Thread-0 within node5 sent event (t=3494) to Node1 [Virtual]
Thread within node5 executing local event
Thread within node5 executing local event
Thread within node5 executing local event
Thread-0 within node5 sent event (t=3509) to Node3 [Virtual]
Thread within node5 executing local event
Thread within node5 executing local event
Thread-1 executing received event (t = 3519) from Node4
Thread within node5 executing local event
Thread-1 within node5 sent event (t=3529) to Node2 [Virtual]
Thread within node5 executing local event
Thread within node5 executing local event
Thread within node5 executing local event
Thread within node5 executing local event
Thread-1 within node5 sent event (t=3549) to Node1 [Virtual]
Thread within node5 executing local event
Thread within node5 executing local event
Thread-0 within node5 sent event (t=3554) to Node2 [Virtual]
Thread within node5 executing local event
Thread-0 within node5 sent event (t=3564) to Node1 [Virtual]
Thread within node5 executing local event
Thread-3 within node5 sent event (t=3569) to Node3 [Virtual]
Thread within node5 executing local event
Thread-0 within node5 sent event (t=3574) to Node1 [Virtual]
Thread within node5 executing local event
Thread-2 within node5 sent event (t=3579) to Node1 [Virtual]
Thread within node5 executing local event
Thread within node5 executing local event
Thread within node5 executing local event
Thread-0 within node5 sent event (t=3594) to Node1 [Virtual]
Thread within node5 executing local event
Thread-2 within node5 sent event (t=3599) to Node3 [Virtual]
Thread-1 executing received event (t = 3575) from Node4
Thread within node5 executing local event
Thread-1 within node5 sent event (t=3609) to Node4 [Virtual]
Thread within node5 executing local event
Thread-3 within node5 sent event (t=3614) to Node1 [Virtual]
Thread within node5 executing local event
Thread within node5 executing local event
Thread within node5 executing local event
Thread-1 within node5 sent event (t=3629) to Node2 [Virtual]
Thread within node5 executing local event
Thread within node5 executing local event
Thread-0 within node5 sent event (t=3639) to Node3 [Virtual]
Thread within node5 executing local event
Thread-2 within node5 sent event (t=3644) to Node3 [Virtual]
Thread within node5 executing local event
Thread-1 within node5 sent event (t=3649) to Node4 [Virtual]
Thread within node5 executing local event
Thread-3 within node5 sent event (t=3654) to Node4 [Virtual]
Thread within node5 executing local event
Thread-3 within node5 sent event (t=3659) to Node3 [Virtual]
Thread within node5 executing local event
Thread within node5 executing local event
Thread within node5 executing local event
Thread-1 within node5 sent event (t=3674) to Node4 [Virtual]
Thread within node5 executing local event
Thread within node5 executing local event
Thread within node5 executing local event
Thread-3 within node5 sent event (t=3689) to Node4 [Virtual]
Thread within node5 executing local event
Thread within node5 executing local event
Thread within node5 executing local event
Thread-0 within node5 sent event (t=3704) to Node3 [Virtual]
Thread within node5 executing local event
Thread within node5 executing local event
Thread-1 within node5 sent event (t=3714) to Node3 [Virtual]
Thread within node5 executing local event
Thread within node5 executing local event
Thread within node5 executing local event
Thread within node5 executing local event
Thread within node5 executing local event
Thread-1 executing received event (t = 3701) from Node4
Thread within node5 executing local event
Thread-2 within node5 sent event (t=3749) to Node1 [Virtual]
Thread within node5 executing local event
Thread within node5 executing local event
Thread-2 within node5 sent event (t=3759) to Node1 [Virtual]
Thread within node5 executing local event
Thread-2 within node5 sent event (t=3764) to Node2 [Virtual]
Thread within node5 executing local event
Thread-0 within node5 sent event (t=3769) to Node4 [Virtual]
Thread within node5 executing local event
Thread within node5 executing local event
Thread-1 within node5 sent event (t=3779) to Node3 [Virtual]
Thread within node5 executing local event
Thread within node5 executing local event
Thread within node5 executing local event
Thread-2 within node5 sent event (t=3794) to Node4 [Virtual]
Thread within node5 executing local event
Thread-0 within node5 sent event (t=3799) to Node2 [Virtual]
Thread within node5 executing local event
Thread-3 within node5 sent event (t=3804) to Node4 [Virtual]
Thread within node5 executing local event
Thread-1 within node5 sent event (t=3809) to Node2 [Virtual]
Thread within node5 executing local event
Thread within node5 executing local event
Thread within node5 executing local event
Thread-3 within node5 sent event (t=3824) to Node2 [Virtual]
Thread within node5 executing local event
Thread within node5 executing local event
Thread-0 within node5 sent event (t=3834) to Node4 [Virtual]
Thread within node5 executing local event
Thread within node5 executing local event
Thread within node5 executing local event
Thread-2 within node5 sent event (t=3849) to Node3 [Virtual]
Thread within node5 executing local event
Thread-2 within node5 sent event (t=3854) to Node3 [Virtual]

=== Node 5 Statistics (Virtual Threads) ===
Total events processed: 640
Messages sent: 213
Messages received: 240
Execution time = 9351 ms
Final Lamport time: 3854
Counter 0 value: 154
Counter 1 value: 165
Counter 2 value: 157
Counter 3 value: 164
