Node 1 initialized on port 4225
Node 1 listening on port 4225
Node 1 connected to Node 2
Node 1 connected to Node 3
Node 1 connected to Node 4
Node 1 connected to Node 5
Node 1 starting 4 worker threads with 100 events each
Thread within node1 executing local event
Thread within node1 executing local event
Thread within node1 executing local event
Thread within node1 executing local event
Thread within node1 executing local event
Thread within node1 executing local event
Thread-2 within node1 sent event (t=5) to Node5
Thread-2 executing received event (t = 25) from Node5
Thread-2 within node1 sent event (t=4) to Node5
Thread within node1 executing local event
Thread-2 within node1 sent event (t=27) to Node2
Thread within node1 executing local event
Thread-1 within node1 sent event (t=28) to Node3
Thread within node1 executing local event
Thread within node1 executing local event
Thread within node1 executing local event
Thread within node1 executing local event
Thread within node1 executing local event
Thread-0 within node1 sent event (t=33) to Node4
Thread within node1 executing local event
Thread-3 within node1 sent event (t=34) to Node2
Thread within node1 executing local event
Thread within node1 executing local event
Thread within node1 executing local event
Thread-2 executing received event (t = 134) from Node5
Thread within node1 executing local event
Thread-1 within node1 sent event (t=136) to Node2
Thread-0 executing received event (t = 155) from Node3
Thread within node1 executing local event
Thread-0 within node1 sent event (t=157) to Node2
Thread within node1 executing local event
Thread-3 within node1 sent event (t=158) to Node4
Thread-3 executing received event (t = 174) from Node5
Thread within node1 executing local event
Thread within node1 executing local event
Thread-2 within node1 sent event (t=177) to Node3
Thread-2 executing received event (t = 189) from Node5
Thread within node1 executing local event
Thread within node1 executing local event
Thread within node1 executing local event
Thread within node1 executing local event
Thread-3 within node1 sent event (t=194) to Node3
Thread-3 executing received event (t = 209) from Node5
Thread within node1 executing local event
Thread-0 within node1 sent event (t=211) to Node5
Thread-1 executing received event (t = 221) from Node5
Thread within node1 executing local event
Thread within node1 executing local event
Thread within node1 executing local event
Thread-2 within node1 sent event (t=225) to Node5
Thread within node1 executing local event
Thread within node1 executing local event
Thread within node1 executing local event
Thread within node1 executing local event
Thread-1 executing received event (t = 218) from Node3
Thread-2 executing received event (t = 224) from Node3
Thread within node1 executing local event
Thread-2 within node1 sent event (t=232) to Node3
Thread within node1 executing local event
Thread-3 within node1 sent event (t=233) to Node3
Thread within node1 executing local event
Thread-2 executing received event (t = 241) from Node3
Thread within node1 executing local event
Thread-2 within node1 sent event (t=243) to Node3
Thread within node1 executing local event
Thread within node1 executing local event
Thread within node1 executing local event
Thread-0 within node1 sent event (t=246) to Node4
Thread within node1 executing local event
Thread within node1 executing local event
Thread-1 executing received event (t = 202) from Node2
Thread within node1 executing local event
Thread within node1 executing local event
Thread within node1 executing local event
Thread within node1 executing local event
Thread-0 within node1 sent event (t=253) to Node4
Thread-2 executing received event (t = 274) from Node3
Thread-3 executing received event (t = 341) from Node2
Thread within node1 executing local event
Thread within node1 executing local event
Thread-2 executing received event (t = 369) from Node5
Thread within node1 executing local event
Thread-0 executing received event (t = 357) from Node3
Thread-1 executing received event (t = 361) from Node4
Thread-2 executing received event (t = 351) from Node2
Thread within node1 executing local event
Thread-0 executing received event (t = 369) from Node4
Thread-1 executing received event (t = 355) from Node2
Thread within node1 executing local event
Thread-0 within node1 sent event (t=378) to Node2
Thread within node1 executing local event
Thread within node1 executing local event
Thread-3 within node1 sent event (t=379) to Node4
Thread within node1 executing local event
Thread-2 executing received event (t = 441) from Node4
Thread within node1 executing local event
Thread-1 within node1 sent event (t=443) to Node4
Thread within node1 executing local event
Thread within node1 executing local event
Thread-2 within node1 sent event (t=445) to Node2
Thread within node1 executing local event
Thread-0 within node1 sent event (t=446) to Node4
Thread within node1 executing local event
Thread within node1 executing local event
Thread within node1 executing local event
Thread within node1 executing local event
Thread-2 within node1 sent event (t=450) to Node3
Thread within node1 executing local event
Thread within node1 executing local event
Thread-3 within node1 sent event (t=452) to Node3
Thread within node1 executing local event
Thread-0 within node1 sent event (t=453) to Node5
Thread within node1 executing local event
Thread within node1 executing local event
Thread within node1 executing local event
Thread-2 within node1 sent event (t=456) to Node3
Thread-1 executing received event (t = 584) from Node5
Thread within node1 executing local event
Thread within node1 executing local event
Thread-1 within node1 sent event (t=587) to Node4
Thread-0 executing received event (t = 605) from Node3
Thread-1 executing received event (t = 577) from Node2
Thread within node1 executing local event
Thread-3 within node1 sent event (t=608) to Node2
Thread within node1 executing local event
Thread-0 executing received event (t = 623) from Node3
Thread within node1 executing local event
Thread-1 within node1 sent event (t=625) to Node5
Thread within node1 executing local event
Thread-3 executing received event (t = 644) from Node5
Thread within node1 executing local event
Thread-0 within node1 sent event (t=646) to Node3
Thread within node1 executing local event
Thread within node1 executing local event
Thread-0 within node1 sent event (t=648) to Node5
Thread within node1 executing local event
Thread within node1 executing local event
Thread within node1 executing local event
Thread within node1 executing local event
Thread-3 executing received event (t = 622) from Node2
Thread-0 executing received event (t = 690) from Node5
Thread-1 executing received event (t = 677) from Node4
Thread within node1 executing local event
Thread-0 within node1 sent event (t=693) to Node4
Thread within node1 executing local event
Thread-0 executing received event (t = 720) from Node4
Thread within node1 executing local event
Thread within node1 executing local event
Thread within node1 executing local event
Thread-0 within node1 sent event (t=724) to Node2
Thread within node1 executing local event
Thread-2 within node1 sent event (t=725) to Node4
Thread-1 executing received event (t = 736) from Node5
Thread-2 executing received event (t = 762) from Node2
Thread-3 executing received event (t = 772) from Node4
Thread within node1 executing local event
Thread within node1 executing local event
Thread-2 executing received event (t = 787) from Node5
Thread within node1 executing local event
Thread-3 within node1 sent event (t=789) to Node5
Thread within node1 executing local event
Thread-0 within node1 sent event (t=790) to Node3
Thread-1 executing received event (t = 808) from Node3
Thread within node1 executing local event
Thread-0 within node1 sent event (t=810) to Node3
Thread within node1 executing local event
Thread within node1 executing local event
Thread within node1 executing local event
Thread-2 within node1 sent event (t=813) to Node2
Thread within node1 executing local event
Thread-2 within node1 sent event (t=814) to Node2
Thread-3 executing received event (t = 837) from Node3
Thread within node1 executing local event
Thread within node1 executing local event
Thread-3 within node1 sent event (t=840) to Node4
Thread-2 executing received event (t = 851) from Node5
Thread within node1 executing local event
Thread-1 within node1 sent event (t=853) to Node2
Thread within node1 executing local event
Thread-0 within node1 sent event (t=854) to Node4
Thread-1 executing received event (t = 874) from Node3
Thread-2 executing received event (t = 886) from Node5
Thread within node1 executing local event
Thread-0 within node1 sent event (t=888) to Node5
Thread within node1 executing local event
Thread-3 within node1 sent event (t=889) to Node3
Thread within node1 executing local event
Thread-1 within node1 sent event (t=890) to Node3
Thread within node1 executing local event
Thread-0 within node1 sent event (t=891) to Node5
Thread-3 executing received event (t = 904) from Node3
Thread within node1 executing local event
Thread-2 within node1 sent event (t=906) to Node3
Thread-1 executing received event (t = 915) from Node3
Thread-2 executing received event (t = 867) from Node2
Thread within node1 executing local event
Thread within node1 executing local event
Thread within node1 executing local event
Thread-3 within node1 sent event (t=919) to Node2
Thread within node1 executing local event
Thread-2 within node1 sent event (t=921) to Node3
Thread within node1 executing local event
Thread-0 within node1 sent event (t=922) to Node3
Thread-0 executing received event (t = 922) from Node4
Thread within node1 executing local event
Thread within node1 executing local event
Thread-2 within node1 sent event (t=925) to Node5
Thread within node1 executing local event
Thread within node1 executing local event
Thread-1 executing received event (t = 1007) from Node5
Thread-2 executing received event (t = 934) from Node4
Thread within node1 executing local event
Thread within node1 executing local event
Thread-0 within node1 sent event (t=1011) to Node5
Thread within node1 executing local event
Thread-2 executing received event (t = 1009) from Node2
Thread-3 executing received event (t = 1011) from Node2
Thread-0 executing received event (t = 954) from Node4
Thread within node1 executing local event
Thread-1 within node1 sent event (t=1016) to Node2
Thread within node1 executing local event
Thread within node1 executing local event
Thread-1 within node1 sent event (t=1018) to Node4
Thread-0 executing received event (t = 1030) from Node4
Thread-1 executing received event (t = 1048) from Node2
Thread-2 executing received event (t = 1050) from Node2
Thread within node1 executing local event
Thread within node1 executing local event
Thread-2 within node1 sent event (t=1053) to Node4
Thread-1 executing received event (t = 1056) from Node2
Thread within node1 executing local event
Thread within node1 executing local event
Thread-0 within node1 sent event (t=1059) to Node3
Thread within node1 executing local event
Thread within node1 executing local event
Thread-1 within node1 sent event (t=1061) to Node5
Thread within node1 executing local event
Thread-3 within node1 sent event (t=1062) to Node5
Thread within node1 executing local event
Thread-3 within node1 sent event (t=1063) to Node4
Thread within node1 executing local event
Thread-2 within node1 sent event (t=1064) to Node5
Thread-1 executing received event (t = 1138) from Node5
Thread within node1 executing local event
Thread within node1 executing local event
Thread-2 within node1 sent event (t=1140) to Node3
Thread-1 within node1 sent event (t=1141) to Node5
Thread-0 executing received event (t = 1128) from Node4
Thread within node1 executing local event
Thread within node1 executing local event
Thread within node1 executing local event
Thread within node1 executing local event
Thread-3 within node1 sent event (t=1145) to Node4
Thread-1 executing received event (t = 1192) from Node2
Thread within node1 executing local event
Thread-3 within node1 sent event (t=1194) to Node2
Thread within node1 executing local event
Thread within node1 executing local event
Thread within node1 executing local event
Thread within node1 executing local event
Thread-0 within node1 sent event (t=1198) to Node5
Thread within node1 executing local event
Thread-1 within node1 sent event (t=1199) to Node5
Thread within node1 executing local event
Thread within node1 executing local event
Thread within node1 executing local event
Thread-0 within node1 sent event (t=1202) to Node2
Thread within node1 executing local event
Thread-1 within node1 sent event (t=1203) to Node4
Thread within node1 executing local event
Thread-1 executing received event (t = 1260) from Node3
Thread within node1 executing local event
Thread-1 within node1 sent event (t=1262) to Node2
Thread within node1 executing local event
Thread-3 within node1 sent event (t=1263) to Node3
Thread-0 executing received event (t = 1268) from Node2
Thread within node1 executing local event
Thread-0 within node1 sent event (t=1270) to Node3
Thread within node1 executing local event
Thread-0 within node1 sent event (t=1271) to Node3
Thread within node1 executing local event
Thread within node1 executing local event
Thread within node1 executing local event
Thread-1 within node1 sent event (t=1274) to Node4
Thread within node1 executing local event
Thread-0 within node1 sent event (t=1275) to Node3
Thread within node1 executing local event
Thread-2 within node1 sent event (t=1276) to Node5
Thread within node1 executing local event
Thread-0 within node1 sent event (t=1277) to Node5
Thread within node1 executing local event
Thread within node1 executing local event
Thread-1 within node1 sent event (t=1279) to Node3
Thread-3 executing received event (t = 1353) from Node3
Thread-0 executing received event (t = 1351) from Node4
Thread within node1 executing local event
Thread within node1 executing local event
Thread-1 within node1 sent event (t=1357) to Node3
Thread within node1 executing local event
Thread within node1 executing local event
Thread within node1 executing local event
Thread-1 within node1 sent event (t=1360) to Node5
Thread within node1 executing local event
Thread within node1 executing local event
Thread within node1 executing local event
Thread-1 executing received event (t = 1455) from Node3
Thread within node1 executing local event
Thread-3 executing received event (t = 1369) from Node2
Thread-0 executing received event (t = 1461) from Node3
Thread within node1 executing local event
Thread within node1 executing local event
Thread-0 within node1 sent event (t=1464) to Node3
Thread within node1 executing local event
Thread-2 within node1 sent event (t=1465) to Node4
Thread within node1 executing local event
Thread-3 within node1 sent event (t=1466) to Node3
Thread within node1 executing local event
Thread-0 within node1 sent event (t=1467) to Node5
Thread within node1 executing local event
Thread-1 within node1 sent event (t=1468) to Node3
Thread-3 executing received event (t = 1506) from Node4
Thread within node1 executing local event
Thread within node1 executing local event
Thread-3 within node1 sent event (t=1509) to Node3
Thread-2 executing received event (t = 1546) from Node3
Thread within node1 executing local event
Thread-0 executing received event (t = 1592) from Node5
Thread within node1 executing local event
Thread-1 within node1 sent event (t=1594) to Node4
Thread within node1 executing local event
Thread-3 within node1 sent event (t=1595) to Node5
Thread within node1 executing local event
Thread-0 executing received event (t = 1610) from Node5
Thread within node1 executing local event
Thread-2 within node1 sent event (t=1612) to Node2
Thread-2 executing received event (t = 1627) from Node2
Thread within node1 executing local event
Thread-3 within node1 sent event (t=1629) to Node5
Thread within node1 executing local event
Thread within node1 executing local event
Thread within node1 executing local event
Thread-3 within node1 sent event (t=1632) to Node2
Thread within node1 executing local event
Thread-0 within node1 sent event (t=1633) to Node2
Thread-0 executing received event (t = 1658) from Node3
Thread within node1 executing local event
Thread within node1 executing local event
Thread-3 within node1 sent event (t=1661) to Node4
Thread within node1 executing local event
Thread-2 within node1 sent event (t=1662) to Node4
Thread within node1 executing local event
Thread-3 within node1 sent event (t=1663) to Node3
Thread-1 executing received event (t = 1699) from Node2
Thread-2 executing received event (t = 1707) from Node3
Thread within node1 executing local event
Thread-0 within node1 sent event (t=1709) to Node5
Thread within node1 executing local event
Thread-1 within node1 sent event (t=1710) to Node4
Thread within node1 executing local event
Thread-2 executing received event (t = 1769) from Node5
Thread within node1 executing local event
Thread-3 within node1 sent event (t=1771) to Node3
Thread within node1 executing local event
Thread-2 within node1 sent event (t=1772) to Node2
Thread within node1 executing local event
Thread-2 executing received event (t = 1757) from Node4
Thread within node1 executing local event
Thread-1 within node1 sent event (t=1775) to Node3
Thread within node1 executing local event
Thread-3 within node1 sent event (t=1776) to Node4
Thread within node1 executing local event
Thread-2 executing received event (t = 1790) from Node3
Thread within node1 executing local event
Thread-0 within node1 sent event (t=1792) to Node5
Thread within node1 executing local event
Thread-1 executing received event (t = 1819) from Node5
Thread-2 executing received event (t = 1801) from Node2
Thread-3 executing received event (t = 1822) from Node4
Thread within node1 executing local event
Thread-1 within node1 sent event (t=1824) to Node5
Thread within node1 executing local event
Thread within node1 executing local event
Thread-1 within node1 sent event (t=1826) to Node4
Thread within node1 executing local event
Thread within node1 executing local event
Thread-1 executing received event (t = 1850) from Node2
Thread-2 executing received event (t = 1840) from Node3
Thread-3 executing received event (t = 1848) from Node5
Thread within node1 executing local event
Thread-1 executing received event (t = 1850) from Node4
Thread-2 executing received event (t = 1858) from Node4
Thread within node1 executing local event
Thread within node1 executing local event
Thread-1 executing received event (t = 1858) from Node5
Thread-2 executing received event (t = 1863) from Node5
Thread within node1 executing local event
Thread-0 within node1 sent event (t=1865) to Node3
Thread within node1 executing local event
Thread within node1 executing local event
Thread-1 within node1 sent event (t=1867) to Node3
Thread within node1 executing local event
Thread-3 executing received event (t = 1880) from Node3
Thread within node1 executing local event
Thread within node1 executing local event
Thread within node1 executing local event
Thread-2 within node1 sent event (t=1884) to Node4
Thread within node1 executing local event
Thread-2 within node1 sent event (t=1885) to Node4
Thread within node1 executing local event
Thread-1 within node1 sent event (t=1886) to Node2
Thread-1 executing received event (t = 1921) from Node2
Thread within node1 executing local event
Thread-3 executing received event (t = 1983) from Node5
Thread within node1 executing local event
Thread-0 within node1 sent event (t=1985) to Node2
Thread within node1 executing local event
Thread within node1 executing local event
Thread-1 within node1 sent event (t=1987) to Node4
Thread within node1 executing local event
Thread within node1 executing local event
Thread-1 within node1 sent event (t=1989) to Node4
Thread-1 executing received event (t = 2008) from Node3
Thread within node1 executing local event
Thread-2 within node1 sent event (t=2010) to Node5
Thread within node1 executing local event
Thread-0 executing received event (t = 2047) from Node5
Thread within node1 executing local event
Thread within node1 executing local event
Thread-2 within node1 sent event (t=2050) to Node5
Thread-3 executing received event (t = 2086) from Node5
Thread-0 executing received event (t = 2031) from Node4
Thread within node1 executing local event
Thread within node1 executing local event
Thread-1 within node1 sent event (t=2090) to Node5
Thread within node1 executing local event
Thread within node1 executing local event
Thread within node1 executing local event
Thread-3 within node1 sent event (t=2093) to Node2
Thread within node1 executing local event
Thread-0 within node1 sent event (t=2094) to Node2
Thread within node1 executing local event
Thread-0 within node1 sent event (t=2095) to Node5
Thread-0 executing received event (t = 2141) from Node5
Thread-1 executing received event (t = 2140) from Node3
Thread-2 executing received event (t = 2143) from Node3
Thread within node1 executing local event
Thread-3 within node1 sent event (t=2145) to Node3
Thread-0 executing received event (t = 2157) from Node3
Thread-1 executing received event (t = 2107) from Node2
Thread within node1 executing local event
Thread-2 within node1 sent event (t=2160) to Node2
Thread within node1 executing local event
Thread-1 within node1 sent event (t=2161) to Node5
Thread within node1 executing local event
Thread-1 executing received event (t = 2171) from Node5
Thread within node1 executing local event
Thread-0 within node1 sent event (t=2173) to Node3
Thread within node1 executing local event
Thread-3 within node1 sent event (t=2174) to Node3
Thread within node1 executing local event
Thread-1 within node1 sent event (t=2175) to Node2
Thread-1 executing received event (t = 2202) from Node5
Thread within node1 executing local event
Thread within node1 executing local event
Thread within node1 executing local event
Thread-1 executing received event (t = 2221) from Node2
Thread within node1 executing local event
Thread within node1 executing local event
Thread within node1 executing local event
Thread within node1 executing local event
Thread-1 within node1 sent event (t=2226) to Node3
Thread-2 executing received event (t = 2269) from Node4
Thread-3 executing received event (t = 2282) from Node4
Thread within node1 executing local event
Thread within node1 executing local event
Thread-3 within node1 sent event (t=2284) to Node4
Thread within node1 executing local event
Thread within node1 executing local event
Thread-0 within node1 sent event (t=2287) to Node3
Thread-0 executing received event (t = 2261) from Node5
Thread within node1 executing local event
Thread within node1 executing local event
Thread-1 within node1 sent event (t=2290) to Node4
Thread within node1 executing local event
Thread-3 within node1 sent event (t=2291) to Node2
Thread-0 executing received event (t = 2335) from Node4
Thread within node1 executing local event
Thread-0 within node1 sent event (t=2337) to Node3
Thread-2 executing received event (t = 2347) from Node2
Thread within node1 executing local event
Thread-0 executing received event (t = 2359) from Node5
Thread-1 executing received event (t = 2346) from Node3
Thread within node1 executing local event
Thread-2 within node1 sent event (t=2362) to Node4
Thread-3 executing received event (t = 2370) from Node4
Thread within node1 executing local event
Thread within node1 executing local event
Thread-0 within node1 sent event (t=2373) to Node3
Thread within node1 executing local event
Thread within node1 executing local event
Thread-3 within node1 sent event (t=2375) to Node2
Thread-0 executing received event (t = 2395) from Node5
Thread-1 executing received event (t = 2386) from Node2
Thread within node1 executing local event
Thread-2 within node1 sent event (t=2398) to Node2
Thread within node1 executing local event
Thread-2 within node1 sent event (t=2399) to Node4
Thread within node1 executing local event
Thread within node1 executing local event
Thread within node1 executing local event
Thread-3 within node1 sent event (t=2402) to Node3
Thread-3 executing received event (t = 2469) from Node3
Thread-0 executing received event (t = 2461) from Node2
Thread within node1 executing local event
Thread-2 within node1 sent event (t=2472) to Node2
Thread-2 executing received event (t = 2494) from Node2
Thread within node1 executing local event
Thread within node1 executing local event
Thread-1 executing received event (t = 2490) from Node4
Thread within node1 executing local event
Thread-3 within node1 sent event (t=2499) to Node4
Thread within node1 executing local event
Thread-1 within node1 sent event (t=2500) to Node5
Thread-0 executing received event (t = 2481) from Node3
Thread within node1 executing local event
Thread-2 within node1 sent event (t=2502) to Node4
Thread within node1 executing local event
Thread-3 executing received event (t = 2515) from Node5
Thread within node1 executing local event
Thread-0 within node1 sent event (t=2517) to Node2
Thread within node1 executing local event
Thread-1 within node1 sent event (t=2518) to Node4
Thread-2 executing received event (t = 2527) from Node4
Thread within node1 executing local event
Thread-3 within node1 sent event (t=2529) to Node4
Thread within node1 executing local event
Thread-2 within node1 sent event (t=2530) to Node4
Thread-1 executing received event (t = 2542) from Node3
Thread-2 executing received event (t = 2532) from Node2
Thread-3 executing received event (t = 2553) from Node2
Thread within node1 executing local event
Thread-2 within node1 sent event (t=2555) to Node4
Thread within node1 executing local event
Thread-2 executing received event (t = 2584) from Node5
Thread within node1 executing local event
Thread-1 within node1 sent event (t=2586) to Node4
Thread within node1 executing local event
Thread-3 within node1 sent event (t=2587) to Node5
Thread-1 executing received event (t = 2602) from Node4
Thread within node1 executing local event
Thread within node1 executing local event
Thread-0 within node1 sent event (t=2605) to Node4
Thread-0 executing received event (t = 2605) from Node3
Thread-1 executing received event (t = 2608) from Node3
Thread-2 executing received event (t = 2626) from Node4
Thread within node1 executing local event
Thread-0 executing received event (t = 2644) from Node5
Thread-1 executing received event (t = 2649) from Node5
Thread within node1 executing local event
Thread-1 within node1 sent event (t=2651) to Node2
Thread within node1 executing local event
Thread within node1 executing local event
Thread-0 within node1 sent event (t=2653) to Node2
Thread within node1 executing local event
Thread-2 executing received event (t = 2661) from Node2
Thread within node1 executing local event
Thread-0 within node1 sent event (t=2663) to Node5
Thread within node1 executing local event
Thread within node1 executing local event
Thread within node1 executing local event
Thread within node1 executing local event
Thread within node1 executing local event
Thread-1 within node1 sent event (t=2668) to Node2
Thread-1 executing received event (t = 2702) from Node3
Thread within node1 executing local event
Thread within node1 executing local event
Thread-0 within node1 sent event (t=2705) to Node4
Thread within node1 executing local event
Thread within node1 executing local event
Thread-0 within node1 sent event (t=2707) to Node2
Thread-2 executing received event (t = 2742) from Node5
Thread within node1 executing local event
Thread-0 executing received event (t = 2714) from Node3
Thread-1 executing received event (t = 2748) from Node4
Thread-2 executing received event (t = 2757) from Node5
Thread within node1 executing local event
Thread within node1 executing local event
Thread within node1 executing local event
Thread within node1 executing local event
Thread-3 within node1 sent event (t=2762) to Node5
Thread within node1 executing local event
Thread-0 within node1 sent event (t=2763) to Node5
Thread within node1 executing local event
Thread within node1 executing local event
Thread within node1 executing local event
Thread-3 executing received event (t = 2802) from Node2
Thread within node1 executing local event
Thread-1 executing received event (t = 2817) from Node5
Thread within node1 executing local event
Thread within node1 executing local event
Thread-0 executing received event (t = 2822) from Node4
Thread within node1 executing local event
Thread within node1 executing local event
Thread-3 within node1 sent event (t=2825) to Node4
Thread-3 executing received event (t = 2836) from Node2
Thread within node1 executing local event
Thread-0 within node1 sent event (t=2838) to Node4
Thread within node1 executing local event
Thread-2 executing received event (t = 2865) from Node5
Thread within node1 executing local event
Thread within node1 executing local event
Thread-1 within node1 sent event (t=2868) to Node5
Thread-1 executing received event (t = 2867) from Node3
Thread-2 executing received event (t = 2886) from Node4
Thread within node1 executing local event
Thread within node1 executing local event
Thread-3 within node1 sent event (t=2889) to Node3
Thread within node1 executing local event
Thread-0 within node1 sent event (t=2890) to Node3
Thread within node1 executing local event
Thread-3 executing received event (t = 2906) from Node2
Thread-0 executing received event (t = 2910) from Node4
Thread-1 executing received event (t = 2908) from Node2
Thread within node1 executing local event
Thread-1 within node1 sent event (t=2913) to Node3
Thread-3 executing received event (t = 2926) from Node2
Thread within node1 executing local event
Thread within node1 executing local event
Thread-1 within node1 sent event (t=2929) to Node3
Thread within node1 executing local event
Thread-0 within node1 sent event (t=2930) to Node5
Thread-3 executing received event (t = 2944) from Node4
Thread within node1 executing local event
Thread within node1 executing local event
Thread within node1 executing local event
Thread within node1 executing local event
Thread within node1 executing local event
Thread-2 within node1 sent event (t=2950) to Node4
Thread-1 executing received event (t = 2938) from Node2
Thread within node1 executing local event
Thread within node1 executing local event
Thread-0 within node1 sent event (t=2952) to Node2
Thread within node1 executing local event
Thread-0 within node1 sent event (t=2954) to Node3
Thread within node1 executing local event
Thread-3 within node1 sent event (t=2955) to Node5
Thread-2 executing received event (t = 2966) from Node3
Thread within node1 executing local event
Thread-3 within node1 sent event (t=2968) to Node5
Thread within node1 executing local event
Thread-1 executing received event (t = 3030) from Node5
Thread within node1 executing local event
Thread within node1 executing local event
Thread-1 within node1 sent event (t=3033) to Node4
Thread-0 executing received event (t = 3037) from Node3
Thread-1 executing received event (t = 3065) from Node4
Thread within node1 executing local event
Thread within node1 executing local event
Thread-1 within node1 sent event (t=3068) to Node2
Thread within node1 executing local event
Thread within node1 executing local event
Thread-2 executing received event (t = 3087) from Node2
Thread within node1 executing local event
Thread-0 executing received event (t = 3117) from Node4
Thread-1 executing received event (t = 3096) from Node3
Thread within node1 executing local event
Thread within node1 executing local event
Thread within node1 executing local event
Thread-1 executing received event (t = 3111) from Node2
Thread-2 executing received event (t = 3116) from Node5
Thread within node1 executing local event
Thread-2 within node1 sent event (t=3125) to Node3
Thread within node1 executing local event
Thread-3 within node1 sent event (t=3126) to Node5
Thread-1 executing received event (t = 3136) from Node5
Thread-2 executing received event (t = 3117) from Node2
Thread-3 executing received event (t = 3133) from Node4
Thread-0 executing received event (t = 3146) from Node5
Thread-1 executing received event (t = 3119) from Node2
Thread-2 executing received event (t = 3151) from Node5
Thread-3 executing received event (t = 3141) from Node4
Thread-0 executing received event (t = 3147) from Node3
Thread-1 executing received event (t = 3150) from Node3
Thread within node1 executing local event
Thread-1 within node1 sent event (t=3156) to Node3
Thread within node1 executing local event
Thread-3 within node1 sent event (t=3157) to Node5
Thread within node1 executing local event
Thread-1 executing received event (t = 3176) from Node2
Thread within node1 executing local event
Thread-2 within node1 sent event (t=3178) to Node5
Thread-3 executing received event (t = 3180) from Node2
Thread within node1 executing local event
Thread within node1 executing local event
Thread-1 within node1 sent event (t=3183) to Node3
Thread within node1 executing local event
Thread-3 within node1 sent event (t=3184) to Node4
Thread within node1 executing local event
Thread within node1 executing local event
Thread within node1 executing local event
Thread within node1 executing local event
Thread within node1 executing local event
Thread within node1 executing local event
Thread-0 within node1 sent event (t=3190) to Node4
Thread within node1 executing local event
Thread-3 within node1 sent event (t=3191) to Node5
Thread within node1 executing local event
Thread within node1 executing local event
Thread-0 executing received event (t = 3314) from Node2
Thread-1 executing received event (t = 3330) from Node4
Thread within node1 executing local event
Thread-3 executing received event (t = 3303) from Node5
Thread-3 within node1 sent event (t=3332) to Node3
Thread within node1 executing local event
Thread-1 executing received event (t = 3338) from Node3
Thread within node1 executing local event
Thread within node1 executing local event
Thread within node1 executing local event
Thread-0 within node1 sent event (t=3342) to Node5
Thread-1 executing received event (t = 3342) from Node2
Thread within node1 executing local event
Thread-3 within node1 sent event (t=3344) to Node4
Thread-3 executing received event (t = 3364) from Node3
Thread within node1 executing local event
Thread-2 within node1 sent event (t=3366) to Node4
Thread-1 executing received event (t = 3374) from Node4
Thread within node1 executing local event
Thread-3 executing received event (t = 3388) from Node5
Thread within node1 executing local event
Thread within node1 executing local event
Thread-0 within node1 sent event (t=3391) to Node5
Thread within node1 executing local event
Thread within node1 executing local event
Thread within node1 executing local event
Thread-1 within node1 sent event (t=3393) to Node5
Thread-1 executing received event (t = 3388) from Node3
Thread-2 executing received event (t = 3443) from Node5
Thread within node1 executing local event
Thread within node1 executing local event
Thread-1 executing received event (t = 3418) from Node4
Thread-2 executing received event (t = 3472) from Node5
Thread within node1 executing local event
Thread-2 within node1 sent event (t=3474) to Node2
Thread within node1 executing local event
Thread within node1 executing local event
Thread within node1 executing local event
Thread-0 within node1 sent event (t=3477) to Node2
Thread-3 executing received event (t = 3482) from Node2
Thread within node1 executing local event
Thread-3 within node1 sent event (t=3484) to Node3
Thread within node1 executing local event
Thread-2 within node1 sent event (t=3485) to Node4
Thread within node1 executing local event
Thread-1 within node1 sent event (t=3486) to Node3
Thread within node1 executing local event
Thread-0 within node1 sent event (t=3487) to Node5
Thread-0 executing received event (t = 3499) from Node3
Thread within node1 executing local event
Thread-2 executing received event (t = 3508) from Node3
Thread-3 executing received event (t = 3509) from Node4
Thread-0 executing received event (t = 3514) from Node3
Thread within node1 executing local event
Thread-1 within node1 sent event (t=3516) to Node2
Thread-2 executing received event (t = 3576) from Node4
Thread within node1 executing local event
Thread-2 within node1 sent event (t=3578) to Node4
Thread within node1 executing local event
Thread-1 executing received event (t = 3576) from Node3
Thread within node1 executing local event
Thread-0 within node1 sent event (t=3581) to Node4
Thread within node1 executing local event
Thread-1 within node1 sent event (t=3582) to Node3
Thread within node1 executing local event
Thread within node1 executing local event
Thread-2 within node1 sent event (t=3584) to Node2
Thread within node1 executing local event
Thread-0 within node1 sent event (t=3585) to Node4
Thread within node1 executing local event
Thread-0 within node1 sent event (t=3586) to Node3
Thread within node1 executing local event
Thread-1 executing received event (t = 3650) from Node4
Thread-2 executing received event (t = 3686) from Node5
Thread-3 executing received event (t = 3680) from Node4
Thread within node1 executing local event
Thread-1 executing received event (t = 3682) from Node2
Thread-2 executing received event (t = 3690) from Node3
Thread-3 executing received event (t = 3696) from Node4
Thread-0 executing received event (t = 3706) from Node5
Thread-1 executing received event (t = 3712) from Node4
Thread-2 executing received event (t = 3726) from Node2
Thread-3 executing received event (t = 3728) from Node2
Thread-0 executing received event (t = 3730) from Node2
Thread-1 executing received event (t = 3751) from Node5
Thread-2 executing received event (t = 3752) from Node2
Thread-3 executing received event (t = 3761) from Node5
Thread-0 executing received event (t = 3752) from Node4
Thread-1 executing received event (t = 3777) from Node2
Thread-2 executing received event (t = 3814) from Node5
Thread-3 executing received event (t = 3839) from Node5
Thread-0 executing received event (t = 3862) from Node4
Thread-1 executing received event (t = 3870) from Node4

=== Node 1 Statistics ===
Total events processed: 602
Messages sent: 199
Messages received: 202
Execution time = 11246 ms
Final Lamport time: 3871
Counter 0 value: 143
Counter 1 value: 165
Counter 2 value: 154
Counter 3 value: 140
