Node 5 initialized on port 4229
Node 5 using PaddedCounter to prevent false sharing
Node 5 listening on port 4229
Node 5 connected to Node 1
Node 5 connected to Node 2
Node 5 connected to Node 3
Node 5 connected to Node 4
Node 5 starting 4 worder threads with PaddedCounter
Thread within node5 executing local event (padded)
Thread within node5 executing local event (padded)
Thread within node5 executing local event (padded)
Thread within node5 executing local event (padded)
Thread-0 executing received event (padded) (t = 4) from Node1
Thread-1 executing received event (padded) (t = 12) from Node3
Thread-2 executing received event (padded) (t = 5) from Node1
Thread-3 within node5 sent event (t=20) to Node4
Thread-3 executing received event (padded) (t = 15) from Node3
Thread within node5 executing local event (padded)
Thread-3 within node5 sent event (t=45) to Node2
Thread within node5 executing local event (padded)
Thread-0 within node5 sent event (t=50) to Node3
Thread-2 executing received event (padded) (t = 7) from Node1
Thread-3 executing received event (padded) (t = 8) from Node1
Thread within node5 executing local event (padded)
Thread-1 executing received event (padded) (t = 59) from Node3
Thread within node5 executing local event (padded)
Thread within node5 executing local event (padded)
Thread-1 within node5 sent event (t=80) to Node3
Thread within node5 executing local event (padded)
Thread within node5 executing local event (padded)
Thread-0 within node5 sent event (t=90) to Node2
Thread within node5 executing local event (padded)
Thread within node5 executing local event (padded)
Thread-1 within node5 sent event (t=100) to Node3
Thread within node5 executing local event (padded)
Thread-2 within node5 sent event (t=105) to Node2
Thread within node5 executing local event (padded)
Thread-2 executing received event (padded) (t = 121) from Node3
Thread within node5 executing local event (padded)
Thread-0 executing received event (padded) (t = 127) from Node3
Thread-1 executing received event (padded) (t = 18) from Node1
Thread within node5 executing local event (padded)
Thread within node5 executing local event (padded)
Thread within node5 executing local event (padded)
Thread-1 within node5 sent event (t=156) to Node3
Thread within node5 executing local event (padded)
Thread within node5 executing local event (padded)
Thread-1 within node5 sent event (t=166) to Node2
Thread within node5 executing local event (padded)
Thread within node5 executing local event (padded)
Thread-3 within node5 sent event (t=176) to Node3
Thread within node5 executing local event (padded)
Thread-0 within node5 sent event (t=181) to Node1
Thread-2 executing received event (padded) (t = 182) from Node3
Thread-3 executing received event (padded) (t = 185) from Node3
Thread within node5 executing local event (padded)
Thread-1 executing received event (padded) (t = 191) from Node3
Thread within node5 executing local event (padded)
Thread-2 within node5 sent event (t=207) to Node1
Thread within node5 executing local event (padded)
Thread-0 executing received event (padded) (t = 209) from Node1
Thread-1 within node5 sent event (t=212) to Node2
Thread-1 executing received event (padded) (t = 200) from Node3
Thread within node5 executing local event (padded)
Thread-3 within node5 sent event (t=227) to Node1
Thread within node5 executing local event (padded)
Thread-0 executing received event (padded) (t = 230) from Node1
Thread within node5 executing local event (padded)
Thread within node5 executing local event (padded)
Thread within node5 executing local event (padded)
Thread within node5 executing local event (padded)
Thread within node5 executing local event (padded)
Thread within node5 executing local event (padded)
Thread within node5 executing local event (padded)
Thread within node5 executing local event (padded)
Thread-0 within node5 sent event (t=277) to Node4
Thread within node5 executing local event (padded)
Thread within node5 executing local event (padded)
Thread within node5 executing local event (padded)
Thread within node5 executing local event (padded)
Thread-1 executing received event (padded) (t = 297) from Node4
Thread-2 executing received event (padded) (t = 222) from Node2
Thread within node5 executing local event (padded)
Thread-1 within node5 sent event (t=312) to Node1
Thread within node5 executing local event (padded)
Thread within node5 executing local event (padded)
Thread-2 within node5 sent event (t=322) to Node3
Thread within node5 executing local event (padded)
Thread within node5 executing local event (padded)
Thread within node5 executing local event (padded)
Thread-0 within node5 sent event (t=337) to Node3
Thread-1 executing received event (padded) (t = 240) from Node2
Thread-2 executing received event (padded) (t = 360) from Node4
Thread within node5 executing local event (padded)
Thread-1 within node5 sent event (t=370) to Node4
Thread within node5 executing local event (padded)
Thread-2 within node5 sent event (t=375) to Node2
Thread within node5 executing local event (padded)
Thread-3 within node5 sent event (t=380) to Node4
Thread within node5 executing local event (padded)
Thread-3 executing received event (padded) (t = 374) from Node1
Thread-0 executing received event (padded) (t = 407) from Node3
Thread-1 executing received event (padded) (t = 412) from Node2
Thread within node5 executing local event (padded)
Thread-0 within node5 sent event (t=422) to Node4
Thread-3 executing received event (padded) (t = 420) from Node2
Thread within node5 executing local event (padded)
Thread-1 executing received event (padded) (t = 430) from Node4
Thread-2 executing received event (padded) (t = 434) from Node4
Thread within node5 executing local event (padded)
Thread-2 within node5 sent event (t=447) to Node4
Thread within node5 executing local event (padded)
Thread within node5 executing local event (padded)
Thread within node5 executing local event (padded)
Thread within node5 executing local event (padded)
Thread-1 within node5 sent event (t=467) to Node1
Thread-0 executing received event (padded) (t = 455) from Node4
Thread within node5 executing local event (padded)
Thread-3 within node5 sent event (t=477) to Node3
Thread within node5 executing local event (padded)
Thread-0 within node5 sent event (t=482) to Node3
Thread-3 executing received event (padded) (t = 473) from Node2
Thread-0 executing received event (padded) (t = 483) from Node4
Thread within node5 executing local event (padded)
Thread within node5 executing local event (padded)
Thread-2 within node5 sent event (t=497) to Node4
Thread within node5 executing local event (padded)
Thread-0 within node5 sent event (t=507) to Node3
Thread within node5 executing local event (padded)
Thread within node5 executing local event (padded)
Thread-3 within node5 sent event (t=517) to Node4
Thread-2 executing received event (padded) (t = 508) from Node1
Thread within node5 executing local event (padded)
Thread-0 executing received event (padded) (t = 531) from Node3
Thread-1 within node5 sent event (t=527) to Node2
Thread within node5 executing local event (padded)
Thread-2 within node5 sent event (t=541) to Node3
Thread within node5 executing local event (padded)
Thread within node5 executing local event (padded)
Thread within node5 executing local event (padded)
Thread-1 executing received event (padded) (t = 559) from Node4
Thread within node5 executing local event (padded)
Thread-3 executing received event (padded) (t = 546) from Node1
Thread-0 within node5 sent event (t=569) to Node1
Thread within node5 executing local event (padded)
Thread-1 within node5 sent event (t=579) to Node2
Thread within node5 executing local event (padded)
Thread within node5 executing local event (padded)
Thread within node5 executing local event (padded)
Thread within node5 executing local event (padded)
Thread within node5 executing local event (padded)
Thread-0 within node5 sent event (t=604) to Node4
Thread within node5 executing local event (padded)
Thread within node5 executing local event (padded)
Thread-3 within node5 sent event (t=614) to Node3
Thread-0 executing received event (padded) (t = 623) from Node3
Thread-1 executing received event (padded) (t = 580) from Node1
Thread within node5 executing local event (padded)
Thread-0 within node5 sent event (t=638) to Node1
Thread-3 executing received event (padded) (t = 626) from Node3
Thread-0 executing received event (padded) (t = 640) from Node1
Thread within node5 executing local event (padded)
Thread-1 within node5 sent event (t=653) to Node4
Thread-2 executing received event (padded) (t = 661) from Node4
Thread within node5 executing local event (padded)
Thread within node5 executing local event (padded)
Thread-3 within node5 sent event (t=676) to Node1
Thread within node5 executing local event (padded)
Thread-3 within node5 sent event (t=681) to Node4
Thread within node5 executing local event (padded)
Thread-0 within node5 sent event (t=686) to Node1
Thread within node5 executing local event (padded)
Thread-2 within node5 sent event (t=691) to Node2
Thread within node5 executing local event (padded)
Thread-3 within node5 sent event (t=696) to Node4
Thread within node5 executing local event (padded)
Thread-1 within node5 sent event (t=701) to Node1
Thread within node5 executing local event (padded)
Thread-1 within node5 sent event (t=706) to Node2
Thread within node5 executing local event (padded)
Thread-0 within node5 sent event (t=711) to Node2
Thread within node5 executing local event (padded)
Thread within node5 executing local event (padded)
Thread-2 executing received event (padded) (t = 717) from Node4
Thread-3 executing received event (padded) (t = 725) from Node3
Thread within node5 executing local event (padded)
Thread within node5 executing local event (padded)
Thread within node5 executing local event (padded)
Thread-3 executing received event (padded) (t = 738) from Node4
Thread-1 within node5 sent event (t=746) to Node4
Thread within node5 executing local event (padded)
Thread within node5 executing local event (padded)
Thread-1 within node5 sent event (t=761) to Node3
Thread within node5 executing local event (padded)
Thread-3 within node5 sent event (t=766) to Node3
Thread-3 executing received event (padded) (t = 775) from Node3
Thread within node5 executing local event (padded)
Thread-1 executing received event (padded) (t = 758) from Node2
Thread within node5 executing local event (padded)
Thread-2 within node5 sent event (t=795) to Node1
Thread-3 executing received event (padded) (t = 766) from Node4
Thread-0 executing received event (padded) (t = 797) from Node1
Thread-1 executing received event (padded) (t = 784) from Node3
Thread within node5 executing local event (padded)
Thread-0 within node5 sent event (t=815) to Node4
Thread within node5 executing local event (padded)
Thread-0 executing received event (padded) (t = 806) from Node2
Thread-1 within node5 sent event (t=820) to Node1
Thread-1 executing received event (padded) (t = 836) from Node3
Thread within node5 executing local event (padded)
Thread-3 within node5 sent event (t=846) to Node3
Thread within node5 executing local event (padded)
Thread-2 within node5 sent event (t=851) to Node3
Thread within node5 executing local event (padded)
Thread-3 within node5 sent event (t=856) to Node4
Thread-1 executing received event (padded) (t = 810) from Node2
Thread-2 executing received event (padded) (t = 854) from Node1
Thread within node5 executing local event (padded)
Thread-0 executing received event (padded) (t = 873) from Node3
Thread within node5 executing local event (padded)
Thread-2 executing received event (padded) (t = 856) from Node1
Thread within node5 executing local event (padded)
Thread within node5 executing local event (padded)
Thread within node5 executing local event (padded)
Thread-3 within node5 sent event (t=903) to Node2
Thread-2 executing received event (padded) (t = 892) from Node4
Thread within node5 executing local event (padded)
Thread-1 within node5 sent event (t=913) to Node1
Thread-0 executing received event (padded) (t = 900) from Node4
Thread within node5 executing local event (padded)
Thread within node5 executing local event (padded)
Thread-3 executing received event (padded) (t = 912) from Node4
Thread within node5 executing local event (padded)
Thread within node5 executing local event (padded)
Thread-2 within node5 sent event (t=943) to Node2
Thread within node5 executing local event (padded)
Thread-3 executing received event (padded) (t = 955) from Node1
Thread within node5 executing local event (padded)
Thread-1 executing received event (padded) (t = 957) from Node1
Thread within node5 executing local event (padded)
Thread within node5 executing local event (padded)
Thread-2 within node5 sent event (t=980) to Node3
Thread within node5 executing local event (padded)
Thread within node5 executing local event (padded)
Thread within node5 executing local event (padded)
Thread-2 within node5 sent event (t=990) to Node4
Thread-0 within node5 sent event (t=995) to Node3
Thread-3 executing received event (padded) (t = 1001) from Node3
Thread-0 executing received event (padded) (t = 1007) from Node3
Thread-1 executing received event (padded) (t = 1013) from Node3
Thread within node5 executing local event (padded)
Thread-3 executing received event (padded) (t = 1019) from Node3
Thread within node5 executing local event (padded)
Thread-1 within node5 sent event (t=1033) to Node4
Thread within node5 executing local event (padded)
Thread within node5 executing local event (padded)
Thread-3 within node5 sent event (t=1043) to Node2
Thread within node5 executing local event (padded)
Thread-0 executing received event (padded) (t = 1049) from Node1
Thread-1 executing received event (padded) (t = 1050) from Node1
Thread within node5 executing local event (padded)
Thread within node5 executing local event (padded)
Thread-1 within node5 sent event (t=1069) to Node3
Thread within node5 executing local event (padded)
Thread-0 within node5 sent event (t=1074) to Node2
Thread-1 executing received event (padded) (t = 1081) from Node3
Thread within node5 executing local event (padded)
Thread-0 within node5 sent event (t=1091) to Node3
Thread within node5 executing local event (padded)
Thread-2 within node5 sent event (t=1096) to Node4
Thread within node5 executing local event (padded)
Thread within node5 executing local event (padded)
Thread-0 within node5 sent event (t=1106) to Node3
Thread within node5 executing local event (padded)
Thread-1 within node5 sent event (t=1111) to Node4
Thread within node5 executing local event (padded)
Thread-0 executing received event (padded) (t = 1127) from Node3
Thread-0 within node5 sent event (t=1116) to Node2
Thread within node5 executing local event (padded)
Thread within node5 executing local event (padded)
Thread within node5 executing local event (padded)
Thread-2 within node5 sent event (t=1147) to Node3
Thread-0 executing received event (padded) (t = 1156) from Node3
Thread-1 executing received event (padded) (t = 1150) from Node4
Thread-2 executing received event (padded) (t = 1162) from Node1
Thread-3 executing received event (padded) (t = 1158) from Node4
Thread within node5 executing local event (padded)
Thread-1 within node5 sent event (t=1181) to Node3
Thread within node5 executing local event (padded)
Thread-2 executing received event (padded) (t = 1165) from Node1
Thread within node5 executing local event (padded)
Thread within node5 executing local event (padded)
Thread-1 executing received event (padded) (t = 1208) from Node4
Thread-2 executing received event (padded) (t = 1199) from Node2
Thread-3 executing received event (padded) (t = 1232) from Node4
Thread within node5 executing local event (padded)
Thread-1 within node5 sent event (t=1242) to Node2
Thread within node5 executing local event (padded)
Thread within node5 executing local event (padded)
Thread within node5 executing local event (padded)
Thread-2 within node5 sent event (t=1257) to Node1
Thread within node5 executing local event (padded)
Thread-1 executing received event (padded) (t = 1272) from Node4
Thread-2 executing received event (padded) (t = 1263) from Node1
Thread-3 executing received event (padded) (t = 1280) from Node4
Thread-0 executing received event (padded) (t = 1264) from Node1
Thread-1 executing received event (padded) (t = 1288) from Node4
Thread-2 executing received event (padded) (t = 1290) from Node2
Thread within node5 executing local event (padded)
Thread within node5 executing local event (padded)
Thread-2 within node5 sent event (t=1312) to Node1
Thread within node5 executing local event (padded)
Thread-0 within node5 sent event (t=1317) to Node4
Thread-2 executing received event (padded) (t = 1274) from Node3
Thread within node5 executing local event (padded)
Thread within node5 executing local event (padded)
Thread within node5 executing local event (padded)
Thread-2 executing received event (padded) (t = 1333) from Node4
Thread within node5 executing local event (padded)
Thread-1 within node5 sent event (t=1347) to Node2
Thread-0 executing received event (padded) (t = 1351) from Node2
Thread within node5 executing local event (padded)
Thread-2 executing received event (padded) (t = 1353) from Node4
Thread-0 within node5 sent event (t=1361) to Node3
Thread-3 executing received event (padded) (t = 1353) from Node2
Thread within node5 executing local event (padded)
Thread-1 executing received event (padded) (t = 1341) from Node1
Thread within node5 executing local event (padded)
Thread-3 executing received event (padded) (t = 1355) from Node2
Thread-0 executing received event (padded) (t = 1369) from Node4
Thread within node5 executing local event (padded)
Thread-2 executing received event (padded) (t = 1377) from Node2
Thread-3 executing received event (padded) (t = 1383) from Node2
Thread-0 executing received event (padded) (t = 1385) from Node4
Thread within node5 executing local event (padded)
Thread-2 executing received event (padded) (t = 1398) from Node1
Thread within node5 executing local event (padded)
Thread-0 within node5 sent event (t=1431) to Node1
Thread within node5 executing local event (padded)
Thread-1 executing received event (padded) (t = 1405) from Node4
Thread-2 executing received event (padded) (t = 1405) from Node3
Thread-3 executing received event (padded) (t = 1421) from Node4
Thread within node5 executing local event (padded)
Thread-2 within node5 sent event (t=1456) to Node1
Thread within node5 executing local event (padded)
Thread within node5 executing local event (padded)
Thread-1 within node5 sent event (t=1466) to Node2
Thread-3 executing received event (padded) (t = 1433) from Node4
Thread within node5 executing local event (padded)
Thread within node5 executing local event (padded)
Thread-1 within node5 sent event (t=1481) to Node2
Thread within node5 executing local event (padded)
Thread-3 within node5 sent event (t=1486) to Node1
Thread within node5 executing local event (padded)
Thread-0 within node5 sent event (t=1491) to Node3
Thread-0 executing received event (padded) (t = 1489) from Node2
Thread within node5 executing local event (padded)
Thread-3 within node5 sent event (t=1501) to Node2
Thread within node5 executing local event (padded)
Thread-3 executing received event (padded) (t = 1519) from Node2
Thread within node5 executing local event (padded)
Thread-1 executing received event (padded) (t = 1525) from Node4
Thread within node5 executing local event (padded)
Thread-1 within node5 sent event (t=1539) to Node1
Thread within node5 executing local event (padded)
Thread-0 executing received event (padded) (t = 1533) from Node4
Thread-1 executing received event (padded) (t = 1554) from Node3
Thread within node5 executing local event (padded)
Thread within node5 executing local event (padded)
Thread-1 within node5 sent event (t=1569) to Node1
Thread-0 executing received event (padded) (t = 1560) from Node2
Thread within node5 executing local event (padded)
Thread-1 within node5 sent event (t=1579) to Node4
Thread within node5 executing local event (padded)
Thread within node5 executing local event (padded)
Thread within node5 executing local event (padded)
Thread-0 within node5 sent event (t=1594) to Node3
Thread within node5 executing local event (padded)
Thread-3 within node5 sent event (t=1599) to Node3
Thread-2 executing received event (padded) (t = 1607) from Node4
Thread within node5 executing local event (padded)
Thread-1 within node5 sent event (t=1617) to Node1
Thread within node5 executing local event (padded)
Thread-3 within node5 sent event (t=1622) to Node3
Thread-1 executing received event (padded) (t = 1620) from Node1
Thread-2 executing received event (padded) (t = 1631) from Node3
Thread-3 executing received event (padded) (t = 1637) from Node3
Thread-0 executing received event (padded) (t = 1619) from Node4
Thread within node5 executing local event (padded)
Thread-0 within node5 sent event (t=1652) to Node1
Thread-2 executing received event (padded) (t = 1655) from Node1
Thread-3 executing received event (padded) (t = 1657) from Node1
Thread within node5 executing local event (padded)
Thread within node5 executing local event (padded)
Thread-0 within node5 sent event (t=1675) to Node2
Thread-2 executing received event (padded) (t = 1671) from Node3
Thread-3 executing received event (padded) (t = 1681) from Node2
Thread within node5 executing local event (padded)
Thread-1 within node5 sent event (t=1691) to Node1
Thread within node5 executing local event (padded)
Thread within node5 executing local event (padded)
Thread-2 within node5 sent event (t=1701) to Node1
Thread within node5 executing local event (padded)
Thread within node5 executing local event (padded)
Thread-1 executing received event (padded) (t = 1703) from Node4
Thread within node5 executing local event (padded)
Thread-0 within node5 sent event (t=1721) to Node1
Thread within node5 executing local event (padded)
Thread-0 executing received event (padded) (t = 1732) from Node1
Thread within node5 executing local event (padded)
Thread within node5 executing local event (padded)
Thread-3 executing received event (padded) (t = 1733) from Node1
Thread within node5 executing local event (padded)
Thread-1 within node5 sent event (t=1757) to Node2
Thread within node5 executing local event (padded)
Thread-0 within node5 sent event (t=1762) to Node2
Thread within node5 executing local event (padded)
Thread within node5 executing local event (padded)
Thread-1 within node5 sent event (t=1772) to Node4
Thread within node5 executing local event (padded)
Thread-2 within node5 sent event (t=1777) to Node4
Thread-1 executing received event (padded) (t = 1792) from Node2
Thread within node5 executing local event (padded)
Thread-1 within node5 sent event (t=1802) to Node3
Thread within node5 executing local event (padded)
Thread-3 within node5 sent event (t=1807) to Node2
Thread-0 executing received event (padded) (t = 1840) from Node4
Thread within node5 executing local event (padded)
Thread within node5 executing local event (padded)
Thread-3 executing received event (padded) (t = 1868) from Node4
Thread within node5 executing local event (padded)
Thread-0 within node5 sent event (t=1878) to Node3
Thread within node5 executing local event (padded)
Thread-2 within node5 sent event (t=1883) to Node4
Thread-2 executing received event (padded) (t = 1887) from Node3
Thread within node5 executing local event (padded)
Thread within node5 executing local event (padded)
Thread-3 within node5 sent event (t=1897) to Node1
Thread within node5 executing local event (padded)
Thread-2 executing received event (padded) (t = 1896) from Node2
Thread-3 executing received event (padded) (t = 1934) from Node3
Thread within node5 executing local event (padded)
Thread-1 executing received event (padded) (t = 1946) from Node1
Thread within node5 executing local event (padded)
Thread-3 executing received event (padded) (t = 1908) from Node2
Thread within node5 executing local event (padded)
Thread-0 within node5 sent event (t=1966) to Node3
Thread within node5 executing local event (padded)
Thread-2 within node5 sent event (t=1971) to Node2
Thread within node5 executing local event (padded)
Thread-3 within node5 sent event (t=1976) to Node1
Thread-3 executing received event (padded) (t = 1980) from Node1
Thread-0 executing received event (padded) (t = 1981) from Node1
Thread-1 executing received event (padded) (t = 1986) from Node2
Thread-2 executing received event (padded) (t = 1978) from Node3
Thread within node5 executing local event (padded)
Thread-1 within node5 sent event (t=2005) to Node2
Thread-0 executing received event (padded) (t = 1984) from Node3
Thread within node5 executing local event (padded)
Thread-3 within node5 sent event (t=2015) to Node3
Thread-2 executing received event (padded) (t = 1986) from Node1
Thread within node5 executing local event (padded)
Thread-0 executing received event (padded) (t = 2013) from Node2
Thread-2 within node5 sent event (t=2025) to Node1
Thread within node5 executing local event (padded)
Thread within node5 executing local event (padded)
Thread-1 within node5 sent event (t=2040) to Node3
Thread within node5 executing local event (padded)
Thread-0 executing received event (padded) (t = 2038) from Node1
Thread within node5 executing local event (padded)
Thread-2 executing received event (padded) (t = 2039) from Node1
Thread within node5 executing local event (padded)
Thread-0 executing received event (padded) (t = 2053) from Node4
Thread within node5 executing local event (padded)
Thread-0 within node5 sent event (t=2075) to Node1
Thread within node5 executing local event (padded)
Thread-1 within node5 sent event (t=2080) to Node1
Thread within node5 executing local event (padded)
Thread-3 within node5 sent event (t=2085) to Node2
Thread-0 executing received event (padded) (t = 2091) from Node2
Thread within node5 executing local event (padded)
Thread-3 within node5 sent event (t=2101) to Node3
Thread-2 executing received event (padded) (t = 2107) from Node3
Thread-2 executing received event (padded) (t = 2081) from Node4
Thread within node5 executing local event (padded)
Thread within node5 executing local event (padded)
Thread-1 within node5 sent event (t=2117) to Node4
Thread within node5 executing local event (padded)
Thread within node5 executing local event (padded)
Thread-2 within node5 sent event (t=2132) to Node3
Thread-0 executing received event (padded) (t = 2150) from Node4
Thread within node5 executing local event (padded)
Thread within node5 executing local event (padded)
Thread-1 within node5 sent event (t=2165) to Node4
Thread-3 executing received event (padded) (t = 2170) from Node4
Thread within node5 executing local event (padded)
Thread-3 within node5 sent event (t=2180) to Node3
Thread within node5 executing local event (padded)
Thread within node5 executing local event (padded)
Thread-2 within node5 sent event (t=2185) to Node1
Thread-3 executing received event (padded) (t = 2190) from Node1
Thread-0 executing received event (padded) (t = 2192) from Node1
Thread within node5 executing local event (padded)
Thread-2 executing received event (padded) (t = 2199) from Node4
Thread within node5 executing local event (padded)
Thread within node5 executing local event (padded)
Thread within node5 executing local event (padded)
Thread-0 within node5 sent event (t=2220) to Node4
Thread within node5 executing local event (padded)
Thread within node5 executing local event (padded)
Thread-1 within node5 sent event (t=2235) to Node2
Thread-0 executing received event (padded) (t = 2232) from Node2
Thread-1 executing received event (padded) (t = 2232) from Node4
Thread-2 executing received event (padded) (t = 2214) from Node1
Thread-3 executing received event (padded) (t = 2241) from Node2
Thread-0 executing received event (padded) (t = 2251) from Node2
Thread-1 executing received event (padded) (t = 2264) from Node3
Thread within node5 executing local event (padded)
Thread within node5 executing local event (padded)
Thread-0 within node5 sent event (t=2279) to Node4
Thread within node5 executing local event (padded)
Thread-1 executing received event (padded) (t = 2287) from Node4
Thread within node5 executing local event (padded)
Thread within node5 executing local event (padded)
Thread-0 executing received event (padded) (t = 2303) from Node4
Thread-1 executing received event (padded) (t = 2259) from Node2
Thread-2 executing received event (padded) (t = 2279) from Node1
Thread within node5 executing local event (padded)
Thread-0 within node5 sent event (t=2323) to Node2
Thread-0 executing received event (padded) (t = 2327) from Node2
Thread within node5 executing local event (padded)
Thread within node5 executing local event (padded)
Thread within node5 executing local event (padded)
Thread-1 within node5 sent event (t=2347) to Node4
Thread within node5 executing local event (padded)
Thread-0 within node5 sent event (t=2352) to Node2
Thread within node5 executing local event (padded)
Thread-2 within node5 sent event (t=2357) to Node4
Thread within node5 executing local event (padded)
Thread within node5 executing local event (padded)
Thread-3 within node5 sent event (t=2367) to Node1
Thread within node5 executing local event (padded)
Thread-0 within node5 sent event (t=2372) to Node4
Thread-1 executing received event (padded) (t = 2370) from Node1
Thread within node5 executing local event (padded)
Thread-1 within node5 sent event (t=2382) to Node4
Thread within node5 executing local event (padded)
Thread within node5 executing local event (padded)
Thread-2 within node5 sent event (t=2387) to Node4
Thread-3 within node5 sent event (t=2392) to Node1
Thread within node5 executing local event (padded)
Thread-3 within node5 sent event (t=2397) to Node4
Thread-2 executing received event (padded) (t = 2402) from Node1
Thread-3 executing received event (padded) (t = 2396) from Node3
Thread-0 executing received event (padded) (t = 2418) from Node4
Thread within node5 executing local event (padded)
Thread-2 within node5 sent event (t=2428) to Node4
Thread within node5 executing local event (padded)
Thread-1 within node5 sent event (t=2433) to Node1
Thread within node5 executing local event (padded)
Thread within node5 executing local event (padded)
Thread-0 within node5 sent event (t=2443) to Node1
Thread within node5 executing local event (padded)
Thread-3 within node5 sent event (t=2448) to Node2
Thread-2 executing received event (padded) (t = 2450) from Node1
Thread-3 executing received event (padded) (t = 2431) from Node3
Thread-0 executing received event (padded) (t = 2458) from Node1
Thread within node5 executing local event (padded)
Thread-1 within node5 sent event (t=2470) to Node4
Thread within node5 executing local event (padded)
Thread-3 within node5 sent event (t=2475) to Node1
Thread within node5 executing local event (padded)
Thread-2 within node5 sent event (t=2480) to Node2
Thread within node5 executing local event (padded)
Thread within node5 executing local event (padded)
Thread-0 within node5 sent event (t=2490) to Node1
Thread within node5 executing local event (padded)
Thread-1 within node5 sent event (t=2495) to Node1
Thread within node5 executing local event (padded)
Thread-1 within node5 sent event (t=2500) to Node2
Thread within node5 executing local event (padded)
Thread within node5 executing local event (padded)
Thread within node5 executing local event (padded)
Thread-2 within node5 sent event (t=2515) to Node2
Thread-3 executing received event (padded) (t = 2500) from Node3
Thread within node5 executing local event (padded)
Thread-1 executing received event (padded) (t = 2506) from Node3
Thread within node5 executing local event (padded)
Thread within node5 executing local event (padded)
Thread-0 within node5 sent event (t=2535) to Node1
Thread-1 within node5 sent event (t=2540) to Node2
Thread within node5 executing local event (padded)
Thread-1 within node5 sent event (t=2545) to Node3
Thread within node5 executing local event (padded)
Thread-2 executing received event (padded) (t = 2546) from Node2
Thread within node5 executing local event (padded)
Thread within node5 executing local event (padded)
Thread within node5 executing local event (padded)
Thread within node5 executing local event (padded)
Thread-2 within node5 sent event (t=2575) to Node1
Thread-3 executing received event (padded) (t = 2557) from Node2
Thread within node5 executing local event (padded)
Thread-1 executing received event (padded) (t = 2578) from Node1
Thread within node5 executing local event (padded)
Thread within node5 executing local event (padded)
Thread-0 executing received event (padded) (t = 2560) from Node4
Thread within node5 executing local event (padded)
Thread-2 executing received event (padded) (t = 2575) from Node3
Thread within node5 executing local event (padded)
Thread within node5 executing local event (padded)
Thread-1 executing received event (padded) (t = 2584) from Node3
Thread within node5 executing local event (padded)
Thread within node5 executing local event (padded)
Thread-3 within node5 sent event (t=2640) to Node4
Thread within node5 executing local event (padded)
Thread within node5 executing local event (padded)
Thread-1 within node5 sent event (t=2650) to Node3
Thread within node5 executing local event (padded)
Thread-2 within node5 sent event (t=2655) to Node2
Thread within node5 executing local event (padded)
Thread-0 within node5 sent event (t=2660) to Node1
Thread-0 executing received event (padded) (t = 2661) from Node2
Thread within node5 executing local event (padded)
Thread-2 within node5 sent event (t=2671) to Node2
Thread within node5 executing local event (padded)
Thread within node5 executing local event (padded)
Thread within node5 executing local event (padded)
Thread-1 within node5 sent event (t=2686) to Node1
Thread-1 executing received event (padded) (t = 2688) from Node1
Thread within node5 executing local event (padded)
Thread-3 executing received event (padded) (t = 2705) from Node4
Thread within node5 executing local event (padded)
Thread-1 executing received event (padded) (t = 2721) from Node4
Thread within node5 executing local event (padded)
Thread-1 within node5 sent event (t=2731) to Node1
Thread within node5 executing local event (padded)
Thread-0 within node5 sent event (t=2736) to Node4
Thread-0 executing received event (padded) (t = 2741) from Node2
Thread-1 executing received event (padded) (t = 2769) from Node1
Thread within node5 executing local event (padded)
Thread-3 executing received event (padded) (t = 2771) from Node4
Thread within node5 executing local event (padded)
Thread within node5 executing local event (padded)
Thread within node5 executing local event (padded)
Thread within node5 executing local event (padded)
Thread within node5 executing local event (padded)
Thread-1 executing received event (padded) (t = 2780) from Node2
Thread-2 executing received event (padded) (t = 2782) from Node2
Thread within node5 executing local event (padded)
Thread-0 executing received event (padded) (t = 2795) from Node4
Thread within node5 executing local event (padded)
Thread-2 within node5 sent event (t=2834) to Node1
Thread within node5 executing local event (padded)
Thread-3 executing received event (padded) (t = 2837) from Node1
Thread-0 executing received event (padded) (t = 2802) from Node3
Thread within node5 executing local event (padded)
Thread-3 within node5 sent event (t=2854) to Node1
Thread-2 executing received event (padded) (t = 2792) from Node2
Thread within node5 executing local event (padded)
Thread-2 within node5 sent event (t=2864) to Node1
Thread-0 executing received event (padded) (t = 2866) from Node1
Thread within node5 executing local event (padded)
Thread-1 within node5 sent event (t=2876) to Node2
Thread within node5 executing local event (padded)
Thread within node5 executing local event (padded)
Thread-0 within node5 sent event (t=2886) to Node4
Thread-0 executing received event (padded) (t = 2811) from Node3
Thread within node5 executing local event (padded)
Thread within node5 executing local event (padded)
Thread within node5 executing local event (padded)
Thread within node5 executing local event (padded)
Thread within node5 executing local event (padded)
Thread-0 within node5 sent event (t=2916) to Node3
Thread within node5 executing local event (padded)
Thread-3 executing received event (padded) (t = 2937) from Node3
Thread-0 executing received event (padded) (t = 2926) from Node4
Thread-1 executing received event (padded) (t = 2938) from Node1
Thread within node5 executing local event (padded)
Thread within node5 executing local event (padded)
Thread-0 executing received event (padded) (t = 2940) from Node3
Thread-1 executing received event (padded) (t = 2942) from Node2
Thread within node5 executing local event (padded)
Thread within node5 executing local event (padded)
Thread-0 within node5 sent event (t=2982) to Node1
Thread-0 executing received event (padded) (t = 2984) from Node1
Thread within node5 executing local event (padded)
Thread-2 within node5 sent event (t=2994) to Node2
Thread within node5 executing local event (padded)
Thread-1 within node5 sent event (t=2999) to Node3
Thread within node5 executing local event (padded)
Thread-0 within node5 sent event (t=3004) to Node2
Thread within node5 executing local event (padded)
Thread-0 within node5 sent event (t=3009) to Node4
Thread within node5 executing local event (padded)
Thread within node5 executing local event (padded)
Thread-3 executing received event (padded) (t = 3025) from Node4
Thread-0 executing received event (padded) (t = 3024) from Node1
Thread within node5 executing local event (padded)
Thread within node5 executing local event (padded)
Thread-0 within node5 sent event (t=3045) to Node4
Thread within node5 executing local event (padded)
Thread within node5 executing local event (padded)
Thread-1 executing received event (padded) (t = 3057) from Node4
Thread within node5 executing local event (padded)
Thread-3 executing received event (padded) (t = 3030) from Node1
Thread within node5 executing local event (padded)
Thread within node5 executing local event (padded)
Thread-3 within node5 sent event (t=3082) to Node4
Thread-2 executing received event (padded) (t = 3038) from Node3
Thread-3 executing received event (padded) (t = 3070) from Node1
Thread within node5 executing local event (padded)
Thread-0 within node5 sent event (t=3097) to Node1
Thread-1 executing received event (padded) (t = 3047) from Node3
Thread-2 executing received event (padded) (t = 3103) from Node1
Thread-3 executing received event (padded) (t = 3118) from Node4
Thread-0 executing received event (padded) (t = 3122) from Node4
Thread-1 executing received event (padded) (t = 3117) from Node1
Thread within node5 executing local event (padded)
Thread within node5 executing local event (padded)
Thread within node5 executing local event (padded)
Thread-2 within node5 sent event (t=3143) to Node1
Thread within node5 executing local event (padded)
Thread within node5 executing local event (padded)
Thread-0 within node5 sent event (t=3158) to Node4
Thread within node5 executing local event (padded)
Thread-0 executing received event (padded) (t = 3174) from Node4
Thread within node5 executing local event (padded)
Thread-1 within node5 sent event (t=3184) to Node4
Thread within node5 executing local event (padded)
Thread-0 within node5 sent event (t=3189) to Node3
Thread within node5 executing local event (padded)
Thread-0 executing received event (padded) (t = 3147) from Node1
Thread-1 executing received event (padded) (t = 3149) from Node1
Thread-2 executing received event (padded) (t = 3206) from Node2
Thread within node5 executing local event (padded)
Thread within node5 executing local event (padded)
Thread-2 within node5 sent event (t=3221) to Node1
Thread within node5 executing local event (padded)
Thread within node5 executing local event (padded)
Thread within node5 executing local event (padded)
Thread-0 executing received event (padded) (t = 3229) from Node1
Thread within node5 executing local event (padded)
Thread within node5 executing local event (padded)
Thread-3 executing received event (padded) (t = 3252) from Node4
Thread-0 executing received event (padded) (t = 3256) from Node4
Thread within node5 executing local event (padded)
Thread-0 within node5 sent event (t=3267) to Node4
Thread within node5 executing local event (padded)
Thread-3 within node5 sent event (t=3272) to Node1
Thread within node5 executing local event (padded)
Thread-0 within node5 sent event (t=3277) to Node3
Thread-0 executing received event (padded) (t = 3287) from Node2
Thread-1 executing received event (padded) (t = 3291) from Node3
Thread-2 executing received event (padded) (t = 3289) from Node2
Thread within node5 executing local event (padded)
Thread-3 within node5 sent event (t=3307) to Node1
Thread within node5 executing local event (padded)
Thread-1 executing received event (padded) (t = 3283) from Node4
Thread-2 executing received event (padded) (t = 3310) from Node1
Thread within node5 executing local event (padded)
Thread-1 within node5 sent event (t=3327) to Node1
Thread within node5 executing local event (padded)
Thread-2 within node5 sent event (t=3332) to Node3
Thread-1 executing received event (padded) (t = 3299) from Node4
Thread-2 executing received event (padded) (t = 3360) from Node3
Thread within node5 executing local event (padded)
Thread within node5 executing local event (padded)
Thread-1 within node5 sent event (t=3375) to Node1
Thread-1 executing received event (padded) (t = 3346) from Node2
Thread within node5 executing local event (padded)
Thread-0 within node5 sent event (t=3385) to Node4
Thread within node5 executing local event (padded)
Thread-1 within node5 sent event (t=3390) to Node2
Thread within node5 executing local event (padded)
Thread within node5 executing local event (padded)
Thread-3 within node5 sent event (t=3400) to Node3
Thread within node5 executing local event (padded)
Thread-2 within node5 sent event (t=3405) to Node3
Thread within node5 executing local event (padded)
Thread-3 within node5 sent event (t=3410) to Node4
Thread within node5 executing local event (padded)
Thread-1 within node5 sent event (t=3415) to Node4
Thread within node5 executing local event (padded)
Thread-0 within node5 sent event (t=3420) to Node3
Thread-2 executing received event (padded) (t = 3439) from Node4
Thread within node5 executing local event (padded)
Thread-0 executing received event (padded) (t = 3443) from Node4
Thread-1 executing received event (padded) (t = 3404) from Node2
Thread within node5 executing local event (padded)
Thread-3 executing received event (padded) (t = 3465) from Node2
Thread-0 executing received event (padded) (t = 3459) from Node4
Thread within node5 executing local event (padded)
Thread within node5 executing local event (padded)
Thread-0 within node5 sent event (t=3485) to Node4
Thread-3 executing received event (padded) (t = 3465) from Node3
Thread within node5 executing local event (padded)
Thread-3 within node5 sent event (t=3495) to Node1
Thread-1 executing received event (padded) (t = 3497) from Node4
Thread-2 executing received event (padded) (t = 3471) from Node2
Thread-3 executing received event (padded) (t = 3497) from Node1
Thread-0 executing received event (padded) (t = 3498) from Node1
Thread-1 executing received event (padded) (t = 3499) from Node1
Thread-2 executing received event (padded) (t = 3468) from Node3
Thread within node5 executing local event (padded)
Thread-2 within node5 sent event (t=3532) to Node4
Thread within node5 executing local event (padded)
Thread within node5 executing local event (padded)
Thread-3 within node5 sent event (t=3542) to Node3
Thread-2 executing received event (padded) (t = 3568) from Node4
Thread within node5 executing local event (padded)
Thread within node5 executing local event (padded)
Thread within node5 executing local event (padded)
Thread-2 within node5 sent event (t=3588) to Node1
Thread-2 executing received event (padded) (t = 3576) from Node2
Thread within node5 executing local event (padded)
Thread within node5 executing local event (padded)
Thread-2 within node5 sent event (t=3603) to Node1
Thread within node5 executing local event (padded)
Thread-2 executing received event (padded) (t = 3586) from Node2
Thread within node5 executing local event (padded)
Thread-2 within node5 sent event (t=3618) to Node2
Thread within node5 executing local event (padded)
Thread-1 executing received event (padded) (t = 3626) from Node2
Thread within node5 executing local event (padded)
Thread within node5 executing local event (padded)
Thread within node5 executing local event (padded)
Thread-1 executing received event (padded) (t = 3646) from Node2
Thread within node5 executing local event (padded)
Thread-3 within node5 sent event (t=3656) to Node3
Thread-3 executing received event (padded) (t = 3650) from Node2
Thread-0 executing received event (padded) (t = 3654) from Node2
Thread within node5 executing local event (padded)
Thread-2 within node5 sent event (t=3671) to Node2
Thread within node5 executing local event (padded)
Thread-3 within node5 sent event (t=3676) to Node3
Thread-3 executing received event (padded) (t = 3677) from Node2
Thread within node5 executing local event (padded)
Thread-1 executing received event (padded) (t = 3687) from Node2
Thread within node5 executing local event (padded)
Thread-3 executing received event (padded) (t = 3691) from Node3
Thread-2 within node5 sent event (t=3697) to Node3
Thread within node5 executing local event (padded)
Thread-2 within node5 sent event (t=3707) to Node4
Thread within node5 executing local event (padded)
Thread-2 executing received event (padded) (t = 3758) from Node4
Thread-3 executing received event (padded) (t = 3754) from Node2
Thread-0 executing received event (padded) (t = 3770) from Node4
Thread-1 executing received event (padded) (t = 3808) from Node4
Thread-2 executing received event (padded) (t = 3804) from Node2

=== Node 5 Statistics (PaddedCounter) ===
Total events processed: 639
Messages sent: 202
Messages received: 239
Execution time = 9748 ms
Final Lamport time: 3818
PaddedCounter 0 value: 164
PaddedCounter 1 value: 161
PaddedCounter 2 value: 158
PaddedCounter 3 value: 156
