Node 5 initialized on port 4229
Node 5 using Virtual Threads
Node 5 listening on port 4229 [Virtual]
Node 5 connected to Node 1 [Virtual]
Node 5 connected to Node 4 [Virtual]
Node 5 connected to Node 3 [Virtual]
Node 5 connected to Node 2 [Virtual]
Thread-1 executing received event (t = 5) from Node1
Thread-0 executing received event (t = 4) from Node1
Thread-2 executing received event (t = 7) from Node1
Thread-3 executing received event (t = 8) from Node1
Thread-0 executing received event (t = 18) from Node1
Thread-1 executing received event (t = 20) from Node1
Thread-2 executing received event (t = 27) from Node1
Thread-3 executing received event (t = 31) from Node1
Thread-0 executing received event (t = 46) from Node2
Thread-1 executing received event (t = 48) from Node2
Thread-2 executing received event (t = 50) from Node2
Thread-3 executing received event (t = 64) from Node1
Thread-0 executing received event (t = 66) from Node2
Thread-1 executing received event (t = 70) from Node2
Thread-2 executing received event (t = 87) from Node2
Thread-3 executing received event (t = 89) from Node2
Thread-0 executing received event (t = 93) from Node2
Thread-1 executing received event (t = 95) from Node2
Thread-2 executing received event (t = 97) from Node2
Thread-3 executing received event (t = 86) from Node1
Thread-0 executing received event (t = 93) from Node1
Thread-1 executing received event (t = 98) from Node1
Thread-2 executing received event (t = 134) from Node3
Thread-3 executing received event (t = 134) from Node3
Thread-0 executing received event (t = 142) from Node1
Thread-1 executing received event (t = 147) from Node1
Thread-2 executing received event (t = 149) from Node1
Thread-3 executing received event (t = 195) from Node2
Thread-0 executing received event (t = 211) from Node2
Thread-1 executing received event (t = 222) from Node3
Thread-2 executing received event (t = 252) from Node1
Thread-3 executing received event (t = 255) from Node1
Thread-0 executing received event (t = 241) from Node2
Thread-1 executing received event (t = 296) from Node1
Thread-2 executing received event (t = 300) from Node3
Thread-3 executing received event (t = 320) from Node4
Thread-0 executing received event (t = 312) from Node2
Thread-1 executing received event (t = 316) from Node2
Thread-2 executing received event (t = 330) from Node1
Thread-3 executing received event (t = 330) from Node2
Thread-0 executing received event (t = 368) from Node4
Thread-1 executing received event (t = 368) from Node3
Thread-2 executing received event (t = 389) from Node4
Thread-3 executing received event (t = 391) from Node3
Thread-0 executing received event (t = 412) from Node1
Thread-1 executing received event (t = 413) from Node1
Thread-2 executing received event (t = 428) from Node3
Thread-3 executing received event (t = 428) from Node2
Thread-0 executing received event (t = 428) from Node1
Thread-1 executing received event (t = 435) from Node2
Thread-2 executing received event (t = 443) from Node3
Thread-3 executing received event (t = 463) from Node2
Thread-0 executing received event (t = 461) from Node1
Thread-1 executing received event (t = 462) from Node1
Thread-2 executing received event (t = 479) from Node3
Thread-3 executing received event (t = 482) from Node3
Node 5 starting 4 virtual worker threads with 100 events each
Thread within node5 executing local event
Thread within node5 executing local event
Thread within node5 executing local event
Thread within node5 executing local event
Thread-1 within node5 sent event (t=509) to Node1 [Virtual]
Thread-2 within node5 sent event (t=509) to Node3 [Virtual]
Thread within node5 executing local event
Thread-2 within node5 sent event (t=514) to Node3 [Virtual]
Thread within node5 executing local event
Thread-1 within node5 sent event (t=519) to Node1 [Virtual]
Thread within node5 executing local event
Thread-3 within node5 sent event (t=524) to Node3 [Virtual]
Thread-3 executing received event (t = 540) from Node2
Thread within node5 executing local event
Thread-3 within node5 sent event (t=550) to Node1 [Virtual]
Thread-1 executing received event (t = 558) from Node4
Thread within node5 executing local event
Thread within node5 executing local event
Thread within node5 executing local event
Thread-1 executing received event (t = 578) from Node4
Thread-2 executing received event (t = 572) from Node1
Thread-3 executing received event (t = 579) from Node1
Thread-0 executing received event (t = 587) from Node3
Thread within node5 executing local event
Thread within node5 executing local event
Thread-0 within node5 sent event (t=603) to Node1 [Virtual]
Thread-1 within node5 sent event (t=608) to Node2 [Virtual]
Thread within node5 executing local event
Thread-3 within node5 sent event (t=613) to Node1 [Virtual]
Thread-0 executing received event (t = 624) from Node3
Thread within node5 executing local event
Thread within node5 executing local event
Thread within node5 executing local event
Thread-1 within node5 sent event (t=644) to Node4 [Virtual]
Thread-0 executing received event (t = 658) from Node2
Thread-1 executing received event (t = 615) from Node1
Thread within node5 executing local event
Thread-3 executing received event (t = 686) from Node3
Thread-0 executing received event (t = 671) from Node1
Thread-1 executing received event (t = 664) from Node2
Thread within node5 executing local event
Thread within node5 executing local event
Thread within node5 executing local event
Thread-2 within node5 sent event (t=716) to Node1 [Virtual]
Thread-1 executing received event (t = 701) from Node3
Thread within node5 executing local event
Thread-3 executing received event (t = 726) from Node2
Thread within node5 executing local event
Thread-0 within node5 sent event (t=736) to Node2 [Virtual]
Thread within node5 executing local event
Thread-3 within node5 sent event (t=741) to Node3 [Virtual]
Thread within node5 executing local event
Thread-3 executing received event (t = 740) from Node2
Thread-0 executing received event (t = 742) from Node2
Thread within node5 executing local event
Thread-2 executing received event (t = 744) from Node2
Thread within node5 executing local event
Thread-0 within node5 sent event (t=771) to Node4 [Virtual]
Thread within node5 executing local event
Thread-1 within node5 sent event (t=776) to Node3 [Virtual]
Thread-1 executing received event (t = 774) from Node2
Thread-2 executing received event (t = 780) from Node2
Thread within node5 executing local event
Thread within node5 executing local event
Thread-3 within node5 sent event (t=796) to Node4 [Virtual]
Thread within node5 executing local event
Thread within node5 executing local event
Thread-3 within node5 sent event (t=806) to Node2 [Virtual]
Thread-3 executing received event (t = 774) from Node1
Thread-0 executing received event (t = 810) from Node2
Thread within node5 executing local event
Thread-2 executing received event (t = 822) from Node4
Thread within node5 executing local event
Thread within node5 executing local event
Thread within node5 executing local event
Thread-1 within node5 sent event (t=837) to Node1 [Virtual]
Thread within node5 executing local event
Thread-0 within node5 sent event (t=842) to Node2 [Virtual]
Thread-3 within node5 sent event (t=847) to Node4 [Virtual]
Thread-3 executing received event (t = 865) from Node2
Thread-0 executing received event (t = 869) from Node2
Thread-1 executing received event (t = 850) from Node3
Thread-2 executing received event (t = 887) from Node2
Thread within node5 executing local event
Thread within node5 executing local event
Thread within node5 executing local event
Thread-1 within node5 sent event (t=907) to Node3 [Virtual]
Thread within node5 executing local event
Thread within node5 executing local event
Thread-0 within node5 sent event (t=917) to Node4 [Virtual]
Thread-0 executing received event (t = 925) from Node4
Thread-1 executing received event (t = 916) from Node3
Thread-2 executing received event (t = 916) from Node1
Thread within node5 executing local event
Thread within node5 executing local event
Thread within node5 executing local event
Thread-3 within node5 sent event (t=955) to Node3 [Virtual]
Thread-2 executing received event (t = 949) from Node2
Thread within node5 executing local event
Thread within node5 executing local event
Thread-1 executing received event (t = 971) from Node3
Thread within node5 executing local event
Thread-2 within node5 sent event (t=981) to Node1 [Virtual]
Thread-3 executing received event (t = 973) from Node4
Thread-0 executing received event (t = 984) from Node1
Thread within node5 executing local event
Thread within node5 executing local event
Thread-3 executing received event (t = 1001) from Node3
Thread within node5 executing local event
Thread within node5 executing local event
Thread-2 executing received event (t = 1010) from Node3
Thread-3 executing received event (t = 990) from Node1
Thread within node5 executing local event
Thread-0 within node5 sent event (t=1031) to Node4 [Virtual]
Thread within node5 executing local event
Thread-2 executing received event (t = 1016) from Node3
Thread-3 executing received event (t = 1049) from Node1
Thread within node5 executing local event
Thread-1 within node5 sent event (t=1059) to Node1 [Virtual]
Thread-1 executing received event (t = 1051) from Node4
Thread within node5 executing local event
Thread-0 within node5 sent event (t=1069) to Node1 [Virtual]
Thread-3 executing received event (t = 1073) from Node1
Thread within node5 executing local event
Thread-3 within node5 sent event (t=1083) to Node4 [Virtual]
Thread-1 executing received event (t = 1074) from Node1
Thread-1 executing received event (t = 1054) from Node2
Thread within node5 executing local event
Thread within node5 executing local event
Thread-2 within node5 sent event (t=1103) to Node1 [Virtual]
Thread within node5 executing local event
Thread-2 within node5 sent event (t=1108) to Node4 [Virtual]
Thread within node5 executing local event
Thread-0 within node5 sent event (t=1113) to Node1 [Virtual]
Thread within node5 executing local event
Thread-3 within node5 sent event (t=1118) to Node2 [Virtual]
Thread within node5 executing local event
Thread-1 within node5 sent event (t=1123) to Node4 [Virtual]
Thread within node5 executing local event
Thread-2 within node5 sent event (t=1128) to Node1 [Virtual]
Thread-2 executing received event (t = 1147) from Node4
Thread-3 executing received event (t = 1134) from Node2
Thread within node5 executing local event
Thread-2 within node5 sent event (t=1162) to Node2 [Virtual]
Thread within node5 executing local event
Thread-2 executing received event (t = 1166) from Node2
Thread within node5 executing local event
Thread-0 within node5 sent event (t=1177) to Node4 [Virtual]
Thread within node5 executing local event
Thread within node5 executing local event
Thread within node5 executing local event
Thread-3 within node5 sent event (t=1192) to Node4 [Virtual]
Thread within node5 executing local event
Thread-3 within node5 sent event (t=1197) to Node1 [Virtual]
Thread-0 executing received event (t = 1131) from Node3
Thread within node5 executing local event
Thread-3 within node5 sent event (t=1207) to Node1 [Virtual]
Thread within node5 executing local event
Thread-0 within node5 sent event (t=1212) to Node2 [Virtual]
Thread within node5 executing local event
Thread-2 within node5 sent event (t=1217) to Node1 [Virtual]
Thread-0 executing received event (t = 1219) from Node3
Thread within node5 executing local event
Thread-2 executing received event (t = 1237) from Node4
Thread within node5 executing local event
Thread within node5 executing local event
Thread-0 within node5 sent event (t=1252) to Node4 [Virtual]
Thread-1 executing received event (t = 1221) from Node1
Thread within node5 executing local event
Thread-3 executing received event (t = 1270) from Node2
Thread within node5 executing local event
Thread within node5 executing local event
Thread-1 within node5 sent event (t=1285) to Node3 [Virtual]
Thread-2 executing received event (t = 1280) from Node4
Thread-3 executing received event (t = 1271) from Node1
Thread-0 executing received event (t = 1294) from Node3
Thread within node5 executing local event
Thread within node5 executing local event
Thread-1 within node5 sent event (t=1310) to Node4 [Virtual]
Thread-2 within node5 sent event (t=1310) to Node3 [Virtual]
Thread within node5 executing local event
Thread within node5 executing local event
Thread within node5 executing local event
Thread-2 executing received event (t = 1294) from Node2
Thread-3 executing received event (t = 1326) from Node4
Thread-0 executing received event (t = 1300) from Node2
Thread within node5 executing local event
Thread within node5 executing local event
Thread-3 executing received event (t = 1302) from Node2
Thread-0 executing received event (t = 1327) from Node1
Thread within node5 executing local event
Thread-2 executing received event (t = 1342) from Node4
Thread within node5 executing local event
Thread within node5 executing local event
Thread-1 executing received event (t = 1346) from Node4
Thread within node5 executing local event
Thread within node5 executing local event
Thread-2 within node5 sent event (t=1395) to Node2 [Virtual]
Thread within node5 executing local event
Thread-1 executing received event (t = 1364) from Node1
Thread within node5 executing local event
Thread-1 within node5 sent event (t=1410) to Node4 [Virtual]
Thread within node5 executing local event
Thread-0 executing received event (t = 1365) from Node1
Thread within node5 executing local event
Thread-2 executing received event (t = 1415) from Node2
Thread-3 within node5 sent event (t=1425) to Node1 [Virtual]
Thread within node5 executing local event
Thread-0 within node5 sent event (t=1435) to Node3 [Virtual]
Thread within node5 executing local event
Thread within node5 executing local event
Thread-0 within node5 sent event (t=1445) to Node2 [Virtual]
Thread within node5 executing local event
Thread-2 within node5 sent event (t=1450) to Node2 [Virtual]
Thread-3 executing received event (t = 1453) from Node4
Thread-0 executing received event (t = 1454) from Node2
Thread within node5 executing local event
Thread-0 within node5 sent event (t=1468) to Node1 [Virtual]
Thread within node5 executing local event
Thread within node5 executing local event
Thread-0 executing received event (t = 1467) from Node3
Thread-1 executing received event (t = 1481) from Node3
Thread-2 executing received event (t = 1491) from Node4
Thread within node5 executing local event
Thread-0 executing received event (t = 1483) from Node2
Thread within node5 executing local event
Thread-0 within node5 sent event (t=1511) to Node2 [Virtual]
Thread within node5 executing local event
Thread-3 executing received event (t = 1490) from Node3
Thread within node5 executing local event
Thread within node5 executing local event
Thread-1 within node5 sent event (t=1531) to Node3 [Virtual]
Thread within node5 executing local event
Thread-3 within node5 sent event (t=1536) to Node4 [Virtual]
Thread-3 executing received event (t = 1519) from Node2
Thread-0 executing received event (t = 1543) from Node3
Thread within node5 executing local event
Thread-0 within node5 sent event (t=1553) to Node3 [Virtual]
Thread-2 executing received event (t = 1520) from Node1
Thread within node5 executing local event
Thread-0 within node5 sent event (t=1563) to Node4 [Virtual]
Thread within node5 executing local event
Thread-2 within node5 sent event (t=1568) to Node2 [Virtual]
Thread-1 executing received event (t = 1572) from Node2
Thread within node5 executing local event
Thread-3 executing received event (t = 1522) from Node1
Thread within node5 executing local event
Thread within node5 executing local event
Thread-3 within node5 sent event (t=1597) to Node3 [Virtual]
Thread within node5 executing local event
Thread-3 within node5 sent event (t=1602) to Node3 [Virtual]
Thread-3 executing received event (t = 1587) from Node4
Thread-0 executing received event (t = 1578) from Node2
Thread-1 executing received event (t = 1580) from Node2
Thread within node5 executing local event
Thread within node5 executing local event
Thread within node5 executing local event
Thread-1 within node5 sent event (t=1632) to Node3 [Virtual]
Thread within node5 executing local event
Thread-1 within node5 sent event (t=1637) to Node2 [Virtual]
Thread within node5 executing local event
Thread within node5 executing local event
Thread within node5 executing local event
Thread-0 within node5 sent event (t=1652) to Node1 [Virtual]
Thread-1 executing received event (t = 1658) from Node4
Thread within node5 executing local event
Thread-1 within node5 sent event (t=1668) to Node2 [Virtual]
Thread within node5 executing local event
Thread-0 within node5 sent event (t=1673) to Node4 [Virtual]
Thread-0 executing received event (t = 1698) from Node4
Thread within node5 executing local event
Thread within node5 executing local event
Thread-2 within node5 sent event (t=1708) to Node1 [Virtual]
Thread-3 within node5 sent event (t=1713) to Node4 [Virtual]
Thread-3 executing received event (t = 1697) from Node3
Thread within node5 executing local event
Thread within node5 executing local event
Thread within node5 executing local event
Thread-3 executing received event (t = 1731) from Node2
Thread within node5 executing local event
Thread-1 executing received event (t = 1759) from Node3
Thread within node5 executing local event
Thread-3 executing received event (t = 1714) from Node1
Thread within node5 executing local event
Thread-0 within node5 sent event (t=1779) to Node3 [Virtual]
Thread within node5 executing local event
Thread-2 within node5 sent event (t=1784) to Node1 [Virtual]
Thread-2 executing received event (t = 1785) from Node3
Thread within node5 executing local event
Thread-1 within node5 sent event (t=1795) to Node3 [Virtual]
Thread within node5 executing local event
Thread-0 within node5 sent event (t=1800) to Node4 [Virtual]
Thread within node5 executing local event
Thread-2 within node5 sent event (t=1805) to Node3 [Virtual]
Thread-2 executing received event (t = 1811) from Node3
Thread-3 executing received event (t = 1826) from Node3
Thread-0 executing received event (t = 1829) from Node3
Thread within node5 executing local event
Thread-2 within node5 sent event (t=1841) to Node1 [Virtual]
Thread within node5 executing local event
Thread within node5 executing local event
Thread-0 executing received event (t = 1855) from Node3
Thread-1 executing received event (t = 1847) from Node4
Thread within node5 executing local event
Thread-0 within node5 sent event (t=1870) to Node2 [Virtual]
Thread within node5 executing local event
Thread-1 within node5 sent event (t=1875) to Node2 [Virtual]
Thread within node5 executing local event
Thread-3 within node5 sent event (t=1880) to Node1 [Virtual]
Thread within node5 executing local event
Thread-2 executing received event (t = 1883) from Node1
Thread within node5 executing local event
Thread-3 within node5 sent event (t=1885) to Node2 [Virtual]
Thread-0 executing received event (t = 1859) from Node4
Thread within node5 executing local event
Thread within node5 executing local event
Thread-2 within node5 sent event (t=1910) to Node2 [Virtual]
Thread-3 executing received event (t = 1916) from Node2
Thread-0 executing received event (t = 1920) from Node1
Thread within node5 executing local event
Thread-2 executing received event (t = 1903) from Node3
Thread-3 executing received event (t = 1930) from Node4
Thread within node5 executing local event
Thread-2 within node5 sent event (t=1946) to Node4 [Virtual]
Thread within node5 executing local event
Thread-0 within node5 sent event (t=1951) to Node4 [Virtual]
Thread within node5 executing local event
Thread-3 within node5 sent event (t=1956) to Node3 [Virtual]
Thread-3 executing received event (t = 1925) from Node1
Thread within node5 executing local event
Thread-2 within node5 sent event (t=1966) to Node1 [Virtual]
Thread within node5 executing local event
Thread-2 within node5 sent event (t=1971) to Node1 [Virtual]
Thread within node5 executing local event
Thread-3 within node5 sent event (t=1976) to Node3 [Virtual]
Thread within node5 executing local event
Thread-0 executing received event (t = 1985) from Node1
Thread-1 executing received event (t = 1986) from Node1
Thread within node5 executing local event
Thread-3 within node5 sent event (t=2000) to Node2 [Virtual]
Thread within node5 executing local event
Thread within node5 executing local event
Thread-3 within node5 sent event (t=2010) to Node1 [Virtual]
Thread within node5 executing local event
Thread-0 within node5 sent event (t=2015) to Node3 [Virtual]
Thread within node5 executing local event
Thread-2 within node5 sent event (t=2020) to Node2 [Virtual]
Thread within node5 executing local event
Thread-1 within node5 sent event (t=2025) to Node1 [Virtual]
Thread-0 executing received event (t = 2036) from Node3
Thread within node5 executing local event
Thread-1 within node5 sent event (t=2046) to Node2 [Virtual]
Thread-2 executing received event (t = 2062) from Node1
Thread within node5 executing local event
Thread-0 executing received event (t = 2042) from Node3
Thread within node5 executing local event
Thread-2 within node5 sent event (t=2082) to Node4 [Virtual]
Thread within node5 executing local event
Thread within node5 executing local event
Thread-0 executing received event (t = 2094) from Node4
Thread within node5 executing local event
Thread-2 within node5 sent event (t=2104) to Node4 [Virtual]
Thread within node5 executing local event
Thread-2 within node5 sent event (t=2109) to Node1 [Virtual]
Thread-3 executing received event (t = 2118) from Node2
Thread-0 executing received event (t = 2120) from Node2
Thread within node5 executing local event
Thread within node5 executing local event
Thread-2 executing received event (t = 2136) from Node4
Thread-3 within node5 sent event (t=2143) to Node3 [Virtual]
Thread within node5 executing local event
Thread within node5 executing local event
Thread-2 executing received event (t = 2144) from Node4
Thread within node5 executing local event
Thread-1 within node5 sent event (t=2163) to Node2 [Virtual]
Thread-0 executing received event (t = 2120) from Node1
Thread-1 executing received event (t = 2169) from Node2
Thread within node5 executing local event
Thread-2 within node5 sent event (t=2179) to Node4 [Virtual]
Thread-3 executing received event (t = 2173) from Node2
Thread-0 executing received event (t = 2187) from Node4
Thread-1 executing received event (t = 2121) from Node1
Thread within node5 executing local event
Thread-3 within node5 sent event (t=2202) to Node4 [Virtual]
Thread-3 executing received event (t = 2175) from Node2
Thread within node5 executing local event
Thread-1 within node5 sent event (t=2212) to Node3 [Virtual]
Thread within node5 executing local event
Thread-0 within node5 sent event (t=2217) to Node2 [Virtual]
Thread-2 executing received event (t = 2226) from Node4
Thread within node5 executing local event
Thread within node5 executing local event
Thread-1 executing received event (t = 2233) from Node3
Thread-2 executing received event (t = 2242) from Node2
Thread within node5 executing local event
Thread within node5 executing local event
Thread-3 within node5 sent event (t=2261) to Node4 [Virtual]
Thread within node5 executing local event
Thread within node5 executing local event
Thread-0 within node5 sent event (t=2271) to Node1 [Virtual]
Thread within node5 executing local event
Thread-0 within node5 sent event (t=2276) to Node1 [Virtual]
Thread within node5 executing local event
Thread-1 within node5 sent event (t=2281) to Node3 [Virtual]
Thread-1 executing received event (t = 2292) from Node3
Thread-2 executing received event (t = 2298) from Node3
Thread within node5 executing local event
Thread within node5 executing local event
Thread-0 within node5 sent event (t=2313) to Node3 [Virtual]
Thread within node5 executing local event
Thread-3 within node5 sent event (t=2318) to Node2 [Virtual]
Thread-2 executing received event (t = 2322) from Node3
Thread within node5 executing local event
Thread-1 within node5 sent event (t=2332) to Node2 [Virtual]
Thread within node5 executing local event
Thread-1 within node5 sent event (t=2337) to Node4 [Virtual]
Thread-1 executing received event (t = 2336) from Node1
Thread within node5 executing local event
Thread within node5 executing local event
Thread within node5 executing local event
Thread-3 within node5 sent event (t=2357) to Node3 [Virtual]
Thread within node5 executing local event
Thread-2 executing received event (t = 2340) from Node1
Thread-3 executing received event (t = 2372) from Node3
Thread within node5 executing local event
Thread within node5 executing local event
Thread-2 within node5 sent event (t=2382) to Node3 [Virtual]
Thread-3 within node5 sent event (t=2387) to Node3 [Virtual]
Thread-2 executing received event (t = 2379) from Node2
Thread within node5 executing local event
Thread-1 within node5 sent event (t=2397) to Node3 [Virtual]
Thread within node5 executing local event
Thread-2 within node5 sent event (t=2402) to Node2 [Virtual]
Thread within node5 executing local event
Thread within node5 executing local event
Thread-2 within node5 sent event (t=2412) to Node1 [Virtual]
Thread within node5 executing local event
Thread-3 within node5 sent event (t=2417) to Node1 [Virtual]
Thread-0 executing received event (t = 2426) from Node3
Thread within node5 executing local event
Thread within node5 executing local event
Thread within node5 executing local event
Thread-3 within node5 sent event (t=2446) to Node3 [Virtual]
Thread within node5 executing local event
Thread-1 executing received event (t = 2434) from Node1
Thread within node5 executing local event
Thread-2 within node5 sent event (t=2461) to Node1 [Virtual]
Thread within node5 executing local event
Thread-0 executing received event (t = 2440) from Node2
Thread within node5 executing local event
Thread-1 within node5 sent event (t=2476) to Node3 [Virtual]
Thread within node5 executing local event
Thread-3 within node5 sent event (t=2481) to Node2 [Virtual]
Thread within node5 executing local event
Thread-0 within node5 sent event (t=2486) to Node4 [Virtual]
Thread within node5 executing local event
Thread-2 within node5 sent event (t=2491) to Node2 [Virtual]
Thread within node5 executing local event
Thread-1 within node5 sent event (t=2496) to Node4 [Virtual]
Thread within node5 executing local event
Thread within node5 executing local event
Thread-0 within node5 sent event (t=2506) to Node1 [Virtual]
Thread within node5 executing local event
Thread-1 executing received event (t = 2549) from Node2
Thread within node5 executing local event
Thread-3 executing received event (t = 2551) from Node2
Thread within node5 executing local event
Thread-1 executing received event (t = 2549) from Node1
Thread within node5 executing local event
Thread-3 executing received event (t = 2557) from Node1
Thread within node5 executing local event
Thread-1 within node5 sent event (t=2589) to Node2 [Virtual]
Thread-1 executing received event (t = 2559) from Node1
Thread-2 executing received event (t = 2589) from Node4
Thread-3 executing received event (t = 2573) from Node3
Thread-0 executing received event (t = 2589) from Node1
Thread within node5 executing local event
Thread-2 within node5 sent event (t=2614) to Node1 [Virtual]
Thread within node5 executing local event
Thread-2 within node5 sent event (t=2619) to Node4 [Virtual]
Thread within node5 executing local event
Thread-3 within node5 sent event (t=2624) to Node1 [Virtual]
Thread-0 executing received event (t = 2626) from Node1
Thread-1 executing received event (t = 2649) from Node3
Thread within node5 executing local event
Thread-0 within node5 sent event (t=2659) to Node3 [Virtual]
Thread-3 executing received event (t = 2628) from Node1
Thread-0 executing received event (t = 2651) from Node4
Thread within node5 executing local event
Thread-1 within node5 sent event (t=2674) to Node2 [Virtual]
Thread-2 executing received event (t = 2658) from Node1
Thread within node5 executing local event
Thread-0 executing received event (t = 2695) from Node3
Thread within node5 executing local event
Thread-2 executing received event (t = 2698) from Node3
Thread within node5 executing local event
Thread-2 within node5 sent event (t=2715) to Node3 [Virtual]
Thread-0 executing received event (t = 2696) from Node2
Thread within node5 executing local event
Thread within node5 executing local event
Thread-1 within node5 sent event (t=2730) to Node4 [Virtual]
Thread within node5 executing local event
Thread within node5 executing local event
Thread-3 within node5 sent event (t=2740) to Node1 [Virtual]
Thread within node5 executing local event
Thread-0 within node5 sent event (t=2745) to Node4 [Virtual]
Thread-2 executing received event (t = 2746) from Node2
Thread within node5 executing local event
Thread-2 within node5 sent event (t=2756) to Node4 [Virtual]
Thread within node5 executing local event
Thread-1 within node5 sent event (t=2761) to Node4 [Virtual]
Thread within node5 executing local event
Thread-3 within node5 sent event (t=2766) to Node1 [Virtual]
Thread within node5 executing local event
Thread-3 within node5 sent event (t=2771) to Node4 [Virtual]
Thread-3 executing received event (t = 2752) from Node2
Thread-0 executing received event (t = 2806) from Node1
Thread within node5 executing local event
Thread within node5 executing local event
Thread-2 within node5 sent event (t=2816) to Node4 [Virtual]
Thread-3 executing received event (t = 2812) from Node4
Thread within node5 executing local event
Thread within node5 executing local event
Thread-2 executing received event (t = 2840) from Node4
Thread within node5 executing local event
Thread-0 executing received event (t = 2823) from Node3
Thread within node5 executing local event
Thread within node5 executing local event
Thread within node5 executing local event
Thread-3 within node5 sent event (t=2870) to Node4 [Virtual]
Thread-0 executing received event (t = 2833) from Node1
Thread within node5 executing local event
Thread within node5 executing local event
Thread within node5 executing local event
Thread-2 within node5 sent event (t=2890) to Node4 [Virtual]
Thread-0 executing received event (t = 2926) from Node2
Thread within node5 executing local event
Thread-2 executing received event (t = 2930) from Node3
Thread within node5 executing local event
Thread within node5 executing local event
Thread within node5 executing local event
Thread-2 executing received event (t = 2932) from Node2
Thread within node5 executing local event
Thread-1 within node5 sent event (t=2966) to Node4 [Virtual]
Thread within node5 executing local event
Thread-1 executing received event (t = 2978) from Node4
Thread within node5 executing local event
Thread-0 within node5 sent event (t=2988) to Node4 [Virtual]
Thread within node5 executing local event
Thread within node5 executing local event
Thread-2 within node5 sent event (t=2998) to Node2 [Virtual]
Thread within node5 executing local event
Thread-2 executing received event (t = 3012) from Node3
Thread within node5 executing local event
Thread-0 executing received event (t = 3006) from Node2
Thread within node5 executing local event
Thread within node5 executing local event
Thread within node5 executing local event
Thread within node5 executing local event
Thread-0 within node5 sent event (t=3047) to Node1 [Virtual]
Thread within node5 executing local event
Thread within node5 executing local event
Thread within node5 executing local event
Thread-0 executing received event (t = 3030) from Node3
Thread within node5 executing local event
Thread-2 within node5 sent event (t=3072) to Node2 [Virtual]
Thread-2 executing received event (t = 3036) from Node4
Thread within node5 executing local event
Thread-0 executing received event (t = 3039) from Node3
Thread within node5 executing local event
Thread within node5 executing local event
Thread-3 executing received event (t = 3092) from Node4
Thread-0 executing received event (t = 3097) from Node3
Thread within node5 executing local event
Thread-1 within node5 sent event (t=3112) to Node1 [Virtual]
Thread-2 executing received event (t = 3104) from Node4
Thread-3 executing received event (t = 3103) from Node3
Thread within node5 executing local event
Thread-3 within node5 sent event (t=3127) to Node2 [Virtual]
Thread within node5 executing local event
Thread-2 executing received event (t = 3128) from Node4
Thread-3 executing received event (t = 3137) from Node2
Thread-0 executing received event (t = 3133) from Node3
Thread within node5 executing local event
Thread within node5 executing local event
Thread-3 executing received event (t = 3132) from Node4
Thread-1 within node5 sent event (t=3157) to Node2 [Virtual]
Thread within node5 executing local event
Thread within node5 executing local event
Thread-1 within node5 sent event (t=3167) to Node1 [Virtual]
Thread-3 within node5 sent event (t=3172) to Node1 [Virtual]
Thread within node5 executing local event
Thread-3 executing received event (t = 3145) from Node3
Thread within node5 executing local event
Thread-2 within node5 sent event (t=3187) to Node1 [Virtual]
Thread within node5 executing local event
Thread within node5 executing local event
Thread-1 within node5 sent event (t=3197) to Node1 [Virtual]
Thread within node5 executing local event
Thread-3 within node5 sent event (t=3202) to Node4 [Virtual]
Thread within node5 executing local event
Thread-0 within node5 sent event (t=3207) to Node3 [Virtual]
Thread-1 executing received event (t = 3213) from Node3
Thread-2 executing received event (t = 3216) from Node3
Thread within node5 executing local event
Thread-0 executing received event (t = 3226) from Node4
Thread-1 executing received event (t = 3230) from Node4
Thread within node5 executing local event
Thread within node5 executing local event
Thread-0 executing received event (t = 3234) from Node4
Thread within node5 executing local event
Thread within node5 executing local event
Thread within node5 executing local event
Thread-1 within node5 sent event (t=3268) to Node3 [Virtual]
Thread-0 executing received event (t = 3253) from Node4
Thread within node5 executing local event
Thread within node5 executing local event
Thread-3 within node5 sent event (t=3283) to Node3 [Virtual]
Thread within node5 executing local event
Thread-0 within node5 sent event (t=3288) to Node1 [Virtual]
Thread within node5 executing local event
Thread within node5 executing local event
Thread-2 executing received event (t = 3265) from Node4
Thread-3 executing received event (t = 3295) from Node3
Thread within node5 executing local event
Thread-3 within node5 sent event (t=3313) to Node4 [Virtual]
Thread within node5 executing local event
Thread within node5 executing local event
Thread-1 within node5 sent event (t=3323) to Node2 [Virtual]
Thread within node5 executing local event
Thread within node5 executing local event
Thread-1 executing received event (t = 3349) from Node4
Thread within node5 executing local event
Thread within node5 executing local event
Thread-2 within node5 sent event (t=3364) to Node1 [Virtual]
Thread within node5 executing local event
Thread-1 within node5 sent event (t=3369) to Node4 [Virtual]
Thread within node5 executing local event
Thread within node5 executing local event
Thread-3 executing received event (t = 3337) from Node3
Thread within node5 executing local event
Thread within node5 executing local event
Thread-2 within node5 sent event (t=3394) to Node1 [Virtual]
Thread-2 executing received event (t = 3385) from Node4
Thread-3 executing received event (t = 3393) from Node4
Thread within node5 executing local event
Thread-0 within node5 sent event (t=3409) to Node4 [Virtual]
Thread-1 executing received event (t = 3421) from Node4
Thread-2 executing received event (t = 3425) from Node4
Thread within node5 executing local event
Thread within node5 executing local event
Thread-1 executing received event (t = 3352) from Node3
Thread within node5 executing local event
Thread within node5 executing local event
Thread within node5 executing local event
Thread-0 within node5 sent event (t=3461) to Node4 [Virtual]
Thread within node5 executing local event
Thread-2 within node5 sent event (t=3466) to Node4 [Virtual]
Thread within node5 executing local event
Thread-3 executing received event (t = 3469) from Node4
Thread within node5 executing local event
Thread-3 within node5 sent event (t=3481) to Node4 [Virtual]
Thread within node5 executing local event
Thread-2 executing received event (t = 3505) from Node4
Thread within node5 executing local event
Thread within node5 executing local event
Thread within node5 executing local event
Thread-2 executing received event (t = 3517) from Node4
Thread within node5 executing local event
Thread-0 within node5 sent event (t=3535) to Node4 [Virtual]
Thread within node5 executing local event
Thread-3 within node5 sent event (t=3540) to Node4 [Virtual]
Thread within node5 executing local event
Thread within node5 executing local event
Thread-3 within node5 sent event (t=3550) to Node4 [Virtual]
Thread-3 executing received event (t = 3444) from Node3
Thread within node5 executing local event
Thread-1 within node5 sent event (t=3560) to Node2 [Virtual]
Thread within node5 executing local event
Thread within node5 executing local event
Thread within node5 executing local event
Thread within node5 executing local event
Thread-3 within node5 sent event (t=3580) to Node4 [Virtual]
Thread within node5 executing local event
Thread within node5 executing local event
Thread within node5 executing local event
Thread-1 within node5 sent event (t=3595) to Node1 [Virtual]
Thread within node5 executing local event
Thread within node5 executing local event
Thread within node5 executing local event
Thread within node5 executing local event
Thread-3 within node5 sent event (t=3610) to Node3 [Virtual]
Thread within node5 executing local event
Thread within node5 executing local event
Thread within node5 executing local event
Thread within node5 executing local event
Thread within node5 executing local event
Thread within node5 executing local event
Thread within node5 executing local event
Thread-2 within node5 sent event (t=3650) to Node1 [Virtual]
Thread within node5 executing local event
Thread within node5 executing local event
Thread-3 within node5 sent event (t=3655) to Node2 [Virtual]
Thread within node5 executing local event
Thread-3 within node5 sent event (t=3665) to Node1 [Virtual]
Thread within node5 executing local event
Thread-1 within node5 sent event (t=3670) to Node3 [Virtual]
Thread-3 executing received event (t = 3640) from Node4
Thread within node5 executing local event
Thread-3 within node5 sent event (t=3680) to Node3 [Virtual]
Thread within node5 executing local event
Thread-0 within node5 sent event (t=3685) to Node1 [Virtual]
Thread within node5 executing local event
Thread within node5 executing local event
Thread within node5 executing local event
Thread-3 within node5 sent event (t=3700) to Node1 [Virtual]
Thread within node5 executing local event
Thread-0 within node5 sent event (t=3705) to Node3 [Virtual]
Thread within node5 executing local event
Thread within node5 executing local event
Thread within node5 executing local event
Thread-3 within node5 sent event (t=3720) to Node1 [Virtual]
Thread within node5 executing local event
Thread within node5 executing local event
Thread within node5 executing local event
Thread-1 within node5 sent event (t=3735) to Node2 [Virtual]
Thread within node5 executing local event
Thread within node5 executing local event
Thread-3 within node5 sent event (t=3745) to Node3 [Virtual]
Thread within node5 executing local event
Thread-0 within node5 sent event (t=3750) to Node3 [Virtual]
Thread within node5 executing local event
Thread-1 within node5 sent event (t=3755) to Node4 [Virtual]
Thread within node5 executing local event
Thread-2 within node5 sent event (t=3760) to Node4 [Virtual]
Thread within node5 executing local event
Thread-3 within node5 sent event (t=3765) to Node3 [Virtual]
Thread within node5 executing local event
Thread within node5 executing local event
Thread-0 executing received event (t = 3768) from Node4
Thread within node5 executing local event
Thread within node5 executing local event
Thread within node5 executing local event
Thread within node5 executing local event
Thread-0 within node5 sent event (t=3800) to Node4 [Virtual]
Thread within node5 executing local event
Thread within node5 executing local event
Thread within node5 executing local event
Thread-2 within node5 sent event (t=3815) to Node3 [Virtual]
Thread-0 executing received event (t = 3816) from Node4
Thread-1 executing received event (t = 3820) from Node4
Thread within node5 executing local event
Thread-2 within node5 sent event (t=3831) to Node3 [Virtual]
Thread within node5 executing local event
Thread within node5 executing local event
Thread within node5 executing local event
Thread within node5 executing local event
Thread within node5 executing local event
Thread within node5 executing local event
Thread within node5 executing local event
Thread-0 within node5 sent event (t=3866) to Node1 [Virtual]
Thread within node5 executing local event
Thread within node5 executing local event
Thread-0 within node5 sent event (t=3876) to Node1 [Virtual]
Thread within node5 executing local event
Thread-0 within node5 sent event (t=3881) to Node2 [Virtual]
Thread within node5 executing local event
Thread-1 within node5 sent event (t=3886) to Node4 [Virtual]
Thread within node5 executing local event
Thread within node5 executing local event
Thread-1 within node5 sent event (t=3896) to Node3 [Virtual]
Thread within node5 executing local event
Thread within node5 executing local event
Thread within node5 executing local event
Thread-0 within node5 sent event (t=3911) to Node4 [Virtual]
Thread within node5 executing local event
Thread-1 within node5 sent event (t=3916) to Node2 [Virtual]
Thread within node5 executing local event
Thread-1 within node5 sent event (t=3921) to Node4 [Virtual]
Thread within node5 executing local event
Thread-0 within node5 sent event (t=3926) to Node2 [Virtual]
Thread within node5 executing local event
Thread within node5 executing local event
Thread within node5 executing local event
Thread-0 within node5 sent event (t=3941) to Node2 [Virtual]
Thread within node5 executing local event
Thread within node5 executing local event
Thread-0 within node5 sent event (t=3951) to Node4 [Virtual]
Thread within node5 executing local event
Thread within node5 executing local event
Thread within node5 executing local event
Thread-0 within node5 sent event (t=3966) to Node3 [Virtual]

=== Node 5 Statistics (Virtual Threads) ===
Total events processed: 646
Messages sent: 202
Messages received: 246
Execution time = 9716 ms
Final Lamport time: 3966
Counter 0 value: 167
Counter 1 value: 153
Counter 2 value: 162
Counter 3 value: 164
